02-12-2022 10:14:16.925,-,API,"Coordinator_802,0013A20041C5375A,802.15.4 TH,2003,COM7 - 115200/8/N/1/N,1,46"

02-12-2022 10:05:35.875,0,RECV,7E00198122220B0020202020202020202020202020202020202020309F
02-12-2022 10:05:36.378,1,RECV,7E00198122220B0020202020202020202020202020202020202020319E
02-12-2022 10:05:36.876,2,RECV,7E00198122220B0020202020202020202020202020202020202020329D
02-12-2022 10:05:37.377,3,RECV,7E00198122220B0020202020202020202020202020202020202020339C
02-12-2022 10:05:37.878,4,RECV,7E00198122220B0020202020202020202020202020202020202020349B
02-12-2022 10:05:38.381,5,RECV,7E00198122220B0020202020202020202020202020202020202020359A
02-12-2022 10:05:38.880,6,RECV,7E00198122220B00202020202020202020202020202020202020203699
02-12-2022 10:05:39.381,7,RECV,7E00198122220B00202020202020202020202020202020202020203798
02-12-2022 10:05:39.880,8,RECV,7E00198122220B00202020202020202020202020202020202020203897
02-12-2022 10:05:40.375,9,RECV,7E00198122220B00202020202020202020202020202020202020203996
02-12-2022 10:05:40.871,10,RECV,7E00198122220B0020202020202020202020202020202020202031308E
02-12-2022 10:05:41.370,11,RECV,7E00198122220B0020202020202020202020202020202020202031318D
02-12-2022 10:05:41.874,12,RECV,7E00198122220B0020202020202020202020202020202020202031328C
02-12-2022 10:05:42.380,13,RECV,7E00198122220B0020202020202020202020202020202020202031338B
02-12-2022 10:05:42.887,14,RECV,7E00198122220B0020202020202020202020202020202020202031348A
02-12-2022 10:05:43.388,15,RECV,7E00198122220B00202020202020202020202020202020202020313589
02-12-2022 10:05:43.892,16,RECV,7E00198122220B00202020202020202020202020202020202020313688
02-12-2022 10:05:44.398,17,RECV,7E00198122220B00202020202020202020202020202020202020313787
02-12-2022 10:05:44.902,18,RECV,7E00198122220B00202020202020202020202020202020202020313886
02-12-2022 10:05:45.405,19,RECV,7E00198122220B00202020202020202020202020202020202020313985
02-12-2022 10:05:45.906,20,RECV,7E00198122220B0020202020202020202020202020202020202032308D
02-12-2022 10:05:46.406,21,RECV,7E00198122220B0020202020202020202020202020202020202032318C
02-12-2022 10:05:46.907,22,RECV,7E00198122220B0020202020202020202020202020202020202032328B
02-12-2022 10:05:47.405,23,RECV,7E00198122220B0020202020202020202020202020202020202032338A
02-12-2022 10:05:47.904,24,RECV,7E00198122220B00202020202020202020202020202020202020323489
02-12-2022 10:05:48.405,25,RECV,7E00198122220B00202020202020202020202020202020202020323588
02-12-2022 10:05:48.904,26,RECV,7E00198122220B00202020202020202020202020202020202020323687
02-12-2022 10:05:49.405,27,RECV,7E00198122220B00202020202020202020202020202020202020323786
02-12-2022 10:05:49.906,28,RECV,7E00198122220B00202020202020202020202020202020202020323885
02-12-2022 10:05:50.405,29,RECV,7E00198122220B00202020202020202020202020202020202020323984
02-12-2022 10:05:50.904,30,RECV,7E00198122220B0020202020202020202020202020202020202033308C
02-12-2022 10:05:51.401,31,RECV,7E00198122220B0020202020202020202020202020202020202033318B
02-12-2022 10:05:51.902,32,RECV,7E00198122220B0020202020202020202020202020202020202033328A
02-12-2022 10:05:52.398,33,RECV,7E00198122220B00202020202020202020202020202020202020333389
02-12-2022 10:05:52.899,34,RECV,7E00198122220B00202020202020202020202020202020202020333488
02-12-2022 10:05:53.401,35,RECV,7E00198122220B00202020202020202020202020202020202020333587
02-12-2022 10:05:53.902,36,RECV,7E00198122220B00202020202020202020202020202020202020333686
02-12-2022 10:05:54.402,37,RECV,7E00198122220B00202020202020202020202020202020202020333785
02-12-2022 10:05:54.898,38,RECV,7E00198122220B00202020202020202020202020202020202020333884
02-12-2022 10:05:55.401,39,RECV,7E00198122220B00202020202020202020202020202020202020333983
02-12-2022 10:05:55.899,40,RECV,7E00198122220B0020202020202020202020202020202020202034308B
02-12-2022 10:05:56.398,41,RECV,7E00198122220B0020202020202020202020202020202020202034318A
02-12-2022 10:05:56.900,42,RECV,7E00198122220B00202020202020202020202020202020202020343289
02-12-2022 10:05:57.401,43,RECV,7E00198122220B00202020202020202020202020202020202020343388
02-12-2022 10:05:57.900,44,RECV,7E00198122220B00202020202020202020202020202020202020343487
02-12-2022 10:05:58.402,45,RECV,7E00198122220B00202020202020202020202020202020202020343586
02-12-2022 10:05:58.900,46,RECV,7E00198122220B00202020202020202020202020202020202020343685
02-12-2022 10:05:59.399,47,RECV,7E00198122220B00202020202020202020202020202020202020343784
02-12-2022 10:05:59.899,48,RECV,7E00198122220B00202020202020202020202020202020202020343883
02-12-2022 10:06:00.398,49,RECV,7E00198122220B00202020202020202020202020202020202020343982
02-12-2022 10:06:00.901,50,RECV,7E00198122220B0020202020202020202020202020202020202035308A
02-12-2022 10:06:01.402,51,RECV,7E00198122220B00202020202020202020202020202020202020353189
02-12-2022 10:06:01.902,52,RECV,7E00198122220B00202020202020202020202020202020202020353288
02-12-2022 10:06:02.404,53,RECV,7E00198122220B00202020202020202020202020202020202020353387
02-12-2022 10:06:02.903,54,RECV,7E00198122220B00202020202020202020202020202020202020353486
02-12-2022 10:06:03.403,55,RECV,7E00198122220B00202020202020202020202020202020202020353585
02-12-2022 10:06:03.899,56,RECV,7E00198122220B00202020202020202020202020202020202020353684
02-12-2022 10:06:04.397,57,RECV,7E00198122220B00202020202020202020202020202020202020353783
02-12-2022 10:06:04.896,58,RECV,7E00198122220B00202020202020202020202020202020202020353882
02-12-2022 10:06:05.395,59,RECV,7E00198122220B00202020202020202020202020202020202020353981
02-12-2022 10:06:05.893,60,RECV,7E00198122220B00202020202020202020202020202020202020363089
02-12-2022 10:06:06.396,61,RECV,7E00198122220B00202020202020202020202020202020202020363188
02-12-2022 10:06:06.897,62,RECV,7E00198122220B00202020202020202020202020202020202020363287
02-12-2022 10:06:07.397,63,RECV,7E00198122220B00202020202020202020202020202020202020363386
02-12-2022 10:06:07.894,64,RECV,7E00198122220B00202020202020202020202020202020202020363485
02-12-2022 10:06:08.394,65,RECV,7E00198122220B00202020202020202020202020202020202020363584
02-12-2022 10:06:08.894,66,RECV,7E00198122220B00202020202020202020202020202020202020363683
02-12-2022 10:06:09.392,67,RECV,7E00198122220B00202020202020202020202020202020202020363782
02-12-2022 10:06:09.890,68,RECV,7E00198122220B00202020202020202020202020202020202020363881
02-12-2022 10:06:10.387,69,RECV,7E00198122220B00202020202020202020202020202020202020363980
02-12-2022 10:06:10.890,70,RECV,7E00198122220B00202020202020202020202020202020202020373088
02-12-2022 10:06:11.388,71,RECV,7E00198122220B00202020202020202020202020202020202020373187
02-12-2022 10:06:11.889,72,RECV,7E00198122220B00202020202020202020202020202020202020373286
02-12-2022 10:06:12.391,73,RECV,7E00198122220B00202020202020202020202020202020202020373385
02-12-2022 10:06:12.891,74,RECV,7E00198122220B00202020202020202020202020202020202020373484
02-12-2022 10:06:13.389,75,RECV,7E00198122220B00202020202020202020202020202020202020373583
02-12-2022 10:06:13.886,76,RECV,7E00198122220B00202020202020202020202020202020202020373682
02-12-2022 10:06:14.447,77,RECV,7E00198122220B00202020202020202020202020202020202020373781
02-12-2022 10:06:14.946,78,RECV,7E00198122220B00202020202020202020202020202020202020373880
02-12-2022 10:06:15.382,79,RECV,7E00198122220B0020202020202020202020202020202020202037397F
02-12-2022 10:06:15.896,80,RECV,7E00198122220B00202020202020202020202020202020202020383087
02-12-2022 10:06:16.445,81,RECV,7E00198122220B00202020202020202020202020202020202020383186
02-12-2022 10:06:16.946,82,RECV,7E00198122220B00202020202020202020202020202020202020383285
02-12-2022 10:06:17.382,83,RECV,7E00198122220B00202020202020202020202020202020202020383384
02-12-2022 10:06:17.942,84,RECV,7E00198122220B00202020202020202020202020202020202020383483
02-12-2022 10:06:18.439,85,RECV,7E00198122220B00202020202020202020202020202020202020383582
02-12-2022 10:06:18.938,86,RECV,7E00198122220B00202020202020202020202020202020202020383681
02-12-2022 10:06:19.438,87,RECV,7E00198122220B00202020202020202020202020202020202020383780
02-12-2022 10:06:19.935,88,RECV,7E00198122220B0020202020202020202020202020202020202038387F
02-12-2022 10:06:20.433,89,RECV,7E00198122220B0020202020202020202020202020202020202038397E
02-12-2022 10:06:20.930,90,RECV,7E00198122220B00202020202020202020202020202020202020393086
02-12-2022 10:06:21.430,91,RECV,7E00198122220B00202020202020202020202020202020202020393185
02-12-2022 10:06:21.931,92,RECV,7E00198122220B00202020202020202020202020202020202020393284
02-12-2022 10:06:22.428,93,RECV,7E00198122220B00202020202020202020202020202020202020393383
02-12-2022 10:06:22.931,94,RECV,7E00198122220B00202020202020202020202020202020202020393482
02-12-2022 10:06:23.432,95,RECV,7E00198122220B00202020202020202020202020202020202020393581
02-12-2022 10:06:23.933,96,RECV,7E00198122220B00202020202020202020202020202020202020393680
02-12-2022 10:06:24.438,97,RECV,7E00198122220B0020202020202020202020202020202020202039377F
02-12-2022 10:06:24.938,98,RECV,7E00198122220B0020202020202020202020202020202020202039387E
02-12-2022 10:06:25.436,99,RECV,7E00198122220B0020202020202020202020202020202020202039397D
02-12-2022 10:06:25.933,100,RECV,7E00198122220B0020202020202020202020202020202020203130307E
02-12-2022 10:06:26.435,101,RECV,7E00198122220B0020202020202020202020202020202020203130317D
02-12-2022 10:06:26.943,102,RECV,7E00198122220B0020202020202020202020202020202020203130327C
02-12-2022 10:06:27.433,103,RECV,7E00198122220B0020202020202020202020202020202020203130337B
02-12-2022 10:06:27.940,104,RECV,7E00198122220B0020202020202020202020202020202020203130347A
02-12-2022 10:06:28.443,105,RECV,7E00198122220B00202020202020202020202020202020202031303579
02-12-2022 10:06:28.942,106,RECV,7E00198122220B00202020202020202020202020202020202031303678
02-12-2022 10:06:29.443,107,RECV,7E00198122220B00202020202020202020202020202020202031303777
02-12-2022 10:06:29.947,108,RECV,7E00198122220B00202020202020202020202020202020202031303876
02-12-2022 10:06:30.448,109,RECV,7E00198122220B00202020202020202020202020202020202031303975
02-12-2022 10:06:30.949,110,RECV,7E00198122220B0020202020202020202020202020202020203131307D
02-12-2022 10:06:31.449,111,RECV,7E00198122220B0020202020202020202020202020202020203131317C
02-12-2022 10:06:31.947,112,RECV,7E00198122220B0020202020202020202020202020202020203131327B
02-12-2022 10:06:32.444,113,RECV,7E00198122220B0020202020202020202020202020202020203131337A
02-12-2022 10:06:32.948,114,RECV,7E00198122220B00202020202020202020202020202020202031313479
02-12-2022 10:06:33.451,115,RECV,7E00198122220B00202020202020202020202020202020202031313578
02-12-2022 10:06:33.952,116,RECV,7E00198122220B00202020202020202020202020202020202031313677
02-12-2022 10:06:34.453,117,RECV,7E00198122220B00202020202020202020202020202020202031313776
02-12-2022 10:06:34.952,118,RECV,7E00198122220B00202020202020202020202020202020202031313875
02-12-2022 10:06:35.449,119,RECV,7E00198122220B00202020202020202020202020202020202031313974
02-12-2022 10:06:35.950,120,RECV,7E00198122220B0020202020202020202020202020202020203132307C
02-12-2022 10:06:36.448,121,RECV,7E00198122220B0020202020202020202020202020202020203132317B
02-12-2022 10:06:36.947,122,RECV,7E00198122220B0020202020202020202020202020202020203132327A
02-12-2022 10:06:37.446,123,RECV,7E00198122220B00202020202020202020202020202020202031323379
02-12-2022 10:06:37.943,124,RECV,7E00198122220B00202020202020202020202020202020202031323478
02-12-2022 10:06:38.441,125,RECV,7E00198122220B00202020202020202020202020202020202031323577
02-12-2022 10:06:38.943,126,RECV,7E00198122220B00202020202020202020202020202020202031323676
02-12-2022 10:06:39.439,127,RECV,7E00198122220B00202020202020202020202020202020202031323775
02-12-2022 10:06:39.937,128,RECV,7E00198122220B00202020202020202020202020202020202031323874
02-12-2022 10:06:40.436,129,RECV,7E00198122220B00202020202020202020202020202020202031323973
02-12-2022 10:06:40.936,130,RECV,7E00198122220B0020202020202020202020202020202020203133307B
02-12-2022 10:06:41.436,131,RECV,7E00198122220B0020202020202020202020202020202020203133317A
02-12-2022 10:06:41.939,132,RECV,7E00198122220B00202020202020202020202020202020202031333279
02-12-2022 10:06:42.441,133,RECV,7E00198122220B00202020202020202020202020202020202031333378
02-12-2022 10:06:42.940,134,RECV,7E00198122220B00202020202020202020202020202020202031333477
02-12-2022 10:06:43.438,135,RECV,7E00198122220B00202020202020202020202020202020202031333576
02-12-2022 10:06:43.937,136,RECV,7E00198122220B00202020202020202020202020202020202031333675
02-12-2022 10:06:44.434,137,RECV,7E00198122220B00202020202020202020202020202020202031333774
02-12-2022 10:06:44.937,138,RECV,7E00198122220B00202020202020202020202020202020202031333873
02-12-2022 10:06:45.436,139,RECV,7E00198122220B00202020202020202020202020202020202031333972
02-12-2022 10:06:45.935,140,RECV,7E00198122220B0020202020202020202020202020202020203134307A
02-12-2022 10:06:46.434,141,RECV,7E00198122220B00202020202020202020202020202020202031343179
02-12-2022 10:06:46.935,142,RECV,7E00198122220B00202020202020202020202020202020202031343278
02-12-2022 10:06:47.432,143,RECV,7E00198122220B00202020202020202020202020202020202031343377
02-12-2022 10:06:47.928,144,RECV,7E00198122220B00202020202020202020202020202020202031343476
02-12-2022 10:06:48.427,145,RECV,7E00198122220B00202020202020202020202020202020202031343575
02-12-2022 10:06:48.923,146,RECV,7E00198122220B00202020202020202020202020202020202031343674
02-12-2022 10:06:49.435,147,RECV,7E00198122220B00202020202020202020202020202020202031343773
02-12-2022 10:06:49.919,148,RECV,7E00198122220B00202020202020202020202020202020202031343872
02-12-2022 10:06:50.418,149,RECV,7E00198122220B00202020202020202020202020202020202031343971
02-12-2022 10:06:50.918,150,RECV,7E00198122220B00202020202020202020202020202020202031353079
02-12-2022 10:06:51.480,151,RECV,7E00198122220B00202020202020202020202020202020202031353178
02-12-2022 10:06:51.917,152,RECV,7E00198122220B00202020202020202020202020202020202031353277
02-12-2022 10:06:52.417,153,RECV,7E00198122220B00202020202020202020202020202020202031353376
02-12-2022 10:06:52.979,154,RECV,7E00198122220B00202020202020202020202020202020202031353475
02-12-2022 10:06:53.477,155,RECV,7E00198122220B00202020202020202020202020202020202031353574
02-12-2022 10:06:53.978,156,RECV,7E00198122220B00202020202020202020202020202020202031353673
02-12-2022 10:06:54.417,157,RECV,7E00198122220B00202020202020202020202020202020202031353772
02-12-2022 10:06:54.978,158,RECV,7E00198122220B00202020202020202020202020202020202031353871
02-12-2022 10:06:55.477,159,RECV,7E00198122220B00202020202020202020202020202020202031353970
02-12-2022 10:06:55.976,160,RECV,7E00198122220B00202020202020202020202020202020202031363078
02-12-2022 10:06:56.478,161,RECV,7E00198122220B00202020202020202020202020202020202031363177
02-12-2022 10:06:56.975,162,RECV,7E00198122220B00202020202020202020202020202020202031363276
02-12-2022 10:06:57.475,163,RECV,7E00198122220B00202020202020202020202020202020202031363375
02-12-2022 10:06:57.973,164,RECV,7E00198122220B00202020202020202020202020202020202031363474
02-12-2022 10:06:58.469,165,RECV,7E00198122220B00202020202020202020202020202020202031363573
02-12-2022 10:06:58.969,166,RECV,7E00198122220B00202020202020202020202020202020202031363672
02-12-2022 10:06:59.467,167,RECV,7E00198122220B00202020202020202020202020202020202031363771
02-12-2022 10:06:59.966,168,RECV,7E00198122220B00202020202020202020202020202020202031363870
02-12-2022 10:07:00.465,169,RECV,7E00198122220B0020202020202020202020202020202020203136396F
02-12-2022 10:07:00.965,170,RECV,7E00198122220B00202020202020202020202020202020202031373077
02-12-2022 10:07:01.462,171,RECV,7E00198122220B00202020202020202020202020202020202031373176
02-12-2022 10:07:01.959,172,RECV,7E00198122220B00202020202020202020202020202020202031373275
02-12-2022 10:07:02.458,173,RECV,7E00198122220B00202020202020202020202020202020202031373374
02-12-2022 10:07:02.957,174,RECV,7E00198122220B00202020202020202020202020202020202031373473
02-12-2022 10:07:03.455,175,RECV,7E00198122220B00202020202020202020202020202020202031373572
02-12-2022 10:07:03.956,176,RECV,7E00198122220B00202020202020202020202020202020202031373671
02-12-2022 10:07:04.456,177,RECV,7E00198122220B00202020202020202020202020202020202031373770
02-12-2022 10:07:04.957,178,RECV,7E00198122220B0020202020202020202020202020202020203137386F
02-12-2022 10:07:05.457,179,RECV,7E00198122220B0020202020202020202020202020202020203137396E
02-12-2022 10:07:05.953,180,RECV,7E00198122220B00202020202020202020202020202020202031383076
02-12-2022 10:07:06.451,181,RECV,7E00198122220B00202020202020202020202020202020202031383175
02-12-2022 10:07:06.951,182,RECV,7E00198122220B00202020202020202020202020202020202031383274
02-12-2022 10:07:07.450,183,RECV,7E00198122220B00202020202020202020202020202020202031383373
02-12-2022 10:07:07.948,184,RECV,7E00198122220B00202020202020202020202020202020202031383472
02-12-2022 10:07:08.447,185,RECV,7E00198122220B00202020202020202020202020202020202031383571
02-12-2022 10:07:08.948,186,RECV,7E00198122220B00202020202020202020202020202020202031383670
02-12-2022 10:07:09.449,187,RECV,7E00198122220B0020202020202020202020202020202020203138376F
02-12-2022 10:07:09.950,188,RECV,7E00198122220B0020202020202020202020202020202020203138386E
02-12-2022 10:07:10.450,189,RECV,7E00198122220B0020202020202020202020202020202020203138396D
02-12-2022 10:07:10.950,190,RECV,7E00198122220B00202020202020202020202020202020202031393075
02-12-2022 10:07:11.450,191,RECV,7E00198122220B00202020202020202020202020202020202031393174
02-12-2022 10:07:11.949,192,RECV,7E00198122220B00202020202020202020202020202020202031393273
02-12-2022 10:07:12.448,193,RECV,7E00198122220B00202020202020202020202020202020202031393372
02-12-2022 10:07:12.952,194,RECV,7E00198122220B00202020202020202020202020202020202031393471
02-12-2022 10:07:13.451,195,RECV,7E00198122220B00202020202020202020202020202020202031393570
02-12-2022 10:07:13.950,196,RECV,7E00198122220B0020202020202020202020202020202020203139366F
02-12-2022 10:07:14.450,197,RECV,7E00198122220B0020202020202020202020202020202020203139376E
02-12-2022 10:07:14.952,198,RECV,7E00198122220B0020202020202020202020202020202020203139386D
02-12-2022 10:07:15.452,199,RECV,7E00198122220B0020202020202020202020202020202020203139396C
02-12-2022 10:07:15.955,200,RECV,7E00198122220B0020202020202020202020202020202020203230307D
02-12-2022 10:07:16.457,201,RECV,7E00198122220B0020202020202020202020202020202020203230317C
02-12-2022 10:07:16.958,202,RECV,7E00198122220B0020202020202020202020202020202020203230327B
02-12-2022 10:07:17.457,203,RECV,7E00198122220B0020202020202020202020202020202020203230337A
02-12-2022 10:07:17.958,204,RECV,7E00198122220B00202020202020202020202020202020202032303479
02-12-2022 10:07:18.460,205,RECV,7E00198122220B00202020202020202020202020202020202032303578
02-12-2022 10:07:18.962,206,RECV,7E00198122220B00202020202020202020202020202020202032303677
02-12-2022 10:07:19.462,207,RECV,7E00198122220B00202020202020202020202020202020202032303776
02-12-2022 10:07:19.961,208,RECV,7E00198122220B00202020202020202020202020202020202032303875
02-12-2022 10:07:20.457,209,RECV,7E00198122220B00202020202020202020202020202020202032303974
02-12-2022 10:07:20.957,210,RECV,7E00198122220B0020202020202020202020202020202020203231307C
02-12-2022 10:07:21.459,211,RECV,7E00198122220B0020202020202020202020202020202020203231317B
02-12-2022 10:07:21.959,212,RECV,7E00198122220B0020202020202020202020202020202020203231327A
02-12-2022 10:07:22.457,213,RECV,7E00198122220B00202020202020202020202020202020202032313379
02-12-2022 10:07:22.956,214,RECV,7E00198122220B00202020202020202020202020202020202032313478
02-12-2022 10:07:23.458,215,RECV,7E00198122220B00202020202020202020202020202020202032313577
02-12-2022 10:07:23.957,216,RECV,7E00198122220B00202020202020202020202020202020202032313676
02-12-2022 10:07:24.456,217,RECV,7E00198122220B00202020202020202020202020202020202032313775
02-12-2022 10:07:24.955,218,RECV,7E00198122220B00202020202020202020202020202020202032313874
02-12-2022 10:07:25.452,219,RECV,7E00198122220B00202020202020202020202020202020202032313973
02-12-2022 10:07:25.954,220,RECV,7E00198122220B0020202020202020202020202020202020203232307B
02-12-2022 10:07:26.453,221,RECV,7E00198122220B0020202020202020202020202020202020203232317A
02-12-2022 10:07:26.953,222,RECV,7E00198122220B00202020202020202020202020202020202032323279
02-12-2022 10:07:27.453,223,RECV,7E00198122220B00202020202020202020202020202020202032323378
02-12-2022 10:07:28.013,224,RECV,7E00198122220B00202020202020202020202020202020202032323477
02-12-2022 10:07:28.513,225,RECV,7E00198122220B00202020202020202020202020202020202032323576
02-12-2022 10:07:28.950,226,RECV,7E00198122220B00202020202020202020202020202020202032323675
02-12-2022 10:07:29.450,227,RECV,7E00198122220B00202020202020202020202020202020202032323774
02-12-2022 10:07:29.964,228,RECV,7E00198122220B00202020202020202020202020202020202032323873
02-12-2022 10:07:30.510,229,RECV,7E00198122220B00202020202020202020202020202020202032323972
02-12-2022 10:07:30.953,230,RECV,7E00198122220B0020202020202020202020202020202020203233307A
02-12-2022 10:07:31.518,231,RECV,7E00198122220B00202020202020202020202020202020202032333179
02-12-2022 10:07:31.957,232,RECV,7E00198122220B00202020202020202020202020202020202032333278
02-12-2022 10:07:32.455,233,RECV,7E00198122220B00202020202020202020202020202020202032333377
02-12-2022 10:07:32.953,234,RECV,7E00198122220B00202020202020202020202020202020202032333476
02-12-2022 10:07:33.510,235,RECV,7E00198122220B00202020202020202020202020202020202032333575
02-12-2022 10:07:34.010,236,RECV,7E00198122220B00202020202020202020202020202020202032333674
02-12-2022 10:07:34.510,237,RECV,7E00198122220B00202020202020202020202020202020202032333773
02-12-2022 10:07:35.009,238,RECV,7E00198122220B00202020202020202020202020202020202032333872
02-12-2022 10:07:35.507,239,RECV,7E00198122220B00202020202020202020202020202020202032333971
02-12-2022 10:07:36.008,240,RECV,7E00198122220B00202020202020202020202020202020202032343079
02-12-2022 10:07:36.507,241,RECV,7E00198122220B00202020202020202020202020202020202032343178
02-12-2022 10:07:37.007,242,RECV,7E00198122220B00202020202020202020202020202020202032343277
02-12-2022 10:07:37.507,243,RECV,7E00198122220B00202020202020202020202020202020202032343376
02-12-2022 10:07:38.010,244,RECV,7E00198122220B00202020202020202020202020202020202032343475
02-12-2022 10:07:38.512,245,RECV,7E00198122220B00202020202020202020202020202020202032343574
02-12-2022 10:07:39.015,246,RECV,7E00198122220B00202020202020202020202020202020202032343673
02-12-2022 10:07:39.515,247,RECV,7E00198122220B00202020202020202020202020202020202032343772
02-12-2022 10:07:40.011,248,RECV,7E00198122220B00202020202020202020202020202020202032343871
02-12-2022 10:07:40.466,249,RECV,7E00198122220B00202020202020202020202020202020202032343970
02-12-2022 10:07:41.009,250,RECV,7E00198122220B00202020202020202020202020202020202032353078
02-12-2022 10:07:41.509,251,RECV,7E00198122220B00202020202020202020202020202020202032353177
02-12-2022 10:07:42.008,252,RECV,7E00198122220B00202020202020202020202020202020202032353276
02-12-2022 10:07:42.508,253,RECV,7E00198122220B00202020202020202020202020202020202032353375
02-12-2022 10:07:43.010,254,RECV,7E00198122220B00202020202020202020202020202020202032353474
02-12-2022 10:07:43.512,255,RECV,7E00198122220B00202020202020202020202020202020202032353573
02-12-2022 10:07:44.012,256,RECV,7E00198122220B00202020202020202020202020202020202032353672
02-12-2022 10:07:44.517,257,RECV,7E00198122220B00202020202020202020202020202020202032353771
02-12-2022 10:07:45.017,258,RECV,7E00198122220B00202020202020202020202020202020202032353870
02-12-2022 10:07:45.515,259,RECV,7E00198122220B0020202020202020202020202020202020203235396F
02-12-2022 10:07:46.018,260,RECV,7E00198122220B00202020202020202020202020202020202032363077
02-12-2022 10:07:46.515,261,RECV,7E00198122220B00202020202020202020202020202020202032363176
02-12-2022 10:07:47.014,262,RECV,7E00198122220B00202020202020202020202020202020202032363275
02-12-2022 10:07:47.515,263,RECV,7E00198122220B00202020202020202020202020202020202032363374
02-12-2022 10:07:48.018,264,RECV,7E00198122220B00202020202020202020202020202020202032363473
02-12-2022 10:07:48.519,265,RECV,7E00198122220B00202020202020202020202020202020202032363572
02-12-2022 10:07:49.017,266,RECV,7E00198122220B00202020202020202020202020202020202032363671
02-12-2022 10:07:49.516,267,RECV,7E00198122220B00202020202020202020202020202020202032363770
02-12-2022 10:07:50.011,268,RECV,7E00198122220B0020202020202020202020202020202020203236386F
02-12-2022 10:07:50.515,269,RECV,7E00198122220B0020202020202020202020202020202020203236396E
02-12-2022 10:07:51.014,270,RECV,7E00198122220B00202020202020202020202020202020202032373076
02-12-2022 10:07:51.516,271,RECV,7E00198122220B00202020202020202020202020202020202032373175
02-12-2022 10:07:52.015,272,RECV,7E00198122220B00202020202020202020202020202020202032373274
02-12-2022 10:07:52.512,273,RECV,7E00198122220B00202020202020202020202020202020202032373373
02-12-2022 10:07:53.011,274,RECV,7E00198122220B00202020202020202020202020202020202032373472
02-12-2022 10:07:53.509,275,RECV,7E00198122220B00202020202020202020202020202020202032373571
02-12-2022 10:07:54.010,276,RECV,7E00198122220B00202020202020202020202020202020202032373670
02-12-2022 10:07:54.510,277,RECV,7E00198122220B0020202020202020202020202020202020203237376F
02-12-2022 10:07:55.013,278,RECV,7E00198122220B0020202020202020202020202020202020203237386E
02-12-2022 10:07:55.507,279,RECV,7E00198122220B0020202020202020202020202020202020203237396D
02-12-2022 10:07:56.007,280,RECV,7E00198122220B00202020202020202020202020202020202032383075
02-12-2022 10:07:56.508,281,RECV,7E00198122220B00202020202020202020202020202020202032383174
02-12-2022 10:07:57.008,282,RECV,7E00198122220B00202020202020202020202020202020202032383273
02-12-2022 10:07:57.506,283,RECV,7E00198122220B00202020202020202020202020202020202032383372
02-12-2022 10:07:58.005,284,RECV,7E00198122220B00202020202020202020202020202020202032383471
02-12-2022 10:07:58.505,285,RECV,7E00198122220B00202020202020202020202020202020202032383570
02-12-2022 10:07:59.003,286,RECV,7E00198122220B0020202020202020202020202020202020203238366F
02-12-2022 10:07:59.501,287,RECV,7E00198122220B0020202020202020202020202020202020203238376E
02-12-2022 10:08:00.003,288,RECV,7E00198122220B0020202020202020202020202020202020203238386D
02-12-2022 10:08:00.504,289,RECV,7E00198122220B0020202020202020202020202020202020203238396C
02-12-2022 10:08:01.002,290,RECV,7E00198122220B00202020202020202020202020202020202032393074
02-12-2022 10:08:01.501,291,RECV,7E00198122220B00202020202020202020202020202020202032393173
02-12-2022 10:08:02.002,292,RECV,7E00198122220B00202020202020202020202020202020202032393272
02-12-2022 10:08:02.500,293,RECV,7E00198122220B00202020202020202020202020202020202032393371
02-12-2022 10:08:02.999,294,RECV,7E00198122220B00202020202020202020202020202020202032393470
02-12-2022 10:08:03.500,295,RECV,7E00198122220B0020202020202020202020202020202020203239356F
02-12-2022 10:08:03.998,296,RECV,7E00198122220B0020202020202020202020202020202020203239366E
02-12-2022 10:08:04.493,297,RECV,7E00198122220B0020202020202020202020202020202020203239376D
02-12-2022 10:08:04.995,298,RECV,7E00198122220B0020202020202020202020202020202020203239386C
02-12-2022 10:08:05.492,299,RECV,7E00198122220B0020202020202020202020202020202020203239396B
02-12-2022 10:08:05.992,300,RECV,7E00198122220B0020202020202020202020202020202020203330307C
02-12-2022 10:08:06.493,301,RECV,7E00198122220B0020202020202020202020202020202020203330317B
02-12-2022 10:08:06.993,302,RECV,7E00198122220B0020202020202020202020202020202020203330327A
02-12-2022 10:08:07.493,303,RECV,7E00198122220B00202020202020202020202020202020202033303379
02-12-2022 10:08:07.995,304,RECV,7E00198122220B00202020202020202020202020202020202033303478
02-12-2022 10:08:08.498,305,RECV,7E00198122220B00202020202020202020202020202020202033303577
02-12-2022 10:08:08.996,306,RECV,7E00198122220B00202020202020202020202020202020202033303676
02-12-2022 10:08:09.495,307,RECV,7E00198122220B00202020202020202020202020202020202033303775
02-12-2022 10:08:09.993,308,RECV,7E00198122220B00202020202020202020202020202020202033303874
02-12-2022 10:08:10.493,309,RECV,7E00198122220B00202020202020202020202020202020202033303973
02-12-2022 10:08:10.990,310,RECV,7E00198122220B0020202020202020202020202020202020203331307B
02-12-2022 10:08:11.493,311,RECV,7E00198122220B0020202020202020202020202020202020203331317A
02-12-2022 10:08:12.056,312,RECV,7E00198122220B00202020202020202020202020202020202033313279
02-12-2022 10:08:12.492,313,RECV,7E00198122220B00202020202020202020202020202020202033313378
02-12-2022 10:08:12.991,314,RECV,7E00198122220B00202020202020202020202020202020202033313477
02-12-2022 10:08:13.490,315,RECV,7E00198122220B00202020202020202020202020202020202033313576
02-12-2022 10:08:14.008,316,RECV,7E00198122220B00202020202020202020202020202020202033313675
02-12-2022 10:08:14.549,317,RECV,7E00198122220B00202020202020202020202020202020202033313774
02-12-2022 10:08:15.048,318,RECV,7E00198122220B00202020202020202020202020202020202033313873
02-12-2022 10:08:15.547,319,RECV,7E00198122220B00202020202020202020202020202020202033313972
02-12-2022 10:08:16.046,320,RECV,7E00198122220B0020202020202020202020202020202020203332307A
02-12-2022 10:08:16.544,321,RECV,7E00198122220B00202020202020202020202020202020202033323179
02-12-2022 10:08:17.044,322,RECV,7E00198122220B00202020202020202020202020202020202033323278
02-12-2022 10:08:17.544,323,RECV,7E00198122220B00202020202020202020202020202020202033323377
02-12-2022 10:08:18.042,324,RECV,7E00198122220B00202020202020202020202020202020202033323476
02-12-2022 10:08:18.541,325,RECV,7E00198122220B00202020202020202020202020202020202033323575
02-12-2022 10:08:19.041,326,RECV,7E00198122220B00202020202020202020202020202020202033323674
02-12-2022 10:08:19.539,327,RECV,7E00198122220B00202020202020202020202020202020202033323773
02-12-2022 10:08:20.044,328,RECV,7E00198122220B00202020202020202020202020202020202033323872
02-12-2022 10:08:20.544,329,RECV,7E00198122220B00202020202020202020202020202020202033323971
02-12-2022 10:08:21.045,330,RECV,7E00198122220B00202020202020202020202020202020202033333079
02-12-2022 10:08:21.549,331,RECV,7E00198122220B00202020202020202020202020202020202033333178
02-12-2022 10:08:22.048,332,RECV,7E00198122220B00202020202020202020202020202020202033333277
02-12-2022 10:08:22.547,333,RECV,7E00198122220B00202020202020202020202020202020202033333376
02-12-2022 10:08:23.052,334,RECV,7E00198122220B00202020202020202020202020202020202033333475
02-12-2022 10:08:23.553,335,RECV,7E00198122220B00202020202020202020202020202020202033333574
02-12-2022 10:08:23.992,336,RECV,7E00198122220B00202020202020202020202020202020202033333673
02-12-2022 10:08:24.509,337,RECV,7E00198122220B00202020202020202020202020202020202033333772
02-12-2022 10:08:25.056,338,RECV,7E00198122220B00202020202020202020202020202020202033333871
02-12-2022 10:08:25.557,339,RECV,7E00198122220B00202020202020202020202020202020202033333970
02-12-2022 10:08:25.995,340,RECV,7E00198122220B00202020202020202020202020202020202033343078
02-12-2022 10:08:26.557,341,RECV,7E00198122220B00202020202020202020202020202020202033343177
02-12-2022 10:08:27.053,342,RECV,7E00198122220B00202020202020202020202020202020202033343276
02-12-2022 10:08:27.553,343,RECV,7E00198122220B00202020202020202020202020202020202033343375
02-12-2022 10:08:28.053,344,RECV,7E00198122220B00202020202020202020202020202020202033343474
02-12-2022 10:08:28.552,345,RECV,7E00198122220B00202020202020202020202020202020202033343573
02-12-2022 10:08:29.049,346,RECV,7E00198122220B00202020202020202020202020202020202033343672
02-12-2022 10:08:29.550,347,RECV,7E00198122220B00202020202020202020202020202020202033343771
02-12-2022 10:08:30.052,348,RECV,7E00198122220B00202020202020202020202020202020202033343870
02-12-2022 10:08:30.555,349,RECV,7E00198122220B0020202020202020202020202020202020203334396F
02-12-2022 10:08:31.051,350,RECV,7E00198122220B00202020202020202020202020202020202033353077
02-12-2022 10:08:31.552,351,RECV,7E00198122220B00202020202020202020202020202020202033353176
02-12-2022 10:08:32.055,352,RECV,7E00198122220B00202020202020202020202020202020202033353275
02-12-2022 10:08:32.548,353,RECV,7E00198122220B00202020202020202020202020202020202033353374
02-12-2022 10:08:33.049,354,RECV,7E00198122220B00202020202020202020202020202020202033353473
02-12-2022 10:08:33.547,355,RECV,7E00198122220B00202020202020202020202020202020202033353572
02-12-2022 10:08:34.046,356,RECV,7E00198122220B00202020202020202020202020202020202033353671
02-12-2022 10:08:34.548,357,RECV,7E00198122220B00202020202020202020202020202020202033353770
02-12-2022 10:08:35.047,358,RECV,7E00198122220B0020202020202020202020202020202020203335386F
02-12-2022 10:08:35.546,359,RECV,7E00198122220B0020202020202020202020202020202020203335396E
02-12-2022 10:08:36.045,360,RECV,7E00198122220B00202020202020202020202020202020202033363076
02-12-2022 10:08:36.545,361,RECV,7E00198122220B00202020202020202020202020202020202033363175
02-12-2022 10:08:37.044,362,RECV,7E00198122220B00202020202020202020202020202020202033363274
02-12-2022 10:08:37.542,363,RECV,7E00198122220B00202020202020202020202020202020202033363373
02-12-2022 10:08:38.043,364,RECV,7E00198122220B00202020202020202020202020202020202033363472
02-12-2022 10:08:38.540,365,RECV,7E00198122220B00202020202020202020202020202020202033363571
02-12-2022 10:08:39.042,366,RECV,7E00198122220B00202020202020202020202020202020202033363670
02-12-2022 10:08:39.543,367,RECV,7E00198122220B0020202020202020202020202020202020203336376F
02-12-2022 10:08:40.043,368,RECV,7E00198122220B0020202020202020202020202020202020203336386E
02-12-2022 10:08:40.541,369,RECV,7E00198122220B0020202020202020202020202020202020203336396D
02-12-2022 10:08:41.041,370,RECV,7E00198122220B00202020202020202020202020202020202033373075
02-12-2022 10:08:41.537,371,RECV,7E00198122220B00202020202020202020202020202020202033373174
02-12-2022 10:08:42.037,372,RECV,7E00198122220B00202020202020202020202020202020202033373273
02-12-2022 10:08:42.535,373,RECV,7E00198122220B00202020202020202020202020202020202033373372
02-12-2022 10:08:43.033,374,RECV,7E00198122220B00202020202020202020202020202020202033373471
02-12-2022 10:08:43.534,375,RECV,7E00198122220B00202020202020202020202020202020202033373570
02-12-2022 10:08:44.035,376,RECV,7E00198122220B0020202020202020202020202020202020203337366F
02-12-2022 10:08:44.533,377,RECV,7E00198122220B0020202020202020202020202020202020203337376E
02-12-2022 10:08:45.032,378,RECV,7E00198122220B0020202020202020202020202020202020203337386D
02-12-2022 10:08:45.534,379,RECV,7E00198122220B0020202020202020202020202020202020203337396C
02-12-2022 10:08:46.033,380,RECV,7E00198122220B00202020202020202020202020202020202033383074
02-12-2022 10:08:46.534,381,RECV,7E00198122220B00202020202020202020202020202020202033383173
02-12-2022 10:08:47.032,382,RECV,7E00198122220B00202020202020202020202020202020202033383272
02-12-2022 10:08:47.532,383,RECV,7E00198122220B00202020202020202020202020202020202033383371
02-12-2022 10:08:48.032,384,RECV,7E00198122220B00202020202020202020202020202020202033383470
02-12-2022 10:08:48.530,385,RECV,7E00198122220B0020202020202020202020202020202020203338356F
02-12-2022 10:08:49.027,386,RECV,7E00198122220B0020202020202020202020202020202020203338366E
02-12-2022 10:08:49.529,387,RECV,7E00198122220B0020202020202020202020202020202020203338376D
02-12-2022 10:08:50.029,388,RECV,7E00198122220B0020202020202020202020202020202020203338386C
02-12-2022 10:08:50.531,389,RECV,7E00198122220B0020202020202020202020202020202020203338396B
02-12-2022 10:08:51.031,390,RECV,7E00198122220B00202020202020202020202020202020202033393073
02-12-2022 10:08:51.535,391,RECV,7E00198122220B00202020202020202020202020202020202033393172
02-12-2022 10:08:52.034,392,RECV,7E00198122220B00202020202020202020202020202020202033393271
02-12-2022 10:08:52.534,393,RECV,7E00198122220B00202020202020202020202020202020202033393370
02-12-2022 10:08:53.032,394,RECV,7E00198122220B0020202020202020202020202020202020203339346F
02-12-2022 10:08:53.533,395,RECV,7E00198122220B0020202020202020202020202020202020203339356E
02-12-2022 10:08:54.034,396,RECV,7E00198122220B0020202020202020202020202020202020203339366D
02-12-2022 10:08:54.533,397,RECV,7E00198122220B0020202020202020202020202020202020203339376C
02-12-2022 10:08:55.030,398,RECV,7E00198122220B0020202020202020202020202020202020203339386B
02-12-2022 10:08:55.533,399,RECV,7E00198122220B0020202020202020202020202020202020203339396A
02-12-2022 10:08:56.092,400,RECV,7E00198122220B0020202020202020202020202020202020203430307B
02-12-2022 10:08:56.530,401,RECV,7E00198122220B0020202020202020202020202020202020203430317A
02-12-2022 10:08:57.030,402,RECV,7E00198122220B00202020202020202020202020202020202034303279
02-12-2022 10:08:57.528,403,RECV,7E00198122220B00202020202020202020202020202020202034303378
02-12-2022 10:08:58.091,404,RECV,7E00198122220B00202020202020202020202020202020202034303477
02-12-2022 10:08:58.528,405,RECV,7E00198122220B00202020202020202020202020202020202034303576
02-12-2022 10:08:59.028,406,RECV,7E00198122220B00202020202020202020202020202020202034303675
02-12-2022 10:08:59.591,407,RECV,7E00198122220B00202020202020202020202020202020202034303774
02-12-2022 10:09:00.091,408,RECV,7E00198122220B00202020202020202020202020202020202034303873
02-12-2022 10:09:00.529,409,RECV,7E00198122220B00202020202020202020202020202020202034303972
02-12-2022 10:09:01.026,410,RECV,7E00198122220B0020202020202020202020202020202020203431307A
02-12-2022 10:09:01.589,411,RECV,7E00198122220B00202020202020202020202020202020202034313179
02-12-2022 10:09:02.089,412,RECV,7E00198122220B00202020202020202020202020202020202034313278
02-12-2022 10:09:02.590,413,RECV,7E00198122220B00202020202020202020202020202020202034313377
02-12-2022 10:09:03.091,414,RECV,7E00198122220B00202020202020202020202020202020202034313476
02-12-2022 10:09:03.589,415,RECV,7E00198122220B00202020202020202020202020202020202034313575
02-12-2022 10:09:04.087,416,RECV,7E00198122220B00202020202020202020202020202020202034313674
02-12-2022 10:09:04.585,417,RECV,7E00198122220B00202020202020202020202020202020202034313773
02-12-2022 10:09:05.083,418,RECV,7E00198122220B00202020202020202020202020202020202034313872
02-12-2022 10:09:05.584,419,RECV,7E00198122220B00202020202020202020202020202020202034313971
02-12-2022 10:09:06.087,420,RECV,7E00198122220B00202020202020202020202020202020202034323079
02-12-2022 10:09:06.587,421,RECV,7E00198122220B00202020202020202020202020202020202034323178
02-12-2022 10:09:07.086,422,RECV,7E00198122220B00202020202020202020202020202020202034323277
02-12-2022 10:09:07.583,423,RECV,7E00198122220B00202020202020202020202020202020202034323376
02-12-2022 10:09:08.084,424,RECV,7E00198122220B00202020202020202020202020202020202034323475
02-12-2022 10:09:08.583,425,RECV,7E00198122220B00202020202020202020202020202020202034323574
02-12-2022 10:09:09.084,426,RECV,7E00198122220B00202020202020202020202020202020202034323673
02-12-2022 10:09:09.583,427,RECV,7E00198122220B00202020202020202020202020202020202034323772
02-12-2022 10:09:10.082,428,RECV,7E00198122220B00202020202020202020202020202020202034323871
02-12-2022 10:09:10.582,429,RECV,7E00198122220B00202020202020202020202020202020202034323970
02-12-2022 10:09:11.081,430,RECV,7E00198122220B00202020202020202020202020202020202034333078
02-12-2022 10:09:11.580,431,RECV,7E00198122220B00202020202020202020202020202020202034333177
02-12-2022 10:09:12.077,432,RECV,7E00198122220B00202020202020202020202020202020202034333276
02-12-2022 10:09:12.577,433,RECV,7E00198122220B00202020202020202020202020202020202034333375
02-12-2022 10:09:13.081,434,RECV,7E00198122220B00202020202020202020202020202020202034333474
02-12-2022 10:09:13.577,435,RECV,7E00198122220B00202020202020202020202020202020202034333573
02-12-2022 10:09:14.076,436,RECV,7E00198122220B00202020202020202020202020202020202034333672
02-12-2022 10:09:14.576,437,RECV,7E00198122220B00202020202020202020202020202020202034333771
02-12-2022 10:09:15.075,438,RECV,7E00198122220B00202020202020202020202020202020202034333870
02-12-2022 10:09:15.574,439,RECV,7E00198122220B0020202020202020202020202020202020203433396F
02-12-2022 10:09:16.077,440,RECV,7E00198122220B00202020202020202020202020202020202034343077
02-12-2022 10:09:16.574,441,RECV,7E00198122220B00202020202020202020202020202020202034343176
02-12-2022 10:09:17.073,442,RECV,7E00198122220B00202020202020202020202020202020202034343275
02-12-2022 10:09:17.573,443,RECV,7E00198122220B00202020202020202020202020202020202034343374
02-12-2022 10:09:18.071,444,RECV,7E00198122220B00202020202020202020202020202020202034343473
02-12-2022 10:09:18.570,445,RECV,7E00198122220B00202020202020202020202020202020202034343572
02-12-2022 10:09:19.070,446,RECV,7E00198122220B00202020202020202020202020202020202034343671
02-12-2022 10:09:19.567,447,RECV,7E00198122220B00202020202020202020202020202020202034343770
02-12-2022 10:09:20.066,448,RECV,7E00198122220B0020202020202020202020202020202020203434386F
02-12-2022 10:09:20.566,449,RECV,7E00198122220B0020202020202020202020202020202020203434396E
02-12-2022 10:09:21.063,450,RECV,7E00198122220B00202020202020202020202020202020202034353076
02-12-2022 10:09:21.562,451,RECV,7E00198122220B00202020202020202020202020202020202034353175
02-12-2022 10:09:22.063,452,RECV,7E00198122220B00202020202020202020202020202020202034353274
02-12-2022 10:09:22.566,453,RECV,7E00198122220B00202020202020202020202020202020202034353373
02-12-2022 10:09:23.068,454,RECV,7E00198122220B00202020202020202020202020202020202034353472
02-12-2022 10:09:23.569,455,RECV,7E00198122220B00202020202020202020202020202020202034353571
02-12-2022 10:09:24.069,456,RECV,7E00198122220B00202020202020202020202020202020202034353670
02-12-2022 10:09:24.574,457,RECV,7E00198122220B0020202020202020202020202020202020203435376F
02-12-2022 10:09:25.073,458,RECV,7E00198122220B0020202020202020202020202020202020203435386E
02-12-2022 10:09:25.575,459,RECV,7E00198122220B0020202020202020202020202020202020203435396D
02-12-2022 10:09:26.075,460,RECV,7E00198122220B00202020202020202020202020202020202034363075
02-12-2022 10:09:26.578,461,RECV,7E00198122220B00202020202020202020202020202020202034363174
02-12-2022 10:09:27.081,462,RECV,7E00198122220B00202020202020202020202020202020202034363273
02-12-2022 10:09:27.581,463,RECV,7E00198122220B00202020202020202020202020202020202034363372
02-12-2022 10:09:28.077,464,RECV,7E00198122220B00202020202020202020202020202020202034363471
02-12-2022 10:09:28.578,465,RECV,7E00198122220B00202020202020202020202020202020202034363570
02-12-2022 10:09:29.078,466,RECV,7E00198122220B0020202020202020202020202020202020203436366F
02-12-2022 10:09:29.580,467,RECV,7E00198122220B0020202020202020202020202020202020203436376E
02-12-2022 10:09:30.076,468,RECV,7E00198122220B0020202020202020202020202020202020203436386D
02-12-2022 10:09:30.573,469,RECV,7E00198122220B0020202020202020202020202020202020203436396C
02-12-2022 10:09:31.073,470,RECV,7E00198122220B00202020202020202020202020202020202034373074
02-12-2022 10:09:31.575,471,RECV,7E00198122220B00202020202020202020202020202020202034373173
02-12-2022 10:09:32.074,472,RECV,7E00198122220B00202020202020202020202020202020202034373272
02-12-2022 10:09:32.574,473,RECV,7E00198122220B00202020202020202020202020202020202034373371
02-12-2022 10:09:33.079,474,RECV,7E00198122220B00202020202020202020202020202020202034373470
02-12-2022 10:09:33.581,475,RECV,7E00198122220B0020202020202020202020202020202020203437356F
02-12-2022 10:09:34.079,476,RECV,7E00198122220B0020202020202020202020202020202020203437366E
02-12-2022 10:09:34.578,477,RECV,7E00198122220B0020202020202020202020202020202020203437376D
02-12-2022 10:09:35.079,478,RECV,7E00198122220B0020202020202020202020202020202020203437386C
02-12-2022 10:09:35.576,479,RECV,7E00198122220B0020202020202020202020202020202020203437396B
02-12-2022 10:09:36.075,480,RECV,7E00198122220B00202020202020202020202020202020202034383073
02-12-2022 10:09:36.573,481,RECV,7E00198122220B00202020202020202020202020202020202034383172
02-12-2022 10:09:37.070,482,RECV,7E00198122220B00202020202020202020202020202020202034383271
02-12-2022 10:09:37.569,483,RECV,7E00198122220B00202020202020202020202020202020202034383370
02-12-2022 10:09:38.131,484,RECV,7E00198122220B0020202020202020202020202020202020203438346F
02-12-2022 10:09:38.569,485,RECV,7E00198122220B0020202020202020202020202020202020203438356E
02-12-2022 10:09:39.067,486,RECV,7E00198122220B0020202020202020202020202020202020203438366D
02-12-2022 10:09:39.567,487,RECV,7E00198122220B0020202020202020202020202020202020203438376C
02-12-2022 10:09:40.081,488,RECV,7E00198122220B0020202020202020202020202020202020203438386B
02-12-2022 10:09:40.628,489,RECV,7E00198122220B0020202020202020202020202020202020203438396A
02-12-2022 10:09:41.067,490,RECV,7E00198122220B00202020202020202020202020202020202034393072
02-12-2022 10:09:41.569,491,RECV,7E00198122220B00202020202020202020202020202020202034393171
02-12-2022 10:09:42.130,492,RECV,7E00198122220B00202020202020202020202020202020202034393270
02-12-2022 10:09:42.629,493,RECV,7E00198122220B0020202020202020202020202020202020203439336F
02-12-2022 10:09:43.067,494,RECV,7E00198122220B0020202020202020202020202020202020203439346E
02-12-2022 10:09:43.631,495,RECV,7E00198122220B0020202020202020202020202020202020203439356D
02-12-2022 10:09:44.131,496,RECV,7E00198122220B0020202020202020202020202020202020203439366C
02-12-2022 10:09:44.569,497,RECV,7E00198122220B0020202020202020202020202020202020203439376B
02-12-2022 10:09:45.069,498,RECV,7E00198122220B0020202020202020202020202020202020203439386A
02-12-2022 10:09:45.630,499,RECV,7E00198122220B00202020202020202020202020202020202034393969
02-12-2022 10:09:46.125,500,RECV,7E00198122220B0020202020202020202020202020202020203530307A
02-12-2022 10:09:46.626,501,RECV,7E00198122220B00202020202020202020202020202020202035303179
02-12-2022 10:09:47.122,502,RECV,7E00198122220B00202020202020202020202020202020202035303278
02-12-2022 10:09:47.623,503,RECV,7E00198122220B00202020202020202020202020202020202035303377
02-12-2022 10:09:48.122,504,RECV,7E00198122220B00202020202020202020202020202020202035303476
02-12-2022 10:09:48.620,505,RECV,7E00198122220B00202020202020202020202020202020202035303575
02-12-2022 10:09:49.121,506,RECV,7E00198122220B00202020202020202020202020202020202035303674
02-12-2022 10:09:49.623,507,RECV,7E00198122220B00202020202020202020202020202020202035303773
02-12-2022 10:09:50.130,508,RECV,7E00198122220B00202020202020202020202020202020202035303872
02-12-2022 10:09:50.583,509,RECV,7E00198122220B00202020202020202020202020202020202035303971
02-12-2022 10:09:51.132,510,RECV,7E00198122220B00202020202020202020202020202020202035313079
02-12-2022 10:09:51.633,511,RECV,7E00198122220B00202020202020202020202020202020202035313178
02-12-2022 10:09:52.070,512,RECV,7E00198122220B00202020202020202020202020202020202035313277
02-12-2022 10:09:52.633,513,RECV,7E00198122220B00202020202020202020202020202020202035313376
02-12-2022 10:09:53.129,514,RECV,7E00198122220B00202020202020202020202020202020202035313475
02-12-2022 10:09:53.628,515,RECV,7E00198122220B00202020202020202020202020202020202035313574
02-12-2022 10:09:54.127,516,RECV,7E00198122220B00202020202020202020202020202020202035313673
02-12-2022 10:09:54.627,517,RECV,7E00198122220B00202020202020202020202020202020202035313772
02-12-2022 10:09:55.127,518,RECV,7E00198122220B00202020202020202020202020202020202035313871
02-12-2022 10:09:55.627,519,RECV,7E00198122220B00202020202020202020202020202020202035313970
02-12-2022 10:09:56.123,520,RECV,7E00198122220B00202020202020202020202020202020202035323078
02-12-2022 10:09:56.619,521,RECV,7E00198122220B00202020202020202020202020202020202035323177
02-12-2022 10:09:57.122,522,RECV,7E00198122220B00202020202020202020202020202020202035323276
02-12-2022 10:09:57.623,523,RECV,7E00198122220B00202020202020202020202020202020202035323375
02-12-2022 10:09:58.122,524,RECV,7E00198122220B00202020202020202020202020202020202035323474
02-12-2022 10:09:58.623,525,RECV,7E00198122220B00202020202020202020202020202020202035323573
02-12-2022 10:09:59.126,526,RECV,7E00198122220B00202020202020202020202020202020202035323672
02-12-2022 10:09:59.624,527,RECV,7E00198122220B00202020202020202020202020202020202035323771
02-12-2022 10:10:00.122,528,RECV,7E00198122220B00202020202020202020202020202020202035323870
02-12-2022 10:10:00.620,529,RECV,7E00198122220B0020202020202020202020202020202020203532396F
02-12-2022 10:10:01.123,530,RECV,7E00198122220B00202020202020202020202020202020202035333077
02-12-2022 10:10:01.619,531,RECV,7E00198122220B00202020202020202020202020202020202035333176
02-12-2022 10:10:02.118,532,RECV,7E00198122220B00202020202020202020202020202020202035333275
02-12-2022 10:10:02.614,533,RECV,7E00198122220B00202020202020202020202020202020202035333374
02-12-2022 10:10:03.111,534,RECV,7E00198122220B00202020202020202020202020202020202035333473
02-12-2022 10:10:03.612,535,RECV,7E00198122220B00202020202020202020202020202020202035333572
02-12-2022 10:10:04.113,536,RECV,7E00198122220B00202020202020202020202020202020202035333671
02-12-2022 10:10:04.612,537,RECV,7E00198122220B00202020202020202020202020202020202035333770
02-12-2022 10:10:05.113,538,RECV,7E00198122220B0020202020202020202020202020202020203533386F
02-12-2022 10:10:05.612,539,RECV,7E00198122220B0020202020202020202020202020202020203533396E
02-12-2022 10:10:06.114,540,RECV,7E00198122220B00202020202020202020202020202020202035343076
02-12-2022 10:10:06.620,541,RECV,7E00198122220B00202020202020202020202020202020202035343175
02-12-2022 10:10:07.118,542,RECV,7E00198122220B00202020202020202020202020202020202035343274
02-12-2022 10:10:07.617,543,RECV,7E00198122220B00202020202020202020202020202020202035343373
02-12-2022 10:10:08.116,544,RECV,7E00198122220B00202020202020202020202020202020202035343472
02-12-2022 10:10:08.614,545,RECV,7E00198122220B00202020202020202020202020202020202035343571
02-12-2022 10:10:09.113,546,RECV,7E00198122220B00202020202020202020202020202020202035343670
02-12-2022 10:10:09.613,547,RECV,7E00198122220B0020202020202020202020202020202020203534376F
02-12-2022 10:10:10.111,548,RECV,7E00198122220B0020202020202020202020202020202020203534386E
02-12-2022 10:10:10.610,549,RECV,7E00198122220B0020202020202020202020202020202020203534396D
02-12-2022 10:10:11.111,550,RECV,7E00198122220B00202020202020202020202020202020202035353075
02-12-2022 10:10:11.611,551,RECV,7E00198122220B00202020202020202020202020202020202035353174
02-12-2022 10:10:12.111,552,RECV,7E00198122220B00202020202020202020202020202020202035353273
02-12-2022 10:10:12.608,553,RECV,7E00198122220B00202020202020202020202020202020202035353372
02-12-2022 10:10:13.106,554,RECV,7E00198122220B00202020202020202020202020202020202035353471
02-12-2022 10:10:13.607,555,RECV,7E00198122220B00202020202020202020202020202020202035353570
02-12-2022 10:10:14.109,556,RECV,7E00198122220B0020202020202020202020202020202020203535366F
02-12-2022 10:10:14.606,557,RECV,7E00198122220B0020202020202020202020202020202020203535376E
02-12-2022 10:10:15.107,558,RECV,7E00198122220B0020202020202020202020202020202020203535386D
02-12-2022 10:10:15.609,559,RECV,7E00198122220B0020202020202020202020202020202020203535396C
02-12-2022 10:10:16.111,560,RECV,7E00198122220B00202020202020202020202020202020202035363074
02-12-2022 10:10:16.611,561,RECV,7E00198122220B00202020202020202020202020202020202035363173
02-12-2022 10:10:17.110,562,RECV,7E00198122220B00202020202020202020202020202020202035363272
02-12-2022 10:10:17.606,563,RECV,7E00198122220B00202020202020202020202020202020202035363371
02-12-2022 10:10:18.107,564,RECV,7E00198122220B00202020202020202020202020202020202035363470
02-12-2022 10:10:18.610,565,RECV,7E00198122220B0020202020202020202020202020202020203536356F
02-12-2022 10:10:19.112,566,RECV,7E00198122220B0020202020202020202020202020202020203536366E
02-12-2022 10:10:19.612,567,RECV,7E00198122220B0020202020202020202020202020202020203536376D
02-12-2022 10:10:20.115,568,RECV,7E00198122220B0020202020202020202020202020202020203536386C
02-12-2022 10:10:20.610,569,RECV,7E00198122220B0020202020202020202020202020202020203536396B
02-12-2022 10:10:21.108,570,RECV,7E00198122220B00202020202020202020202020202020202035373073
02-12-2022 10:10:21.607,571,RECV,7E00198122220B00202020202020202020202020202020202035373172
02-12-2022 10:10:22.170,572,RECV,7E00198122220B00202020202020202020202020202020202035373271
02-12-2022 10:10:22.611,573,RECV,7E00198122220B00202020202020202020202020202020202035373370
02-12-2022 10:10:23.110,574,RECV,7E00198122220B0020202020202020202020202020202020203537346F
02-12-2022 10:10:23.611,575,RECV,7E00198122220B0020202020202020202020202020202020203537356E
02-12-2022 10:10:24.171,576,RECV,7E00198122220B0020202020202020202020202020202020203537366D
02-12-2022 10:10:24.607,577,RECV,7E00198122220B0020202020202020202020202020202020203537376C
02-12-2022 10:10:25.107,578,RECV,7E00198122220B0020202020202020202020202020202020203537386B
02-12-2022 10:10:25.674,579,RECV,7E00198122220B0020202020202020202020202020202020203537396A
02-12-2022 10:10:26.110,580,RECV,7E00198122220B00202020202020202020202020202020202035383072
02-12-2022 10:10:26.609,581,RECV,7E00198122220B00202020202020202020202020202020202035383171
02-12-2022 10:10:27.109,582,RECV,7E00198122220B00202020202020202020202020202020202035383270
02-12-2022 10:10:27.671,583,RECV,7E00198122220B0020202020202020202020202020202020203538336F
02-12-2022 10:10:28.169,584,RECV,7E00198122220B0020202020202020202020202020202020203538346E
02-12-2022 10:10:28.606,585,RECV,7E00198122220B0020202020202020202020202020202020203538356D
02-12-2022 10:10:29.173,586,RECV,7E00198122220B0020202020202020202020202020202020203538366C
02-12-2022 10:10:29.672,587,RECV,7E00198122220B0020202020202020202020202020202020203538376B
02-12-2022 10:10:30.109,588,RECV,7E00198122220B0020202020202020202020202020202020203538386A
02-12-2022 10:10:30.610,589,RECV,7E00198122220B00202020202020202020202020202020202035383969
02-12-2022 10:10:31.171,590,RECV,7E00198122220B00202020202020202020202020202020202035393071
02-12-2022 10:10:31.669,591,RECV,7E00198122220B00202020202020202020202020202020202035393170
02-12-2022 10:10:32.169,592,RECV,7E00198122220B0020202020202020202020202020202020203539326F
02-12-2022 10:10:32.667,593,RECV,7E00198122220B0020202020202020202020202020202020203539336E
02-12-2022 10:10:33.169,594,RECV,7E00198122220B0020202020202020202020202020202020203539346D
02-12-2022 10:10:33.669,595,RECV,7E00198122220B0020202020202020202020202020202020203539356C
02-12-2022 10:10:34.108,596,RECV,7E00198122220B0020202020202020202020202020202020203539366B
02-12-2022 10:10:34.671,597,RECV,7E00198122220B0020202020202020202020202020202020203539376A
02-12-2022 10:10:35.167,598,RECV,7E00198122220B00202020202020202020202020202020202035393869
02-12-2022 10:10:35.667,599,RECV,7E00198122220B00202020202020202020202020202020202035393968
02-12-2022 10:10:36.165,600,RECV,7E00198122220B00202020202020202020202020202020202036303079
02-12-2022 10:10:36.666,601,RECV,7E00198122220B00202020202020202020202020202020202036303178
02-12-2022 10:10:37.167,602,RECV,7E00198122220B00202020202020202020202020202020202036303277
02-12-2022 10:10:37.665,603,RECV,7E00198122220B00202020202020202020202020202020202036303376
02-12-2022 10:10:38.167,604,RECV,7E00198122220B00202020202020202020202020202020202036303475
02-12-2022 10:10:38.667,605,RECV,7E00198122220B00202020202020202020202020202020202036303574
02-12-2022 10:10:39.167,606,RECV,7E00198122220B00202020202020202020202020202020202036303673
02-12-2022 10:10:39.664,607,RECV,7E00198122220B00202020202020202020202020202020202036303772
02-12-2022 10:10:40.162,608,RECV,7E00198122220B00202020202020202020202020202020202036303871
02-12-2022 10:10:40.660,609,RECV,7E00198122220B00202020202020202020202020202020202036303970
02-12-2022 10:10:41.159,610,RECV,7E00198122220B00202020202020202020202020202020202036313078
02-12-2022 10:10:41.659,611,RECV,7E00198122220B00202020202020202020202020202020202036313177
02-12-2022 10:10:42.158,612,RECV,7E00198122220B00202020202020202020202020202020202036313276
02-12-2022 10:10:42.655,613,RECV,7E00198122220B00202020202020202020202020202020202036313375
02-12-2022 10:10:43.152,614,RECV,7E00198122220B00202020202020202020202020202020202036313474
02-12-2022 10:10:43.655,615,RECV,7E00198122220B00202020202020202020202020202020202036313573
02-12-2022 10:10:44.157,616,RECV,7E00198122220B00202020202020202020202020202020202036313672
02-12-2022 10:10:44.653,617,RECV,7E00198122220B00202020202020202020202020202020202036313771
02-12-2022 10:10:45.151,618,RECV,7E00198122220B00202020202020202020202020202020202036313870
02-12-2022 10:10:45.650,619,RECV,7E00198122220B0020202020202020202020202020202020203631396F
02-12-2022 10:10:46.148,620,RECV,7E00198122220B00202020202020202020202020202020202036323077
02-12-2022 10:10:46.653,621,RECV,7E00198122220B00202020202020202020202020202020202036323176
02-12-2022 10:10:47.149,622,RECV,7E00198122220B00202020202020202020202020202020202036323275
02-12-2022 10:10:47.652,623,RECV,7E00198122220B00202020202020202020202020202020202036323374
02-12-2022 10:10:48.149,624,RECV,7E00198122220B00202020202020202020202020202020202036323473
02-12-2022 10:10:48.649,625,RECV,7E00198122220B00202020202020202020202020202020202036323572
02-12-2022 10:10:49.154,626,RECV,7E00198122220B00202020202020202020202020202020202036323671
02-12-2022 10:10:49.657,627,RECV,7E00198122220B00202020202020202020202020202020202036323770
02-12-2022 10:10:50.159,628,RECV,7E00198122220B0020202020202020202020202020202020203632386F
02-12-2022 10:10:50.657,629,RECV,7E00198122220B0020202020202020202020202020202020203632396E
02-12-2022 10:10:51.156,630,RECV,7E00198122220B00202020202020202020202020202020202036333076
02-12-2022 10:10:51.659,631,RECV,7E00198122220B00202020202020202020202020202020202036333175
02-12-2022 10:10:52.160,632,RECV,7E00198122220B00202020202020202020202020202020202036333274
02-12-2022 10:10:52.659,633,RECV,7E00198122220B00202020202020202020202020202020202036333373
02-12-2022 10:10:53.158,634,RECV,7E00198122220B00202020202020202020202020202020202036333472
02-12-2022 10:10:53.662,635,RECV,7E00198122220B00202020202020202020202020202020202036333571
02-12-2022 10:10:54.166,636,RECV,7E00198122220B00202020202020202020202020202020202036333670
02-12-2022 10:10:54.672,637,RECV,7E00198122220B0020202020202020202020202020202020203633376F
02-12-2022 10:10:55.175,638,RECV,7E00198122220B0020202020202020202020202020202020203633386E
02-12-2022 10:10:55.680,639,RECV,7E00198122220B0020202020202020202020202020202020203633396D
02-12-2022 10:10:56.185,640,RECV,7E00198122220B00202020202020202020202020202020202036343075
02-12-2022 10:10:56.692,641,RECV,7E00198122220B00202020202020202020202020202020202036343174
02-12-2022 10:10:57.194,642,RECV,7E00198122220B00202020202020202020202020202020202036343273
02-12-2022 10:10:57.696,643,RECV,7E00198122220B00202020202020202020202020202020202036343372
02-12-2022 10:10:58.140,644,RECV,7E00198122220B00202020202020202020202020202020202036343471
02-12-2022 10:10:58.646,645,RECV,7E00198122220B00202020202020202020202020202020202036343570
02-12-2022 10:10:59.147,646,RECV,7E00198122220B0020202020202020202020202020202020203634366F
02-12-2022 10:10:59.650,647,RECV,7E00198122220B0020202020202020202020202020202020203634376E
02-12-2022 10:11:00.149,648,RECV,7E00198122220B0020202020202020202020202020202020203634386D
02-12-2022 10:11:00.649,649,RECV,7E00198122220B0020202020202020202020202020202020203634396C
02-12-2022 10:11:01.146,650,RECV,7E00198122220B00202020202020202020202020202020202036353074
02-12-2022 10:11:01.645,651,RECV,7E00198122220B00202020202020202020202020202020202036353173
02-12-2022 10:11:02.144,652,RECV,7E00198122220B00202020202020202020202020202020202036353272
02-12-2022 10:11:02.658,653,RECV,7E00198122220B00202020202020202020202020202020202036353371
02-12-2022 10:11:03.144,654,RECV,7E00198122220B00202020202020202020202020202020202036353470
02-12-2022 10:11:03.642,655,RECV,7E00198122220B0020202020202020202020202020202020203635356F
02-12-2022 10:11:04.204,656,RECV,7E00198122220B0020202020202020202020202020202020203635366E
02-12-2022 10:11:04.704,657,RECV,7E00198122220B0020202020202020202020202020202020203635376D
02-12-2022 10:11:05.141,658,RECV,7E00198122220B0020202020202020202020202020202020203635386C
02-12-2022 10:11:05.640,659,RECV,7E00198122220B0020202020202020202020202020202020203635396B
02-12-2022 10:11:06.160,660,RECV,7E00198122220B00202020202020202020202020202020202036363073
02-12-2022 10:11:06.704,661,RECV,7E00198122220B00202020202020202020202020202020202036363172
02-12-2022 10:11:07.143,662,RECV,7E00198122220B00202020202020202020202020202020202036363271
02-12-2022 10:11:07.643,663,RECV,7E00198122220B00202020202020202020202020202020202036363370
02-12-2022 10:11:08.204,664,RECV,7E00198122220B0020202020202020202020202020202020203636346F
02-12-2022 10:11:08.704,665,RECV,7E00198122220B0020202020202020202020202020202020203636356E
02-12-2022 10:11:09.144,666,RECV,7E00198122220B0020202020202020202020202020202020203636366D
02-12-2022 10:11:09.661,667,RECV,7E00198122220B0020202020202020202020202020202020203636376C
02-12-2022 10:11:10.207,668,RECV,7E00198122220B0020202020202020202020202020202020203636386B
02-12-2022 10:11:10.704,669,RECV,7E00198122220B0020202020202020202020202020202020203636396A
02-12-2022 10:11:11.185,670,RECV,7E00198122220B00202020202020202020202020202020202036373072
02-12-2022 10:11:11.701,671,RECV,7E00198122220B00202020202020202020202020202020202036373171
02-12-2022 10:11:12.201,672,RECV,7E00198122220B00202020202020202020202020202020202036373270
02-12-2022 10:11:12.701,673,RECV,7E00198122220B0020202020202020202020202020202020203637336F
02-12-2022 10:11:13.200,674,RECV,7E00198122220B0020202020202020202020202020202020203637346E
02-12-2022 10:11:13.697,675,RECV,7E00198122220B0020202020202020202020202020202020203637356D
02-12-2022 10:11:14.199,676,RECV,7E00198122220B0020202020202020202020202020202020203637366C
02-12-2022 10:11:14.696,677,RECV,7E00198122220B0020202020202020202020202020202020203637376B
02-12-2022 10:11:15.196,678,RECV,7E00198122220B0020202020202020202020202020202020203637386A
02-12-2022 10:11:15.695,679,RECV,7E00198122220B00202020202020202020202020202020202036373969
02-12-2022 10:11:16.196,680,RECV,7E00198122220B00202020202020202020202020202020202036383071
02-12-2022 10:11:16.694,681,RECV,7E00198122220B00202020202020202020202020202020202036383170
02-12-2022 10:11:17.192,682,RECV,7E00198122220B0020202020202020202020202020202020203638326F
02-12-2022 10:11:17.692,683,RECV,7E00198122220B0020202020202020202020202020202020203638336E
02-12-2022 10:11:18.189,684,RECV,7E00198122220B0020202020202020202020202020202020203638346D
02-12-2022 10:11:18.689,685,RECV,7E00198122220B0020202020202020202020202020202020203638356C
02-12-2022 10:11:19.188,686,RECV,7E00198122220B0020202020202020202020202020202020203638366B
02-12-2022 10:11:19.691,687,RECV,7E00198122220B0020202020202020202020202020202020203638376A
02-12-2022 10:11:20.187,688,RECV,7E00198122220B00202020202020202020202020202020202036383869
02-12-2022 10:11:20.686,689,RECV,7E00198122220B00202020202020202020202020202020202036383968
02-12-2022 10:11:21.184,690,RECV,7E00198122220B00202020202020202020202020202020202036393070
02-12-2022 10:11:21.684,691,RECV,7E00198122220B0020202020202020202020202020202020203639316F
02-12-2022 10:11:22.184,692,RECV,7E00198122220B0020202020202020202020202020202020203639326E
02-12-2022 10:11:22.687,693,RECV,7E00198122220B0020202020202020202020202020202020203639336D
02-12-2022 10:11:23.191,694,RECV,7E00198122220B0020202020202020202020202020202020203639346C
02-12-2022 10:11:23.690,695,RECV,7E00198122220B0020202020202020202020202020202020203639356B
02-12-2022 10:11:24.189,696,RECV,7E00198122220B0020202020202020202020202020202020203639366A
02-12-2022 10:11:24.688,697,RECV,7E00198122220B00202020202020202020202020202020202036393769
02-12-2022 10:11:25.186,698,RECV,7E00198122220B00202020202020202020202020202020202036393868
02-12-2022 10:11:25.686,699,RECV,7E00198122220B00202020202020202020202020202020202036393967
02-12-2022 10:11:26.187,700,RECV,7E00198122220B00202020202020202020202020202020202037303078
02-12-2022 10:11:26.687,701,RECV,7E00198122220B00202020202020202020202020202020202037303177
02-12-2022 10:11:27.187,702,RECV,7E00198122220B00202020202020202020202020202020202037303276
02-12-2022 10:11:27.685,703,RECV,7E00198122220B00202020202020202020202020202020202037303375
02-12-2022 10:11:28.184,704,RECV,7E00198122220B00202020202020202020202020202020202037303474
02-12-2022 10:11:28.684,705,RECV,7E00198122220B00202020202020202020202020202020202037303573
02-12-2022 10:11:29.185,706,RECV,7E00198122220B00202020202020202020202020202020202037303672
02-12-2022 10:11:29.682,707,RECV,7E00198122220B00202020202020202020202020202020202037303771
02-12-2022 10:11:30.181,708,RECV,7E00198122220B00202020202020202020202020202020202037303870
02-12-2022 10:11:30.681,709,RECV,7E00198122220B0020202020202020202020202020202020203730396F
02-12-2022 10:11:31.179,710,RECV,7E00198122220B00202020202020202020202020202020202037313077
02-12-2022 10:11:31.678,711,RECV,7E00198122220B00202020202020202020202020202020202037313176
02-12-2022 10:11:32.177,712,RECV,7E00198122220B00202020202020202020202020202020202037313275
02-12-2022 10:11:32.674,713,RECV,7E00198122220B00202020202020202020202020202020202037313374
02-12-2022 10:11:33.174,714,RECV,7E00198122220B00202020202020202020202020202020202037313473
02-12-2022 10:11:33.674,715,RECV,7E00198122220B00202020202020202020202020202020202037313572
02-12-2022 10:11:34.234,716,RECV,7E00198122220B00202020202020202020202020202020202037313671
02-12-2022 10:11:34.671,717,RECV,7E00198122220B00202020202020202020202020202020202037313770
02-12-2022 10:11:35.170,718,RECV,7E00198122220B0020202020202020202020202020202020203731386F
02-12-2022 10:11:35.669,719,RECV,7E00198122220B0020202020202020202020202020202020203731396E
02-12-2022 10:11:36.232,720,RECV,7E00198122220B00202020202020202020202020202020202037323076
02-12-2022 10:11:36.731,721,RECV,7E00198122220B00202020202020202020202020202020202037323175
02-12-2022 10:11:37.168,722,RECV,7E00198122220B00202020202020202020202020202020202037323274
02-12-2022 10:11:37.681,723,RECV,7E00198122220B00202020202020202020202020202020202037323373
02-12-2022 10:11:38.226,724,RECV,7E00198122220B00202020202020202020202020202020202037323472
02-12-2022 10:11:38.729,725,RECV,7E00198122220B00202020202020202020202020202020202037323571
02-12-2022 10:11:39.228,726,RECV,7E00198122220B00202020202020202020202020202020202037323670
02-12-2022 10:11:39.726,727,RECV,7E00198122220B0020202020202020202020202020202020203732376F
02-12-2022 10:11:40.224,728,RECV,7E00198122220B0020202020202020202020202020202020203732386E
02-12-2022 10:11:40.724,729,RECV,7E00198122220B0020202020202020202020202020202020203732396D
02-12-2022 10:11:41.222,730,RECV,7E00198122220B00202020202020202020202020202020202037333075
02-12-2022 10:11:41.724,731,RECV,7E00198122220B00202020202020202020202020202020202037333174
02-12-2022 10:11:42.227,732,RECV,7E00198122220B00202020202020202020202020202020202037333273
02-12-2022 10:11:42.723,733,RECV,7E00198122220B00202020202020202020202020202020202037333372
02-12-2022 10:11:43.222,734,RECV,7E00198122220B00202020202020202020202020202020202037333471
02-12-2022 10:11:43.720,735,RECV,7E00198122220B00202020202020202020202020202020202037333570
02-12-2022 10:11:44.218,736,RECV,7E00198122220B0020202020202020202020202020202020203733366F
02-12-2022 10:11:44.720,737,RECV,7E00198122220B0020202020202020202020202020202020203733376E
02-12-2022 10:11:45.218,738,RECV,7E00198122220B0020202020202020202020202020202020203733386D
02-12-2022 10:11:45.714,739,RECV,7E00198122220B0020202020202020202020202020202020203733396C
02-12-2022 10:11:46.213,740,RECV,7E00198122220B00202020202020202020202020202020202037343074
02-12-2022 10:11:46.711,741,RECV,7E00198122220B00202020202020202020202020202020202037343173
02-12-2022 10:11:47.211,742,RECV,7E00198122220B00202020202020202020202020202020202037343272
02-12-2022 10:11:47.712,743,RECV,7E00198122220B00202020202020202020202020202020202037343371
02-12-2022 10:11:48.208,744,RECV,7E00198122220B00202020202020202020202020202020202037343470
02-12-2022 10:11:48.707,745,RECV,7E00198122220B0020202020202020202020202020202020203734356F
02-12-2022 10:11:49.209,746,RECV,7E00198122220B0020202020202020202020202020202020203734366E
02-12-2022 10:11:49.706,747,RECV,7E00198122220B0020202020202020202020202020202020203734376D
02-12-2022 10:11:50.207,748,RECV,7E00198122220B0020202020202020202020202020202020203734386C
02-12-2022 10:11:50.703,749,RECV,7E00198122220B0020202020202020202020202020202020203734396B
02-12-2022 10:11:51.203,750,RECV,7E00198122220B00202020202020202020202020202020202037353073
02-12-2022 10:11:51.703,751,RECV,7E00198122220B00202020202020202020202020202020202037353172
02-12-2022 10:11:52.201,752,RECV,7E00198122220B00202020202020202020202020202020202037353271
02-12-2022 10:11:52.700,753,RECV,7E00198122220B00202020202020202020202020202020202037353370
02-12-2022 10:11:53.198,754,RECV,7E00198122220B0020202020202020202020202020202020203735346F
02-12-2022 10:11:53.696,755,RECV,7E00198122220B0020202020202020202020202020202020203735356E
02-12-2022 10:11:54.196,756,RECV,7E00198122220B0020202020202020202020202020202020203735366D
02-12-2022 10:11:54.697,757,RECV,7E00198122220B0020202020202020202020202020202020203735376C
02-12-2022 10:11:55.197,758,RECV,7E00198122220B0020202020202020202020202020202020203735386B
02-12-2022 10:11:55.693,759,RECV,7E00198122220B0020202020202020202020202020202020203735396A
02-12-2022 10:11:56.191,760,RECV,7E00198122220B00202020202020202020202020202020202037363072
02-12-2022 10:11:56.692,761,RECV,7E00198122220B00202020202020202020202020202020202037363171
02-12-2022 10:11:57.254,762,RECV,7E00198122220B00202020202020202020202020202020202037363270
02-12-2022 10:11:57.689,763,RECV,7E00198122220B0020202020202020202020202020202020203736336F
02-12-2022 10:11:58.188,764,RECV,7E00198122220B0020202020202020202020202020202020203736346E
02-12-2022 10:11:58.750,765,RECV,7E00198122220B0020202020202020202020202020202020203736356D
02-12-2022 10:11:59.249,766,RECV,7E00198122220B0020202020202020202020202020202020203736366C
02-12-2022 10:11:59.688,767,RECV,7E00198122220B0020202020202020202020202020202020203736376B
02-12-2022 10:12:00.190,768,RECV,7E00198122220B0020202020202020202020202020202020203736386A
02-12-2022 10:12:00.750,769,RECV,7E00198122220B00202020202020202020202020202020202037363969
02-12-2022 10:12:01.250,770,RECV,7E00198122220B00202020202020202020202020202020202037373071
02-12-2022 10:12:01.688,771,RECV,7E00198122220B00202020202020202020202020202020202037373170
02-12-2022 10:12:02.249,772,RECV,7E00198122220B0020202020202020202020202020202020203737326F
02-12-2022 10:12:02.747,773,RECV,7E00198122220B0020202020202020202020202020202020203737336E
02-12-2022 10:12:03.245,774,RECV,7E00198122220B0020202020202020202020202020202020203737346D
02-12-2022 10:12:03.747,775,RECV,7E00198122220B0020202020202020202020202020202020203737356C
02-12-2022 10:12:04.245,776,RECV,7E00198122220B0020202020202020202020202020202020203737366B
02-12-2022 10:12:04.750,777,RECV,7E00198122220B0020202020202020202020202020202020203737376A
02-12-2022 10:12:05.244,778,RECV,7E00198122220B00202020202020202020202020202020202037373869
02-12-2022 10:12:05.747,779,RECV,7E00198122220B00202020202020202020202020202020202037373968
02-12-2022 10:12:06.248,780,RECV,7E00198122220B00202020202020202020202020202020202037383070
02-12-2022 10:12:06.750,781,RECV,7E00198122220B0020202020202020202020202020202020203738316F
02-12-2022 10:12:07.191,782,RECV,7E00198122220B0020202020202020202020202020202020203738326E
02-12-2022 10:12:07.750,783,RECV,7E00198122220B0020202020202020202020202020202020203738336D
02-12-2022 10:12:08.250,784,RECV,7E00198122220B0020202020202020202020202020202020203738346C
02-12-2022 10:12:08.749,785,RECV,7E00198122220B0020202020202020202020202020202020203738356B
02-12-2022 10:12:09.246,786,RECV,7E00198122220B0020202020202020202020202020202020203738366A
02-12-2022 10:12:09.749,787,RECV,7E00198122220B00202020202020202020202020202020202037383769
02-12-2022 10:12:10.246,788,RECV,7E00198122220B00202020202020202020202020202020202037383868
02-12-2022 10:12:10.747,789,RECV,7E00198122220B00202020202020202020202020202020202037383967
02-12-2022 10:12:11.248,790,RECV,7E00198122220B0020202020202020202020202020202020203739306F
02-12-2022 10:12:11.755,791,RECV,7E00198122220B0020202020202020202020202020202020203739316E
02-12-2022 10:12:12.255,792,RECV,7E00198122220B0020202020202020202020202020202020203739326D
02-12-2022 10:12:12.754,793,RECV,7E00198122220B0020202020202020202020202020202020203739336C
02-12-2022 10:12:13.252,794,RECV,7E00198122220B0020202020202020202020202020202020203739346B
02-12-2022 10:12:13.750,795,RECV,7E00198122220B0020202020202020202020202020202020203739356A
02-12-2022 10:12:14.249,796,RECV,7E00198122220B00202020202020202020202020202020202037393669
02-12-2022 10:12:14.748,797,RECV,7E00198122220B00202020202020202020202020202020202037393768
02-12-2022 10:12:15.244,798,RECV,7E00198122220B00202020202020202020202020202020202037393867
02-12-2022 10:12:15.744,799,RECV,7E00198122220B00202020202020202020202020202020202037393966
02-12-2022 10:12:16.247,800,RECV,7E00198122220B00202020202020202020202020202020202038303077
02-12-2022 10:12:16.748,801,RECV,7E00198122220B00202020202020202020202020202020202038303176
02-12-2022 10:12:17.247,802,RECV,7E00198122220B00202020202020202020202020202020202038303275
02-12-2022 10:12:17.750,803,RECV,7E00198122220B00202020202020202020202020202020202038303374
02-12-2022 10:12:18.254,804,RECV,7E00198122220B00202020202020202020202020202020202038303473
02-12-2022 10:12:18.751,805,RECV,7E00198122220B00202020202020202020202020202020202038303572
02-12-2022 10:12:19.250,806,RECV,7E00198122220B00202020202020202020202020202020202038303671
02-12-2022 10:12:19.749,807,RECV,7E00198122220B00202020202020202020202020202020202038303770
02-12-2022 10:12:20.249,808,RECV,7E00198122220B0020202020202020202020202020202020203830386F
02-12-2022 10:12:20.748,809,RECV,7E00198122220B0020202020202020202020202020202020203830396E
02-12-2022 10:12:21.247,810,RECV,7E00198122220B00202020202020202020202020202020202038313076
02-12-2022 10:12:21.748,811,RECV,7E00198122220B00202020202020202020202020202020202038313175
02-12-2022 10:12:22.247,812,RECV,7E00198122220B00202020202020202020202020202020202038313274
02-12-2022 10:12:22.749,813,RECV,7E00198122220B00202020202020202020202020202020202038313373
02-12-2022 10:12:23.244,814,RECV,7E00198122220B00202020202020202020202020202020202038313472
02-12-2022 10:12:23.746,815,RECV,7E00198122220B00202020202020202020202020202020202038313571
02-12-2022 10:12:24.246,816,RECV,7E00198122220B00202020202020202020202020202020202038313670
02-12-2022 10:12:24.747,817,RECV,7E00198122220B0020202020202020202020202020202020203831376F
02-12-2022 10:12:25.249,818,RECV,7E00198122220B0020202020202020202020202020202020203831386E
02-12-2022 10:12:25.749,819,RECV,7E00198122220B0020202020202020202020202020202020203831396D
02-12-2022 10:12:26.248,820,RECV,7E00198122220B00202020202020202020202020202020202038323075
02-12-2022 10:12:26.748,821,RECV,7E00198122220B00202020202020202020202020202020202038323174
02-12-2022 10:12:27.246,822,RECV,7E00198122220B00202020202020202020202020202020202038323273
02-12-2022 10:12:27.745,823,RECV,7E00198122220B00202020202020202020202020202020202038323372
02-12-2022 10:12:28.245,824,RECV,7E00198122220B00202020202020202020202020202020202038323471
02-12-2022 10:12:28.745,825,RECV,7E00198122220B00202020202020202020202020202020202038323570
02-12-2022 10:12:29.248,826,RECV,7E00198122220B0020202020202020202020202020202020203832366F
02-12-2022 10:12:29.750,827,RECV,7E00198122220B0020202020202020202020202020202020203832376E
02-12-2022 10:12:30.249,828,RECV,7E00198122220B0020202020202020202020202020202020203832386D
02-12-2022 10:12:30.751,829,RECV,7E00198122220B0020202020202020202020202020202020203832396C
02-12-2022 10:12:31.251,830,RECV,7E00198122220B00202020202020202020202020202020202038333074
02-12-2022 10:12:31.749,831,RECV,7E00198122220B00202020202020202020202020202020202038333173
02-12-2022 10:12:32.249,832,RECV,7E00198122220B00202020202020202020202020202020202038333272
02-12-2022 10:12:32.751,833,RECV,7E00198122220B00202020202020202020202020202020202038333371
02-12-2022 10:12:33.252,834,RECV,7E00198122220B00202020202020202020202020202020202038333470
02-12-2022 10:12:33.749,835,RECV,7E00198122220B0020202020202020202020202020202020203833356F
02-12-2022 10:12:34.248,836,RECV,7E00198122220B0020202020202020202020202020202020203833366E
02-12-2022 10:12:34.749,837,RECV,7E00198122220B0020202020202020202020202020202020203833376D
02-12-2022 10:12:35.247,838,RECV,7E00198122220B0020202020202020202020202020202020203833386C
02-12-2022 10:12:35.747,839,RECV,7E00198122220B0020202020202020202020202020202020203833396B
02-12-2022 10:12:36.246,840,RECV,7E00198122220B00202020202020202020202020202020202038343073
02-12-2022 10:12:36.743,841,RECV,7E00198122220B00202020202020202020202020202020202038343172
02-12-2022 10:12:37.240,842,RECV,7E00198122220B00202020202020202020202020202020202038343271
02-12-2022 10:12:37.738,843,RECV,7E00198122220B00202020202020202020202020202020202038343370
02-12-2022 10:12:38.238,844,RECV,7E00198122220B0020202020202020202020202020202020203834346F
02-12-2022 10:12:38.739,845,RECV,7E00198122220B0020202020202020202020202020202020203834356E
02-12-2022 10:12:39.237,846,RECV,7E00198122220B0020202020202020202020202020202020203834366D
02-12-2022 10:12:39.738,847,RECV,7E00198122220B0020202020202020202020202020202020203834376C
02-12-2022 10:12:40.240,848,RECV,7E00198122220B0020202020202020202020202020202020203834386B
02-12-2022 10:12:40.739,849,RECV,7E00198122220B0020202020202020202020202020202020203834396A
02-12-2022 10:12:41.238,850,RECV,7E00198122220B00202020202020202020202020202020202038353072
02-12-2022 10:12:41.738,851,RECV,7E00198122220B00202020202020202020202020202020202038353171
02-12-2022 10:12:42.241,852,RECV,7E00198122220B00202020202020202020202020202020202038353270
02-12-2022 10:12:42.737,853,RECV,7E00198122220B0020202020202020202020202020202020203835336F
02-12-2022 10:12:43.238,854,RECV,7E00198122220B0020202020202020202020202020202020203835346E
02-12-2022 10:12:43.734,855,RECV,7E00198122220B0020202020202020202020202020202020203835356D
02-12-2022 10:12:44.298,856,RECV,7E00198122220B0020202020202020202020202020202020203835366C
02-12-2022 10:12:44.795,857,RECV,7E00198122220B0020202020202020202020202020202020203835376B
02-12-2022 10:12:45.236,858,RECV,7E00198122220B0020202020202020202020202020202020203835386A
02-12-2022 10:12:45.734,859,RECV,7E00198122220B00202020202020202020202020202020202038353969
02-12-2022 10:12:46.294,860,RECV,7E00198122220B00202020202020202020202020202020202038363071
02-12-2022 10:12:46.791,861,RECV,7E00198122220B00202020202020202020202020202020202038363170
02-12-2022 10:12:47.231,862,RECV,7E00198122220B0020202020202020202020202020202020203836326F
02-12-2022 10:12:47.791,863,RECV,7E00198122220B0020202020202020202020202020202020203836336E
02-12-2022 10:12:48.289,864,RECV,7E00198122220B0020202020202020202020202020202020203836346D
02-12-2022 10:12:48.786,865,RECV,7E00198122220B0020202020202020202020202020202020203836356C
02-12-2022 10:12:49.285,866,RECV,7E00198122220B0020202020202020202020202020202020203836366B
02-12-2022 10:12:49.784,867,RECV,7E00198122220B0020202020202020202020202020202020203836376A
02-12-2022 10:12:50.285,868,RECV,7E00198122220B00202020202020202020202020202020202038363869
02-12-2022 10:12:50.782,869,RECV,7E00198122220B00202020202020202020202020202020202038363968
02-12-2022 10:12:51.279,870,RECV,7E00198122220B00202020202020202020202020202020202038373070
02-12-2022 10:12:51.777,871,RECV,7E00198122220B0020202020202020202020202020202020203837316F
02-12-2022 10:12:52.278,872,RECV,7E00198122220B0020202020202020202020202020202020203837326E
02-12-2022 10:12:52.776,873,RECV,7E00198122220B0020202020202020202020202020202020203837336D
02-12-2022 10:12:53.276,874,RECV,7E00198122220B0020202020202020202020202020202020203837346C
02-12-2022 10:12:53.775,875,RECV,7E00198122220B0020202020202020202020202020202020203837356B
02-12-2022 10:12:54.273,876,RECV,7E00198122220B0020202020202020202020202020202020203837366A
02-12-2022 10:12:54.773,877,RECV,7E00198122220B00202020202020202020202020202020202038373769
02-12-2022 10:12:55.274,878,RECV,7E00198122220B00202020202020202020202020202020202038373868
02-12-2022 10:12:55.776,879,RECV,7E00198122220B00202020202020202020202020202020202038373967
02-12-2022 10:12:56.278,880,RECV,7E00198122220B0020202020202020202020202020202020203838306F
02-12-2022 10:12:56.776,881,RECV,7E00198122220B0020202020202020202020202020202020203838316E
02-12-2022 10:12:57.274,882,RECV,7E00198122220B0020202020202020202020202020202020203838326D
02-12-2022 10:12:57.777,883,RECV,7E00198122220B0020202020202020202020202020202020203838336C
02-12-2022 10:12:58.275,884,RECV,7E00198122220B0020202020202020202020202020202020203838346B
02-12-2022 10:12:58.776,885,RECV,7E00198122220B0020202020202020202020202020202020203838356A
02-12-2022 10:12:59.278,886,RECV,7E00198122220B00202020202020202020202020202020202038383669
02-12-2022 10:12:59.778,887,RECV,7E00198122220B00202020202020202020202020202020202038383768
02-12-2022 10:13:00.278,888,RECV,7E00198122220B00202020202020202020202020202020202038383867
02-12-2022 10:13:00.775,889,RECV,7E00198122220B00202020202020202020202020202020202038383966
02-12-2022 10:13:01.275,890,RECV,7E00198122220B0020202020202020202020202020202020203839306E
02-12-2022 10:13:01.773,891,RECV,7E00198122220B0020202020202020202020202020202020203839316D
02-12-2022 10:13:02.273,892,RECV,7E00198122220B0020202020202020202020202020202020203839326C
02-12-2022 10:13:02.771,893,RECV,7E00198122220B0020202020202020202020202020202020203839336B
02-12-2022 10:13:03.268,894,RECV,7E00198122220B0020202020202020202020202020202020203839346A
02-12-2022 10:13:03.772,895,RECV,7E00198122220B00202020202020202020202020202020202038393569
02-12-2022 10:13:04.274,896,RECV,7E00198122220B00202020202020202020202020202020202038393668
02-12-2022 10:13:04.773,897,RECV,7E00198122220B00202020202020202020202020202020202038393767
02-12-2022 10:13:05.274,898,RECV,7E00198122220B00202020202020202020202020202020202038393866
02-12-2022 10:13:05.772,899,RECV,7E00198122220B00202020202020202020202020202020202038393965
02-12-2022 10:13:06.273,900,RECV,7E00198122220B00202020202020202020202020202020202039303076
02-12-2022 10:13:06.772,901,RECV,7E00198122220B00202020202020202020202020202020202039303175
02-12-2022 10:13:07.269,902,RECV,7E00198122220B00202020202020202020202020202020202039303274
02-12-2022 10:13:07.768,903,RECV,7E00198122220B00202020202020202020202020202020202039303373
02-12-2022 10:13:08.270,904,RECV,7E00198122220B00202020202020202020202020202020202039303472
02-12-2022 10:13:08.769,905,RECV,7E00198122220B00202020202020202020202020202020202039303571
02-12-2022 10:13:09.272,906,RECV,7E00198122220B00202020202020202020202020202020202039303670
02-12-2022 10:13:09.771,907,RECV,7E00198122220B0020202020202020202020202020202020203930376F
02-12-2022 10:13:10.272,908,RECV,7E00198122220B0020202020202020202020202020202020203930386E
02-12-2022 10:13:10.769,909,RECV,7E00198122220B0020202020202020202020202020202020203930396D
02-12-2022 10:13:11.266,910,RECV,7E00198122220B00202020202020202020202020202020202039313075
02-12-2022 10:13:11.768,911,RECV,7E00198122220B00202020202020202020202020202020202039313174
02-12-2022 10:13:12.267,912,RECV,7E00198122220B00202020202020202020202020202020202039313273
02-12-2022 10:13:12.763,913,RECV,7E00198122220B00202020202020202020202020202020202039313372
02-12-2022 10:13:13.262,914,RECV,7E00198122220B00202020202020202020202020202020202039313471
02-12-2022 10:13:13.761,915,RECV,7E00198122220B00202020202020202020202020202020202039313570
02-12-2022 10:13:14.321,916,RECV,7E00198122220B0020202020202020202020202020202020203931366F
02-12-2022 10:13:14.821,917,RECV,7E00198122220B0020202020202020202020202020202020203931376E
02-12-2022 10:13:15.261,918,RECV,7E00198122220B0020202020202020202020202020202020203931386D
02-12-2022 10:13:15.824,919,RECV,7E00198122220B0020202020202020202020202020202020203931396C
02-12-2022 10:13:16.322,920,RECV,7E00198122220B00202020202020202020202020202020202039323074
02-12-2022 10:13:16.759,921,RECV,7E00198122220B00202020202020202020202020202020202039323173
02-12-2022 10:13:17.258,922,RECV,7E00198122220B00202020202020202020202020202020202039323272
02-12-2022 10:13:17.773,923,RECV,7E00198122220B00202020202020202020202020202020202039323371
02-12-2022 10:13:18.321,924,RECV,7E00198122220B00202020202020202020202020202020202039323470
02-12-2022 10:13:18.759,925,RECV,7E00198122220B0020202020202020202020202020202020203932356F
02-12-2022 10:13:19.326,926,RECV,7E00198122220B0020202020202020202020202020202020203932366E
02-12-2022 10:13:19.824,927,RECV,7E00198122220B0020202020202020202020202020202020203932376D
02-12-2022 10:13:20.324,928,RECV,7E00198122220B0020202020202020202020202020202020203932386C
02-12-2022 10:13:20.762,929,RECV,7E00198122220B0020202020202020202020202020202020203932396B
02-12-2022 10:13:21.322,930,RECV,7E00198122220B00202020202020202020202020202020202039333073
02-12-2022 10:13:21.822,931,RECV,7E00198122220B00202020202020202020202020202020202039333172
02-12-2022 10:13:22.324,932,RECV,7E00198122220B00202020202020202020202020202020202039333271
02-12-2022 10:13:22.824,933,RECV,7E00198122220B00202020202020202020202020202020202039333370
02-12-2022 10:13:23.323,934,RECV,7E00198122220B0020202020202020202020202020202020203933346F
02-12-2022 10:13:23.826,935,RECV,7E00198122220B0020202020202020202020202020202020203933356E
02-12-2022 10:13:24.264,936,RECV,7E00198122220B0020202020202020202020202020202020203933366D
02-12-2022 10:13:24.778,937,RECV,7E00198122220B0020202020202020202020202020202020203933376C
02-12-2022 10:13:25.322,938,RECV,7E00198122220B0020202020202020202020202020202020203933386B
02-12-2022 10:13:25.823,939,RECV,7E00198122220B0020202020202020202020202020202020203933396A
02-12-2022 10:13:26.323,940,RECV,7E00198122220B00202020202020202020202020202020202039343072
02-12-2022 10:13:26.822,941,RECV,7E00198122220B00202020202020202020202020202020202039343171
02-12-2022 10:13:27.328,942,RECV,7E00198122220B00202020202020202020202020202020202039343270
02-12-2022 10:13:27.765,943,RECV,7E00198122220B0020202020202020202020202020202020203934336F
02-12-2022 10:13:28.279,944,RECV,7E00198122220B0020202020202020202020202020202020203934346E
02-12-2022 10:13:28.824,945,RECV,7E00198122220B0020202020202020202020202020202020203934356D
02-12-2022 10:13:29.328,946,RECV,7E00198122220B0020202020202020202020202020202020203934366C
02-12-2022 10:13:29.764,947,RECV,7E00198122220B0020202020202020202020202020202020203934376B
02-12-2022 10:13:30.328,948,RECV,7E00198122220B0020202020202020202020202020202020203934386A
02-12-2022 10:13:30.829,949,RECV,7E00198122220B00202020202020202020202020202020202039343969
02-12-2022 10:13:31.329,950,RECV,7E00198122220B00202020202020202020202020202020202039353071
02-12-2022 10:13:31.826,951,RECV,7E00198122220B00202020202020202020202020202020202039353170
02-12-2022 10:13:32.326,952,RECV,7E00198122220B0020202020202020202020202020202020203935326F
02-12-2022 10:13:32.825,953,RECV,7E00198122220B0020202020202020202020202020202020203935336E
02-12-2022 10:13:33.323,954,RECV,7E00198122220B0020202020202020202020202020202020203935346D
02-12-2022 10:13:33.828,955,RECV,7E00198122220B0020202020202020202020202020202020203935356C
02-12-2022 10:13:34.330,956,RECV,7E00198122220B0020202020202020202020202020202020203935366B
02-12-2022 10:13:34.831,957,RECV,7E00198122220B0020202020202020202020202020202020203935376A
02-12-2022 10:13:35.283,958,RECV,7E00198122220B00202020202020202020202020202020202039353869
02-12-2022 10:13:35.828,959,RECV,7E00198122220B00202020202020202020202020202020202039353968
02-12-2022 10:13:36.327,960,RECV,7E00198122220B00202020202020202020202020202020202039363070
02-12-2022 10:13:36.831,961,RECV,7E00198122220B0020202020202020202020202020202020203936316F
02-12-2022 10:13:37.334,962,RECV,7E00198122220B0020202020202020202020202020202020203936326E
02-12-2022 10:13:37.836,963,RECV,7E00198122220B0020202020202020202020202020202020203936336D
02-12-2022 10:13:38.334,964,RECV,7E00198122220B0020202020202020202020202020202020203936346C
02-12-2022 10:13:38.786,965,RECV,7E00198122220B0020202020202020202020202020202020203936356B
02-12-2022 10:13:39.332,966,RECV,7E00198122220B0020202020202020202020202020202020203936366A
02-12-2022 10:13:39.833,967,RECV,7E00198122220B00202020202020202020202020202020202039363769
02-12-2022 10:13:40.333,968,RECV,7E00198122220B00202020202020202020202020202020202039363868
02-12-2022 10:13:40.833,969,RECV,7E00198122220B00202020202020202020202020202020202039363967
02-12-2022 10:13:41.333,970,RECV,7E00198122220B0020202020202020202020202020202020203937306F
02-12-2022 10:13:41.830,971,RECV,7E00198122220B0020202020202020202020202020202020203937316E
02-12-2022 10:13:42.328,972,RECV,7E00198122220B0020202020202020202020202020202020203937326D
02-12-2022 10:13:42.828,973,RECV,7E00198122220B0020202020202020202020202020202020203937336C
02-12-2022 10:13:43.326,974,RECV,7E00198122220B0020202020202020202020202020202020203937346B
02-12-2022 10:13:43.827,975,RECV,7E00198122220B0020202020202020202020202020202020203937356A
02-12-2022 10:13:44.328,976,RECV,7E00198122220B00202020202020202020202020202020202039373669
02-12-2022 10:13:44.828,977,RECV,7E00198122220B00202020202020202020202020202020202039373768
02-12-2022 10:13:45.334,978,RECV,7E00198122220B00202020202020202020202020202020202039373867
02-12-2022 10:13:45.829,979,RECV,7E00198122220B00202020202020202020202020202020202039373966
02-12-2022 10:13:46.328,980,RECV,7E00198122220B0020202020202020202020202020202020203938306E
02-12-2022 10:13:46.840,981,RECV,7E00198122220B0020202020202020202020202020202020203938316D
02-12-2022 10:13:47.329,982,RECV,7E00198122220B0020202020202020202020202020202020203938326C
02-12-2022 10:13:47.829,983,RECV,7E00198122220B0020202020202020202020202020202020203938336B
02-12-2022 10:13:48.335,984,RECV,7E00198122220B0020202020202020202020202020202020203938346A
02-12-2022 10:13:48.833,985,RECV,7E00198122220B00202020202020202020202020202020202039383569
02-12-2022 10:13:49.335,986,RECV,7E00198122220B00202020202020202020202020202020202039383668
02-12-2022 10:13:49.835,987,RECV,7E00198122220B00202020202020202020202020202020202039383767
02-12-2022 10:13:50.331,988,RECV,7E00198122220B00202020202020202020202020202020202039383866
02-12-2022 10:13:50.831,989,RECV,7E00198122220B00202020202020202020202020202020202039383965
02-12-2022 10:13:51.330,990,RECV,7E00198122220B0020202020202020202020202020202020203939306D
02-12-2022 10:13:51.827,991,RECV,7E00198122220B0020202020202020202020202020202020203939316C
02-12-2022 10:13:52.326,992,RECV,7E00198122220B0020202020202020202020202020202020203939326B
02-12-2022 10:13:52.824,993,RECV,7E00198122220B0020202020202020202020202020202020203939336A
02-12-2022 10:13:53.325,994,RECV,7E00198122220B00202020202020202020202020202020202039393469
02-12-2022 10:13:53.827,995,RECV,7E00198122220B00202020202020202020202020202020202039393568
02-12-2022 10:13:54.328,996,RECV,7E00198122220B00202020202020202020202020202020202039393667
02-12-2022 10:13:54.829,997,RECV,7E00198122220B00202020202020202020202020202020202039393766
02-12-2022 10:13:55.322,998,RECV,7E00198122220B00202020202020202020202020202020202039393865
02-12-2022 10:13:55.826,999,RECV,7E00198122220B00202020202020202020202020202020202039393964
