02-12-2022 17:19:39.127,-,API,"Coordinator_802,0013A20041C5375A,802.15.4 TH,2003,COM7 - 115200/8/N/1/N,1,46"

02-12-2022 17:05:03.992,0,RECV,7E00198122224500202020202020202020202020202020202020203065
02-12-2022 17:05:04.492,1,RECV,7E00198122224600202020202020202020202020202020202020203163
02-12-2022 17:05:04.993,2,RECV,7E00198122224600202020202020202020202020202020202020203262
02-12-2022 17:05:05.496,3,RECV,7E00198122224600202020202020202020202020202020202020203361
02-12-2022 17:05:05.998,4,RECV,7E00198122224600202020202020202020202020202020202020203460
02-12-2022 17:05:06.499,5,RECV,7E0019812222460020202020202020202020202020202020202020355F
02-12-2022 17:05:06.995,6,RECV,7E0019812222460020202020202020202020202020202020202020365E
02-12-2022 17:05:07.495,7,RECV,7E0019812222450020202020202020202020202020202020202020375E
02-12-2022 17:05:07.992,8,RECV,7E0019812222460020202020202020202020202020202020202020385C
02-12-2022 17:05:08.495,9,RECV,7E0019812222460020202020202020202020202020202020202020395B
02-12-2022 17:05:08.993,10,RECV,7E00198122224600202020202020202020202020202020202020313053
02-12-2022 17:05:09.493,11,RECV,7E00198122224600202020202020202020202020202020202020313152
02-12-2022 17:05:09.995,12,RECV,7E00198122224600202020202020202020202020202020202020313251
02-12-2022 17:05:10.500,13,RECV,7E00198122224500202020202020202020202020202020202020313351
02-12-2022 17:05:11.003,14,RECV,7E00198122224500202020202020202020202020202020202020313450
02-12-2022 17:05:11.506,15,RECV,7E0019812222460020202020202020202020202020202020202031354E
02-12-2022 17:05:12.012,16,RECV,7E0019812222460020202020202020202020202020202020202031364D
02-12-2022 17:05:12.514,17,RECV,7E0019812222460020202020202020202020202020202020202031374C
02-12-2022 17:05:13.019,18,RECV,7E0019812222460020202020202020202020202020202020202031384B
02-12-2022 17:05:13.460,19,RECV,7E0019812222460020202020202020202020202020202020202031394A
02-12-2022 17:05:13.964,20,RECV,7E00198122224600202020202020202020202020202020202020323052
02-12-2022 17:05:14.468,21,RECV,7E00198122224600202020202020202020202020202020202020323151
02-12-2022 17:05:14.970,22,RECV,7E00198122224600202020202020202020202020202020202020323250
02-12-2022 17:05:15.471,23,RECV,7E0019812222460020202020202020202020202020202020202032334F
02-12-2022 17:05:15.974,24,RECV,7E0019812222460020202020202020202020202020202020202032344E
02-12-2022 17:05:16.482,25,RECV,7E0019812222460020202020202020202020202020202020202032354D
02-12-2022 17:05:16.987,26,RECV,7E0019812222460020202020202020202020202020202020202032364C
02-12-2022 17:05:17.490,27,RECV,7E0019812222450020202020202020202020202020202020202032374C
02-12-2022 17:05:17.995,28,RECV,7E0019812222460020202020202020202020202020202020202032384A
02-12-2022 17:05:18.499,29,RECV,7E00198122224600202020202020202020202020202020202020323949
02-12-2022 17:05:19.000,30,RECV,7E00198122224600202020202020202020202020202020202020333051
02-12-2022 17:05:19.505,31,RECV,7E00198122224600202020202020202020202020202020202020333150
02-12-2022 17:05:20.006,32,RECV,7E0019812222460020202020202020202020202020202020202033324F
02-12-2022 17:05:20.508,33,RECV,7E0019812222460020202020202020202020202020202020202033334E
02-12-2022 17:05:21.014,34,RECV,7E0019812222460020202020202020202020202020202020202033344D
02-12-2022 17:05:21.517,35,RECV,7E0019812222460020202020202020202020202020202020202033354C
02-12-2022 17:05:22.021,36,RECV,7E0019812222460020202020202020202020202020202020202033364B
02-12-2022 17:05:22.526,37,RECV,7E0019812222460020202020202020202020202020202020202033374A
02-12-2022 17:05:22.967,38,RECV,7E00198122224600202020202020202020202020202020202020333849
02-12-2022 17:05:23.533,39,RECV,7E00198122224600202020202020202020202020202020202020333948
02-12-2022 17:05:23.977,40,RECV,7E00198122224600202020202020202020202020202020202020343050
02-12-2022 17:05:24.484,41,RECV,7E0019812222460020202020202020202020202020202020202034314F
02-12-2022 17:05:24.985,42,RECV,7E0019812222450020202020202020202020202020202020202034324F
02-12-2022 17:05:25.488,43,RECV,7E0019812222460020202020202020202020202020202020202034334D
02-12-2022 17:05:25.990,44,RECV,7E0019812222460020202020202020202020202020202020202034344C
02-12-2022 17:05:26.496,45,RECV,7E0019812222460020202020202020202020202020202020202034354B
02-12-2022 17:05:27.000,46,RECV,7E0019812222460020202020202020202020202020202020202034364A
02-12-2022 17:05:27.508,47,RECV,7E00198122224600202020202020202020202020202020202020343749
02-12-2022 17:05:28.013,48,RECV,7E00198122224600202020202020202020202020202020202020343848
02-12-2022 17:05:28.513,49,RECV,7E00198122224600202020202020202020202020202020202020343947
02-12-2022 17:05:29.017,50,RECV,7E0019812222460020202020202020202020202020202020202035304F
02-12-2022 17:05:29.521,51,RECV,7E0019812222450020202020202020202020202020202020202035314F
02-12-2022 17:05:30.023,52,RECV,7E0019812222460020202020202020202020202020202020202035324D
02-12-2022 17:05:30.523,53,RECV,7E0019812222460020202020202020202020202020202020202035334C
02-12-2022 17:05:31.026,54,RECV,7E0019812222460020202020202020202020202020202020202035344B
02-12-2022 17:05:31.530,55,RECV,7E0019812222460020202020202020202020202020202020202035354A
02-12-2022 17:05:32.030,56,RECV,7E00198122224600202020202020202020202020202020202020353649
02-12-2022 17:05:32.534,57,RECV,7E00198122224600202020202020202020202020202020202020353748
02-12-2022 17:05:32.978,58,RECV,7E00198122224600202020202020202020202020202020202020353847
02-12-2022 17:05:33.474,59,RECV,7E00198122224600202020202020202020202020202020202020353946
02-12-2022 17:05:33.973,60,RECV,7E0019812222450020202020202020202020202020202020202036304F
02-12-2022 17:05:34.538,61,RECV,7E0019812222460020202020202020202020202020202020202036314D
02-12-2022 17:05:35.034,62,RECV,7E0019812222460020202020202020202020202020202020202036324C
02-12-2022 17:05:35.472,63,RECV,7E0019812222460020202020202020202020202020202020202036334B
02-12-2022 17:05:36.035,64,RECV,7E0019812222460020202020202020202020202020202020202036344A
02-12-2022 17:05:36.538,65,RECV,7E00198122224600202020202020202020202020202020202020363549
02-12-2022 17:05:36.975,66,RECV,7E00198122224500202020202020202020202020202020202020363649
02-12-2022 17:05:37.476,67,RECV,7E00198122224600202020202020202020202020202020202020363747
02-12-2022 17:05:38.043,68,RECV,7E00198122224600202020202020202020202020202020202020363846
02-12-2022 17:05:38.485,69,RECV,7E00198122224600202020202020202020202020202020202020363945
02-12-2022 17:05:38.987,70,RECV,7E0019812222460020202020202020202020202020202020202037304D
02-12-2022 17:05:39.491,71,RECV,7E0019812222460020202020202020202020202020202020202037314C
02-12-2022 17:05:39.993,72,RECV,7E0019812222460020202020202020202020202020202020202037324B
02-12-2022 17:05:40.500,73,RECV,7E0019812222460020202020202020202020202020202020202037334A
02-12-2022 17:05:41.001,74,RECV,7E00198122224600202020202020202020202020202020202020373449
02-12-2022 17:05:41.509,75,RECV,7E00198122224600202020202020202020202020202020202020373548
02-12-2022 17:05:42.007,76,RECV,7E00198122224600202020202020202020202020202020202020373647
02-12-2022 17:05:42.510,77,RECV,7E00198122224600202020202020202020202020202020202020373746
02-12-2022 17:05:43.012,78,RECV,7E00198122224600202020202020202020202020202020202020373845
02-12-2022 17:05:43.517,79,RECV,7E00198122224600202020202020202020202020202020202020373944
02-12-2022 17:05:44.019,80,RECV,7E0019812222460020202020202020202020202020202020202038304C
02-12-2022 17:05:44.521,81,RECV,7E0019812222460020202020202020202020202020202020202038314B
02-12-2022 17:05:45.023,82,RECV,7E0019812222460020202020202020202020202020202020202038324A
02-12-2022 17:05:45.525,83,RECV,7E00198122224600202020202020202020202020202020202020383349
02-12-2022 17:05:46.029,84,RECV,7E00198122224600202020202020202020202020202020202020383448
02-12-2022 17:05:46.533,85,RECV,7E00198122224600202020202020202020202020202020202020383547
02-12-2022 17:05:47.037,86,RECV,7E00198122224300202020202020202020202020202020202020383649
02-12-2022 17:05:47.540,87,RECV,7E00198122224600202020202020202020202020202020202020383745
02-12-2022 17:05:48.041,88,RECV,7E00198122224600202020202020202020202020202020202020383844
02-12-2022 17:05:48.499,89,RECV,7E00198122224600202020202020202020202020202020202020383943
02-12-2022 17:05:49.048,90,RECV,7E0019812222460020202020202020202020202020202020202039304B
02-12-2022 17:05:49.488,91,RECV,7E0019812222460020202020202020202020202020202020202039314A
02-12-2022 17:05:49.988,92,RECV,7E0019812222450020202020202020202020202020202020202039324A
02-12-2022 17:05:50.493,93,RECV,7E00198122224600202020202020202020202020202020202020393348
02-12-2022 17:05:50.994,94,RECV,7E00198122224600202020202020202020202020202020202020393447
02-12-2022 17:05:51.497,95,RECV,7E00198122224500202020202020202020202020202020202020393547
02-12-2022 17:05:51.999,96,RECV,7E00198122224600202020202020202020202020202020202020393645
02-12-2022 17:05:52.503,97,RECV,7E00198122224600202020202020202020202020202020202020393744
02-12-2022 17:05:53.011,98,RECV,7E00198122224600202020202020202020202020202020202020393843
02-12-2022 17:05:53.510,99,RECV,7E00198122224600202020202020202020202020202020202020393942
02-12-2022 17:05:54.031,100,RECV,7E00198122224600202020202020202020202020202020202031303043
02-12-2022 17:05:54.524,101,RECV,7E00198122224400202020202020202020202020202020202031303144
02-12-2022 17:05:55.025,102,RECV,7E00198122224600202020202020202020202020202020202031303241
02-12-2022 17:05:55.528,103,RECV,7E00198122224600202020202020202020202020202020202031303340
02-12-2022 17:05:56.035,104,RECV,7E00198122224500202020202020202020202020202020202031303440
02-12-2022 17:05:56.543,105,RECV,7E0019812222460020202020202020202020202020202020203130353E
02-12-2022 17:05:57.047,106,RECV,7E0019812222460020202020202020202020202020202020203130363D
02-12-2022 17:05:57.548,107,RECV,7E0019812222460020202020202020202020202020202020203130373C
02-12-2022 17:05:58.049,108,RECV,7E0019812222460020202020202020202020202020202020203130383B
02-12-2022 17:05:58.554,109,RECV,7E0019812222460020202020202020202020202020202020203130393A
02-12-2022 17:05:59.502,110,RECV,7E00198122224600202020202020202020202020202020202031313141
02-12-2022 17:06:00.003,111,RECV,7E00198122224600202020202020202020202020202020202031313240
02-12-2022 17:06:00.506,112,RECV,7E00198122224500202020202020202020202020202020202031313340
02-12-2022 17:06:01.008,113,RECV,7E0019812222460020202020202020202020202020202020203131343E
02-12-2022 17:06:01.509,114,RECV,7E0019812222460020202020202020202020202020202020203131353D
02-12-2022 17:06:02.014,115,RECV,7E0019812222460020202020202020202020202020202020203131363C
02-12-2022 17:06:02.518,116,RECV,7E0019812222460020202020202020202020202020202020203131373B
02-12-2022 17:06:03.022,117,RECV,7E0019812222460020202020202020202020202020202020203131383A
02-12-2022 17:06:03.525,118,RECV,7E0019812222450020202020202020202020202020202020203131393A
02-12-2022 17:06:04.027,119,RECV,7E00198122224500202020202020202020202020202020202031323042
02-12-2022 17:06:04.532,120,RECV,7E00198122224600202020202020202020202020202020202031323140
02-12-2022 17:06:05.037,121,RECV,7E0019812222460020202020202020202020202020202020203132323F
02-12-2022 17:06:05.541,122,RECV,7E0019812222460020202020202020202020202020202020203132333E
02-12-2022 17:06:06.045,123,RECV,7E0019812222460020202020202020202020202020202020203132343D
02-12-2022 17:06:06.546,124,RECV,7E0019812222460020202020202020202020202020202020203132353C
02-12-2022 17:06:07.051,125,RECV,7E0019812222460020202020202020202020202020202020203132363B
02-12-2022 17:06:07.554,126,RECV,7E0019812222460020202020202020202020202020202020203132373A
02-12-2022 17:06:08.013,127,RECV,7E00198122224600202020202020202020202020202020202031323839
02-12-2022 17:06:08.563,128,RECV,7E00198122224600202020202020202020202020202020202031323938
02-12-2022 17:06:09.058,129,RECV,7E00198122224600202020202020202020202020202020202031333040
02-12-2022 17:06:09.499,130,RECV,7E0019812222460020202020202020202020202020202020203133313F
02-12-2022 17:06:10.065,131,RECV,7E0019812222460020202020202020202020202020202020203133323E
02-12-2022 17:06:10.568,132,RECV,7E0019812222460020202020202020202020202020202020203133333D
02-12-2022 17:06:11.010,133,RECV,7E0019812222460020202020202020202020202020202020203133343C
02-12-2022 17:06:11.513,134,RECV,7E0019812222460020202020202020202020202020202020203133353B
02-12-2022 17:06:12.017,135,RECV,7E0019812222460020202020202020202020202020202020203133363A
02-12-2022 17:06:12.518,136,RECV,7E00198122224600202020202020202020202020202020202031333739
02-12-2022 17:06:13.017,137,RECV,7E00198122224600202020202020202020202020202020202031333838
02-12-2022 17:06:13.523,138,RECV,7E00198122224500202020202020202020202020202020202031333938
02-12-2022 17:06:14.023,139,RECV,7E0019812222460020202020202020202020202020202020203134303F
02-12-2022 17:06:14.527,140,RECV,7E0019812222460020202020202020202020202020202020203134313E
02-12-2022 17:06:15.031,141,RECV,7E0019812222460020202020202020202020202020202020203134323D
02-12-2022 17:06:15.535,142,RECV,7E0019812222460020202020202020202020202020202020203134333C
02-12-2022 17:06:16.038,143,RECV,7E0019812222460020202020202020202020202020202020203134343B
02-12-2022 17:06:16.538,144,RECV,7E0019812222450020202020202020202020202020202020203134353B
02-12-2022 17:06:17.041,145,RECV,7E00198122224600202020202020202020202020202020202031343639
02-12-2022 17:06:17.549,146,RECV,7E00198122224600202020202020202020202020202020202031343738
02-12-2022 17:06:18.056,147,RECV,7E00198122224600202020202020202020202020202020202031343837
02-12-2022 17:06:18.558,148,RECV,7E00198122224600202020202020202020202020202020202031343936
02-12-2022 17:06:19.057,149,RECV,7E0019812222460020202020202020202020202020202020203135303E
02-12-2022 17:06:19.560,150,RECV,7E0019812222460020202020202020202020202020202020203135313D
02-12-2022 17:06:20.063,151,RECV,7E0019812222460020202020202020202020202020202020203135323C
02-12-2022 17:06:20.561,152,RECV,7E0019812222460020202020202020202020202020202020203135333B
02-12-2022 17:06:21.065,153,RECV,7E0019812222460020202020202020202020202020202020203135343A
02-12-2022 17:06:21.566,154,RECV,7E00198122224600202020202020202020202020202020202031353539
02-12-2022 17:06:22.069,155,RECV,7E00198122224600202020202020202020202020202020202031353638
02-12-2022 17:06:22.573,156,RECV,7E00198122224600202020202020202020202020202020202031353737
02-12-2022 17:06:23.076,157,RECV,7E00198122224600202020202020202020202020202020202031353836
02-12-2022 17:06:23.519,158,RECV,7E00198122224600202020202020202020202020202020202031353935
02-12-2022 17:06:24.021,159,RECV,7E0019812222460020202020202020202020202020202020203136303D
02-12-2022 17:06:24.526,160,RECV,7E0019812222460020202020202020202020202020202020203136313C
02-12-2022 17:06:25.026,161,RECV,7E0019812222460020202020202020202020202020202020203136323B
02-12-2022 17:06:25.534,162,RECV,7E0019812222460020202020202020202020202020202020203136333A
02-12-2022 17:06:26.040,163,RECV,7E00198122224600202020202020202020202020202020202031363439
02-12-2022 17:06:26.545,164,RECV,7E00198122224600202020202020202020202020202020202031363538
02-12-2022 17:06:27.052,165,RECV,7E00198122224500202020202020202020202020202020202031363638
02-12-2022 17:06:27.556,166,RECV,7E00198122224600202020202020202020202020202020202031363736
02-12-2022 17:06:28.057,167,RECV,7E00198122224600202020202020202020202020202020202031363835
02-12-2022 17:06:28.561,168,RECV,7E00198122224600202020202020202020202020202020202031363934
02-12-2022 17:06:29.064,169,RECV,7E0019812222460020202020202020202020202020202020203137303C
02-12-2022 17:06:29.562,170,RECV,7E0019812222460020202020202020202020202020202020203137313B
02-12-2022 17:06:30.062,171,RECV,7E0019812222450020202020202020202020202020202020203137323B
02-12-2022 17:06:30.564,172,RECV,7E00198122224600202020202020202020202020202020202031373339
02-12-2022 17:06:31.062,173,RECV,7E00198122224600202020202020202020202020202020202031373438
02-12-2022 17:06:31.567,174,RECV,7E00198122224600202020202020202020202020202020202031373537
02-12-2022 17:06:32.067,175,RECV,7E00198122224600202020202020202020202020202020202031373636
02-12-2022 17:06:32.568,176,RECV,7E00198122224600202020202020202020202020202020202031373735
02-12-2022 17:06:33.077,177,RECV,7E00198122224600202020202020202020202020202020202031373834
02-12-2022 17:06:33.582,178,RECV,7E00198122224600202020202020202020202020202020202031373933
02-12-2022 17:06:34.026,179,RECV,7E0019812222460020202020202020202020202020202020203138303B
02-12-2022 17:06:34.592,180,RECV,7E0019812222460020202020202020202020202020202020203138313A
02-12-2022 17:06:35.035,181,RECV,7E00198122224600202020202020202020202020202020202031383239
02-12-2022 17:06:35.537,182,RECV,7E00198122224600202020202020202020202020202020202031383338
02-12-2022 17:06:36.043,183,RECV,7E00198122224600202020202020202020202020202020202031383437
02-12-2022 17:06:36.551,184,RECV,7E00198122224600202020202020202020202020202020202031383536
02-12-2022 17:06:37.056,185,RECV,7E00198122224600202020202020202020202020202020202031383635
02-12-2022 17:06:37.559,186,RECV,7E00198122224600202020202020202020202020202020202031383734
02-12-2022 17:06:38.057,187,RECV,7E00198122224600202020202020202020202020202020202031383833
02-12-2022 17:06:38.556,188,RECV,7E00198122224600202020202020202020202020202020202031383932
02-12-2022 17:06:39.062,189,RECV,7E0019812222460020202020202020202020202020202020203139303A
02-12-2022 17:06:39.565,190,RECV,7E00198122224600202020202020202020202020202020202031393139
02-12-2022 17:06:40.062,191,RECV,7E00198122224600202020202020202020202020202020202031393238
02-12-2022 17:06:40.564,192,RECV,7E00198122224600202020202020202020202020202020202031393337
02-12-2022 17:06:41.068,193,RECV,7E00198122224600202020202020202020202020202020202031393436
02-12-2022 17:06:41.575,194,RECV,7E00198122224600202020202020202020202020202020202031393535
02-12-2022 17:06:42.075,195,RECV,7E00198122224600202020202020202020202020202020202031393634
02-12-2022 17:06:42.580,196,RECV,7E00198122224600202020202020202020202020202020202031393733
02-12-2022 17:06:43.086,197,RECV,7E00198122224500202020202020202020202020202020202031393833
02-12-2022 17:06:43.546,198,RECV,7E00198122224600202020202020202020202020202020202031393931
02-12-2022 17:06:44.034,199,RECV,7E00198122224600202020202020202020202020202020202032303042
02-12-2022 17:06:44.540,200,RECV,7E00198122224500202020202020202020202020202020202032303142
02-12-2022 17:06:45.047,201,RECV,7E00198122224600202020202020202020202020202020202032303240
02-12-2022 17:06:45.552,202,RECV,7E0019812222460020202020202020202020202020202020203230333F
02-12-2022 17:06:46.053,203,RECV,7E0019812222460020202020202020202020202020202020203230343E
02-12-2022 17:06:46.556,204,RECV,7E0019812222460020202020202020202020202020202020203230353D
02-12-2022 17:06:47.060,205,RECV,7E0019812222460020202020202020202020202020202020203230363C
02-12-2022 17:06:47.566,206,RECV,7E0019812222460020202020202020202020202020202020203230373B
02-12-2022 17:06:48.070,207,RECV,7E0019812222460020202020202020202020202020202020203230383A
02-12-2022 17:06:48.571,208,RECV,7E00198122224600202020202020202020202020202020202032303939
02-12-2022 17:06:49.074,209,RECV,7E00198122224600202020202020202020202020202020202032313041
02-12-2022 17:06:49.580,210,RECV,7E00198122224600202020202020202020202020202020202032313140
02-12-2022 17:06:50.086,211,RECV,7E0019812222460020202020202020202020202020202020203231323F
02-12-2022 17:06:50.591,212,RECV,7E0019812222460020202020202020202020202020202020203231333E
02-12-2022 17:06:51.098,213,RECV,7E0019812222460020202020202020202020202020202020203231343D
02-12-2022 17:06:51.537,214,RECV,7E0019812222460020202020202020202020202020202020203231353C
02-12-2022 17:06:52.105,215,RECV,7E0019812222460020202020202020202020202020202020203231363B
02-12-2022 17:06:52.606,216,RECV,7E0019812222460020202020202020202020202020202020203231373A
02-12-2022 17:06:53.043,217,RECV,7E00198122224600202020202020202020202020202020202032313839
02-12-2022 17:06:53.548,218,RECV,7E00198122224500202020202020202020202020202020202032313939
02-12-2022 17:06:54.050,219,RECV,7E00198122224600202020202020202020202020202020202032323040
02-12-2022 17:06:54.551,220,RECV,7E0019812222460020202020202020202020202020202020203232313F
02-12-2022 17:06:55.059,221,RECV,7E0019812222460020202020202020202020202020202020203232323E
02-12-2022 17:06:55.564,222,RECV,7E0019812222460020202020202020202020202020202020203232333D
02-12-2022 17:06:56.066,223,RECV,7E0019812222460020202020202020202020202020202020203232343C
02-12-2022 17:06:56.569,224,RECV,7E0019812222460020202020202020202020202020202020203232353B
02-12-2022 17:06:57.070,225,RECV,7E0019812222460020202020202020202020202020202020203232363A
02-12-2022 17:06:57.570,226,RECV,7E00198122224600202020202020202020202020202020202032323739
02-12-2022 17:06:58.076,227,RECV,7E00198122224600202020202020202020202020202020202032323838
02-12-2022 17:06:58.582,228,RECV,7E00198122224600202020202020202020202020202020202032323937
02-12-2022 17:06:59.086,229,RECV,7E0019812222460020202020202020202020202020202020203233303F
02-12-2022 17:06:59.584,230,RECV,7E0019812222460020202020202020202020202020202020203233313E
02-12-2022 17:07:00.086,231,RECV,7E0019812222460020202020202020202020202020202020203233323D
02-12-2022 17:07:00.583,232,RECV,7E0019812222460020202020202020202020202020202020203233333C
02-12-2022 17:07:01.085,233,RECV,7E0019812222460020202020202020202020202020202020203233343B
02-12-2022 17:07:01.591,234,RECV,7E0019812222460020202020202020202020202020202020203233353A
02-12-2022 17:07:02.095,235,RECV,7E00198122224600202020202020202020202020202020202032333639
02-12-2022 17:07:02.600,236,RECV,7E00198122224600202020202020202020202020202020202032333738
02-12-2022 17:07:03.103,237,RECV,7E00198122224600202020202020202020202020202020202032333837
02-12-2022 17:07:03.606,238,RECV,7E00198122224600202020202020202020202020202020202032333936
02-12-2022 17:07:04.047,239,RECV,7E0019812222460020202020202020202020202020202020203234303E
02-12-2022 17:07:04.552,240,RECV,7E0019812222460020202020202020202020202020202020203234313D
02-12-2022 17:07:05.056,241,RECV,7E0019812222460020202020202020202020202020202020203234323C
02-12-2022 17:07:05.561,242,RECV,7E0019812222460020202020202020202020202020202020203234333B
02-12-2022 17:07:06.064,243,RECV,7E0019812222460020202020202020202020202020202020203234343A
02-12-2022 17:07:06.566,244,RECV,7E00198122224600202020202020202020202020202020202032343539
02-12-2022 17:07:07.068,245,RECV,7E00198122224600202020202020202020202020202020202032343638
02-12-2022 17:07:07.574,246,RECV,7E00198122224600202020202020202020202020202020202032343737
02-12-2022 17:07:08.077,247,RECV,7E00198122224600202020202020202020202020202020202032343836
02-12-2022 17:07:08.581,248,RECV,7E00198122224600202020202020202020202020202020202032343935
02-12-2022 17:07:09.087,249,RECV,7E0019812222460020202020202020202020202020202020203235303D
02-12-2022 17:07:09.593,250,RECV,7E0019812222450020202020202020202020202020202020203235313D
02-12-2022 17:07:10.092,251,RECV,7E0019812222460020202020202020202020202020202020203235323B
02-12-2022 17:07:10.595,252,RECV,7E0019812222460020202020202020202020202020202020203235333A
02-12-2022 17:07:11.100,253,RECV,7E00198122224600202020202020202020202020202020202032353439
02-12-2022 17:07:11.603,254,RECV,7E00198122224600202020202020202020202020202020202032353538
02-12-2022 17:07:12.108,255,RECV,7E00198122224600202020202020202020202020202020202032353637
02-12-2022 17:07:12.609,256,RECV,7E00198122224600202020202020202020202020202020202032353736
02-12-2022 17:07:13.106,257,RECV,7E00198122224600202020202020202020202020202020202032353835
02-12-2022 17:07:13.604,258,RECV,7E00198122224600202020202020202020202020202020202032353934
02-12-2022 17:07:14.107,259,RECV,7E0019812222460020202020202020202020202020202020203236303C
02-12-2022 17:07:14.605,260,RECV,7E0019812222460020202020202020202020202020202020203236313B
02-12-2022 17:07:15.108,261,RECV,7E0019812222460020202020202020202020202020202020203236323A
02-12-2022 17:07:15.566,262,RECV,7E00198122224600202020202020202020202020202020202032363339
02-12-2022 17:07:16.118,263,RECV,7E00198122224600202020202020202020202020202020202032363438
02-12-2022 17:07:16.562,264,RECV,7E00198122224600202020202020202020202020202020202032363537
02-12-2022 17:07:17.063,265,RECV,7E00198122224600202020202020202020202020202020202032363636
02-12-2022 17:07:17.566,266,RECV,7E00198122224600202020202020202020202020202020202032363735
02-12-2022 17:07:18.068,267,RECV,7E00198122224600202020202020202020202020202020202032363834
02-12-2022 17:07:18.572,268,RECV,7E00198122224500202020202020202020202020202020202032363934
02-12-2022 17:07:19.074,269,RECV,7E0019812222460020202020202020202020202020202020203237303B
02-12-2022 17:07:19.578,270,RECV,7E0019812222460020202020202020202020202020202020203237313A
02-12-2022 17:07:20.081,271,RECV,7E00198122224600202020202020202020202020202020202032373239
02-12-2022 17:07:20.581,272,RECV,7E00198122224600202020202020202020202020202020202032373338
02-12-2022 17:07:21.084,273,RECV,7E00198122224600202020202020202020202020202020202032373437
02-12-2022 17:07:21.589,274,RECV,7E00198122224500202020202020202020202020202020202032373537
02-12-2022 17:07:22.094,275,RECV,7E00198122224600202020202020202020202020202020202032373635
02-12-2022 17:07:22.595,276,RECV,7E00198122224600202020202020202020202020202020202032373734
02-12-2022 17:07:23.095,277,RECV,7E00198122224600202020202020202020202020202020202032373833
02-12-2022 17:07:23.601,278,RECV,7E00198122224600202020202020202020202020202020202032373932
02-12-2022 17:07:24.106,279,RECV,7E0019812222460020202020202020202020202020202020203238303A
02-12-2022 17:07:24.611,280,RECV,7E00198122224600202020202020202020202020202020202032383139
02-12-2022 17:07:25.113,281,RECV,7E00198122224600202020202020202020202020202020202032383238
02-12-2022 17:07:25.619,282,RECV,7E00198122224600202020202020202020202020202020202032383337
02-12-2022 17:07:26.121,283,RECV,7E00198122224600202020202020202020202020202020202032383436
02-12-2022 17:07:26.624,284,RECV,7E00198122224400202020202020202020202020202020202032383537
02-12-2022 17:07:27.125,285,RECV,7E00198122224600202020202020202020202020202020202032383634
02-12-2022 17:07:27.564,286,RECV,7E00198122224600202020202020202020202020202020202032383733
02-12-2022 17:07:28.133,287,RECV,7E00198122224600202020202020202020202020202020202032383832
02-12-2022 17:07:28.575,288,RECV,7E00198122224600202020202020202020202020202020202032383931
02-12-2022 17:07:29.076,289,RECV,7E00198122224600202020202020202020202020202020202032393039
02-12-2022 17:07:29.584,290,RECV,7E00198122224600202020202020202020202020202020202032393138
02-12-2022 17:07:30.082,291,RECV,7E00198122224600202020202020202020202020202020202032393237
02-12-2022 17:07:30.581,292,RECV,7E00198122224600202020202020202020202020202020202032393336
02-12-2022 17:07:31.085,293,RECV,7E00198122224600202020202020202020202020202020202032393435
02-12-2022 17:07:31.583,294,RECV,7E00198122224600202020202020202020202020202020202032393534
02-12-2022 17:07:32.083,295,RECV,7E00198122224600202020202020202020202020202020202032393633
02-12-2022 17:07:32.588,296,RECV,7E00198122224600202020202020202020202020202020202032393732
02-12-2022 17:07:33.089,297,RECV,7E00198122224600202020202020202020202020202020202032393831
02-12-2022 17:07:33.589,298,RECV,7E00198122224600202020202020202020202020202020202032393930
02-12-2022 17:07:34.089,299,RECV,7E00198122224600202020202020202020202020202020202033303041
02-12-2022 17:07:34.591,300,RECV,7E00198122224600202020202020202020202020202020202033303140
02-12-2022 17:07:35.092,301,RECV,7E0019812222460020202020202020202020202020202020203330323F
02-12-2022 17:07:35.589,302,RECV,7E0019812222460020202020202020202020202020202020203330333E
02-12-2022 17:07:36.089,303,RECV,7E0019812222460020202020202020202020202020202020203330343D
02-12-2022 17:07:36.588,304,RECV,7E0019812222460020202020202020202020202020202020203330353C
02-12-2022 17:07:37.088,305,RECV,7E0019812222460020202020202020202020202020202020203330363B
02-12-2022 17:07:37.590,306,RECV,7E0019812222460020202020202020202020202020202020203330373A
02-12-2022 17:07:38.091,307,RECV,7E00198122224600202020202020202020202020202020202033303839
02-12-2022 17:07:38.592,308,RECV,7E00198122224600202020202020202020202020202020202033303938
02-12-2022 17:07:39.094,309,RECV,7E00198122224600202020202020202020202020202020202033313040
02-12-2022 17:07:39.600,310,RECV,7E0019812222460020202020202020202020202020202020203331313F
02-12-2022 17:07:40.100,311,RECV,7E0019812222460020202020202020202020202020202020203331323E
02-12-2022 17:07:40.608,312,RECV,7E0019812222450020202020202020202020202020202020203331333E
02-12-2022 17:07:41.112,313,RECV,7E0019812222460020202020202020202020202020202020203331343C
02-12-2022 17:07:41.620,314,RECV,7E0019812222460020202020202020202020202020202020203331353B
02-12-2022 17:07:42.126,315,RECV,7E0019812222460020202020202020202020202020202020203331363A
02-12-2022 17:07:42.629,316,RECV,7E00198122224600202020202020202020202020202020202033313739
02-12-2022 17:07:43.130,317,RECV,7E00198122224600202020202020202020202020202020202033313838
02-12-2022 17:07:43.629,318,RECV,7E00198122224600202020202020202020202020202020202033313937
02-12-2022 17:07:44.133,319,RECV,7E0019812222460020202020202020202020202020202020203332303F
02-12-2022 17:07:44.635,320,RECV,7E0019812222460020202020202020202020202020202020203332313E
02-12-2022 17:07:45.137,321,RECV,7E0019812222460020202020202020202020202020202020203332323D
02-12-2022 17:07:45.643,322,RECV,7E0019812222460020202020202020202020202020202020203332333C
02-12-2022 17:07:46.144,323,RECV,7E0019812222460020202020202020202020202020202020203332343B
02-12-2022 17:07:46.587,324,RECV,7E0019812222450020202020202020202020202020202020203332353B
02-12-2022 17:07:47.152,325,RECV,7E00198122224600202020202020202020202020202020202033323639
02-12-2022 17:07:47.593,326,RECV,7E00198122224600202020202020202020202020202020202033323738
02-12-2022 17:07:48.097,327,RECV,7E00198122224600202020202020202020202020202020202033323837
02-12-2022 17:07:48.600,328,RECV,7E00198122224600202020202020202020202020202020202033323936
02-12-2022 17:07:49.105,329,RECV,7E0019812222450020202020202020202020202020202020203333303F
02-12-2022 17:07:49.609,330,RECV,7E0019812222460020202020202020202020202020202020203333313D
02-12-2022 17:07:50.114,331,RECV,7E0019812222460020202020202020202020202020202020203333323C
02-12-2022 17:07:50.616,332,RECV,7E0019812222460020202020202020202020202020202020203333333B
02-12-2022 17:07:51.122,333,RECV,7E0019812222450020202020202020202020202020202020203333343B
02-12-2022 17:07:51.629,334,RECV,7E00198122224600202020202020202020202020202020202033333539
02-12-2022 17:07:52.136,335,RECV,7E00198122224600202020202020202020202020202020202033333638
02-12-2022 17:07:52.640,336,RECV,7E00198122224600202020202020202020202020202020202033333737
02-12-2022 17:07:53.142,337,RECV,7E00198122224400202020202020202020202020202020202033333838
02-12-2022 17:07:53.645,338,RECV,7E00198122224600202020202020202020202020202020202033333935
02-12-2022 17:07:54.088,339,RECV,7E0019812222460020202020202020202020202020202020203334303D
02-12-2022 17:07:54.609,340,RECV,7E0019812222460020202020202020202020202020202020203334313C
02-12-2022 17:07:55.099,341,RECV,7E0019812222460020202020202020202020202020202020203334323B
02-12-2022 17:07:55.600,342,RECV,7E0019812222460020202020202020202020202020202020203334333A
02-12-2022 17:07:56.104,343,RECV,7E00198122224600202020202020202020202020202020202033343439
02-12-2022 17:07:56.607,344,RECV,7E00198122224600202020202020202020202020202020202033343538
02-12-2022 17:07:57.113,345,RECV,7E00198122224600202020202020202020202020202020202033343637
02-12-2022 17:07:57.618,346,RECV,7E00198122224600202020202020202020202020202020202033343736
02-12-2022 17:07:58.120,347,RECV,7E00198122224500202020202020202020202020202020202033343836
02-12-2022 17:07:59.127,348,RECV,7E0019812222460020202020202020202020202020202020203335303C
02-12-2022 17:07:59.636,349,RECV,7E0019812222450020202020202020202020202020202020203335313C
02-12-2022 17:08:00.140,350,RECV,7E0019812222460020202020202020202020202020202020203335323A
02-12-2022 17:08:00.646,351,RECV,7E00198122224600202020202020202020202020202020202033353339
02-12-2022 17:08:01.149,352,RECV,7E00198122224600202020202020202020202020202020202033353438
02-12-2022 17:08:01.656,353,RECV,7E00198122224600202020202020202020202020202020202033353537
02-12-2022 17:08:02.160,354,RECV,7E00198122224600202020202020202020202020202020202033353636
02-12-2022 17:08:02.601,355,RECV,7E00198122224600202020202020202020202020202020202033353735
02-12-2022 17:08:03.105,356,RECV,7E00198122224600202020202020202020202020202020202033353834
02-12-2022 17:08:03.611,357,RECV,7E00198122224600202020202020202020202020202020202033353933
02-12-2022 17:08:04.113,358,RECV,7E0019812222450020202020202020202020202020202020203336303C
02-12-2022 17:08:04.617,359,RECV,7E0019812222460020202020202020202020202020202020203336313A
02-12-2022 17:08:05.121,360,RECV,7E00198122224600202020202020202020202020202020202033363239
02-12-2022 17:08:05.621,361,RECV,7E00198122224600202020202020202020202020202020202033363338
02-12-2022 17:08:06.120,362,RECV,7E00198122224600202020202020202020202020202020202033363437
02-12-2022 17:08:06.621,363,RECV,7E00198122224600202020202020202020202020202020202033363536
02-12-2022 17:08:07.121,364,RECV,7E00198122224600202020202020202020202020202020202033363635
02-12-2022 17:08:07.628,365,RECV,7E00198122224600202020202020202020202020202020202033363734
02-12-2022 17:08:08.134,366,RECV,7E00198122224600202020202020202020202020202020202033363833
02-12-2022 17:08:08.636,367,RECV,7E00198122224600202020202020202020202020202020202033363932
02-12-2022 17:08:09.138,368,RECV,7E0019812222460020202020202020202020202020202020203337303A
02-12-2022 17:08:09.643,369,RECV,7E00198122224600202020202020202020202020202020202033373139
02-12-2022 17:08:10.144,370,RECV,7E00198122224600202020202020202020202020202020202033373238
02-12-2022 17:08:10.648,371,RECV,7E00198122224600202020202020202020202020202020202033373337
02-12-2022 17:08:11.151,372,RECV,7E00198122224600202020202020202020202020202020202033373436
02-12-2022 17:08:11.651,373,RECV,7E00198122224600202020202020202020202020202020202033373535
02-12-2022 17:08:12.154,374,RECV,7E00198122224600202020202020202020202020202020202033373634
02-12-2022 17:08:12.660,375,RECV,7E00198122224600202020202020202020202020202020202033373733
02-12-2022 17:08:13.163,376,RECV,7E00198122224600202020202020202020202020202020202033373832
02-12-2022 17:08:13.604,377,RECV,7E00198122224600202020202020202020202020202020202033373931
02-12-2022 17:08:14.168,378,RECV,7E00198122224600202020202020202020202020202020202033383039
02-12-2022 17:08:14.668,379,RECV,7E00198122224600202020202020202020202020202020202033383138
02-12-2022 17:08:15.110,380,RECV,7E00198122224600202020202020202020202020202020202033383237
02-12-2022 17:08:15.671,381,RECV,7E00198122224600202020202020202020202020202020202033383336
02-12-2022 17:08:16.113,382,RECV,7E00198122224400202020202020202020202020202020202033383437
02-12-2022 17:08:16.617,383,RECV,7E00198122224600202020202020202020202020202020202033383534
02-12-2022 17:08:17.119,384,RECV,7E00198122224600202020202020202020202020202020202033383633
02-12-2022 17:08:17.618,385,RECV,7E00198122224500202020202020202020202020202020202033383733
02-12-2022 17:08:18.120,386,RECV,7E00198122224600202020202020202020202020202020202033383831
02-12-2022 17:08:18.621,387,RECV,7E00198122224600202020202020202020202020202020202033383930
02-12-2022 17:08:19.127,388,RECV,7E00198122224600202020202020202020202020202020202033393038
02-12-2022 17:08:19.630,389,RECV,7E00198122224600202020202020202020202020202020202033393137
02-12-2022 17:08:20.132,390,RECV,7E00198122224600202020202020202020202020202020202033393236
02-12-2022 17:08:20.634,391,RECV,7E00198122224400202020202020202020202020202020202033393337
02-12-2022 17:08:21.138,392,RECV,7E00198122224600202020202020202020202020202020202033393434
02-12-2022 17:08:21.643,393,RECV,7E00198122224400202020202020202020202020202020202033393535
02-12-2022 17:08:22.150,394,RECV,7E00198122224600202020202020202020202020202020202033393632
02-12-2022 17:08:22.653,395,RECV,7E00198122224600202020202020202020202020202020202033393731
02-12-2022 17:08:23.155,396,RECV,7E00198122224600202020202020202020202020202020202033393830
02-12-2022 17:08:23.656,397,RECV,7E0019812222460020202020202020202020202020202020203339392F
02-12-2022 17:08:24.154,398,RECV,7E00198122224600202020202020202020202020202020202034303040
02-12-2022 17:08:24.655,399,RECV,7E0019812222460020202020202020202020202020202020203430313F
02-12-2022 17:08:25.156,400,RECV,7E0019812222460020202020202020202020202020202020203430323E
02-12-2022 17:08:25.654,401,RECV,7E0019812222460020202020202020202020202020202020203430333D
02-12-2022 17:08:26.157,402,RECV,7E0019812222460020202020202020202020202020202020203430343C
02-12-2022 17:08:26.665,403,RECV,7E0019812222460020202020202020202020202020202020203430353B
02-12-2022 17:08:27.166,404,RECV,7E0019812222460020202020202020202020202020202020203430363A
02-12-2022 17:08:27.670,405,RECV,7E00198122224600202020202020202020202020202020202034303739
02-12-2022 17:08:28.169,406,RECV,7E00198122224600202020202020202020202020202020202034303838
02-12-2022 17:08:28.673,407,RECV,7E00198122224600202020202020202020202020202020202034303937
02-12-2022 17:08:29.178,408,RECV,7E0019812222460020202020202020202020202020202020203431303F
02-12-2022 17:08:29.618,409,RECV,7E0019812222460020202020202020202020202020202020203431313E
02-12-2022 17:08:30.137,410,RECV,7E0019812222460020202020202020202020202020202020203431323D
02-12-2022 17:08:30.622,411,RECV,7E0019812222450020202020202020202020202020202020203431333D
02-12-2022 17:08:31.123,412,RECV,7E0019812222460020202020202020202020202020202020203431343B
02-12-2022 17:08:31.628,413,RECV,7E0019812222460020202020202020202020202020202020203431353A
02-12-2022 17:08:32.132,414,RECV,7E00198122224600202020202020202020202020202020202034313639
02-12-2022 17:08:32.634,415,RECV,7E00198122224600202020202020202020202020202020202034313738
02-12-2022 17:08:33.136,416,RECV,7E00198122224600202020202020202020202020202020202034313837
02-12-2022 17:08:33.640,417,RECV,7E00198122224600202020202020202020202020202020202034313936
02-12-2022 17:08:34.141,418,RECV,7E0019812222460020202020202020202020202020202020203432303E
02-12-2022 17:08:34.639,419,RECV,7E0019812222460020202020202020202020202020202020203432313D
02-12-2022 17:08:35.137,420,RECV,7E0019812222450020202020202020202020202020202020203432323D
02-12-2022 17:08:35.639,421,RECV,7E0019812222460020202020202020202020202020202020203432333B
02-12-2022 17:08:36.144,422,RECV,7E0019812222460020202020202020202020202020202020203432343A
02-12-2022 17:08:36.649,423,RECV,7E00198122224600202020202020202020202020202020202034323539
02-12-2022 17:08:37.156,424,RECV,7E00198122224600202020202020202020202020202020202034323638
02-12-2022 17:08:37.658,425,RECV,7E00198122224600202020202020202020202020202020202034323737
02-12-2022 17:08:38.163,426,RECV,7E00198122224600202020202020202020202020202020202034323836
02-12-2022 17:08:38.670,427,RECV,7E00198122224600202020202020202020202020202020202034323935
02-12-2022 17:08:39.174,428,RECV,7E0019812222460020202020202020202020202020202020203433303D
02-12-2022 17:08:39.679,429,RECV,7E0019812222460020202020202020202020202020202020203433313C
02-12-2022 17:08:40.179,430,RECV,7E0019812222460020202020202020202020202020202020203433323B
02-12-2022 17:08:40.619,431,RECV,7E0019812222460020202020202020202020202020202020203433333A
02-12-2022 17:08:41.188,432,RECV,7E00198122224600202020202020202020202020202020202034333439
02-12-2022 17:08:41.688,433,RECV,7E00198122224600202020202020202020202020202020202034333538
02-12-2022 17:08:42.125,434,RECV,7E00198122224600202020202020202020202020202020202034333637
02-12-2022 17:08:42.642,435,RECV,7E00198122224600202020202020202020202020202020202034333736
02-12-2022 17:08:43.183,436,RECV,7E00198122224600202020202020202020202020202020202034333835
02-12-2022 17:08:43.682,437,RECV,7E00198122224600202020202020202020202020202020202034333934
02-12-2022 17:08:44.184,438,RECV,7E0019812222450020202020202020202020202020202020203434303D
02-12-2022 17:08:44.691,439,RECV,7E0019812222460020202020202020202020202020202020203434313B
02-12-2022 17:08:45.135,440,RECV,7E0019812222460020202020202020202020202020202020203434323A
02-12-2022 17:08:45.696,441,RECV,7E0019812222450020202020202020202020202020202020203434333A
02-12-2022 17:08:46.139,442,RECV,7E00198122224600202020202020202020202020202020202034343438
02-12-2022 17:08:47.138,443,RECV,7E00198122224600202020202020202020202020202020202034343636
02-12-2022 17:08:47.639,444,RECV,7E00198122224600202020202020202020202020202020202034343735
02-12-2022 17:08:48.139,445,RECV,7E00198122224500202020202020202020202020202020202034343835
02-12-2022 17:08:48.641,446,RECV,7E00198122224600202020202020202020202020202020202034343933
02-12-2022 17:08:49.145,447,RECV,7E0019812222460020202020202020202020202020202020203435303B
02-12-2022 17:08:49.649,448,RECV,7E0019812222460020202020202020202020202020202020203435313A
02-12-2022 17:08:50.156,449,RECV,7E00198122224600202020202020202020202020202020202034353239
02-12-2022 17:08:50.659,450,RECV,7E00198122224600202020202020202020202020202020202034353338
02-12-2022 17:08:51.161,451,RECV,7E00198122224600202020202020202020202020202020202034353437
02-12-2022 17:08:51.668,452,RECV,7E00198122224600202020202020202020202020202020202034353536
02-12-2022 17:08:52.171,453,RECV,7E00198122224600202020202020202020202020202020202034353635
02-12-2022 17:08:52.676,454,RECV,7E00198122224400202020202020202020202020202020202034353736
02-12-2022 17:08:53.174,455,RECV,7E00198122224600202020202020202020202020202020202034353833
02-12-2022 17:08:53.681,456,RECV,7E00198122224600202020202020202020202020202020202034353932
02-12-2022 17:08:54.187,457,RECV,7E0019812222460020202020202020202020202020202020203436303A
02-12-2022 17:08:54.692,458,RECV,7E00198122224600202020202020202020202020202020202034363139
02-12-2022 17:08:55.193,459,RECV,7E00198122224600202020202020202020202020202020202034363238
02-12-2022 17:08:55.699,460,RECV,7E00198122224600202020202020202020202020202020202034363337
02-12-2022 17:08:56.138,461,RECV,7E00198122224600202020202020202020202020202020202034363436
02-12-2022 17:08:56.641,462,RECV,7E00198122224600202020202020202020202020202020202034363535
02-12-2022 17:08:57.151,463,RECV,7E00198122224500202020202020202020202020202020202034363635
02-12-2022 17:08:57.655,464,RECV,7E00198122224600202020202020202020202020202020202034363733
02-12-2022 17:08:58.159,465,RECV,7E00198122224600202020202020202020202020202020202034363832
02-12-2022 17:08:58.662,466,RECV,7E00198122224600202020202020202020202020202020202034363931
02-12-2022 17:08:59.163,467,RECV,7E00198122224600202020202020202020202020202020202034373039
02-12-2022 17:08:59.668,468,RECV,7E00198122224600202020202020202020202020202020202034373138
02-12-2022 17:09:00.172,469,RECV,7E00198122224600202020202020202020202020202020202034373237
02-12-2022 17:09:00.675,470,RECV,7E00198122224600202020202020202020202020202020202034373336
02-12-2022 17:09:01.182,471,RECV,7E00198122224600202020202020202020202020202020202034373435
02-12-2022 17:09:01.684,472,RECV,7E00198122224600202020202020202020202020202020202034373534
02-12-2022 17:09:02.192,473,RECV,7E00198122224600202020202020202020202020202020202034373633
02-12-2022 17:09:02.699,474,RECV,7E00198122224600202020202020202020202020202020202034373732
02-12-2022 17:09:03.203,475,RECV,7E00198122224600202020202020202020202020202020202034373831
02-12-2022 17:09:03.643,476,RECV,7E00198122224600202020202020202020202020202020202034373930
02-12-2022 17:09:04.212,477,RECV,7E00198122224600202020202020202020202020202020202034383038
02-12-2022 17:09:04.653,478,RECV,7E00198122224600202020202020202020202020202020202034383137
02-12-2022 17:09:05.158,479,RECV,7E00198122224600202020202020202020202020202020202034383236
02-12-2022 17:09:05.663,480,RECV,7E00198122224600202020202020202020202020202020202034383335
02-12-2022 17:09:06.168,481,RECV,7E00198122224600202020202020202020202020202020202034383434
02-12-2022 17:09:06.675,482,RECV,7E00198122224600202020202020202020202020202020202034383533
02-12-2022 17:09:07.175,483,RECV,7E00198122224600202020202020202020202020202020202034383632
02-12-2022 17:09:07.679,484,RECV,7E00198122224600202020202020202020202020202020202034383731
02-12-2022 17:09:08.183,485,RECV,7E00198122224600202020202020202020202020202020202034383830
02-12-2022 17:09:08.682,486,RECV,7E0019812222460020202020202020202020202020202020203438392F
02-12-2022 17:09:09.184,487,RECV,7E00198122224600202020202020202020202020202020202034393037
02-12-2022 17:09:09.688,488,RECV,7E00198122224600202020202020202020202020202020202034393136
02-12-2022 17:09:10.185,489,RECV,7E00198122224600202020202020202020202020202020202034393235
02-12-2022 17:09:10.686,490,RECV,7E00198122224500202020202020202020202020202020202034393335
02-12-2022 17:09:11.184,491,RECV,7E00198122224600202020202020202020202020202020202034393433
02-12-2022 17:09:11.685,492,RECV,7E00198122224600202020202020202020202020202020202034393532
02-12-2022 17:09:12.188,493,RECV,7E00198122224600202020202020202020202020202020202034393631
02-12-2022 17:09:12.693,494,RECV,7E00198122224600202020202020202020202020202020202034393730
02-12-2022 17:09:13.199,495,RECV,7E0019812222460020202020202020202020202020202020203439382F
02-12-2022 17:09:13.704,496,RECV,7E0019812222460020202020202020202020202020202020203439392E
02-12-2022 17:09:14.209,497,RECV,7E0019812222460020202020202020202020202020202020203530303F
02-12-2022 17:09:14.714,498,RECV,7E0019812222450020202020202020202020202020202020203530313F
02-12-2022 17:09:15.217,499,RECV,7E0019812222460020202020202020202020202020202020203530323D
02-12-2022 17:09:15.659,500,RECV,7E0019812222460020202020202020202020202020202020203530333C
02-12-2022 17:09:16.222,501,RECV,7E0019812222460020202020202020202020202020202020203530343B
02-12-2022 17:09:16.665,502,RECV,7E0019812222460020202020202020202020202020202020203530353A
02-12-2022 17:09:17.167,503,RECV,7E00198122224600202020202020202020202020202020202035303639
02-12-2022 17:09:17.669,504,RECV,7E00198122224600202020202020202020202020202020202035303738
02-12-2022 17:09:18.172,505,RECV,7E00198122224600202020202020202020202020202020202035303837
02-12-2022 17:09:18.677,506,RECV,7E00198122224600202020202020202020202020202020202035303936
02-12-2022 17:09:19.182,507,RECV,7E0019812222450020202020202020202020202020202020203531303F
02-12-2022 17:09:19.683,508,RECV,7E0019812222460020202020202020202020202020202020203531313D
02-12-2022 17:09:20.183,509,RECV,7E0019812222460020202020202020202020202020202020203531323C
02-12-2022 17:09:20.687,510,RECV,7E0019812222450020202020202020202020202020202020203531333C
02-12-2022 17:09:21.187,511,RECV,7E0019812222460020202020202020202020202020202020203531343A
02-12-2022 17:09:21.689,512,RECV,7E00198122224600202020202020202020202020202020202035313539
02-12-2022 17:09:22.193,513,RECV,7E00198122224500202020202020202020202020202020202035313639
02-12-2022 17:09:22.697,514,RECV,7E00198122224600202020202020202020202020202020202035313737
02-12-2022 17:09:23.202,515,RECV,7E00198122224600202020202020202020202020202020202035313836
02-12-2022 17:09:23.702,516,RECV,7E00198122224600202020202020202020202020202020202035313935
02-12-2022 17:09:24.207,517,RECV,7E0019812222460020202020202020202020202020202020203532303D
02-12-2022 17:09:24.714,518,RECV,7E0019812222460020202020202020202020202020202020203532313C
02-12-2022 17:09:25.215,519,RECV,7E0019812222460020202020202020202020202020202020203532323B
02-12-2022 17:09:25.718,520,RECV,7E0019812222460020202020202020202020202020202020203532333A
02-12-2022 17:09:26.223,521,RECV,7E00198122224600202020202020202020202020202020202035323439
02-12-2022 17:09:26.664,522,RECV,7E00198122224600202020202020202020202020202020202035323538
02-12-2022 17:09:27.233,523,RECV,7E00198122224600202020202020202020202020202020202035323637
02-12-2022 17:09:27.673,524,RECV,7E00198122224600202020202020202020202020202020202035323736
02-12-2022 17:09:28.176,525,RECV,7E00198122224500202020202020202020202020202020202035323836
02-12-2022 17:09:28.680,526,RECV,7E00198122224600202020202020202020202020202020202035323934
02-12-2022 17:09:29.184,527,RECV,7E0019812222460020202020202020202020202020202020203533303C
02-12-2022 17:09:29.685,528,RECV,7E0019812222460020202020202020202020202020202020203533313B
02-12-2022 17:09:30.194,529,RECV,7E0019812222460020202020202020202020202020202020203533323A
02-12-2022 17:09:30.698,530,RECV,7E00198122224600202020202020202020202020202020202035333339
02-12-2022 17:09:31.205,531,RECV,7E00198122224600202020202020202020202020202020202035333438
02-12-2022 17:09:31.707,532,RECV,7E00198122224600202020202020202020202020202020202035333537
02-12-2022 17:09:32.214,533,RECV,7E00198122224600202020202020202020202020202020202035333636
02-12-2022 17:09:32.715,534,RECV,7E00198122224600202020202020202020202020202020202035333735
02-12-2022 17:09:33.219,535,RECV,7E00198122224600202020202020202020202020202020202035333834
02-12-2022 17:09:33.720,536,RECV,7E00198122224600202020202020202020202020202020202035333933
02-12-2022 17:09:34.225,537,RECV,7E0019812222460020202020202020202020202020202020203534303B
02-12-2022 17:09:34.729,538,RECV,7E0019812222460020202020202020202020202020202020203534313A
02-12-2022 17:09:35.168,539,RECV,7E00198122224600202020202020202020202020202020202035343239
02-12-2022 17:09:35.689,540,RECV,7E00198122224600202020202020202020202020202020202035343338
02-12-2022 17:09:36.177,541,RECV,7E00198122224500202020202020202020202020202020202035343438
02-12-2022 17:09:36.680,542,RECV,7E00198122224600202020202020202020202020202020202035343536
02-12-2022 17:09:37.185,543,RECV,7E00198122224500202020202020202020202020202020202035343636
02-12-2022 17:09:37.687,544,RECV,7E00198122224600202020202020202020202020202020202035343734
02-12-2022 17:09:38.193,545,RECV,7E00198122224500202020202020202020202020202020202035343834
02-12-2022 17:09:38.695,546,RECV,7E00198122224600202020202020202020202020202020202035343932
02-12-2022 17:09:39.199,547,RECV,7E0019812222460020202020202020202020202020202020203535303A
02-12-2022 17:09:39.710,548,RECV,7E00198122224600202020202020202020202020202020202035353139
02-12-2022 17:09:40.209,549,RECV,7E00198122224600202020202020202020202020202020202035353238
02-12-2022 17:09:40.731,550,RECV,7E00198122224600202020202020202020202020202020202035353337
02-12-2022 17:09:41.237,551,RECV,7E00198122224600202020202020202020202020202020202035353436
02-12-2022 17:09:41.737,552,RECV,7E00198122224600202020202020202020202020202020202035353535
02-12-2022 17:09:42.178,553,RECV,7E00198122224600202020202020202020202020202020202035353634
02-12-2022 17:09:42.683,554,RECV,7E00198122224600202020202020202020202020202020202035353733
02-12-2022 17:09:43.186,555,RECV,7E00198122224600202020202020202020202020202020202035353832
02-12-2022 17:09:43.691,556,RECV,7E00198122224600202020202020202020202020202020202035353931
02-12-2022 17:09:44.198,557,RECV,7E0019812222450020202020202020202020202020202020203536303A
02-12-2022 17:09:44.699,558,RECV,7E00198122224600202020202020202020202020202020202035363138
02-12-2022 17:09:45.201,559,RECV,7E00198122224600202020202020202020202020202020202035363237
02-12-2022 17:09:45.708,560,RECV,7E00198122224600202020202020202020202020202020202035363336
02-12-2022 17:09:46.215,561,RECV,7E00198122224600202020202020202020202020202020202035363435
02-12-2022 17:09:46.718,562,RECV,7E00198122224600202020202020202020202020202020202035363534
02-12-2022 17:09:47.225,563,RECV,7E00198122224600202020202020202020202020202020202035363633
02-12-2022 17:09:47.726,564,RECV,7E00198122224600202020202020202020202020202020202035363732
02-12-2022 17:09:48.229,565,RECV,7E00198122224600202020202020202020202020202020202035363831
02-12-2022 17:09:48.734,566,RECV,7E00198122224600202020202020202020202020202020202035363930
02-12-2022 17:09:49.237,567,RECV,7E00198122224600202020202020202020202020202020202035373038
02-12-2022 17:09:49.742,568,RECV,7E00198122224600202020202020202020202020202020202035373137
02-12-2022 17:09:50.247,569,RECV,7E00198122224600202020202020202020202020202020202035373236
02-12-2022 17:09:50.686,570,RECV,7E00198122224600202020202020202020202020202020202035373335
02-12-2022 17:09:51.188,571,RECV,7E00198122224600202020202020202020202020202020202035373434
02-12-2022 17:09:51.692,572,RECV,7E00198122224600202020202020202020202020202020202035373533
02-12-2022 17:09:52.250,573,RECV,7E00198122224600202020202020202020202020202020202035373632
02-12-2022 17:09:52.687,574,RECV,7E00198122224600202020202020202020202020202020202035373731
02-12-2022 17:09:53.192,575,RECV,7E00198122224600202020202020202020202020202020202035373830
02-12-2022 17:09:53.695,576,RECV,7E0019812222460020202020202020202020202020202020203537392F
02-12-2022 17:09:54.199,577,RECV,7E00198122224600202020202020202020202020202020202035383037
02-12-2022 17:09:54.710,578,RECV,7E00198122224600202020202020202020202020202020202035383136
02-12-2022 17:09:55.215,579,RECV,7E00198122224600202020202020202020202020202020202035383235
02-12-2022 17:09:55.716,580,RECV,7E00198122224600202020202020202020202020202020202035383334
02-12-2022 17:09:56.221,581,RECV,7E00198122224600202020202020202020202020202020202035383433
02-12-2022 17:09:56.728,582,RECV,7E00198122224600202020202020202020202020202020202035383532
02-12-2022 17:09:57.235,583,RECV,7E00198122224600202020202020202020202020202020202035383631
02-12-2022 17:09:57.741,584,RECV,7E00198122224600202020202020202020202020202020202035383730
02-12-2022 17:09:58.241,585,RECV,7E0019812222460020202020202020202020202020202020203538382F
02-12-2022 17:09:58.742,586,RECV,7E0019812222460020202020202020202020202020202020203538392E
02-12-2022 17:09:59.247,587,RECV,7E00198122224600202020202020202020202020202020202035393036
02-12-2022 17:09:59.755,588,RECV,7E00198122224600202020202020202020202020202020202035393135
02-12-2022 17:10:00.194,589,RECV,7E00198122224600202020202020202020202020202020202035393234
02-12-2022 17:10:00.700,590,RECV,7E00198122224600202020202020202020202020202020202035393333
02-12-2022 17:10:01.202,591,RECV,7E00198122224600202020202020202020202020202020202035393432
02-12-2022 17:10:01.705,592,RECV,7E00198122224600202020202020202020202020202020202035393531
02-12-2022 17:10:02.206,593,RECV,7E00198122224600202020202020202020202020202020202035393630
02-12-2022 17:10:02.712,594,RECV,7E0019812222460020202020202020202020202020202020203539372F
02-12-2022 17:10:03.220,595,RECV,7E0019812222460020202020202020202020202020202020203539382E
02-12-2022 17:10:03.726,596,RECV,7E0019812222450020202020202020202020202020202020203539392E
02-12-2022 17:10:04.230,597,RECV,7E0019812222460020202020202020202020202020202020203630303E
02-12-2022 17:10:04.733,598,RECV,7E0019812222460020202020202020202020202020202020203630313D
02-12-2022 17:10:05.239,599,RECV,7E0019812222460020202020202020202020202020202020203630323C
02-12-2022 17:10:05.743,600,RECV,7E0019812222460020202020202020202020202020202020203630333B
02-12-2022 17:10:06.241,601,RECV,7E0019812222460020202020202020202020202020202020203630343A
02-12-2022 17:10:06.749,602,RECV,7E00198122224600202020202020202020202020202020202036303539
02-12-2022 17:10:07.255,603,RECV,7E00198122224600202020202020202020202020202020202036303638
02-12-2022 17:10:07.757,604,RECV,7E00198122224600202020202020202020202020202020202036303737
02-12-2022 17:10:08.260,605,RECV,7E00198122224600202020202020202020202020202020202036303836
02-12-2022 17:10:08.699,606,RECV,7E00198122224600202020202020202020202020202020202036303935
02-12-2022 17:10:09.204,607,RECV,7E0019812222460020202020202020202020202020202020203631303D
02-12-2022 17:10:09.710,608,RECV,7E0019812222460020202020202020202020202020202020203631313C
02-12-2022 17:10:10.213,609,RECV,7E0019812222460020202020202020202020202020202020203631323B
02-12-2022 17:10:10.717,610,RECV,7E0019812222450020202020202020202020202020202020203631333B
02-12-2022 17:10:11.221,611,RECV,7E00198122224600202020202020202020202020202020202036313439
02-12-2022 17:10:11.725,612,RECV,7E00198122224600202020202020202020202020202020202036313538
02-12-2022 17:10:12.230,613,RECV,7E00198122224600202020202020202020202020202020202036313637
02-12-2022 17:10:12.731,614,RECV,7E00198122224600202020202020202020202020202020202036313736
02-12-2022 17:10:13.231,615,RECV,7E00198122224600202020202020202020202020202020202036313835
02-12-2022 17:10:13.734,616,RECV,7E00198122224600202020202020202020202020202020202036313934
02-12-2022 17:10:14.234,617,RECV,7E0019812222460020202020202020202020202020202020203632303C
02-12-2022 17:10:14.739,618,RECV,7E0019812222450020202020202020202020202020202020203632313C
02-12-2022 17:10:15.247,619,RECV,7E0019812222460020202020202020202020202020202020203632323A
02-12-2022 17:10:15.750,620,RECV,7E00198122224600202020202020202020202020202020202036323339
02-12-2022 17:10:16.256,621,RECV,7E00198122224600202020202020202020202020202020202036323438
02-12-2022 17:10:16.757,622,RECV,7E00198122224600202020202020202020202020202020202036323537
02-12-2022 17:10:17.263,623,RECV,7E00198122224600202020202020202020202020202020202036323636
02-12-2022 17:10:17.706,624,RECV,7E00198122224600202020202020202020202020202020202036323735
02-12-2022 17:10:18.209,625,RECV,7E00198122224600202020202020202020202020202020202036323834
02-12-2022 17:10:18.712,626,RECV,7E00198122224600202020202020202020202020202020202036323933
02-12-2022 17:10:19.217,627,RECV,7E0019812222460020202020202020202020202020202020203633303B
02-12-2022 17:10:19.717,628,RECV,7E0019812222460020202020202020202020202020202020203633313A
02-12-2022 17:10:20.221,629,RECV,7E00198122224600202020202020202020202020202020202036333239
02-12-2022 17:10:20.728,630,RECV,7E00198122224600202020202020202020202020202020202036333338
02-12-2022 17:10:21.233,631,RECV,7E00198122224600202020202020202020202020202020202036333437
02-12-2022 17:10:21.742,632,RECV,7E00198122224600202020202020202020202020202020202036333536
02-12-2022 17:10:22.244,633,RECV,7E00198122224600202020202020202020202020202020202036333635
02-12-2022 17:10:22.747,634,RECV,7E00198122224600202020202020202020202020202020202036333734
02-12-2022 17:10:23.247,635,RECV,7E00198122224600202020202020202020202020202020202036333833
02-12-2022 17:10:23.745,636,RECV,7E00198122224600202020202020202020202020202020202036333932
02-12-2022 17:10:24.249,637,RECV,7E0019812222460020202020202020202020202020202020203634303A
02-12-2022 17:10:24.758,638,RECV,7E00198122224600202020202020202020202020202020202036343139
02-12-2022 17:10:25.262,639,RECV,7E00198122224600202020202020202020202020202020202036343238
02-12-2022 17:10:25.762,640,RECV,7E00198122224600202020202020202020202020202020202036343337
02-12-2022 17:10:26.269,641,RECV,7E00198122224600202020202020202020202020202020202036343436
02-12-2022 17:10:26.713,642,RECV,7E00198122224600202020202020202020202020202020202036343535
02-12-2022 17:10:27.275,643,RECV,7E00198122224600202020202020202020202020202020202036343634
02-12-2022 17:10:27.778,644,RECV,7E00198122224600202020202020202020202020202020202036343733
02-12-2022 17:10:28.220,645,RECV,7E00198122224600202020202020202020202020202020202036343832
02-12-2022 17:10:28.787,646,RECV,7E00198122224600202020202020202020202020202020202036343931
02-12-2022 17:10:29.231,647,RECV,7E00198122224600202020202020202020202020202020202036353039
02-12-2022 17:10:29.734,648,RECV,7E00198122224600202020202020202020202020202020202036353138
02-12-2022 17:10:30.238,649,RECV,7E00198122224500202020202020202020202020202020202036353238
02-12-2022 17:10:30.741,650,RECV,7E00198122224600202020202020202020202020202020202036353336
02-12-2022 17:10:31.246,651,RECV,7E00198122224600202020202020202020202020202020202036353435
02-12-2022 17:10:31.751,652,RECV,7E00198122224600202020202020202020202020202020202036353534
02-12-2022 17:10:32.253,653,RECV,7E00198122224600202020202020202020202020202020202036353633
02-12-2022 17:10:32.759,654,RECV,7E00198122224600202020202020202020202020202020202036353732
02-12-2022 17:10:33.264,655,RECV,7E00198122224600202020202020202020202020202020202036353831
02-12-2022 17:10:33.772,656,RECV,7E00198122224500202020202020202020202020202020202036353931
02-12-2022 17:10:34.272,657,RECV,7E00198122224600202020202020202020202020202020202036363038
02-12-2022 17:10:34.776,658,RECV,7E00198122224600202020202020202020202020202020202036363137
02-12-2022 17:10:35.277,659,RECV,7E00198122224600202020202020202020202020202020202036363236
02-12-2022 17:10:35.717,660,RECV,7E00198122224600202020202020202020202020202020202036363335
02-12-2022 17:10:36.279,661,RECV,7E00198122224600202020202020202020202020202020202036363434
02-12-2022 17:10:36.786,662,RECV,7E00198122224600202020202020202020202020202020202036363533
02-12-2022 17:10:37.725,663,RECV,7E00198122224600202020202020202020202020202020202036363731
02-12-2022 17:10:38.230,664,RECV,7E00198122224600202020202020202020202020202020202036363830
02-12-2022 17:10:38.732,665,RECV,7E0019812222460020202020202020202020202020202020203636392F
02-12-2022 17:10:39.234,666,RECV,7E00198122224600202020202020202020202020202020202036373037
02-12-2022 17:10:39.735,667,RECV,7E00198122224600202020202020202020202020202020202036373136
02-12-2022 17:10:40.234,668,RECV,7E00198122224600202020202020202020202020202020202036373235
02-12-2022 17:10:40.736,669,RECV,7E00198122224600202020202020202020202020202020202036373334
02-12-2022 17:10:41.243,670,RECV,7E00198122224600202020202020202020202020202020202036373433
02-12-2022 17:10:41.747,671,RECV,7E00198122224600202020202020202020202020202020202036373532
02-12-2022 17:10:42.253,672,RECV,7E00198122224600202020202020202020202020202020202036373631
02-12-2022 17:10:42.759,673,RECV,7E00198122224600202020202020202020202020202020202036373730
02-12-2022 17:10:43.262,674,RECV,7E0019812222460020202020202020202020202020202020203637382F
02-12-2022 17:10:43.761,675,RECV,7E0019812222460020202020202020202020202020202020203637392E
02-12-2022 17:10:44.264,676,RECV,7E00198122224600202020202020202020202020202020202036383036
02-12-2022 17:10:44.769,677,RECV,7E00198122224600202020202020202020202020202020202036383135
02-12-2022 17:10:45.276,678,RECV,7E00198122224600202020202020202020202020202020202036383234
02-12-2022 17:10:45.780,679,RECV,7E00198122224500202020202020202020202020202020202036383334
02-12-2022 17:10:46.278,680,RECV,7E00198122224600202020202020202020202020202020202036383432
02-12-2022 17:10:46.785,681,RECV,7E00198122224600202020202020202020202020202020202036383531
02-12-2022 17:10:47.290,682,RECV,7E00198122224600202020202020202020202020202020202036383630
02-12-2022 17:10:47.794,683,RECV,7E0019812222460020202020202020202020202020202020203638372F
02-12-2022 17:10:48.230,684,RECV,7E0019812222460020202020202020202020202020202020203638382E
02-12-2022 17:10:49.296,685,RECV,7E00198122224600202020202020202020202020202020202036393035
02-12-2022 17:10:49.737,686,RECV,7E00198122224600202020202020202020202020202020202036393134
02-12-2022 17:10:50.243,687,RECV,7E00198122224600202020202020202020202020202020202036393233
02-12-2022 17:10:50.748,688,RECV,7E00198122224400202020202020202020202020202020202036393334
02-12-2022 17:10:51.253,689,RECV,7E00198122224600202020202020202020202020202020202036393431
02-12-2022 17:10:51.757,690,RECV,7E00198122224600202020202020202020202020202020202036393530
02-12-2022 17:10:52.261,691,RECV,7E0019812222460020202020202020202020202020202020203639362F
02-12-2022 17:10:52.761,692,RECV,7E0019812222460020202020202020202020202020202020203639372E
02-12-2022 17:10:53.263,693,RECV,7E0019812222460020202020202020202020202020202020203639382D
02-12-2022 17:10:53.767,694,RECV,7E0019812222460020202020202020202020202020202020203639392C
02-12-2022 17:10:54.273,695,RECV,7E0019812222460020202020202020202020202020202020203730303D
02-12-2022 17:10:54.778,696,RECV,7E0019812222460020202020202020202020202020202020203730313C
02-12-2022 17:10:55.280,697,RECV,7E0019812222460020202020202020202020202020202020203730323B
02-12-2022 17:10:55.783,698,RECV,7E0019812222450020202020202020202020202020202020203730333B
02-12-2022 17:10:56.283,699,RECV,7E00198122224600202020202020202020202020202020202037303439
02-12-2022 17:10:56.786,700,RECV,7E00198122224500202020202020202020202020202020202037303539
02-12-2022 17:10:57.291,701,RECV,7E00198122224600202020202020202020202020202020202037303637
02-12-2022 17:10:57.792,702,RECV,7E00198122224600202020202020202020202020202020202037303736
02-12-2022 17:10:58.298,703,RECV,7E00198122224600202020202020202020202020202020202037303835
02-12-2022 17:10:58.797,704,RECV,7E00198122224600202020202020202020202020202020202037303934
02-12-2022 17:10:59.296,705,RECV,7E0019812222450020202020202020202020202020202020203731303D
02-12-2022 17:10:59.799,706,RECV,7E0019812222440020202020202020202020202020202020203731313D
02-12-2022 17:11:00.241,707,RECV,7E0019812222460020202020202020202020202020202020203731323A
02-12-2022 17:11:00.807,708,RECV,7E00198122224600202020202020202020202020202020202037313339
02-12-2022 17:11:01.260,709,RECV,7E00198122224600202020202020202020202020202020202037313438
02-12-2022 17:11:01.751,710,RECV,7E00198122224600202020202020202020202020202020202037313537
02-12-2022 17:11:02.252,711,RECV,7E00198122224600202020202020202020202020202020202037313636
02-12-2022 17:11:02.755,712,RECV,7E00198122224600202020202020202020202020202020202037313735
02-12-2022 17:11:03.259,713,RECV,7E00198122224600202020202020202020202020202020202037313834
02-12-2022 17:11:03.762,714,RECV,7E00198122224600202020202020202020202020202020202037313933
02-12-2022 17:11:04.268,715,RECV,7E0019812222460020202020202020202020202020202020203732303B
02-12-2022 17:11:04.770,716,RECV,7E0019812222460020202020202020202020202020202020203732313A
02-12-2022 17:11:05.273,717,RECV,7E00198122224600202020202020202020202020202020202037323239
02-12-2022 17:11:05.780,718,RECV,7E00198122224600202020202020202020202020202020202037323338
02-12-2022 17:11:06.287,719,RECV,7E00198122224600202020202020202020202020202020202037323437
02-12-2022 17:11:06.789,720,RECV,7E00198122224600202020202020202020202020202020202037323536
02-12-2022 17:11:07.291,721,RECV,7E00198122224600202020202020202020202020202020202037323635
02-12-2022 17:11:07.789,722,RECV,7E00198122224600202020202020202020202020202020202037323734
02-12-2022 17:11:08.292,723,RECV,7E00198122224600202020202020202020202020202020202037323833
02-12-2022 17:11:08.797,724,RECV,7E00198122224600202020202020202020202020202020202037323932
02-12-2022 17:11:09.300,725,RECV,7E0019812222460020202020202020202020202020202020203733303A
02-12-2022 17:11:09.801,726,RECV,7E00198122224600202020202020202020202020202020202037333139
02-12-2022 17:11:10.304,727,RECV,7E00198122224600202020202020202020202020202020202037333238
02-12-2022 17:11:10.803,728,RECV,7E00198122224600202020202020202020202020202020202037333337
02-12-2022 17:11:11.307,729,RECV,7E00198122224600202020202020202020202020202020202037333436
02-12-2022 17:11:11.810,730,RECV,7E00198122224600202020202020202020202020202020202037333535
02-12-2022 17:11:12.312,731,RECV,7E00198122224600202020202020202020202020202020202037333634
02-12-2022 17:11:12.758,732,RECV,7E00198122224600202020202020202020202020202020202037333733
02-12-2022 17:11:13.258,733,RECV,7E00198122224600202020202020202020202020202020202037333832
02-12-2022 17:11:13.766,734,RECV,7E00198122224600202020202020202020202020202020202037333931
02-12-2022 17:11:14.270,735,RECV,7E00198122224600202020202020202020202020202020202037343039
02-12-2022 17:11:14.772,736,RECV,7E00198122224600202020202020202020202020202020202037343138
02-12-2022 17:11:15.272,737,RECV,7E00198122224600202020202020202020202020202020202037343237
02-12-2022 17:11:15.778,738,RECV,7E00198122224600202020202020202020202020202020202037343336
02-12-2022 17:11:16.280,739,RECV,7E00198122224600202020202020202020202020202020202037343435
02-12-2022 17:11:16.785,740,RECV,7E00198122224600202020202020202020202020202020202037343534
02-12-2022 17:11:17.290,741,RECV,7E00198122224600202020202020202020202020202020202037343633
02-12-2022 17:11:17.792,742,RECV,7E00198122224600202020202020202020202020202020202037343732
02-12-2022 17:11:18.290,743,RECV,7E00198122224600202020202020202020202020202020202037343831
02-12-2022 17:11:18.793,744,RECV,7E00198122224600202020202020202020202020202020202037343930
02-12-2022 17:11:19.295,745,RECV,7E00198122224600202020202020202020202020202020202037353038
02-12-2022 17:11:19.799,746,RECV,7E00198122224600202020202020202020202020202020202037353137
02-12-2022 17:11:20.298,747,RECV,7E00198122224600202020202020202020202020202020202037353236
02-12-2022 17:11:20.801,748,RECV,7E00198122224600202020202020202020202020202020202037353335
02-12-2022 17:11:21.304,749,RECV,7E00198122224600202020202020202020202020202020202037353434
02-12-2022 17:11:21.807,750,RECV,7E00198122224600202020202020202020202020202020202037353533
02-12-2022 17:11:22.316,751,RECV,7E00198122224600202020202020202020202020202020202037353632
02-12-2022 17:11:22.818,752,RECV,7E00198122224600202020202020202020202020202020202037353731
02-12-2022 17:11:23.262,753,RECV,7E00198122224600202020202020202020202020202020202037353830
02-12-2022 17:11:23.757,754,RECV,7E0019812222460020202020202020202020202020202020203735392F
02-12-2022 17:11:24.321,755,RECV,7E00198122224600202020202020202020202020202020202037363037
02-12-2022 17:11:24.824,756,RECV,7E00198122224600202020202020202020202020202020202037363136
02-12-2022 17:11:25.266,757,RECV,7E00198122224600202020202020202020202020202020202037363235
02-12-2022 17:11:25.772,758,RECV,7E00198122224500202020202020202020202020202020202037363335
02-12-2022 17:11:26.279,759,RECV,7E00198122224600202020202020202020202020202020202037363433
02-12-2022 17:11:26.784,760,RECV,7E00198122224600202020202020202020202020202020202037363532
02-12-2022 17:11:27.284,761,RECV,7E00198122224600202020202020202020202020202020202037363631
02-12-2022 17:11:27.787,762,RECV,7E00198122224600202020202020202020202020202020202037363730
02-12-2022 17:11:28.289,763,RECV,7E0019812222460020202020202020202020202020202020203736382F
02-12-2022 17:11:28.796,764,RECV,7E0019812222460020202020202020202020202020202020203736392E
02-12-2022 17:11:29.316,765,RECV,7E00198122224600202020202020202020202020202020202037373036
02-12-2022 17:11:29.818,766,RECV,7E00198122224600202020202020202020202020202020202037373135
02-12-2022 17:11:30.322,767,RECV,7E00198122224600202020202020202020202020202020202037373234
02-12-2022 17:11:30.823,768,RECV,7E00198122224600202020202020202020202020202020202037373333
02-12-2022 17:11:31.321,769,RECV,7E00198122224600202020202020202020202020202020202037373432
02-12-2022 17:11:31.829,770,RECV,7E00198122224600202020202020202020202020202020202037373531
02-12-2022 17:11:32.269,771,RECV,7E00198122224600202020202020202020202020202020202037373630
02-12-2022 17:11:32.833,772,RECV,7E0019812222460020202020202020202020202020202020203737372F
02-12-2022 17:11:33.274,773,RECV,7E0019812222460020202020202020202020202020202020203737382E
02-12-2022 17:11:33.783,774,RECV,7E0019812222460020202020202020202020202020202020203737392D
02-12-2022 17:11:34.287,775,RECV,7E00198122224400202020202020202020202020202020202037383037
02-12-2022 17:11:34.791,776,RECV,7E00198122224600202020202020202020202020202020202037383134
02-12-2022 17:11:35.297,777,RECV,7E00198122224600202020202020202020202020202020202037383233
02-12-2022 17:11:35.800,778,RECV,7E00198122224600202020202020202020202020202020202037383332
02-12-2022 17:11:36.301,779,RECV,7E00198122224600202020202020202020202020202020202037383431
02-12-2022 17:11:36.807,780,RECV,7E00198122224600202020202020202020202020202020202037383530
02-12-2022 17:11:37.316,781,RECV,7E0019812222460020202020202020202020202020202020203738362F
02-12-2022 17:11:37.824,782,RECV,7E0019812222460020202020202020202020202020202020203738372E
02-12-2022 17:11:38.325,783,RECV,7E0019812222460020202020202020202020202020202020203738382D
02-12-2022 17:11:38.821,784,RECV,7E0019812222460020202020202020202020202020202020203738392C
02-12-2022 17:11:39.324,785,RECV,7E00198122224500202020202020202020202020202020202037393035
02-12-2022 17:11:39.832,786,RECV,7E00198122224600202020202020202020202020202020202037393133
02-12-2022 17:11:40.286,787,RECV,7E00198122224600202020202020202020202020202020202037393232
02-12-2022 17:11:40.835,788,RECV,7E00198122224600202020202020202020202020202020202037393331
02-12-2022 17:11:41.276,789,RECV,7E00198122224600202020202020202020202020202020202037393430
02-12-2022 17:11:41.779,790,RECV,7E0019812222460020202020202020202020202020202020203739352F
02-12-2022 17:11:42.283,791,RECV,7E0019812222460020202020202020202020202020202020203739362E
02-12-2022 17:11:42.787,792,RECV,7E0019812222460020202020202020202020202020202020203739372D
02-12-2022 17:11:43.287,793,RECV,7E0019812222460020202020202020202020202020202020203739382C
02-12-2022 17:11:43.794,794,RECV,7E0019812222450020202020202020202020202020202020203739392C
02-12-2022 17:11:44.297,795,RECV,7E0019812222460020202020202020202020202020202020203830303C
02-12-2022 17:11:44.799,796,RECV,7E0019812222460020202020202020202020202020202020203830313B
02-12-2022 17:11:45.303,797,RECV,7E0019812222450020202020202020202020202020202020203830323B
02-12-2022 17:11:45.807,798,RECV,7E00198122224600202020202020202020202020202020202038303339
02-12-2022 17:11:46.313,799,RECV,7E00198122224600202020202020202020202020202020202038303438
02-12-2022 17:11:46.811,800,RECV,7E00198122224600202020202020202020202020202020202038303537
02-12-2022 17:11:47.312,801,RECV,7E00198122224600202020202020202020202020202020202038303636
02-12-2022 17:11:47.813,802,RECV,7E00198122224600202020202020202020202020202020202038303735
02-12-2022 17:11:48.312,803,RECV,7E00198122224600202020202020202020202020202020202038303834
02-12-2022 17:11:48.811,804,RECV,7E00198122224500202020202020202020202020202020202038303934
02-12-2022 17:11:49.314,805,RECV,7E0019812222460020202020202020202020202020202020203831303B
02-12-2022 17:11:49.819,806,RECV,7E0019812222450020202020202020202020202020202020203831313B
02-12-2022 17:11:50.322,807,RECV,7E00198122224600202020202020202020202020202020202038313239
02-12-2022 17:11:50.825,808,RECV,7E00198122224600202020202020202020202020202020202038313338
02-12-2022 17:11:51.329,809,RECV,7E00198122224600202020202020202020202020202020202038313437
02-12-2022 17:11:51.828,810,RECV,7E00198122224600202020202020202020202020202020202038313536
02-12-2022 17:11:52.335,811,RECV,7E00198122224600202020202020202020202020202020202038313635
02-12-2022 17:11:52.820,812,RECV,7E00198122224600202020202020202020202020202020202038313734
02-12-2022 17:11:53.343,813,RECV,7E00198122224600202020202020202020202020202020202038313833
02-12-2022 17:11:53.784,814,RECV,7E00198122224600202020202020202020202020202020202038313932
02-12-2022 17:11:54.346,815,RECV,7E0019812222460020202020202020202020202020202020203832303A
02-12-2022 17:11:54.846,816,RECV,7E00198122224600202020202020202020202020202020202038323139
02-12-2022 17:11:55.347,817,RECV,7E00198122224600202020202020202020202020202020202038323238
02-12-2022 17:11:55.789,818,RECV,7E00198122224600202020202020202020202020202020202038323337
02-12-2022 17:11:56.306,819,RECV,7E00198122224600202020202020202020202020202020202038323436
02-12-2022 17:11:56.791,820,RECV,7E00198122224600202020202020202020202020202020202038323535
02-12-2022 17:11:57.294,821,RECV,7E00198122224600202020202020202020202020202020202038323634
02-12-2022 17:11:57.797,822,RECV,7E00198122224600202020202020202020202020202020202038323733
02-12-2022 17:11:58.298,823,RECV,7E00198122224500202020202020202020202020202020202038323833
02-12-2022 17:11:58.801,824,RECV,7E00198122224600202020202020202020202020202020202038323931
02-12-2022 17:11:59.305,825,RECV,7E00198122224600202020202020202020202020202020202038333039
02-12-2022 17:11:59.810,826,RECV,7E00198122224600202020202020202020202020202020202038333138
02-12-2022 17:12:00.316,827,RECV,7E00198122224600202020202020202020202020202020202038333237
02-12-2022 17:12:00.824,828,RECV,7E00198122224600202020202020202020202020202020202038333336
02-12-2022 17:12:01.326,829,RECV,7E00198122224600202020202020202020202020202020202038333435
02-12-2022 17:12:01.829,830,RECV,7E00198122224600202020202020202020202020202020202038333534
02-12-2022 17:12:02.330,831,RECV,7E00198122224600202020202020202020202020202020202038333633
02-12-2022 17:12:02.833,832,RECV,7E00198122224600202020202020202020202020202020202038333732
02-12-2022 17:12:03.337,833,RECV,7E00198122224600202020202020202020202020202020202038333831
02-12-2022 17:12:03.843,834,RECV,7E00198122224600202020202020202020202020202020202038333930
02-12-2022 17:12:04.346,835,RECV,7E00198122224600202020202020202020202020202020202038343038
02-12-2022 17:12:04.848,836,RECV,7E00198122224600202020202020202020202020202020202038343137
02-12-2022 17:12:05.357,837,RECV,7E00198122224600202020202020202020202020202020202038343236
02-12-2022 17:12:05.797,838,RECV,7E00198122224600202020202020202020202020202020202038343335
02-12-2022 17:12:06.304,839,RECV,7E00198122224600202020202020202020202020202020202038343434
02-12-2022 17:12:06.806,840,RECV,7E00198122224600202020202020202020202020202020202038343533
02-12-2022 17:12:07.307,841,RECV,7E00198122224600202020202020202020202020202020202038343632
02-12-2022 17:12:07.810,842,RECV,7E00198122224500202020202020202020202020202020202038343732
02-12-2022 17:12:08.318,843,RECV,7E00198122224600202020202020202020202020202020202038343830
02-12-2022 17:12:08.827,844,RECV,7E0019812222460020202020202020202020202020202020203834392F
02-12-2022 17:12:09.324,845,RECV,7E00198122224600202020202020202020202020202020202038353037
02-12-2022 17:12:09.824,846,RECV,7E00198122224600202020202020202020202020202020202038353136
02-12-2022 17:12:10.325,847,RECV,7E00198122224600202020202020202020202020202020202038353235
02-12-2022 17:12:10.823,848,RECV,7E00198122224600202020202020202020202020202020202038353334
02-12-2022 17:12:11.327,849,RECV,7E00198122224600202020202020202020202020202020202038353433
02-12-2022 17:12:11.830,850,RECV,7E00198122224500202020202020202020202020202020202038353533
02-12-2022 17:12:12.333,851,RECV,7E00198122224600202020202020202020202020202020202038353631
02-12-2022 17:12:12.837,852,RECV,7E00198122224600202020202020202020202020202020202038353730
02-12-2022 17:12:13.342,853,RECV,7E0019812222460020202020202020202020202020202020203835382F
02-12-2022 17:12:13.847,854,RECV,7E0019812222460020202020202020202020202020202020203835392E
02-12-2022 17:12:14.350,855,RECV,7E00198122224500202020202020202020202020202020202038363037
02-12-2022 17:12:14.855,856,RECV,7E00198122224600202020202020202020202020202020202038363135
02-12-2022 17:12:15.357,857,RECV,7E00198122224600202020202020202020202020202020202038363234
02-12-2022 17:12:15.862,858,RECV,7E00198122224600202020202020202020202020202020202038363333
02-12-2022 17:12:16.362,859,RECV,7E00198122224500202020202020202020202020202020202038363433
02-12-2022 17:12:16.804,860,RECV,7E00198122224600202020202020202020202020202020202038363531
02-12-2022 17:12:17.304,861,RECV,7E00198122224600202020202020202020202020202020202038363630
02-12-2022 17:12:17.810,862,RECV,7E0019812222460020202020202020202020202020202020203836372F
02-12-2022 17:12:18.318,863,RECV,7E0019812222460020202020202020202020202020202020203836382E
02-12-2022 17:12:18.824,864,RECV,7E0019812222460020202020202020202020202020202020203836392D
02-12-2022 17:12:19.328,865,RECV,7E00198122224600202020202020202020202020202020202038373035
02-12-2022 17:12:19.830,866,RECV,7E00198122224500202020202020202020202020202020202038373135
02-12-2022 17:12:20.334,867,RECV,7E00198122224600202020202020202020202020202020202038373233
02-12-2022 17:12:20.833,868,RECV,7E00198122224600202020202020202020202020202020202038373332
02-12-2022 17:12:21.337,869,RECV,7E00198122224600202020202020202020202020202020202038373431
02-12-2022 17:12:21.843,870,RECV,7E00198122224600202020202020202020202020202020202038373530
02-12-2022 17:12:22.346,871,RECV,7E0019812222460020202020202020202020202020202020203837362F
02-12-2022 17:12:22.848,872,RECV,7E0019812222460020202020202020202020202020202020203837372E
02-12-2022 17:12:23.351,873,RECV,7E0019812222460020202020202020202020202020202020203837382D
02-12-2022 17:12:23.859,874,RECV,7E0019812222460020202020202020202020202020202020203837392C
02-12-2022 17:12:24.367,875,RECV,7E00198122224600202020202020202020202020202020202038383034
02-12-2022 17:12:24.869,876,RECV,7E00198122224600202020202020202020202020202020202038383133
02-12-2022 17:12:25.312,877,RECV,7E00198122224600202020202020202020202020202020202038383232
02-12-2022 17:12:25.817,878,RECV,7E00198122224600202020202020202020202020202020202038383331
02-12-2022 17:12:26.325,879,RECV,7E00198122224600202020202020202020202020202020202038383430
02-12-2022 17:12:26.828,880,RECV,7E0019812222460020202020202020202020202020202020203838352F
02-12-2022 17:12:27.329,881,RECV,7E0019812222460020202020202020202020202020202020203838362E
02-12-2022 17:12:27.834,882,RECV,7E0019812222460020202020202020202020202020202020203838372D
02-12-2022 17:12:28.341,883,RECV,7E0019812222460020202020202020202020202020202020203838382C
02-12-2022 17:12:28.841,884,RECV,7E0019812222460020202020202020202020202020202020203838392B
02-12-2022 17:12:29.346,885,RECV,7E00198122224600202020202020202020202020202020202038393033
02-12-2022 17:12:29.849,886,RECV,7E00198122224600202020202020202020202020202020202038393132
02-12-2022 17:12:30.354,887,RECV,7E00198122224600202020202020202020202020202020202038393231
02-12-2022 17:12:30.857,888,RECV,7E00198122224600202020202020202020202020202020202038393330
02-12-2022 17:12:31.355,889,RECV,7E0019812222460020202020202020202020202020202020203839342F
02-12-2022 17:12:31.857,890,RECV,7E0019812222460020202020202020202020202020202020203839352E
02-12-2022 17:12:32.359,891,RECV,7E0019812222460020202020202020202020202020202020203839362D
02-12-2022 17:12:32.861,892,RECV,7E0019812222460020202020202020202020202020202020203839372C
02-12-2022 17:12:33.366,893,RECV,7E0019812222460020202020202020202020202020202020203839382B
02-12-2022 17:12:33.868,894,RECV,7E0019812222460020202020202020202020202020202020203839392A
02-12-2022 17:12:34.370,895,RECV,7E0019812222460020202020202020202020202020202020203930303B
02-12-2022 17:12:34.873,896,RECV,7E0019812222460020202020202020202020202020202020203930313A
02-12-2022 17:12:35.375,897,RECV,7E00198122224600202020202020202020202020202020202039303239
02-12-2022 17:12:35.875,898,RECV,7E00198122224600202020202020202020202020202020202039303338
02-12-2022 17:12:36.380,899,RECV,7E00198122224600202020202020202020202020202020202039303437
02-12-2022 17:12:36.821,900,RECV,7E00198122224600202020202020202020202020202020202039303536
02-12-2022 17:12:37.328,901,RECV,7E00198122224600202020202020202020202020202020202039303635
02-12-2022 17:12:37.831,902,RECV,7E00198122224600202020202020202020202020202020202039303734
02-12-2022 17:12:38.332,903,RECV,7E00198122224500202020202020202020202020202020202039303834
02-12-2022 17:12:38.835,904,RECV,7E00198122224600202020202020202020202020202020202039303932
02-12-2022 17:12:39.339,905,RECV,7E0019812222460020202020202020202020202020202020203931303A
02-12-2022 17:12:39.844,906,RECV,7E00198122224600202020202020202020202020202020202039313139
02-12-2022 17:12:40.349,907,RECV,7E00198122224600202020202020202020202020202020202039313238
02-12-2022 17:12:40.852,908,RECV,7E00198122224600202020202020202020202020202020202039313337
02-12-2022 17:12:41.359,909,RECV,7E00198122224600202020202020202020202020202020202039313436
02-12-2022 17:12:41.865,910,RECV,7E00198122224600202020202020202020202020202020202039313535
02-12-2022 17:12:42.371,911,RECV,7E00198122224600202020202020202020202020202020202039313634
02-12-2022 17:12:42.877,912,RECV,7E00198122224600202020202020202020202020202020202039313733
02-12-2022 17:12:43.379,913,RECV,7E00198122224600202020202020202020202020202020202039313832
02-12-2022 17:12:43.880,914,RECV,7E00198122224600202020202020202020202020202020202039313931
02-12-2022 17:12:44.386,915,RECV,7E00198122224600202020202020202020202020202020202039323039
02-12-2022 17:12:44.887,916,RECV,7E00198122224600202020202020202020202020202020202039323138
02-12-2022 17:12:45.330,917,RECV,7E00198122224600202020202020202020202020202020202039323237
02-12-2022 17:12:45.833,918,RECV,7E00198122224600202020202020202020202020202020202039323336
02-12-2022 17:12:46.333,919,RECV,7E00198122224600202020202020202020202020202020202039323435
02-12-2022 17:12:46.834,920,RECV,7E00198122224600202020202020202020202020202020202039323534
02-12-2022 17:12:47.336,921,RECV,7E00198122224600202020202020202020202020202020202039323633
02-12-2022 17:12:47.841,922,RECV,7E00198122224600202020202020202020202020202020202039323732
02-12-2022 17:12:48.346,923,RECV,7E00198122224600202020202020202020202020202020202039323831
02-12-2022 17:12:48.848,924,RECV,7E00198122224600202020202020202020202020202020202039323930
02-12-2022 17:12:49.354,925,RECV,7E00198122224600202020202020202020202020202020202039333038
02-12-2022 17:12:49.858,926,RECV,7E00198122224600202020202020202020202020202020202039333137
02-12-2022 17:12:50.362,927,RECV,7E00198122224600202020202020202020202020202020202039333236
02-12-2022 17:12:50.863,928,RECV,7E00198122224600202020202020202020202020202020202039333335
02-12-2022 17:12:51.368,929,RECV,7E00198122224500202020202020202020202020202020202039333435
02-12-2022 17:12:51.876,930,RECV,7E00198122224600202020202020202020202020202020202039333533
02-12-2022 17:12:52.380,931,RECV,7E00198122224600202020202020202020202020202020202039333632
02-12-2022 17:12:52.888,932,RECV,7E00198122224600202020202020202020202020202020202039333731
02-12-2022 17:12:53.390,933,RECV,7E00198122224600202020202020202020202020202020202039333830
02-12-2022 17:12:53.889,934,RECV,7E0019812222460020202020202020202020202020202020203933392F
02-12-2022 17:12:54.390,935,RECV,7E00198122224600202020202020202020202020202020202039343037
02-12-2022 17:12:54.894,936,RECV,7E00198122224600202020202020202020202020202020202039343136
02-12-2022 17:12:55.401,937,RECV,7E00198122224600202020202020202020202020202020202039343235
02-12-2022 17:12:55.842,938,RECV,7E00198122224600202020202020202020202020202020202039343334
02-12-2022 17:12:56.343,939,RECV,7E00198122224600202020202020202020202020202020202039343433
02-12-2022 17:12:56.845,940,RECV,7E00198122224600202020202020202020202020202020202039343532
02-12-2022 17:12:57.349,941,RECV,7E00198122224600202020202020202020202020202020202039343631
02-12-2022 17:12:57.853,942,RECV,7E00198122224500202020202020202020202020202020202039343731
02-12-2022 17:12:58.353,943,RECV,7E0019812222460020202020202020202020202020202020203934382F
02-12-2022 17:12:58.860,944,RECV,7E0019812222460020202020202020202020202020202020203934392E
02-12-2022 17:12:59.367,945,RECV,7E00198122224600202020202020202020202020202020202039353036
02-12-2022 17:12:59.871,946,RECV,7E00198122224600202020202020202020202020202020202039353135
02-12-2022 17:13:00.374,947,RECV,7E00198122224600202020202020202020202020202020202039353234
02-12-2022 17:13:00.873,948,RECV,7E00198122224600202020202020202020202020202020202039353333
02-12-2022 17:13:01.378,949,RECV,7E00198122224600202020202020202020202020202020202039353432
02-12-2022 17:13:01.884,950,RECV,7E00198122224600202020202020202020202020202020202039353531
02-12-2022 17:13:02.389,951,RECV,7E00198122224600202020202020202020202020202020202039353630
02-12-2022 17:13:02.894,952,RECV,7E00198122224500202020202020202020202020202020202039353730
02-12-2022 17:13:03.402,953,RECV,7E0019812222460020202020202020202020202020202020203935382E
02-12-2022 17:13:03.911,954,RECV,7E0019812222460020202020202020202020202020202020203935392D
02-12-2022 17:13:04.355,955,RECV,7E00198122224600202020202020202020202020202020202039363035
02-12-2022 17:13:04.856,956,RECV,7E00198122224600202020202020202020202020202020202039363134
02-12-2022 17:13:05.362,957,RECV,7E00198122224600202020202020202020202020202020202039363233
02-12-2022 17:13:05.866,958,RECV,7E00198122224600202020202020202020202020202020202039363332
02-12-2022 17:13:06.374,959,RECV,7E00198122224600202020202020202020202020202020202039363431
02-12-2022 17:13:06.875,960,RECV,7E00198122224600202020202020202020202020202020202039363530
02-12-2022 17:13:07.383,961,RECV,7E0019812222460020202020202020202020202020202020203936362F
02-12-2022 17:13:07.889,962,RECV,7E0019812222460020202020202020202020202020202020203936372E
02-12-2022 17:13:08.393,963,RECV,7E0019812222460020202020202020202020202020202020203936382D
02-12-2022 17:13:08.896,964,RECV,7E0019812222460020202020202020202020202020202020203936392C
02-12-2022 17:13:09.398,965,RECV,7E00198122224500202020202020202020202020202020202039373035
02-12-2022 17:13:09.902,966,RECV,7E00198122224600202020202020202020202020202020202039373133
02-12-2022 17:13:10.345,967,RECV,7E00198122224600202020202020202020202020202020202039373232
02-12-2022 17:13:10.910,968,RECV,7E00198122224600202020202020202020202020202020202039373331
02-12-2022 17:13:11.355,969,RECV,7E00198122224600202020202020202020202020202020202039373430
02-12-2022 17:13:11.873,970,RECV,7E0019812222460020202020202020202020202020202020203937352F
02-12-2022 17:13:12.357,971,RECV,7E0019812222460020202020202020202020202020202020203937362E
02-12-2022 17:13:12.862,972,RECV,7E0019812222450020202020202020202020202020202020203937372E
02-12-2022 17:13:13.381,973,RECV,7E0019812222460020202020202020202020202020202020203937382C
02-12-2022 17:13:13.885,974,RECV,7E0019812222460020202020202020202020202020202020203937392B
02-12-2022 17:13:14.391,975,RECV,7E00198122224600202020202020202020202020202020202039383033
02-12-2022 17:13:14.894,976,RECV,7E00198122224600202020202020202020202020202020202039383132
02-12-2022 17:13:15.395,977,RECV,7E00198122224600202020202020202020202020202020202039383231
02-12-2022 17:13:15.900,978,RECV,7E00198122224400202020202020202020202020202020202039383332
02-12-2022 17:13:16.358,979,RECV,7E0019812222460020202020202020202020202020202020203938342F
02-12-2022 17:13:16.908,980,RECV,7E0019812222460020202020202020202020202020202020203938352E
02-12-2022 17:13:17.413,981,RECV,7E0019812222460020202020202020202020202020202020203938362D
02-12-2022 17:13:17.915,982,RECV,7E0019812222460020202020202020202020202020202020203938372C
02-12-2022 17:13:18.421,983,RECV,7E0019812222460020202020202020202020202020202020203938382B
02-12-2022 17:13:18.859,984,RECV,7E0019812222460020202020202020202020202020202020203938392A
02-12-2022 17:13:19.358,985,RECV,7E00198122224600202020202020202020202020202020202039393032
02-12-2022 17:13:19.873,986,RECV,7E00198122224600202020202020202020202020202020202039393131
02-12-2022 17:13:20.357,987,RECV,7E00198122224600202020202020202020202020202020202039393230
02-12-2022 17:13:20.856,988,RECV,7E0019812222460020202020202020202020202020202020203939332F
02-12-2022 17:13:21.355,989,RECV,7E0019812222460020202020202020202020202020202020203939342E
02-12-2022 17:13:21.917,990,RECV,7E0019812222460020202020202020202020202020202020203939352D
02-12-2022 17:13:22.357,991,RECV,7E0019812222460020202020202020202020202020202020203939362C
02-12-2022 17:13:22.861,992,RECV,7E0019812222460020202020202020202020202020202020203939372B
02-12-2022 17:13:23.367,993,RECV,7E0019812222460020202020202020202020202020202020203939382A
02-12-2022 17:13:23.874,994,RECV,7E00198122224600202020202020202020202020202020202039393929
