02-12-2022 17:04:28.156,-,API,"Coordinator_802,0013A20041C5375A,802.15.4 TH,2003,COM7 - 115200/8/N/1/N,1,46"

02-12-2022 16:55:43.917,0,RECV,7E00198122224600202020202020202020202020202020202020203064
02-12-2022 16:55:44.478,1,RECV,7E00198122224600202020202020202020202020202020202020203163
02-12-2022 16:55:44.914,2,RECV,7E00198122224600202020202020202020202020202020202020203262
02-12-2022 16:55:45.413,3,RECV,7E00198122224600202020202020202020202020202020202020203361
02-12-2022 16:55:45.910,4,RECV,7E00198122224600202020202020202020202020202020202020203460
02-12-2022 16:55:46.471,5,RECV,7E0019812222460020202020202020202020202020202020202020355F
02-12-2022 16:55:46.971,6,RECV,7E0019812222460020202020202020202020202020202020202020365E
02-12-2022 16:55:47.409,7,RECV,7E0019812222460020202020202020202020202020202020202020375D
02-12-2022 16:55:47.972,8,RECV,7E0019812222460020202020202020202020202020202020202020385C
02-12-2022 16:55:48.423,9,RECV,7E0019812222460020202020202020202020202020202020202020395B
02-12-2022 16:55:48.915,10,RECV,7E00198122224600202020202020202020202020202020202020313053
02-12-2022 16:55:49.415,11,RECV,7E00198122224600202020202020202020202020202020202020313152
02-12-2022 16:55:49.980,12,RECV,7E00198122224600202020202020202020202020202020202020313251
02-12-2022 16:55:50.424,13,RECV,7E00198122224600202020202020202020202020202020202020313350
02-12-2022 16:55:50.931,14,RECV,7E0019812222460020202020202020202020202020202020202031344F
02-12-2022 16:55:51.433,15,RECV,7E0019812222460020202020202020202020202020202020202031354E
02-12-2022 16:55:51.939,16,RECV,7E0019812222460020202020202020202020202020202020202031364D
02-12-2022 16:55:52.440,17,RECV,7E0019812222460020202020202020202020202020202020202031374C
02-12-2022 16:55:52.943,18,RECV,7E0019812222460020202020202020202020202020202020202031384B
02-12-2022 16:55:53.448,19,RECV,7E0019812222460020202020202020202020202020202020202031394A
02-12-2022 16:55:53.949,20,RECV,7E00198122224500202020202020202020202020202020202020323053
02-12-2022 16:55:54.449,21,RECV,7E00198122224600202020202020202020202020202020202020323151
02-12-2022 16:55:54.957,22,RECV,7E00198122224600202020202020202020202020202020202020323250
02-12-2022 16:55:55.458,23,RECV,7E0019812222460020202020202020202020202020202020202032334F
02-12-2022 16:55:55.962,24,RECV,7E0019812222460020202020202020202020202020202020202032344E
02-12-2022 16:55:56.465,25,RECV,7E0019812222460020202020202020202020202020202020202032354D
02-12-2022 16:55:56.971,26,RECV,7E0019812222460020202020202020202020202020202020202032364C
02-12-2022 16:55:57.473,27,RECV,7E0019812222460020202020202020202020202020202020202032374B
02-12-2022 16:55:57.978,28,RECV,7E0019812222460020202020202020202020202020202020202032384A
02-12-2022 16:55:58.421,29,RECV,7E0019812222450020202020202020202020202020202020202032394A
02-12-2022 16:55:58.927,30,RECV,7E00198122224600202020202020202020202020202020202020333051
02-12-2022 16:55:59.432,31,RECV,7E00198122224600202020202020202020202020202020202020333150
02-12-2022 16:55:59.933,32,RECV,7E0019812222460020202020202020202020202020202020202033324F
02-12-2022 16:56:00.437,33,RECV,7E0019812222460020202020202020202020202020202020202033334E
02-12-2022 16:56:00.939,34,RECV,7E0019812222460020202020202020202020202020202020202033344D
02-12-2022 16:56:01.442,35,RECV,7E0019812222460020202020202020202020202020202020202033354C
02-12-2022 16:56:01.948,36,RECV,7E0019812222460020202020202020202020202020202020202033364B
02-12-2022 16:56:02.454,37,RECV,7E0019812222460020202020202020202020202020202020202033374A
02-12-2022 16:56:02.954,38,RECV,7E00198122224600202020202020202020202020202020202020333849
02-12-2022 16:56:03.458,39,RECV,7E00198122224600202020202020202020202020202020202020333948
02-12-2022 16:56:03.962,40,RECV,7E00198122224600202020202020202020202020202020202020343050
02-12-2022 16:56:04.467,41,RECV,7E0019812222460020202020202020202020202020202020202034314F
02-12-2022 16:56:04.974,42,RECV,7E0019812222460020202020202020202020202020202020202034324E
02-12-2022 16:56:05.481,43,RECV,7E0019812222460020202020202020202020202020202020202034334D
02-12-2022 16:56:05.988,44,RECV,7E0019812222460020202020202020202020202020202020202034344C
02-12-2022 16:56:06.490,45,RECV,7E0019812222460020202020202020202020202020202020202034354B
02-12-2022 16:56:06.932,46,RECV,7E0019812222460020202020202020202020202020202020202034364A
02-12-2022 16:56:07.495,47,RECV,7E0019812222450020202020202020202020202020202020202034374A
02-12-2022 16:56:07.939,48,RECV,7E00198122224600202020202020202020202020202020202020343848
02-12-2022 16:56:08.447,49,RECV,7E00198122224500202020202020202020202020202020202020343948
02-12-2022 16:56:08.949,50,RECV,7E0019812222460020202020202020202020202020202020202035304F
02-12-2022 16:56:09.453,51,RECV,7E0019812222460020202020202020202020202020202020202035314E
02-12-2022 16:56:09.953,52,RECV,7E0019812222460020202020202020202020202020202020202035324D
02-12-2022 16:56:10.458,53,RECV,7E0019812222460020202020202020202020202020202020202035334C
02-12-2022 16:56:10.962,54,RECV,7E0019812222460020202020202020202020202020202020202035344B
02-12-2022 16:56:11.468,55,RECV,7E0019812222460020202020202020202020202020202020202035354A
02-12-2022 16:56:11.971,56,RECV,7E0019812222450020202020202020202020202020202020202035364A
02-12-2022 16:56:12.477,57,RECV,7E00198122224600202020202020202020202020202020202020353748
02-12-2022 16:56:12.980,58,RECV,7E00198122224500202020202020202020202020202020202020353848
02-12-2022 16:56:13.479,59,RECV,7E00198122224600202020202020202020202020202020202020353946
02-12-2022 16:56:13.981,60,RECV,7E0019812222460020202020202020202020202020202020202036304E
02-12-2022 16:56:14.479,61,RECV,7E0019812222460020202020202020202020202020202020202036314D
02-12-2022 16:56:14.985,62,RECV,7E0019812222460020202020202020202020202020202020202036324C
02-12-2022 16:56:15.490,63,RECV,7E0019812222460020202020202020202020202020202020202036334B
02-12-2022 16:56:15.933,64,RECV,7E0019812222460020202020202020202020202020202020202036344A
02-12-2022 16:56:16.495,65,RECV,7E00198122224600202020202020202020202020202020202020363549
02-12-2022 16:56:16.999,66,RECV,7E00198122224600202020202020202020202020202020202020363648
02-12-2022 16:56:17.443,67,RECV,7E00198122224600202020202020202020202020202020202020363747
02-12-2022 16:56:17.947,68,RECV,7E00198122224600202020202020202020202020202020202020363846
02-12-2022 16:56:18.449,69,RECV,7E00198122224600202020202020202020202020202020202020363945
02-12-2022 16:56:18.956,70,RECV,7E0019812222460020202020202020202020202020202020202037304D
02-12-2022 16:56:19.458,71,RECV,7E0019812222460020202020202020202020202020202020202037314C
02-12-2022 16:56:19.962,72,RECV,7E0019812222460020202020202020202020202020202020202037324B
02-12-2022 16:56:20.461,73,RECV,7E0019812222460020202020202020202020202020202020202037334A
02-12-2022 16:56:20.962,74,RECV,7E00198122224600202020202020202020202020202020202020373449
02-12-2022 16:56:21.462,75,RECV,7E00198122224600202020202020202020202020202020202020373548
02-12-2022 16:56:21.966,76,RECV,7E00198122224600202020202020202020202020202020202020373647
02-12-2022 16:56:22.467,77,RECV,7E00198122224600202020202020202020202020202020202020373746
02-12-2022 16:56:22.974,78,RECV,7E00198122224600202020202020202020202020202020202020373845
02-12-2022 16:56:23.476,79,RECV,7E00198122224600202020202020202020202020202020202020373944
02-12-2022 16:56:23.982,80,RECV,7E0019812222460020202020202020202020202020202020202038304C
02-12-2022 16:56:24.486,81,RECV,7E000781222246002020B4
02-12-2022 16:56:24.602,82,RECV,7E001781222246002020202020202020202020202020202038318B
02-12-2022 16:56:24.989,83,RECV,7E0019812222450020202020202020202020202020202020202038324B
02-12-2022 16:56:25.489,84,RECV,7E00198122224600202020202020202020202020202020202020383349
02-12-2022 16:56:25.995,85,RECV,7E00198122224600202020202020202020202020202020202020383448
02-12-2022 16:56:26.940,86,RECV,7E00198122224600202020202020202020202020202020202020383646
02-12-2022 16:56:27.506,87,RECV,7E00198122224600202020202020202020202020202020202020383745
02-12-2022 16:56:27.947,88,RECV,7E00198122224600202020202020202020202020202020202020383844
02-12-2022 16:56:28.451,89,RECV,7E00198122224600202020202020202020202020202020202020383943
02-12-2022 16:56:28.953,90,RECV,7E0019812222460020202020202020202020202020202020202039304B
02-12-2022 16:56:29.461,91,RECV,7E0019812222440020202020202020202020202020202020202039314C
02-12-2022 16:56:29.960,92,RECV,7E00198122224600202020202020202020202020202020202020393249
02-12-2022 16:56:30.463,93,RECV,7E00198122224600202020202020202020202020202020202020393348
02-12-2022 16:56:30.967,94,RECV,7E00198122224600202020202020202020202020202020202020393447
02-12-2022 16:56:31.465,95,RECV,7E00198122224600202020202020202020202020202020202020393546
02-12-2022 16:56:31.965,96,RECV,7E00198122224600202020202020202020202020202020202020393645
02-12-2022 16:56:32.471,97,RECV,7E00198122224600202020202020202020202020202020202020393744
02-12-2022 16:56:32.976,98,RECV,7E00198122224600202020202020202020202020202020202020393843
02-12-2022 16:56:33.479,99,RECV,7E00198122224600202020202020202020202020202020202020393942
02-12-2022 16:56:33.982,100,RECV,7E00198122224600202020202020202020202020202020202031303043
02-12-2022 16:56:34.483,101,RECV,7E00198122224500202020202020202020202020202020202031303143
02-12-2022 16:56:34.985,102,RECV,7E00198122224500202020202020202020202020202020202031303242
02-12-2022 16:56:35.487,103,RECV,7E00198122224600202020202020202020202020202020202031303340
02-12-2022 16:56:35.990,104,RECV,7E0019812222460020202020202020202020202020202020203130343F
02-12-2022 16:56:36.496,105,RECV,7E0019812222460020202020202020202020202020202020203130353E
02-12-2022 16:56:36.997,106,RECV,7E0019812222460020202020202020202020202020202020203130363D
02-12-2022 16:56:37.506,107,RECV,7E0019812222460020202020202020202020202020202020203130373C
02-12-2022 16:56:38.006,108,RECV,7E0019812222460020202020202020202020202020202020203130383B
02-12-2022 16:56:38.504,109,RECV,7E0019812222450020202020202020202020202020202020203130393B
02-12-2022 16:56:39.001,110,RECV,7E00198122224500202020202020202020202020202020202031313043
02-12-2022 16:56:39.501,111,RECV,7E00198122224500202020202020202020202020202020202031313142
02-12-2022 16:56:40.003,112,RECV,7E00198122224600202020202020202020202020202020202031313240
02-12-2022 16:56:40.506,113,RECV,7E0019812222460020202020202020202020202020202020203131333F
02-12-2022 16:56:41.013,114,RECV,7E0019812222460020202020202020202020202020202020203131343E
02-12-2022 16:56:41.510,115,RECV,7E0019812222460020202020202020202020202020202020203131353D
02-12-2022 16:56:42.017,116,RECV,7E0019812222460020202020202020202020202020202020203131363C
02-12-2022 16:56:42.458,117,RECV,7E0019812222460020202020202020202020202020202020203131373B
02-12-2022 16:56:42.962,118,RECV,7E0019812222460020202020202020202020202020202020203131383A
02-12-2022 16:56:43.465,119,RECV,7E00198122224600202020202020202020202020202020202031313939
02-12-2022 16:56:43.966,120,RECV,7E00198122224600202020202020202020202020202020202031323041
02-12-2022 16:56:44.472,121,RECV,7E00198122224600202020202020202020202020202020202031323140
02-12-2022 16:56:44.976,122,RECV,7E0019812222460020202020202020202020202020202020203132323F
02-12-2022 16:56:45.478,123,RECV,7E0019812222460020202020202020202020202020202020203132333E
02-12-2022 16:56:45.978,124,RECV,7E0019812222460020202020202020202020202020202020203132343D
02-12-2022 16:56:46.478,125,RECV,7E0019812222460020202020202020202020202020202020203132353C
02-12-2022 16:56:46.984,126,RECV,7E0019812222460020202020202020202020202020202020203132363B
02-12-2022 16:56:47.484,127,RECV,7E0019812222460020202020202020202020202020202020203132373A
02-12-2022 16:56:47.987,128,RECV,7E00198122224600202020202020202020202020202020202031323839
02-12-2022 16:56:48.488,129,RECV,7E0019812222440020202020202020202020202020202020203132393A
02-12-2022 16:56:48.992,130,RECV,7E00198122224600202020202020202020202020202020202031333040
02-12-2022 16:56:49.493,131,RECV,7E0019812222460020202020202020202020202020202020203133313F
02-12-2022 16:56:49.999,132,RECV,7E0019812222460020202020202020202020202020202020203133323E
02-12-2022 16:56:50.503,133,RECV,7E0019812222460020202020202020202020202020202020203133333D
02-12-2022 16:56:51.007,134,RECV,7E0019812222460020202020202020202020202020202020203133343C
02-12-2022 16:56:51.511,135,RECV,7E0019812222460020202020202020202020202020202020203133353B
02-12-2022 16:56:52.013,136,RECV,7E0019812222460020202020202020202020202020202020203133363A
02-12-2022 16:56:52.521,137,RECV,7E00198122224600202020202020202020202020202020202031333739
02-12-2022 16:56:53.029,138,RECV,7E00198122224600202020202020202020202020202020202031333838
02-12-2022 16:56:53.474,139,RECV,7E00198122224600202020202020202020202020202020202031333937
02-12-2022 16:56:53.974,140,RECV,7E0019812222460020202020202020202020202020202020203134303F
02-12-2022 16:56:54.474,141,RECV,7E0019812222460020202020202020202020202020202020203134313E
02-12-2022 16:56:54.979,142,RECV,7E0019812222460020202020202020202020202020202020203134323D
02-12-2022 16:56:55.486,143,RECV,7E0019812222460020202020202020202020202020202020203134333C
02-12-2022 16:56:55.986,144,RECV,7E0019812222460020202020202020202020202020202020203134343B
02-12-2022 16:56:56.490,145,RECV,7E0019812222450020202020202020202020202020202020203134353B
02-12-2022 16:56:56.992,146,RECV,7E00198122224600202020202020202020202020202020202031343639
02-12-2022 16:56:57.497,147,RECV,7E00198122224600202020202020202020202020202020202031343738
02-12-2022 16:56:58.000,148,RECV,7E00198122224600202020202020202020202020202020202031343837
02-12-2022 16:56:58.504,149,RECV,7E00198122224600202020202020202020202020202020202031343936
02-12-2022 16:56:59.006,150,RECV,7E0019812222460020202020202020202020202020202020203135303E
02-12-2022 16:56:59.512,151,RECV,7E0019812222440020202020202020202020202020202020203135313F
02-12-2022 16:57:00.013,152,RECV,7E0019812222460020202020202020202020202020202020203135323C
02-12-2022 16:57:00.512,153,RECV,7E0019812222450020202020202020202020202020202020203135333C
02-12-2022 16:57:01.016,154,RECV,7E0019812222450020202020202020202020202020202020203135343B
02-12-2022 16:57:01.515,155,RECV,7E00198122224600202020202020202020202020202020202031353539
02-12-2022 16:57:02.026,156,RECV,7E00198122224600202020202020202020202020202020202031353638
02-12-2022 16:57:02.527,157,RECV,7E00198122224600202020202020202020202020202020202031353737
02-12-2022 16:57:03.028,158,RECV,7E00198122224600202020202020202020202020202020202031353836
02-12-2022 16:57:03.537,159,RECV,7E00198122224600202020202020202020202020202020202031353935
02-12-2022 16:57:03.973,160,RECV,7E0019812222460020202020202020202020202020202020203136303D
02-12-2022 16:57:04.538,161,RECV,7E0019812222460020202020202020202020202020202020203136313C
02-12-2022 16:57:04.978,162,RECV,7E0019812222460020202020202020202020202020202020203136323B
02-12-2022 16:57:05.479,163,RECV,7E0019812222450020202020202020202020202020202020203136333B
02-12-2022 16:57:06.040,164,RECV,7E00198122224600202020202020202020202020202020202031363439
02-12-2022 16:57:06.542,165,RECV,7E00198122224600202020202020202020202020202020202031363538
02-12-2022 16:57:06.983,166,RECV,7E00198122224600202020202020202020202020202020202031363637
02-12-2022 16:57:07.550,167,RECV,7E00198122224600202020202020202020202020202020202031363736
02-12-2022 16:57:07.990,168,RECV,7E00198122224600202020202020202020202020202020202031363835
02-12-2022 16:57:08.498,169,RECV,7E00198122224600202020202020202020202020202020202031363934
02-12-2022 16:57:09.000,170,RECV,7E0019812222460020202020202020202020202020202020203137303C
02-12-2022 16:57:09.507,171,RECV,7E0019812222460020202020202020202020202020202020203137313B
02-12-2022 16:57:10.013,172,RECV,7E0019812222460020202020202020202020202020202020203137323A
02-12-2022 16:57:10.518,173,RECV,7E0019812222450020202020202020202020202020202020203137333A
02-12-2022 16:57:11.019,174,RECV,7E00198122224600202020202020202020202020202020202031373438
02-12-2022 16:57:11.522,175,RECV,7E00198122224600202020202020202020202020202020202031373537
02-12-2022 16:57:12.023,176,RECV,7E00198122224600202020202020202020202020202020202031373636
02-12-2022 16:57:12.525,177,RECV,7E00198122224600202020202020202020202020202020202031373735
02-12-2022 16:57:13.030,178,RECV,7E00198122224600202020202020202020202020202020202031373834
02-12-2022 16:57:13.531,179,RECV,7E00198122224600202020202020202020202020202020202031373933
02-12-2022 16:57:14.035,180,RECV,7E0019812222450020202020202020202020202020202020203138303C
02-12-2022 16:57:14.536,181,RECV,7E0019812222450020202020202020202020202020202020203138313B
02-12-2022 16:57:14.995,182,RECV,7E0019812222450020202020202020202020202020202020203138323A
02-12-2022 16:57:15.548,183,RECV,7E00198122224600202020202020202020202020202020202031383338
02-12-2022 16:57:15.987,184,RECV,7E00198122224600202020202020202020202020202020202031383437
02-12-2022 16:57:16.550,185,RECV,7E00198122224600202020202020202020202020202020202031383536
02-12-2022 16:57:17.053,186,RECV,7E00198122224600202020202020202020202020202020202031383635
02-12-2022 16:57:17.488,187,RECV,7E00198122224600202020202020202020202020202020202031383734
02-12-2022 16:57:17.993,188,RECV,7E00198122224600202020202020202020202020202020202031383833
02-12-2022 16:57:18.498,189,RECV,7E00198122224600202020202020202020202020202020202031383932
02-12-2022 16:57:19.003,190,RECV,7E0019812222460020202020202020202020202020202020203139303A
02-12-2022 16:57:19.504,191,RECV,7E0019812222450020202020202020202020202020202020203139313A
02-12-2022 16:57:20.003,192,RECV,7E00198122224600202020202020202020202020202020202031393238
02-12-2022 16:57:20.503,193,RECV,7E00198122224600202020202020202020202020202020202031393337
02-12-2022 16:57:21.012,194,RECV,7E00198122224600202020202020202020202020202020202031393436
02-12-2022 16:57:21.515,195,RECV,7E00198122224600202020202020202020202020202020202031393535
02-12-2022 16:57:22.020,196,RECV,7E00198122224600202020202020202020202020202020202031393634
02-12-2022 16:57:22.527,197,RECV,7E00198122224500202020202020202020202020202020202031393734
02-12-2022 16:57:23.031,198,RECV,7E00198122224600202020202020202020202020202020202031393832
02-12-2022 16:57:23.535,199,RECV,7E00198122224600202020202020202020202020202020202031393931
02-12-2022 16:57:24.036,200,RECV,7E00198122224500202020202020202020202020202020202032303043
02-12-2022 16:57:24.541,201,RECV,7E00198122224600202020202020202020202020202020202032303141
02-12-2022 16:57:25.043,202,RECV,7E00198122224600202020202020202020202020202020202032303240
02-12-2022 16:57:25.546,203,RECV,7E0019812222460020202020202020202020202020202020203230333F
02-12-2022 16:57:26.052,204,RECV,7E0019812222460020202020202020202020202020202020203230343E
02-12-2022 16:57:26.552,205,RECV,7E0019812222460020202020202020202020202020202020203230353D
02-12-2022 16:57:26.990,206,RECV,7E0019812222450020202020202020202020202020202020203230363D
02-12-2022 16:57:27.559,207,RECV,7E0019812222460020202020202020202020202020202020203230373B
02-12-2022 16:57:27.999,208,RECV,7E0019812222460020202020202020202020202020202020203230383A
02-12-2022 16:57:28.496,209,RECV,7E00198122224600202020202020202020202020202020202032303939
02-12-2022 16:57:29.064,210,RECV,7E00198122224600202020202020202020202020202020202032313041
02-12-2022 16:57:29.503,211,RECV,7E00198122224600202020202020202020202020202020202032313140
02-12-2022 16:57:30.005,212,RECV,7E0019812222460020202020202020202020202020202020203231323F
02-12-2022 16:57:30.510,213,RECV,7E0019812222460020202020202020202020202020202020203231333E
02-12-2022 16:57:31.018,214,RECV,7E0019812222460020202020202020202020202020202020203231343D
02-12-2022 16:57:31.522,215,RECV,7E0019812222450020202020202020202020202020202020203231353D
02-12-2022 16:57:32.027,216,RECV,7E0019812222450020202020202020202020202020202020203231363C
02-12-2022 16:57:32.527,217,RECV,7E0019812222460020202020202020202020202020202020203231373A
02-12-2022 16:57:33.038,218,RECV,7E00198122224600202020202020202020202020202020202032313839
02-12-2022 16:57:33.544,219,RECV,7E00198122224600202020202020202020202020202020202032313938
02-12-2022 16:57:34.049,220,RECV,7E00198122224600202020202020202020202020202020202032323040
02-12-2022 16:57:34.554,221,RECV,7E0019812222460020202020202020202020202020202020203232313F
02-12-2022 16:57:35.058,222,RECV,7E0019812222460020202020202020202020202020202020203232323E
02-12-2022 16:57:35.500,223,RECV,7E0019812222460020202020202020202020202020202020203232333D
02-12-2022 16:57:36.067,224,RECV,7E0019812222450020202020202020202020202020202020203232343D
02-12-2022 16:57:36.507,225,RECV,7E0019812222460020202020202020202020202020202020203232353B
02-12-2022 16:57:37.012,226,RECV,7E0019812222460020202020202020202020202020202020203232363A
02-12-2022 16:57:37.513,227,RECV,7E00198122224600202020202020202020202020202020202032323739
02-12-2022 16:57:38.013,228,RECV,7E00198122224500202020202020202020202020202020202032323839
02-12-2022 16:57:38.515,229,RECV,7E00198122224600202020202020202020202020202020202032323937
02-12-2022 16:57:39.016,230,RECV,7E0019812222460020202020202020202020202020202020203233303F
02-12-2022 16:57:39.521,231,RECV,7E0019812222460020202020202020202020202020202020203233313E
02-12-2022 16:57:40.027,232,RECV,7E0019812222460020202020202020202020202020202020203233323D
02-12-2022 16:57:40.530,233,RECV,7E0019812222460020202020202020202020202020202020203233333C
02-12-2022 16:57:41.039,234,RECV,7E0019812222460020202020202020202020202020202020203233343B
02-12-2022 16:57:41.545,235,RECV,7E0019812222450020202020202020202020202020202020203233353B
02-12-2022 16:57:42.051,236,RECV,7E00198122224600202020202020202020202020202020202032333639
02-12-2022 16:57:42.552,237,RECV,7E00198122224600202020202020202020202020202020202032333738
02-12-2022 16:57:43.052,238,RECV,7E00198122224600202020202020202020202020202020202032333837
02-12-2022 16:57:43.550,239,RECV,7E00198122224600202020202020202020202020202020202032333936
02-12-2022 16:57:44.051,240,RECV,7E0019812222460020202020202020202020202020202020203234303E
02-12-2022 16:57:44.553,241,RECV,7E0019812222460020202020202020202020202020202020203234313D
02-12-2022 16:57:45.056,242,RECV,7E0019812222460020202020202020202020202020202020203234323C
02-12-2022 16:57:45.563,243,RECV,7E0019812222460020202020202020202020202020202020203234333B
02-12-2022 16:57:46.066,244,RECV,7E0019812222450020202020202020202020202020202020203234343B
02-12-2022 16:57:46.505,245,RECV,7E00198122224600202020202020202020202020202020202032343539
02-12-2022 16:57:47.066,246,RECV,7E00198122224600202020202020202020202020202020202032343638
02-12-2022 16:57:47.568,247,RECV,7E00198122224600202020202020202020202020202020202032343737
02-12-2022 16:57:48.011,248,RECV,7E00198122224600202020202020202020202020202020202032343836
02-12-2022 16:57:48.577,249,RECV,7E00198122224600202020202020202020202020202020202032343935
02-12-2022 16:57:49.080,250,RECV,7E0019812222460020202020202020202020202020202020203235303D
02-12-2022 16:57:49.523,251,RECV,7E0019812222460020202020202020202020202020202020203235313C
02-12-2022 16:57:50.025,252,RECV,7E0019812222460020202020202020202020202020202020203235323B
02-12-2022 16:57:50.530,253,RECV,7E0019812222460020202020202020202020202020202020203235333A
02-12-2022 16:57:51.032,254,RECV,7E00198122224600202020202020202020202020202020202032353439
02-12-2022 16:57:51.538,255,RECV,7E00198122224600202020202020202020202020202020202032353538
02-12-2022 16:57:52.040,256,RECV,7E00198122224600202020202020202020202020202020202032353637
02-12-2022 16:57:52.543,257,RECV,7E00198122224600202020202020202020202020202020202032353736
02-12-2022 16:57:53.047,258,RECV,7E00198122224600202020202020202020202020202020202032353835
02-12-2022 16:57:53.550,259,RECV,7E00198122224500202020202020202020202020202020202032353935
02-12-2022 16:57:54.053,260,RECV,7E0019812222460020202020202020202020202020202020203236303C
02-12-2022 16:57:54.559,261,RECV,7E0019812222460020202020202020202020202020202020203236313B
02-12-2022 16:57:55.066,262,RECV,7E0019812222450020202020202020202020202020202020203236323B
02-12-2022 16:57:55.567,263,RECV,7E00198122224600202020202020202020202020202020202032363339
02-12-2022 16:57:56.069,264,RECV,7E00198122224600202020202020202020202020202020202032363438
02-12-2022 16:57:56.568,265,RECV,7E00198122224600202020202020202020202020202020202032363537
02-12-2022 16:57:57.071,266,RECV,7E00198122224600202020202020202020202020202020202032363636
02-12-2022 16:57:57.529,267,RECV,7E00198122224600202020202020202020202020202020202032363735
02-12-2022 16:57:58.081,268,RECV,7E00198122224600202020202020202020202020202020202032363834
02-12-2022 16:57:58.582,269,RECV,7E00198122224600202020202020202020202020202020202032363933
02-12-2022 16:57:59.087,270,RECV,7E0019812222460020202020202020202020202020202020203237303B
02-12-2022 16:57:59.531,271,RECV,7E0019812222460020202020202020202020202020202020203237313A
02-12-2022 16:58:00.030,272,RECV,7E00198122224600202020202020202020202020202020202032373239
02-12-2022 16:58:00.530,273,RECV,7E00198122224600202020202020202020202020202020202032373338
02-12-2022 16:58:01.032,274,RECV,7E00198122224600202020202020202020202020202020202032373437
02-12-2022 16:58:01.538,275,RECV,7E00198122224600202020202020202020202020202020202032373536
02-12-2022 16:58:02.044,276,RECV,7E00198122224600202020202020202020202020202020202032373635
02-12-2022 16:58:02.544,277,RECV,7E00198122224600202020202020202020202020202020202032373734
02-12-2022 16:58:03.043,278,RECV,7E00198122224500202020202020202020202020202020202032373834
02-12-2022 16:58:03.547,279,RECV,7E00198122224600202020202020202020202020202020202032373932
02-12-2022 16:58:04.048,280,RECV,7E0019812222460020202020202020202020202020202020203238303A
02-12-2022 16:58:04.546,281,RECV,7E00198122224600202020202020202020202020202020202032383139
02-12-2022 16:58:05.047,282,RECV,7E00198122224600202020202020202020202020202020202032383238
02-12-2022 16:58:05.546,283,RECV,7E00198122224600202020202020202020202020202020202032383337
02-12-2022 16:58:06.052,284,RECV,7E00198122224600202020202020202020202020202020202032383436
02-12-2022 16:58:06.554,285,RECV,7E00198122224600202020202020202020202020202020202032383535
02-12-2022 16:58:07.053,286,RECV,7E00198122224600202020202020202020202020202020202032383634
02-12-2022 16:58:07.557,287,RECV,7E00198122224600202020202020202020202020202020202032383733
02-12-2022 16:58:08.050,288,RECV,7E00198122224500202020202020202020202020202020202032383833
02-12-2022 16:58:08.547,289,RECV,7E00198122224600202020202020202020202020202020202032383931
02-12-2022 16:58:09.045,290,RECV,7E00198122224600202020202020202020202020202020202032393039
02-12-2022 16:58:09.547,291,RECV,7E00198122224600202020202020202020202020202020202032393138
02-12-2022 16:58:10.049,292,RECV,7E00198122224600202020202020202020202020202020202032393237
02-12-2022 16:58:10.550,293,RECV,7E00198122224600202020202020202020202020202020202032393336
02-12-2022 16:58:11.052,294,RECV,7E00198122224600202020202020202020202020202020202032393435
02-12-2022 16:58:11.553,295,RECV,7E00198122224600202020202020202020202020202020202032393534
02-12-2022 16:58:12.056,296,RECV,7E00198122224600202020202020202020202020202020202032393633
02-12-2022 16:58:12.560,297,RECV,7E00198122224600202020202020202020202020202020202032393732
02-12-2022 16:58:13.064,298,RECV,7E00198122224600202020202020202020202020202020202032393831
02-12-2022 16:58:13.566,299,RECV,7E00198122224600202020202020202020202020202020202032393930
02-12-2022 16:58:14.061,300,RECV,7E00198122224600202020202020202020202020202020202033303041
02-12-2022 16:58:14.562,301,RECV,7E00198122224600202020202020202020202020202020202033303140
02-12-2022 16:58:15.062,302,RECV,7E0019812222460020202020202020202020202020202020203330323F
02-12-2022 16:58:15.561,303,RECV,7E0019812222460020202020202020202020202020202020203330333E
02-12-2022 16:58:16.062,304,RECV,7E0019812222460020202020202020202020202020202020203330343D
02-12-2022 16:58:16.561,305,RECV,7E0019812222460020202020202020202020202020202020203330353C
02-12-2022 16:58:17.065,306,RECV,7E0019812222450020202020202020202020202020202020203330363C
02-12-2022 16:58:17.571,307,RECV,7E0019812222460020202020202020202020202020202020203330373A
02-12-2022 16:58:18.072,308,RECV,7E00198122224600202020202020202020202020202020202033303839
02-12-2022 16:58:18.573,309,RECV,7E00198122224600202020202020202020202020202020202033303938
02-12-2022 16:58:19.077,310,RECV,7E00198122224600202020202020202020202020202020202033313040
02-12-2022 16:58:19.577,311,RECV,7E0019812222460020202020202020202020202020202020203331313F
02-12-2022 16:58:20.083,312,RECV,7E0019812222460020202020202020202020202020202020203331323E
02-12-2022 16:58:20.584,313,RECV,7E0019812222460020202020202020202020202020202020203331333D
02-12-2022 16:58:21.087,314,RECV,7E0019812222460020202020202020202020202020202020203331343C
02-12-2022 16:58:21.593,315,RECV,7E0019812222440020202020202020202020202020202020203331353D
02-12-2022 16:58:22.099,316,RECV,7E0019812222460020202020202020202020202020202020203331363A
02-12-2022 16:58:22.600,317,RECV,7E00198122224600202020202020202020202020202020202033313739
02-12-2022 16:58:23.105,318,RECV,7E00198122224600202020202020202020202020202020202033313838
02-12-2022 16:58:23.544,319,RECV,7E00198122224600202020202020202020202020202020202033313937
02-12-2022 16:58:24.050,320,RECV,7E0019812222460020202020202020202020202020202020203332303F
02-12-2022 16:58:24.551,321,RECV,7E0019812222460020202020202020202020202020202020203332313E
02-12-2022 16:58:25.053,322,RECV,7E0019812222460020202020202020202020202020202020203332323D
02-12-2022 16:58:25.555,323,RECV,7E0019812222460020202020202020202020202020202020203332333C
02-12-2022 16:58:26.059,324,RECV,7E0019812222460020202020202020202020202020202020203332343B
02-12-2022 16:58:26.562,325,RECV,7E0019812222460020202020202020202020202020202020203332353A
02-12-2022 16:58:27.065,326,RECV,7E00198122224600202020202020202020202020202020202033323639
02-12-2022 16:58:27.564,327,RECV,7E00198122224600202020202020202020202020202020202033323738
02-12-2022 16:58:28.069,328,RECV,7E00198122224600202020202020202020202020202020202033323837
02-12-2022 16:58:28.574,329,RECV,7E00198122224600202020202020202020202020202020202033323936
02-12-2022 16:58:29.078,330,RECV,7E0019812222450020202020202020202020202020202020203333303F
02-12-2022 16:58:29.584,331,RECV,7E0019812222450020202020202020202020202020202020203333313E
02-12-2022 16:58:30.090,332,RECV,7E0019812222460020202020202020202020202020202020203333323C
02-12-2022 16:58:30.597,333,RECV,7E0019812222460020202020202020202020202020202020203333333B
02-12-2022 16:58:31.097,334,RECV,7E0019812222460020202020202020202020202020202020203333343A
02-12-2022 16:58:31.599,335,RECV,7E00198122224600202020202020202020202020202020202033333539
02-12-2022 16:58:32.105,336,RECV,7E00198122224600202020202020202020202020202020202033333638
02-12-2022 16:58:32.549,337,RECV,7E00198122224600202020202020202020202020202020202033333737
02-12-2022 16:58:33.112,338,RECV,7E00198122224600202020202020202020202020202020202033333836
02-12-2022 16:58:33.556,339,RECV,7E00198122224400202020202020202020202020202020202033333937
02-12-2022 16:58:34.052,340,RECV,7E0019812222450020202020202020202020202020202020203334303E
02-12-2022 16:58:34.617,341,RECV,7E0019812222460020202020202020202020202020202020203334313C
02-12-2022 16:58:35.118,342,RECV,7E0019812222460020202020202020202020202020202020203334323B
02-12-2022 16:58:35.557,343,RECV,7E0019812222460020202020202020202020202020202020203334333A
02-12-2022 16:58:36.060,344,RECV,7E00198122224600202020202020202020202020202020202033343439
02-12-2022 16:58:36.567,345,RECV,7E00198122224600202020202020202020202020202020202033343538
02-12-2022 16:58:37.069,346,RECV,7E00198122224600202020202020202020202020202020202033343637
02-12-2022 16:58:37.576,347,RECV,7E00198122224600202020202020202020202020202020202033343736
02-12-2022 16:58:38.083,348,RECV,7E00198122224600202020202020202020202020202020202033343835
02-12-2022 16:58:38.585,349,RECV,7E00198122224600202020202020202020202020202020202033343934
02-12-2022 16:58:39.090,350,RECV,7E0019812222450020202020202020202020202020202020203335303D
02-12-2022 16:58:39.593,351,RECV,7E0019812222460020202020202020202020202020202020203335313B
02-12-2022 16:58:40.095,352,RECV,7E0019812222460020202020202020202020202020202020203335323A
02-12-2022 16:58:40.603,353,RECV,7E00198122224600202020202020202020202020202020202033353339
02-12-2022 16:58:41.105,354,RECV,7E00198122224600202020202020202020202020202020202033353438
02-12-2022 16:58:41.606,355,RECV,7E00198122224600202020202020202020202020202020202033353537
02-12-2022 16:58:42.112,356,RECV,7E00198122224600202020202020202020202020202020202033353636
02-12-2022 16:58:42.618,357,RECV,7E00198122224600202020202020202020202020202020202033353735
02-12-2022 16:58:43.060,358,RECV,7E00198122224600202020202020202020202020202020202033353834
02-12-2022 16:58:43.625,359,RECV,7E00198122224600202020202020202020202020202020202033353933
02-12-2022 16:58:44.065,360,RECV,7E0019812222460020202020202020202020202020202020203336303B
02-12-2022 16:58:44.569,361,RECV,7E0019812222460020202020202020202020202020202020203336313A
02-12-2022 16:58:45.071,362,RECV,7E00198122224600202020202020202020202020202020202033363239
02-12-2022 16:58:45.580,363,RECV,7E00198122224600202020202020202020202020202020202033363338
02-12-2022 16:58:46.083,364,RECV,7E00198122224600202020202020202020202020202020202033363437
02-12-2022 16:58:46.588,365,RECV,7E00198122224600202020202020202020202020202020202033363536
02-12-2022 16:58:47.091,366,RECV,7E00198122224600202020202020202020202020202020202033363635
02-12-2022 16:58:47.597,367,RECV,7E00198122224600202020202020202020202020202020202033363734
02-12-2022 16:58:48.105,368,RECV,7E00198122224500202020202020202020202020202020202033363834
02-12-2022 16:58:48.608,369,RECV,7E00198122224600202020202020202020202020202020202033363932
02-12-2022 16:58:49.108,370,RECV,7E0019812222460020202020202020202020202020202020203337303A
02-12-2022 16:58:49.610,371,RECV,7E00198122224600202020202020202020202020202020202033373139
02-12-2022 16:58:50.118,372,RECV,7E00198122224600202020202020202020202020202020202033373238
02-12-2022 16:58:50.616,373,RECV,7E00198122224600202020202020202020202020202020202033373337
02-12-2022 16:58:51.119,374,RECV,7E00198122224500202020202020202020202020202020202033373437
02-12-2022 16:58:51.565,375,RECV,7E00198122224500202020202020202020202020202020202033373536
02-12-2022 16:58:52.082,376,RECV,7E00198122224600202020202020202020202020202020202033373634
02-12-2022 16:58:52.576,377,RECV,7E00198122224400202020202020202020202020202020202033373735
02-12-2022 16:58:53.084,378,RECV,7E00198122224600202020202020202020202020202020202033373832
02-12-2022 16:58:53.590,379,RECV,7E00198122224600202020202020202020202020202020202033373931
02-12-2022 16:58:54.087,380,RECV,7E00198122224600202020202020202020202020202020202033383039
02-12-2022 16:58:54.595,381,RECV,7E00198122224600202020202020202020202020202020202033383138
02-12-2022 16:58:55.099,382,RECV,7E00198122224600202020202020202020202020202020202033383237
02-12-2022 16:58:55.604,383,RECV,7E00198122224500202020202020202020202020202020202033383337
02-12-2022 16:58:56.109,384,RECV,7E00198122224600202020202020202020202020202020202033383435
02-12-2022 16:58:56.613,385,RECV,7E00198122224600202020202020202020202020202020202033383534
02-12-2022 16:58:57.113,386,RECV,7E00198122224600202020202020202020202020202020202033383633
02-12-2022 16:58:57.619,387,RECV,7E00198122224600202020202020202020202020202020202033383732
02-12-2022 16:58:58.123,388,RECV,7E00198122224600202020202020202020202020202020202033383831
02-12-2022 16:58:58.628,389,RECV,7E00198122224600202020202020202020202020202020202033383930
02-12-2022 16:58:59.126,390,RECV,7E00198122224600202020202020202020202020202020202033393038
02-12-2022 16:58:59.629,391,RECV,7E00198122224600202020202020202020202020202020202033393137
02-12-2022 16:59:00.132,392,RECV,7E00198122224400202020202020202020202020202020202033393238
02-12-2022 16:59:00.574,393,RECV,7E00198122224500202020202020202020202020202020202033393336
02-12-2022 16:59:01.141,394,RECV,7E00198122224600202020202020202020202020202020202033393434
02-12-2022 16:59:01.582,395,RECV,7E00198122224500202020202020202020202020202020202033393534
02-12-2022 16:59:02.085,396,RECV,7E00198122224600202020202020202020202020202020202033393632
02-12-2022 16:59:02.587,397,RECV,7E00198122224600202020202020202020202020202020202033393731
02-12-2022 16:59:03.094,398,RECV,7E00198122224600202020202020202020202020202020202033393830
02-12-2022 16:59:03.597,399,RECV,7E0019812222460020202020202020202020202020202020203339392F
02-12-2022 16:59:04.102,400,RECV,7E00198122224600202020202020202020202020202020202034303040
02-12-2022 16:59:04.604,401,RECV,7E00198122224400202020202020202020202020202020202034303141
02-12-2022 16:59:05.104,402,RECV,7E0019812222460020202020202020202020202020202020203430323E
02-12-2022 16:59:05.606,403,RECV,7E0019812222460020202020202020202020202020202020203430333D
02-12-2022 16:59:06.111,404,RECV,7E0019812222460020202020202020202020202020202020203430343C
02-12-2022 16:59:06.613,405,RECV,7E0019812222460020202020202020202020202020202020203430353B
02-12-2022 16:59:07.115,406,RECV,7E0019812222460020202020202020202020202020202020203430363A
02-12-2022 16:59:07.618,407,RECV,7E00198122224600202020202020202020202020202020202034303739
02-12-2022 16:59:08.120,408,RECV,7E00198122224600202020202020202020202020202020202034303838
02-12-2022 16:59:08.620,409,RECV,7E00198122224600202020202020202020202020202020202034303937
02-12-2022 16:59:09.119,410,RECV,7E0019812222460020202020202020202020202020202020203431303F
02-12-2022 16:59:09.624,411,RECV,7E0019812222460020202020202020202020202020202020203431313E
02-12-2022 16:59:10.127,412,RECV,7E0019812222460020202020202020202020202020202020203431323D
02-12-2022 16:59:10.625,413,RECV,7E0019812222460020202020202020202020202020202020203431333C
02-12-2022 16:59:11.125,414,RECV,7E0019812222460020202020202020202020202020202020203431343B
02-12-2022 16:59:11.626,415,RECV,7E0019812222460020202020202020202020202020202020203431353A
02-12-2022 16:59:12.123,416,RECV,7E00198122224600202020202020202020202020202020202034313639
02-12-2022 16:59:12.627,417,RECV,7E00198122224600202020202020202020202020202020202034313738
02-12-2022 16:59:13.124,418,RECV,7E00198122224600202020202020202020202020202020202034313837
02-12-2022 16:59:13.627,419,RECV,7E00198122224600202020202020202020202020202020202034313936
02-12-2022 16:59:14.129,420,RECV,7E0019812222460020202020202020202020202020202020203432303E
02-12-2022 16:59:14.629,421,RECV,7E0019812222460020202020202020202020202020202020203432313D
02-12-2022 16:59:15.130,422,RECV,7E0019812222460020202020202020202020202020202020203432323C
02-12-2022 16:59:15.631,423,RECV,7E0019812222460020202020202020202020202020202020203432333B
02-12-2022 16:59:16.135,424,RECV,7E0019812222460020202020202020202020202020202020203432343A
02-12-2022 16:59:16.635,425,RECV,7E00198122224600202020202020202020202020202020202034323539
02-12-2022 16:59:17.136,426,RECV,7E00198122224600202020202020202020202020202020202034323638
02-12-2022 16:59:17.635,427,RECV,7E00198122224600202020202020202020202020202020202034323737
02-12-2022 16:59:18.136,428,RECV,7E00198122224600202020202020202020202020202020202034323836
02-12-2022 16:59:18.642,429,RECV,7E00198122224600202020202020202020202020202020202034323935
02-12-2022 16:59:19.146,430,RECV,7E0019812222460020202020202020202020202020202020203433303D
02-12-2022 16:59:19.648,431,RECV,7E0019812222460020202020202020202020202020202020203433313C
02-12-2022 16:59:20.089,432,RECV,7E0019812222460020202020202020202020202020202020203433323B
02-12-2022 16:59:20.655,433,RECV,7E0019812222460020202020202020202020202020202020203433333A
02-12-2022 16:59:21.097,434,RECV,7E00198122224600202020202020202020202020202020202034333439
02-12-2022 16:59:21.597,435,RECV,7E00198122224600202020202020202020202020202020202034333538
02-12-2022 16:59:22.163,436,RECV,7E00198122224500202020202020202020202020202020202034333638
02-12-2022 16:59:22.606,437,RECV,7E00198122224600202020202020202020202020202020202034333736
02-12-2022 16:59:23.111,438,RECV,7E00198122224600202020202020202020202020202020202034333835
02-12-2022 16:59:23.613,439,RECV,7E00198122224600202020202020202020202020202020202034333934
02-12-2022 16:59:24.117,440,RECV,7E0019812222460020202020202020202020202020202020203434303C
02-12-2022 16:59:24.618,441,RECV,7E0019812222460020202020202020202020202020202020203434313B
02-12-2022 16:59:25.623,442,RECV,7E00198122224600202020202020202020202020202020202034343339
02-12-2022 16:59:26.124,443,RECV,7E00198122224600202020202020202020202020202020202034343438
02-12-2022 16:59:26.628,444,RECV,7E00198122224500202020202020202020202020202020202034343538
02-12-2022 16:59:27.130,445,RECV,7E00198122224600202020202020202020202020202020202034343636
02-12-2022 16:59:27.638,446,RECV,7E00198122224600202020202020202020202020202020202034343735
02-12-2022 16:59:28.140,447,RECV,7E00198122224600202020202020202020202020202020202034343834
02-12-2022 16:59:28.649,448,RECV,7E00198122224600202020202020202020202020202020202034343933
02-12-2022 16:59:29.154,449,RECV,7E0019812222460020202020202020202020202020202020203435303B
02-12-2022 16:59:29.655,450,RECV,7E0019812222460020202020202020202020202020202020203435313A
02-12-2022 16:59:30.154,451,RECV,7E00198122224600202020202020202020202020202020202034353239
02-12-2022 16:59:30.655,452,RECV,7E00198122224600202020202020202020202020202020202034353338
02-12-2022 16:59:31.159,453,RECV,7E00198122224600202020202020202020202020202020202034353437
02-12-2022 16:59:31.662,454,RECV,7E00198122224500202020202020202020202020202020202034353537
02-12-2022 16:59:32.105,455,RECV,7E00198122224600202020202020202020202020202020202034353635
02-12-2022 16:59:32.607,456,RECV,7E00198122224600202020202020202020202020202020202034353734
02-12-2022 16:59:33.120,457,RECV,7E00198122224600202020202020202020202020202020202034353833
02-12-2022 16:59:33.610,458,RECV,7E00198122224600202020202020202020202020202020202034353932
02-12-2022 16:59:34.115,459,RECV,7E0019812222460020202020202020202020202020202020203436303A
02-12-2022 16:59:34.621,460,RECV,7E00198122224600202020202020202020202020202020202034363139
02-12-2022 16:59:35.122,461,RECV,7E00198122224600202020202020202020202020202020202034363238
02-12-2022 16:59:35.626,462,RECV,7E00198122224600202020202020202020202020202020202034363337
02-12-2022 16:59:36.129,463,RECV,7E00198122224600202020202020202020202020202020202034363436
02-12-2022 16:59:36.629,464,RECV,7E00198122224600202020202020202020202020202020202034363535
02-12-2022 16:59:37.129,465,RECV,7E00198122224600202020202020202020202020202020202034363634
02-12-2022 16:59:37.635,466,RECV,7E00198122224600202020202020202020202020202020202034363733
02-12-2022 16:59:38.140,467,RECV,7E00198122224600202020202020202020202020202020202034363832
02-12-2022 16:59:38.644,468,RECV,7E00198122224600202020202020202020202020202020202034363931
02-12-2022 16:59:39.152,469,RECV,7E00198122224600202020202020202020202020202020202034373039
02-12-2022 16:59:39.660,470,RECV,7E00198122224600202020202020202020202020202020202034373138
02-12-2022 16:59:40.162,471,RECV,7E00198122224600202020202020202020202020202020202034373237
02-12-2022 16:59:40.663,472,RECV,7E00198122224600202020202020202020202020202020202034373336
02-12-2022 16:59:41.164,473,RECV,7E00198122224600202020202020202020202020202020202034373435
02-12-2022 16:59:41.663,474,RECV,7E00198122224600202020202020202020202020202020202034373534
02-12-2022 16:59:42.161,475,RECV,7E00198122224600202020202020202020202020202020202034373633
02-12-2022 16:59:42.660,476,RECV,7E00198122224600202020202020202020202020202020202034373732
02-12-2022 16:59:43.163,477,RECV,7E00198122224600202020202020202020202020202020202034373831
02-12-2022 16:59:43.665,478,RECV,7E00198122224600202020202020202020202020202020202034373930
02-12-2022 16:59:44.167,479,RECV,7E00198122224600202020202020202020202020202020202034383038
02-12-2022 16:59:44.667,480,RECV,7E00198122224600202020202020202020202020202020202034383137
02-12-2022 16:59:45.109,481,RECV,7E00198122224600202020202020202020202020202020202034383236
02-12-2022 16:59:45.674,482,RECV,7E00198122224600202020202020202020202020202020202034383335
02-12-2022 16:59:46.115,483,RECV,7E00198122224600202020202020202020202020202020202034383434
02-12-2022 16:59:46.620,484,RECV,7E00198122224600202020202020202020202020202020202034383533
02-12-2022 16:59:47.142,485,RECV,7E00198122224600202020202020202020202020202020202034383632
02-12-2022 16:59:47.623,486,RECV,7E00198122224600202020202020202020202020202020202034383731
02-12-2022 16:59:48.125,487,RECV,7E00198122224600202020202020202020202020202020202034383830
02-12-2022 16:59:48.627,488,RECV,7E00198122224500202020202020202020202020202020202034383930
02-12-2022 16:59:49.129,489,RECV,7E00198122224600202020202020202020202020202020202034393037
02-12-2022 16:59:49.634,490,RECV,7E00198122224600202020202020202020202020202020202034393136
02-12-2022 16:59:50.139,491,RECV,7E00198122224600202020202020202020202020202020202034393235
02-12-2022 16:59:50.640,492,RECV,7E00198122224600202020202020202020202020202020202034393334
02-12-2022 16:59:51.146,493,RECV,7E00198122224600202020202020202020202020202020202034393433
02-12-2022 16:59:51.650,494,RECV,7E00198122224600202020202020202020202020202020202034393532
02-12-2022 16:59:52.151,495,RECV,7E00198122224600202020202020202020202020202020202034393631
02-12-2022 16:59:52.653,496,RECV,7E00198122224600202020202020202020202020202020202034393730
02-12-2022 16:59:53.158,497,RECV,7E00198122224500202020202020202020202020202020202034393830
02-12-2022 16:59:53.658,498,RECV,7E0019812222460020202020202020202020202020202020203439392E
02-12-2022 16:59:54.158,499,RECV,7E0019812222460020202020202020202020202020202020203530303F
02-12-2022 16:59:54.658,500,RECV,7E0019812222460020202020202020202020202020202020203530313E
02-12-2022 16:59:55.155,501,RECV,7E0019812222460020202020202020202020202020202020203530323D
02-12-2022 16:59:55.657,502,RECV,7E0019812222460020202020202020202020202020202020203530333C
02-12-2022 16:59:56.162,503,RECV,7E0019812222460020202020202020202020202020202020203530343B
02-12-2022 16:59:56.667,504,RECV,7E0019812222460020202020202020202020202020202020203530353A
02-12-2022 16:59:57.169,505,RECV,7E00198122224600202020202020202020202020202020202035303639
02-12-2022 16:59:57.671,506,RECV,7E0019812222440020202020202020202020202020202020203530373A
02-12-2022 16:59:58.175,507,RECV,7E00198122224500202020202020202020202020202020202035303838
02-12-2022 16:59:58.678,508,RECV,7E00198122224600202020202020202020202020202020202035303936
02-12-2022 16:59:59.182,509,RECV,7E0019812222460020202020202020202020202020202020203531303E
02-12-2022 16:59:59.636,510,RECV,7E0019812222460020202020202020202020202020202020203531313D
02-12-2022 17:00:00.185,511,RECV,7E0019812222460020202020202020202020202020202020203531323C
02-12-2022 17:00:00.684,512,RECV,7E0019812222460020202020202020202020202020202020203531333B
02-12-2022 17:00:01.120,513,RECV,7E0019812222460020202020202020202020202020202020203531343A
02-12-2022 17:00:01.676,514,RECV,7E00198122224600202020202020202020202020202020202035313539
02-12-2022 17:00:02.183,515,RECV,7E00198122224600202020202020202020202020202020202035313638
02-12-2022 17:00:02.683,516,RECV,7E00198122224600202020202020202020202020202020202035313737
02-12-2022 17:00:03.184,517,RECV,7E00198122224400202020202020202020202020202020202035313838
02-12-2022 17:00:03.686,518,RECV,7E00198122224600202020202020202020202020202020202035313935
02-12-2022 17:00:04.189,519,RECV,7E0019812222460020202020202020202020202020202020203532303D
02-12-2022 17:00:04.690,520,RECV,7E0019812222460020202020202020202020202020202020203532313C
02-12-2022 17:00:05.192,521,RECV,7E0019812222460020202020202020202020202020202020203532323B
02-12-2022 17:00:05.692,522,RECV,7E0019812222460020202020202020202020202020202020203532333A
02-12-2022 17:00:06.133,523,RECV,7E00198122224600202020202020202020202020202020202035323439
02-12-2022 17:00:06.697,524,RECV,7E00198122224600202020202020202020202020202020202035323538
02-12-2022 17:00:07.136,525,RECV,7E00198122224600202020202020202020202020202020202035323637
02-12-2022 17:00:07.643,526,RECV,7E00198122224600202020202020202020202020202020202035323736
02-12-2022 17:00:08.147,527,RECV,7E00198122224600202020202020202020202020202020202035323835
02-12-2022 17:00:08.651,528,RECV,7E00198122224600202020202020202020202020202020202035323934
02-12-2022 17:00:09.159,529,RECV,7E0019812222460020202020202020202020202020202020203533303C
02-12-2022 17:00:09.660,530,RECV,7E0019812222460020202020202020202020202020202020203533313B
02-12-2022 17:00:10.165,531,RECV,7E0019812222460020202020202020202020202020202020203533323A
02-12-2022 17:00:10.666,532,RECV,7E00198122224600202020202020202020202020202020202035333339
02-12-2022 17:00:11.174,533,RECV,7E00198122224600202020202020202020202020202020202035333438
02-12-2022 17:00:11.676,534,RECV,7E00198122224600202020202020202020202020202020202035333537
02-12-2022 17:00:12.178,535,RECV,7E00198122224600202020202020202020202020202020202035333636
02-12-2022 17:00:12.680,536,RECV,7E00198122224600202020202020202020202020202020202035333735
02-12-2022 17:00:13.182,537,RECV,7E00198122224600202020202020202020202020202020202035333834
02-12-2022 17:00:13.686,538,RECV,7E00198122224600202020202020202020202020202020202035333933
02-12-2022 17:00:14.186,539,RECV,7E0019812222460020202020202020202020202020202020203534303B
02-12-2022 17:00:14.689,540,RECV,7E0019812222460020202020202020202020202020202020203534313A
02-12-2022 17:00:15.193,541,RECV,7E0019812222450020202020202020202020202020202020203534323A
02-12-2022 17:00:15.700,542,RECV,7E00198122224600202020202020202020202020202020202035343338
02-12-2022 17:00:16.145,543,RECV,7E00198122224600202020202020202020202020202020202035343437
02-12-2022 17:00:16.714,544,RECV,7E00198122224500202020202020202020202020202020202035343537
02-12-2022 17:00:17.155,545,RECV,7E00198122224500202020202020202020202020202020202035343636
02-12-2022 17:00:17.661,546,RECV,7E00198122224600202020202020202020202020202020202035343734
02-12-2022 17:00:18.167,547,RECV,7E00198122224600202020202020202020202020202020202035343833
02-12-2022 17:00:18.671,548,RECV,7E00198122224600202020202020202020202020202020202035343932
02-12-2022 17:00:19.172,549,RECV,7E0019812222460020202020202020202020202020202020203535303A
02-12-2022 17:00:19.675,550,RECV,7E0019812222430020202020202020202020202020202020203535313C
02-12-2022 17:00:20.181,551,RECV,7E00198122224600202020202020202020202020202020202035353238
02-12-2022 17:00:20.685,552,RECV,7E00198122224600202020202020202020202020202020202035353337
02-12-2022 17:00:21.188,553,RECV,7E00198122224500202020202020202020202020202020202035353437
02-12-2022 17:00:21.687,554,RECV,7E00198122224600202020202020202020202020202020202035353535
02-12-2022 17:00:22.192,555,RECV,7E00198122224600202020202020202020202020202020202035353634
02-12-2022 17:00:22.696,556,RECV,7E00198122224600202020202020202020202020202020202035353733
02-12-2022 17:00:23.201,557,RECV,7E00198122224600202020202020202020202020202020202035353832
02-12-2022 17:00:23.706,558,RECV,7E00198122224600202020202020202020202020202020202035353931
02-12-2022 17:00:24.209,559,RECV,7E00198122224600202020202020202020202020202020202035363039
02-12-2022 17:00:24.710,560,RECV,7E00198122224500202020202020202020202020202020202035363139
02-12-2022 17:00:25.149,561,RECV,7E00198122224600202020202020202020202020202020202035363237
02-12-2022 17:00:25.651,562,RECV,7E00198122224600202020202020202020202020202020202035363336
02-12-2022 17:00:26.161,563,RECV,7E00198122224600202020202020202020202020202020202035363435
02-12-2022 17:00:26.663,564,RECV,7E00198122224600202020202020202020202020202020202035363534
02-12-2022 17:00:27.170,565,RECV,7E00198122224600202020202020202020202020202020202035363633
02-12-2022 17:00:27.676,566,RECV,7E00198122224600202020202020202020202020202020202035363732
02-12-2022 17:00:28.182,567,RECV,7E00198122224600202020202020202020202020202020202035363831
02-12-2022 17:00:28.686,568,RECV,7E00198122224500202020202020202020202020202020202035363931
02-12-2022 17:00:29.188,569,RECV,7E00198122224600202020202020202020202020202020202035373038
02-12-2022 17:00:29.692,570,RECV,7E00198122224600202020202020202020202020202020202035373137
02-12-2022 17:00:30.193,571,RECV,7E00198122224600202020202020202020202020202020202035373236
02-12-2022 17:00:30.690,572,RECV,7E00198122224600202020202020202020202020202020202035373335
02-12-2022 17:00:31.191,573,RECV,7E00198122224600202020202020202020202020202020202035373434
02-12-2022 17:00:31.698,574,RECV,7E00198122224600202020202020202020202020202020202035373533
02-12-2022 17:00:32.203,575,RECV,7E00198122224600202020202020202020202020202020202035373632
02-12-2022 17:00:32.701,576,RECV,7E00198122224600202020202020202020202020202020202035373731
02-12-2022 17:00:33.208,577,RECV,7E00198122224600202020202020202020202020202020202035373830
02-12-2022 17:00:33.713,578,RECV,7E0019812222460020202020202020202020202020202020203537392F
02-12-2022 17:00:34.156,579,RECV,7E00198122224500202020202020202020202020202020202035383038
02-12-2022 17:00:34.656,580,RECV,7E00198122224600202020202020202020202020202020202035383136
02-12-2022 17:00:35.223,581,RECV,7E00198122224600202020202020202020202020202020202035383235
02-12-2022 17:00:35.664,582,RECV,7E00198122224600202020202020202020202020202020202035383334
02-12-2022 17:00:36.170,583,RECV,7E00198122224600202020202020202020202020202020202035383433
02-12-2022 17:00:36.675,584,RECV,7E00198122224600202020202020202020202020202020202035383532
02-12-2022 17:00:37.178,585,RECV,7E00198122224600202020202020202020202020202020202035383631
02-12-2022 17:00:37.678,586,RECV,7E00198122224600202020202020202020202020202020202035383730
02-12-2022 17:00:38.686,587,RECV,7E0019812222460020202020202020202020202020202020203538392E
02-12-2022 17:00:39.185,588,RECV,7E00198122224600202020202020202020202020202020202035393036
02-12-2022 17:00:39.691,589,RECV,7E00198122224600202020202020202020202020202020202035393135
02-12-2022 17:00:40.195,590,RECV,7E00198122224600202020202020202020202020202020202035393234
02-12-2022 17:00:40.700,591,RECV,7E00198122224600202020202020202020202020202020202035393333
02-12-2022 17:00:41.202,592,RECV,7E00198122224600202020202020202020202020202020202035393432
02-12-2022 17:00:41.703,593,RECV,7E00198122224500202020202020202020202020202020202035393532
02-12-2022 17:00:42.207,594,RECV,7E00198122224600202020202020202020202020202020202035393630
02-12-2022 17:00:42.710,595,RECV,7E0019812222460020202020202020202020202020202020203539372F
02-12-2022 17:00:43.216,596,RECV,7E0019812222460020202020202020202020202020202020203539382E
02-12-2022 17:00:43.719,597,RECV,7E0019812222460020202020202020202020202020202020203539392D
02-12-2022 17:00:44.221,598,RECV,7E0019812222460020202020202020202020202020202020203630303E
02-12-2022 17:00:44.726,599,RECV,7E0019812222460020202020202020202020202020202020203630313D
02-12-2022 17:00:45.168,600,RECV,7E0019812222460020202020202020202020202020202020203630323C
02-12-2022 17:00:45.732,601,RECV,7E0019812222460020202020202020202020202020202020203630333B
02-12-2022 17:00:46.170,602,RECV,7E0019812222450020202020202020202020202020202020203630343B
02-12-2022 17:00:46.673,603,RECV,7E00198122224600202020202020202020202020202020202036303539
02-12-2022 17:00:47.176,604,RECV,7E00198122224600202020202020202020202020202020202036303638
02-12-2022 17:00:47.681,605,RECV,7E00198122224600202020202020202020202020202020202036303737
02-12-2022 17:00:48.187,606,RECV,7E00198122224600202020202020202020202020202020202036303836
02-12-2022 17:00:48.691,607,RECV,7E00198122224600202020202020202020202020202020202036303935
02-12-2022 17:00:49.195,608,RECV,7E0019812222460020202020202020202020202020202020203631303D
02-12-2022 17:00:49.698,609,RECV,7E0019812222460020202020202020202020202020202020203631313C
02-12-2022 17:00:50.202,610,RECV,7E0019812222460020202020202020202020202020202020203631323B
02-12-2022 17:00:50.704,611,RECV,7E0019812222460020202020202020202020202020202020203631333A
02-12-2022 17:00:51.207,612,RECV,7E00198122224600202020202020202020202020202020202036313439
02-12-2022 17:00:51.713,613,RECV,7E00198122224600202020202020202020202020202020202036313538
02-12-2022 17:00:52.218,614,RECV,7E00198122224600202020202020202020202020202020202036313637
02-12-2022 17:00:52.720,615,RECV,7E00198122224600202020202020202020202020202020202036313736
02-12-2022 17:00:53.228,616,RECV,7E00198122224600202020202020202020202020202020202036313835
02-12-2022 17:00:53.726,617,RECV,7E00198122224600202020202020202020202020202020202036313934
02-12-2022 17:00:54.168,618,RECV,7E0019812222460020202020202020202020202020202020203632303C
02-12-2022 17:00:54.733,619,RECV,7E0019812222460020202020202020202020202020202020203632313B
02-12-2022 17:00:55.176,620,RECV,7E0019812222460020202020202020202020202020202020203632323A
02-12-2022 17:00:55.677,621,RECV,7E00198122224600202020202020202020202020202020202036323339
02-12-2022 17:00:56.182,622,RECV,7E00198122224600202020202020202020202020202020202036323438
02-12-2022 17:00:56.686,623,RECV,7E00198122224600202020202020202020202020202020202036323537
02-12-2022 17:00:57.193,624,RECV,7E00198122224600202020202020202020202020202020202036323636
02-12-2022 17:00:57.693,625,RECV,7E00198122224600202020202020202020202020202020202036323735
02-12-2022 17:00:58.196,626,RECV,7E00198122224600202020202020202020202020202020202036323834
02-12-2022 17:00:58.701,627,RECV,7E00198122224600202020202020202020202020202020202036323933
02-12-2022 17:00:59.203,628,RECV,7E0019812222460020202020202020202020202020202020203633303B
02-12-2022 17:00:59.708,629,RECV,7E0019812222460020202020202020202020202020202020203633313A
02-12-2022 17:01:00.211,630,RECV,7E00198122224600202020202020202020202020202020202036333239
02-12-2022 17:01:00.714,631,RECV,7E00198122224500202020202020202020202020202020202036333339
02-12-2022 17:01:01.218,632,RECV,7E00198122224600202020202020202020202020202020202036333437
02-12-2022 17:01:01.724,633,RECV,7E00198122224600202020202020202020202020202020202036333536
02-12-2022 17:01:02.232,634,RECV,7E00198122224600202020202020202020202020202020202036333635
02-12-2022 17:01:02.737,635,RECV,7E00198122224600202020202020202020202020202020202036333734
02-12-2022 17:01:03.191,636,RECV,7E00198122224600202020202020202020202020202020202036333833
02-12-2022 17:01:03.745,637,RECV,7E00198122224600202020202020202020202020202020202036333932
02-12-2022 17:01:04.184,638,RECV,7E0019812222460020202020202020202020202020202020203634303A
02-12-2022 17:01:04.691,639,RECV,7E00198122224600202020202020202020202020202020202036343139
02-12-2022 17:01:05.193,640,RECV,7E00198122224500202020202020202020202020202020202036343239
02-12-2022 17:01:05.699,641,RECV,7E00198122224600202020202020202020202020202020202036343337
02-12-2022 17:01:06.203,642,RECV,7E00198122224600202020202020202020202020202020202036343436
02-12-2022 17:01:06.704,643,RECV,7E00198122224600202020202020202020202020202020202036343535
02-12-2022 17:01:07.206,644,RECV,7E00198122224600202020202020202020202020202020202036343634
02-12-2022 17:01:07.712,645,RECV,7E00198122224600202020202020202020202020202020202036343733
02-12-2022 17:01:08.215,646,RECV,7E00198122224500202020202020202020202020202020202036343833
02-12-2022 17:01:08.718,647,RECV,7E00198122224600202020202020202020202020202020202036343931
02-12-2022 17:01:09.224,648,RECV,7E00198122224600202020202020202020202020202020202036353039
02-12-2022 17:01:09.727,649,RECV,7E00198122224500202020202020202020202020202020202036353139
02-12-2022 17:01:10.235,650,RECV,7E00198122224600202020202020202020202020202020202036353237
02-12-2022 17:01:10.740,651,RECV,7E00198122224600202020202020202020202020202020202036353336
02-12-2022 17:01:11.246,652,RECV,7E00198122224600202020202020202020202020202020202036353435
02-12-2022 17:01:11.688,653,RECV,7E00198122224600202020202020202020202020202020202036353534
02-12-2022 17:01:12.192,654,RECV,7E00198122224600202020202020202020202020202020202036353633
02-12-2022 17:01:12.693,655,RECV,7E00198122224600202020202020202020202020202020202036353732
02-12-2022 17:01:13.197,656,RECV,7E00198122224600202020202020202020202020202020202036353831
02-12-2022 17:01:13.701,657,RECV,7E00198122224600202020202020202020202020202020202036353930
02-12-2022 17:01:14.208,658,RECV,7E00198122224500202020202020202020202020202020202036363039
02-12-2022 17:01:14.709,659,RECV,7E00198122224600202020202020202020202020202020202036363137
02-12-2022 17:01:15.210,660,RECV,7E00198122224600202020202020202020202020202020202036363236
02-12-2022 17:01:15.711,661,RECV,7E00198122224600202020202020202020202020202020202036363335
02-12-2022 17:01:16.209,662,RECV,7E00198122224600202020202020202020202020202020202036363434
02-12-2022 17:01:16.710,663,RECV,7E00198122224600202020202020202020202020202020202036363533
02-12-2022 17:01:17.724,664,RECV,7E00198122224600202020202020202020202020202020202036363731
02-12-2022 17:01:18.230,665,RECV,7E00198122224600202020202020202020202020202020202036363830
02-12-2022 17:01:18.728,666,RECV,7E0019812222460020202020202020202020202020202020203636392F
02-12-2022 17:01:19.236,667,RECV,7E00198122224600202020202020202020202020202020202036373037
02-12-2022 17:01:19.741,668,RECV,7E00198122224600202020202020202020202020202020202036373136
02-12-2022 17:01:20.243,669,RECV,7E00198122224600202020202020202020202020202020202036373235
02-12-2022 17:01:20.744,670,RECV,7E00198122224600202020202020202020202020202020202036373334
02-12-2022 17:01:21.201,671,RECV,7E00198122224600202020202020202020202020202020202036373433
02-12-2022 17:01:21.754,672,RECV,7E00198122224400202020202020202020202020202020202036373534
02-12-2022 17:01:22.251,673,RECV,7E00198122224500202020202020202020202020202020202036373632
02-12-2022 17:01:22.691,674,RECV,7E00198122224600202020202020202020202020202020202036373730
02-12-2022 17:01:23.251,675,RECV,7E0019812222460020202020202020202020202020202020203637382F
02-12-2022 17:01:23.753,676,RECV,7E0019812222460020202020202020202020202020202020203637392E
02-12-2022 17:01:24.253,677,RECV,7E00198122224600202020202020202020202020202020202036383036
02-12-2022 17:01:24.754,678,RECV,7E00198122224600202020202020202020202020202020202036383135
02-12-2022 17:01:25.255,679,RECV,7E00198122224600202020202020202020202020202020202036383234
02-12-2022 17:01:25.752,680,RECV,7E00198122224600202020202020202020202020202020202036383333
02-12-2022 17:01:26.252,681,RECV,7E00198122224600202020202020202020202020202020202036383432
02-12-2022 17:01:26.755,682,RECV,7E00198122224600202020202020202020202020202020202036383531
02-12-2022 17:01:27.261,683,RECV,7E00198122224600202020202020202020202020202020202036383630
02-12-2022 17:01:27.703,684,RECV,7E0019812222460020202020202020202020202020202020203638372F
02-12-2022 17:01:28.268,685,RECV,7E0019812222460020202020202020202020202020202020203638382E
02-12-2022 17:01:28.712,686,RECV,7E0019812222460020202020202020202020202020202020203638392D
02-12-2022 17:01:29.219,687,RECV,7E00198122224600202020202020202020202020202020202036393035
02-12-2022 17:01:29.724,688,RECV,7E00198122224600202020202020202020202020202020202036393134
02-12-2022 17:01:30.232,689,RECV,7E00198122224600202020202020202020202020202020202036393233
02-12-2022 17:01:30.733,690,RECV,7E00198122224600202020202020202020202020202020202036393332
02-12-2022 17:01:31.238,691,RECV,7E00198122224600202020202020202020202020202020202036393431
02-12-2022 17:01:31.741,692,RECV,7E00198122224500202020202020202020202020202020202036393531
02-12-2022 17:01:32.244,693,RECV,7E0019812222460020202020202020202020202020202020203639362F
02-12-2022 17:01:32.745,694,RECV,7E0019812222460020202020202020202020202020202020203639372E
02-12-2022 17:01:33.249,695,RECV,7E0019812222460020202020202020202020202020202020203639382D
02-12-2022 17:01:33.752,696,RECV,7E0019812222460020202020202020202020202020202020203639392C
02-12-2022 17:01:34.251,697,RECV,7E0019812222460020202020202020202020202020202020203730303D
02-12-2022 17:01:34.758,698,RECV,7E0019812222460020202020202020202020202020202020203730313C
02-12-2022 17:01:35.263,699,RECV,7E0019812222460020202020202020202020202020202020203730323B
02-12-2022 17:01:35.768,700,RECV,7E0019812222460020202020202020202020202020202020203730333A
02-12-2022 17:01:36.208,701,RECV,7E00198122224600202020202020202020202020202020202037303439
02-12-2022 17:01:36.707,702,RECV,7E00198122224600202020202020202020202020202020202037303538
02-12-2022 17:01:37.224,703,RECV,7E00198122224600202020202020202020202020202020202037303637
02-12-2022 17:01:38.212,704,RECV,7E00198122224500202020202020202020202020202020202037303836
02-12-2022 17:01:38.716,705,RECV,7E00198122224600202020202020202020202020202020202037303934
02-12-2022 17:01:39.221,706,RECV,7E0019812222450020202020202020202020202020202020203731303D
02-12-2022 17:01:39.728,707,RECV,7E0019812222460020202020202020202020202020202020203731313B
02-12-2022 17:01:40.232,708,RECV,7E0019812222460020202020202020202020202020202020203731323A
02-12-2022 17:01:40.738,709,RECV,7E0019812222450020202020202020202020202020202020203731333A
02-12-2022 17:01:41.240,710,RECV,7E00198122224600202020202020202020202020202020202037313438
02-12-2022 17:01:41.747,711,RECV,7E00198122224600202020202020202020202020202020202037313537
02-12-2022 17:01:42.251,712,RECV,7E00198122224600202020202020202020202020202020202037313636
02-12-2022 17:01:42.754,713,RECV,7E00198122224600202020202020202020202020202020202037313735
02-12-2022 17:01:43.259,714,RECV,7E00198122224600202020202020202020202020202020202037313834
02-12-2022 17:01:44.265,715,RECV,7E0019812222460020202020202020202020202020202020203732303B
02-12-2022 17:01:44.770,716,RECV,7E0019812222460020202020202020202020202020202020203732313A
02-12-2022 17:01:45.271,717,RECV,7E0019812222440020202020202020202020202020202020203732323B
02-12-2022 17:01:45.707,718,RECV,7E00198122224600202020202020202020202020202020202037323338
02-12-2022 17:01:46.280,719,RECV,7E00198122224600202020202020202020202020202020202037323437
02-12-2022 17:01:46.722,720,RECV,7E00198122224600202020202020202020202020202020202037323536
02-12-2022 17:01:47.227,721,RECV,7E00198122224600202020202020202020202020202020202037323635
02-12-2022 17:01:47.734,722,RECV,7E00198122224600202020202020202020202020202020202037323734
02-12-2022 17:01:48.240,723,RECV,7E00198122224500202020202020202020202020202020202037323834
02-12-2022 17:01:48.744,724,RECV,7E00198122224600202020202020202020202020202020202037323932
02-12-2022 17:01:49.249,725,RECV,7E0019812222460020202020202020202020202020202020203733303A
02-12-2022 17:01:49.754,726,RECV,7E00198122224600202020202020202020202020202020202037333139
02-12-2022 17:01:50.257,727,RECV,7E00198122224600202020202020202020202020202020202037333238
02-12-2022 17:01:50.758,728,RECV,7E00198122224600202020202020202020202020202020202037333337
02-12-2022 17:01:51.261,729,RECV,7E00198122224600202020202020202020202020202020202037333436
02-12-2022 17:01:51.759,730,RECV,7E00198122224600202020202020202020202020202020202037333535
02-12-2022 17:01:52.264,731,RECV,7E00198122224600202020202020202020202020202020202037333634
02-12-2022 17:01:52.768,732,RECV,7E00198122224600202020202020202020202020202020202037333733
02-12-2022 17:01:53.275,733,RECV,7E00198122224600202020202020202020202020202020202037333832
02-12-2022 17:01:53.774,734,RECV,7E00198122224600202020202020202020202020202020202037333931
02-12-2022 17:01:54.275,735,RECV,7E00198122224600202020202020202020202020202020202037343039
02-12-2022 17:01:54.775,736,RECV,7E00198122224600202020202020202020202020202020202037343138
02-12-2022 17:01:55.273,737,RECV,7E00198122224600202020202020202020202020202020202037343237
02-12-2022 17:01:55.780,738,RECV,7E00198122224600202020202020202020202020202020202037343336
02-12-2022 17:01:56.280,739,RECV,7E00198122224600202020202020202020202020202020202037343435
02-12-2022 17:01:56.732,740,RECV,7E00198122224600202020202020202020202020202020202037343534
02-12-2022 17:01:57.286,741,RECV,7E00198122224600202020202020202020202020202020202037343633
02-12-2022 17:01:57.731,742,RECV,7E00198122224600202020202020202020202020202020202037343732
02-12-2022 17:01:58.237,743,RECV,7E00198122224600202020202020202020202020202020202037343831
02-12-2022 17:01:58.740,744,RECV,7E00198122224600202020202020202020202020202020202037343930
02-12-2022 17:01:59.248,745,RECV,7E00198122224600202020202020202020202020202020202037353038
02-12-2022 17:01:59.752,746,RECV,7E00198122224600202020202020202020202020202020202037353137
02-12-2022 17:02:00.256,747,RECV,7E00198122224600202020202020202020202020202020202037353236
02-12-2022 17:02:00.761,748,RECV,7E00198122224600202020202020202020202020202020202037353335
02-12-2022 17:02:01.267,749,RECV,7E00198122224600202020202020202020202020202020202037353434
02-12-2022 17:02:01.757,750,RECV,7E00198122224600202020202020202020202020202020202037353533
02-12-2022 17:02:02.259,751,RECV,7E00198122224600202020202020202020202020202020202037353632
02-12-2022 17:02:02.763,752,RECV,7E00198122224600202020202020202020202020202020202037353731
02-12-2022 17:02:03.264,753,RECV,7E00198122224600202020202020202020202020202020202037353830
02-12-2022 17:02:03.767,754,RECV,7E0019812222460020202020202020202020202020202020203735392F
02-12-2022 17:02:04.272,755,RECV,7E00198122224600202020202020202020202020202020202037363037
02-12-2022 17:02:04.777,756,RECV,7E00198122224600202020202020202020202020202020202037363136
02-12-2022 17:02:05.279,757,RECV,7E00198122224600202020202020202020202020202020202037363235
02-12-2022 17:02:06.284,758,RECV,7E00198122224600202020202020202020202020202020202037363433
02-12-2022 17:02:06.789,759,RECV,7E00198122224600202020202020202020202020202020202037363532
02-12-2022 17:02:07.293,760,RECV,7E00198122224500202020202020202020202020202020202037363632
02-12-2022 17:02:07.792,761,RECV,7E00198122224600202020202020202020202020202020202037363730
02-12-2022 17:02:08.232,762,RECV,7E0019812222460020202020202020202020202020202020203736382F
02-12-2022 17:02:08.734,763,RECV,7E0019812222460020202020202020202020202020202020203736392E
02-12-2022 17:02:09.240,764,RECV,7E00198122224600202020202020202020202020202020202037373036
02-12-2022 17:02:09.744,765,RECV,7E00198122224600202020202020202020202020202020202037373135
02-12-2022 17:02:10.253,766,RECV,7E00198122224500202020202020202020202020202020202037373235
02-12-2022 17:02:10.752,767,RECV,7E00198122224600202020202020202020202020202020202037373333
02-12-2022 17:02:11.261,768,RECV,7E00198122224600202020202020202020202020202020202037373432
02-12-2022 17:02:11.767,769,RECV,7E00198122224600202020202020202020202020202020202037373531
02-12-2022 17:02:12.265,770,RECV,7E00198122224600202020202020202020202020202020202037373630
02-12-2022 17:02:12.766,771,RECV,7E0019812222460020202020202020202020202020202020203737372F
02-12-2022 17:02:13.271,772,RECV,7E0019812222460020202020202020202020202020202020203737382E
02-12-2022 17:02:13.774,773,RECV,7E0019812222460020202020202020202020202020202020203737392D
02-12-2022 17:02:14.278,774,RECV,7E00198122224600202020202020202020202020202020202037383035
02-12-2022 17:02:14.781,775,RECV,7E00198122224400202020202020202020202020202020202037383136
02-12-2022 17:02:15.292,776,RECV,7E00198122224500202020202020202020202020202020202037383234
02-12-2022 17:02:15.796,777,RECV,7E00198122224600202020202020202020202020202020202037383332
02-12-2022 17:02:16.303,778,RECV,7E00198122224600202020202020202020202020202020202037383431
02-12-2022 17:02:16.799,779,RECV,7E00198122224600202020202020202020202020202020202037383530
02-12-2022 17:02:17.242,780,RECV,7E0019812222460020202020202020202020202020202020203738362F
02-12-2022 17:02:17.806,781,RECV,7E0019812222460020202020202020202020202020202020203738372E
02-12-2022 17:02:18.247,782,RECV,7E0019812222460020202020202020202020202020202020203738382D
02-12-2022 17:02:18.752,783,RECV,7E0019812222460020202020202020202020202020202020203738392C
02-12-2022 17:02:19.254,784,RECV,7E00198122224500202020202020202020202020202020202037393035
02-12-2022 17:02:19.758,785,RECV,7E00198122224600202020202020202020202020202020202037393133
02-12-2022 17:02:20.264,786,RECV,7E00198122224600202020202020202020202020202020202037393232
02-12-2022 17:02:20.766,787,RECV,7E00198122224600202020202020202020202020202020202037393331
02-12-2022 17:02:21.271,788,RECV,7E00198122224600202020202020202020202020202020202037393430
02-12-2022 17:02:21.774,789,RECV,7E00198122224500202020202020202020202020202020202037393530
02-12-2022 17:02:22.274,790,RECV,7E0019812222460020202020202020202020202020202020203739362E
02-12-2022 17:02:22.769,791,RECV,7E0019812222460020202020202020202020202020202020203739372D
02-12-2022 17:02:23.272,792,RECV,7E0019812222460020202020202020202020202020202020203739382C
02-12-2022 17:02:23.776,793,RECV,7E0019812222460020202020202020202020202020202020203739392B
02-12-2022 17:02:24.280,794,RECV,7E0019812222460020202020202020202020202020202020203830303C
02-12-2022 17:02:24.779,795,RECV,7E0019812222450020202020202020202020202020202020203830313C
02-12-2022 17:02:25.283,796,RECV,7E0019812222460020202020202020202020202020202020203830323A
02-12-2022 17:02:25.786,797,RECV,7E00198122224600202020202020202020202020202020202038303339
02-12-2022 17:02:26.292,798,RECV,7E00198122224600202020202020202020202020202020202038303438
02-12-2022 17:02:26.795,799,RECV,7E00198122224600202020202020202020202020202020202038303537
02-12-2022 17:02:27.298,800,RECV,7E00198122224600202020202020202020202020202020202038303636
02-12-2022 17:02:27.801,801,RECV,7E00198122224600202020202020202020202020202020202038303735
02-12-2022 17:02:28.244,802,RECV,7E00198122224600202020202020202020202020202020202038303834
02-12-2022 17:02:28.764,803,RECV,7E00198122224600202020202020202020202020202020202038303933
02-12-2022 17:02:29.310,804,RECV,7E0019812222460020202020202020202020202020202020203831303B
02-12-2022 17:02:29.748,805,RECV,7E0019812222460020202020202020202020202020202020203831313A
02-12-2022 17:02:30.310,806,RECV,7E00198122224600202020202020202020202020202020202038313239
02-12-2022 17:02:30.815,807,RECV,7E00198122224600202020202020202020202020202020202038313338
02-12-2022 17:02:31.256,808,RECV,7E00198122224600202020202020202020202020202020202038313437
02-12-2022 17:02:31.823,809,RECV,7E00198122224600202020202020202020202020202020202038313536
02-12-2022 17:02:32.261,810,RECV,7E00198122224600202020202020202020202020202020202038313635
02-12-2022 17:02:32.763,811,RECV,7E00198122224600202020202020202020202020202020202038313734
02-12-2022 17:02:33.265,812,RECV,7E00198122224600202020202020202020202020202020202038313833
02-12-2022 17:02:33.766,813,RECV,7E00198122224600202020202020202020202020202020202038313932
02-12-2022 17:02:34.272,814,RECV,7E0019812222460020202020202020202020202020202020203832303A
02-12-2022 17:02:34.775,815,RECV,7E00198122224600202020202020202020202020202020202038323139
02-12-2022 17:02:35.280,816,RECV,7E00198122224600202020202020202020202020202020202038323238
02-12-2022 17:02:35.786,817,RECV,7E00198122224600202020202020202020202020202020202038323337
02-12-2022 17:02:36.293,818,RECV,7E00198122224600202020202020202020202020202020202038323436
02-12-2022 17:02:36.797,819,RECV,7E00198122224500202020202020202020202020202020202038323536
02-12-2022 17:02:37.301,820,RECV,7E00198122224600202020202020202020202020202020202038323634
02-12-2022 17:02:37.804,821,RECV,7E00198122224600202020202020202020202020202020202038323733
02-12-2022 17:02:38.309,822,RECV,7E00198122224600202020202020202020202020202020202038323832
02-12-2022 17:02:38.816,823,RECV,7E00198122224600202020202020202020202020202020202038323931
02-12-2022 17:02:39.275,824,RECV,7E00198122224600202020202020202020202020202020202038333039
02-12-2022 17:02:39.823,825,RECV,7E00198122224600202020202020202020202020202020202038333138
02-12-2022 17:02:40.264,826,RECV,7E00198122224600202020202020202020202020202020202038333237
02-12-2022 17:02:40.768,827,RECV,7E00198122224600202020202020202020202020202020202038333336
02-12-2022 17:02:41.271,828,RECV,7E00198122224500202020202020202020202020202020202038333436
02-12-2022 17:02:41.773,829,RECV,7E00198122224500202020202020202020202020202020202038333535
02-12-2022 17:02:42.276,830,RECV,7E00198122224600202020202020202020202020202020202038333633
02-12-2022 17:02:42.779,831,RECV,7E00198122224600202020202020202020202020202020202038333732
02-12-2022 17:02:43.279,832,RECV,7E00198122224600202020202020202020202020202020202038333831
02-12-2022 17:02:43.785,833,RECV,7E00198122224600202020202020202020202020202020202038333930
02-12-2022 17:02:44.292,834,RECV,7E00198122224600202020202020202020202020202020202038343038
02-12-2022 17:02:44.794,835,RECV,7E00198122224600202020202020202020202020202020202038343137
02-12-2022 17:02:45.303,836,RECV,7E00198122224600202020202020202020202020202020202038343236
02-12-2022 17:02:45.804,837,RECV,7E00198122224400202020202020202020202020202020202038343337
02-12-2022 17:02:46.301,838,RECV,7E00198122224500202020202020202020202020202020202038343435
02-12-2022 17:02:46.805,839,RECV,7E00198122224600202020202020202020202020202020202038343533
02-12-2022 17:02:47.308,840,RECV,7E00198122224500202020202020202020202020202020202038343633
02-12-2022 17:02:47.811,841,RECV,7E00198122224600202020202020202020202020202020202038343731
02-12-2022 17:02:48.318,842,RECV,7E00198122224600202020202020202020202020202020202038343830
02-12-2022 17:02:48.825,843,RECV,7E0019812222460020202020202020202020202020202020203834392F
02-12-2022 17:02:49.265,844,RECV,7E00198122224600202020202020202020202020202020202038353037
02-12-2022 17:02:49.830,845,RECV,7E00198122224600202020202020202020202020202020202038353136
02-12-2022 17:02:50.333,846,RECV,7E00198122224600202020202020202020202020202020202038353235
02-12-2022 17:02:50.771,847,RECV,7E00198122224600202020202020202020202020202020202038353334
02-12-2022 17:02:51.273,848,RECV,7E00198122224500202020202020202020202020202020202038353434
02-12-2022 17:02:51.836,849,RECV,7E00198122224600202020202020202020202020202020202038353532
02-12-2022 17:02:52.278,850,RECV,7E00198122224600202020202020202020202020202020202038353631
02-12-2022 17:02:52.783,851,RECV,7E00198122224600202020202020202020202020202020202038353730
02-12-2022 17:02:53.289,852,RECV,7E0019812222460020202020202020202020202020202020203835382F
02-12-2022 17:02:53.793,853,RECV,7E0019812222460020202020202020202020202020202020203835392E
02-12-2022 17:02:54.293,854,RECV,7E00198122224600202020202020202020202020202020202038363036
02-12-2022 17:02:54.795,855,RECV,7E00198122224600202020202020202020202020202020202038363135
02-12-2022 17:02:55.303,856,RECV,7E00198122224600202020202020202020202020202020202038363234
02-12-2022 17:02:55.807,857,RECV,7E00198122224500202020202020202020202020202020202038363334
02-12-2022 17:02:56.314,858,RECV,7E00198122224600202020202020202020202020202020202038363432
02-12-2022 17:02:56.813,859,RECV,7E00198122224600202020202020202020202020202020202038363531
02-12-2022 17:02:57.311,860,RECV,7E00198122224600202020202020202020202020202020202038363630
02-12-2022 17:02:57.815,861,RECV,7E0019812222460020202020202020202020202020202020203836372F
02-12-2022 17:02:58.314,862,RECV,7E0019812222460020202020202020202020202020202020203836382E
02-12-2022 17:02:58.815,863,RECV,7E0019812222450020202020202020202020202020202020203836392E
02-12-2022 17:02:59.315,864,RECV,7E00198122224600202020202020202020202020202020202038373035
02-12-2022 17:02:59.816,865,RECV,7E00198122224600202020202020202020202020202020202038373134
02-12-2022 17:03:00.320,866,RECV,7E00198122224600202020202020202020202020202020202038373233
02-12-2022 17:03:00.820,867,RECV,7E00198122224600202020202020202020202020202020202038373332
02-12-2022 17:03:01.324,868,RECV,7E00198122224600202020202020202020202020202020202038373431
02-12-2022 17:03:01.832,869,RECV,7E00198122224600202020202020202020202020202020202038373530
02-12-2022 17:03:02.333,870,RECV,7E0019812222460020202020202020202020202020202020203837362F
02-12-2022 17:03:02.840,871,RECV,7E0019812222460020202020202020202020202020202020203837372E
02-12-2022 17:03:03.281,872,RECV,7E0019812222460020202020202020202020202020202020203837382D
02-12-2022 17:03:03.786,873,RECV,7E0019812222460020202020202020202020202020202020203837392C
02-12-2022 17:03:04.343,874,RECV,7E00198122224600202020202020202020202020202020202038383034
02-12-2022 17:03:04.781,875,RECV,7E00198122224600202020202020202020202020202020202038383133
02-12-2022 17:03:05.284,876,RECV,7E00198122224600202020202020202020202020202020202038383232
02-12-2022 17:03:05.789,877,RECV,7E00198122224600202020202020202020202020202020202038383331
02-12-2022 17:03:06.293,878,RECV,7E00198122224600202020202020202020202020202020202038383430
02-12-2022 17:03:06.798,879,RECV,7E0019812222460020202020202020202020202020202020203838352F
02-12-2022 17:03:07.301,880,RECV,7E0019812222460020202020202020202020202020202020203838362E
02-12-2022 17:03:07.803,881,RECV,7E0019812222450020202020202020202020202020202020203838372E
02-12-2022 17:03:08.305,882,RECV,7E0019812222460020202020202020202020202020202020203838382C
02-12-2022 17:03:08.808,883,RECV,7E0019812222460020202020202020202020202020202020203838392B
02-12-2022 17:03:09.311,884,RECV,7E00198122224600202020202020202020202020202020202038393033
02-12-2022 17:03:09.820,885,RECV,7E00198122224600202020202020202020202020202020202038393132
02-12-2022 17:03:10.317,886,RECV,7E00198122224600202020202020202020202020202020202038393231
02-12-2022 17:03:10.824,887,RECV,7E00198122224600202020202020202020202020202020202038393330
02-12-2022 17:03:11.326,888,RECV,7E0019812222460020202020202020202020202020202020203839342F
02-12-2022 17:03:11.830,889,RECV,7E0019812222460020202020202020202020202020202020203839352E
02-12-2022 17:03:12.334,890,RECV,7E0019812222440020202020202020202020202020202020203839362F
02-12-2022 17:03:12.830,891,RECV,7E0019812222450020202020202020202020202020202020203839372D
02-12-2022 17:03:13.331,892,RECV,7E0019812222460020202020202020202020202020202020203839382B
02-12-2022 17:03:13.834,893,RECV,7E0019812222450020202020202020202020202020202020203839392B
02-12-2022 17:03:14.336,894,RECV,7E0019812222470020202020202020202020202020202020203930303A
02-12-2022 17:03:14.842,895,RECV,7E00198122224B00202020202020202020202020202020202039303135
02-12-2022 17:03:15.347,896,RECV,7E00198122224900202020202020202020202020202020202039303236
02-12-2022 17:03:15.848,897,RECV,7E00198122224800202020202020202020202020202020202039303336
02-12-2022 17:03:16.289,898,RECV,7E00198122224800202020202020202020202020202020202039303435
02-12-2022 17:03:16.855,899,RECV,7E00198122224800202020202020202020202020202020202039303534
02-12-2022 17:03:17.297,900,RECV,7E00198122224700202020202020202020202020202020202039303634
02-12-2022 17:03:17.797,901,RECV,7E00198122224700202020202020202020202020202020202039303733
02-12-2022 17:03:18.357,902,RECV,7E00198122224700202020202020202020202020202020202039303832
02-12-2022 17:03:18.800,903,RECV,7E00198122224700202020202020202020202020202020202039303931
02-12-2022 17:03:19.303,904,RECV,7E00198122224700202020202020202020202020202020202039313039
02-12-2022 17:03:19.810,905,RECV,7E00198122224700202020202020202020202020202020202039313138
02-12-2022 17:03:20.317,906,RECV,7E00198122224700202020202020202020202020202020202039313237
02-12-2022 17:03:20.824,907,RECV,7E00198122224800202020202020202020202020202020202039313335
02-12-2022 17:03:21.326,908,RECV,7E00198122224700202020202020202020202020202020202039313435
02-12-2022 17:03:21.833,909,RECV,7E00198122224900202020202020202020202020202020202039313532
02-12-2022 17:03:22.340,910,RECV,7E00198122224900202020202020202020202020202020202039313631
02-12-2022 17:03:22.841,911,RECV,7E00198122224800202020202020202020202020202020202039313731
02-12-2022 17:03:23.341,912,RECV,7E00198122224800202020202020202020202020202020202039313830
02-12-2022 17:03:23.842,913,RECV,7E0019812222490020202020202020202020202020202020203931392E
02-12-2022 17:03:24.352,914,RECV,7E00198122224A00202020202020202020202020202020202039323035
02-12-2022 17:03:24.853,915,RECV,7E00198122224A00202020202020202020202020202020202039323134
02-12-2022 17:03:25.359,916,RECV,7E00198122224900202020202020202020202020202020202039323234
02-12-2022 17:03:25.860,917,RECV,7E00198122224C00202020202020202020202020202020202039323330
02-12-2022 17:03:26.301,918,RECV,7E00198122224F0020202020202020202020202020202020203932342C
02-12-2022 17:03:26.805,919,RECV,7E00198122224C0020202020202020202020202020202020203932352E
02-12-2022 17:03:27.306,920,RECV,7E00198122224C0020202020202020202020202020202020203932362D
02-12-2022 17:03:27.804,921,RECV,7E00198122224A0020202020202020202020202020202020203932372E
02-12-2022 17:03:28.308,922,RECV,7E00198122224B0020202020202020202020202020202020203932382C
02-12-2022 17:03:28.813,923,RECV,7E0019812222490020202020202020202020202020202020203932392D
02-12-2022 17:03:29.312,924,RECV,7E00198122224800202020202020202020202020202020202039333036
02-12-2022 17:03:29.816,925,RECV,7E00198122224A00202020202020202020202020202020202039333133
02-12-2022 17:03:30.319,926,RECV,7E00198122224900202020202020202020202020202020202039333233
02-12-2022 17:03:30.825,927,RECV,7E00198122224A00202020202020202020202020202020202039333331
02-12-2022 17:03:31.328,928,RECV,7E00198122224800202020202020202020202020202020202039333432
02-12-2022 17:03:31.833,929,RECV,7E00198122224900202020202020202020202020202020202039333530
02-12-2022 17:03:32.337,930,RECV,7E0019812222490020202020202020202020202020202020203933362F
02-12-2022 17:03:32.840,931,RECV,7E0019812222480020202020202020202020202020202020203933372F
02-12-2022 17:03:33.339,932,RECV,7E0019812222480020202020202020202020202020202020203933382E
02-12-2022 17:03:33.846,933,RECV,7E0019812222480020202020202020202020202020202020203933392D
02-12-2022 17:03:34.346,934,RECV,7E00198122224700202020202020202020202020202020202039343036
02-12-2022 17:03:34.846,935,RECV,7E00198122224800202020202020202020202020202020202039343134
02-12-2022 17:03:35.345,936,RECV,7E00198122224800202020202020202020202020202020202039343233
02-12-2022 17:03:35.849,937,RECV,7E00198122224800202020202020202020202020202020202039343332
02-12-2022 17:03:36.356,938,RECV,7E00198122224800202020202020202020202020202020202039343431
02-12-2022 17:03:36.860,939,RECV,7E0019812222490020202020202020202020202020202020203934352F
02-12-2022 17:03:37.363,940,RECV,7E0019812222490020202020202020202020202020202020203934362E
02-12-2022 17:03:37.870,941,RECV,7E0019812222480020202020202020202020202020202020203934372E
02-12-2022 17:03:38.373,942,RECV,7E0019812222490020202020202020202020202020202020203934382C
02-12-2022 17:03:38.810,943,RECV,7E0019812222490020202020202020202020202020202020203934392B
02-12-2022 17:03:39.376,944,RECV,7E00198122224800202020202020202020202020202020202039353034
02-12-2022 17:03:39.818,945,RECV,7E00198122224900202020202020202020202020202020202039353132
02-12-2022 17:03:40.318,946,RECV,7E00198122224900202020202020202020202020202020202039353231
02-12-2022 17:03:40.818,947,RECV,7E00198122224900202020202020202020202020202020202039353330
02-12-2022 17:03:41.324,948,RECV,7E00198122224A0020202020202020202020202020202020203935342E
02-12-2022 17:03:41.827,949,RECV,7E00198122224A0020202020202020202020202020202020203935352D
02-12-2022 17:03:42.329,950,RECV,7E00198122224A0020202020202020202020202020202020203935362C
02-12-2022 17:03:42.833,951,RECV,7E00198122224A0020202020202020202020202020202020203935372B
02-12-2022 17:03:43.339,952,RECV,7E0019812222480020202020202020202020202020202020203935382C
02-12-2022 17:03:43.842,953,RECV,7E0019812222490020202020202020202020202020202020203935392A
02-12-2022 17:03:44.345,954,RECV,7E00198122224900202020202020202020202020202020202039363032
02-12-2022 17:03:44.848,955,RECV,7E00198122224900202020202020202020202020202020202039363131
02-12-2022 17:03:45.354,956,RECV,7E00198122224900202020202020202020202020202020202039363230
02-12-2022 17:03:45.859,957,RECV,7E0019812222490020202020202020202020202020202020203936332F
02-12-2022 17:03:46.365,958,RECV,7E0019812222490020202020202020202020202020202020203936342E
02-12-2022 17:03:46.871,959,RECV,7E0019812222490020202020202020202020202020202020203936352D
02-12-2022 17:03:47.374,960,RECV,7E0019812222490020202020202020202020202020202020203936362C
02-12-2022 17:03:47.813,961,RECV,7E0019812222490020202020202020202020202020202020203936372B
02-12-2022 17:03:48.377,962,RECV,7E0019812222490020202020202020202020202020202020203936382A
02-12-2022 17:03:48.880,963,RECV,7E00198122224900202020202020202020202020202020202039363929
02-12-2022 17:03:49.320,964,RECV,7E00198122224900202020202020202020202020202020202039373031
02-12-2022 17:03:49.818,965,RECV,7E00198122224900202020202020202020202020202020202039373130
02-12-2022 17:03:50.324,966,RECV,7E0019812222490020202020202020202020202020202020203937322F
02-12-2022 17:03:50.829,967,RECV,7E0019812222490020202020202020202020202020202020203937332E
02-12-2022 17:03:51.332,968,RECV,7E0019812222490020202020202020202020202020202020203937342D
02-12-2022 17:03:51.832,969,RECV,7E0019812222490020202020202020202020202020202020203937352C
02-12-2022 17:03:52.335,970,RECV,7E0019812222490020202020202020202020202020202020203937362B
02-12-2022 17:03:52.840,971,RECV,7E0019812222490020202020202020202020202020202020203937372A
02-12-2022 17:03:53.345,972,RECV,7E00198122224900202020202020202020202020202020202039373829
02-12-2022 17:03:53.849,973,RECV,7E00198122224900202020202020202020202020202020202039373928
02-12-2022 17:03:54.356,974,RECV,7E00198122224800202020202020202020202020202020202039383031
02-12-2022 17:03:54.858,975,RECV,7E00198122224800202020202020202020202020202020202039383130
02-12-2022 17:03:55.360,976,RECV,7E0019812222480020202020202020202020202020202020203938322F
02-12-2022 17:03:55.867,977,RECV,7E0019812222480020202020202020202020202020202020203938332E
02-12-2022 17:03:56.369,978,RECV,7E0019812222470020202020202020202020202020202020203938342E
02-12-2022 17:03:56.870,979,RECV,7E0019812222480020202020202020202020202020202020203938352C
02-12-2022 17:03:57.375,980,RECV,7E0019812222480020202020202020202020202020202020203938362B
02-12-2022 17:03:57.884,981,RECV,7E0019812222470020202020202020202020202020202020203938372B
02-12-2022 17:03:58.324,982,RECV,7E00198122224800202020202020202020202020202020202039383829
02-12-2022 17:03:58.824,983,RECV,7E00198122224800202020202020202020202020202020202039383928
02-12-2022 17:03:59.384,984,RECV,7E00198122224800202020202020202020202020202020202039393030
02-12-2022 17:03:59.886,985,RECV,7E0019812222480020202020202020202020202020202020203939312F
02-12-2022 17:04:00.322,986,RECV,7E0019812222480020202020202020202020202020202020203939322E
02-12-2022 17:04:00.885,987,RECV,7E0019812222480020202020202020202020202020202020203939332D
02-12-2022 17:04:01.385,988,RECV,7E0019812222480020202020202020202020202020202020203939342C
02-12-2022 17:04:01.886,989,RECV,7E0019812222480020202020202020202020202020202020203939352B
02-12-2022 17:04:02.389,990,RECV,7E0019812222480020202020202020202020202020202020203939362A
02-12-2022 17:04:02.889,991,RECV,7E00198122224800202020202020202020202020202020202039393729
02-12-2022 17:04:03.331,992,RECV,7E00198122224800202020202020202020202020202020202039393828
02-12-2022 17:04:03.839,993,RECV,7E00198122224800202020202020202020202020202020202039393927
