02-12-2022 23:28:19.837,-,API,"Coordinator_802,0013A20041C5375A,802.15.4 TH,2003,COM7 - 115200/8/N/1/N,1,46"

02-12-2022 23:15:34.821,0,RECV,7E002D812222560020202020202020202020202020202020202020202020202020202020202020202020202020202034D0
02-12-2022 23:15:35.827,1,RECV,7E002D812222570020202020202020202020202020202020202020202020202020202020202020202020202020202036CD
02-12-2022 23:15:36.825,2,RECV,7E002D812222570020202020202020202020202020202020202020202020202020202020202020202020202020202038CB
02-12-2022 23:15:37.322,3,RECV,7E002D812222570020202020202020202020202020202020202020202020202020202020202020202020202020202039CA
02-12-2022 23:15:39.886,4,RECV,7E002D812222570020202020202020202020202020202020202020202020202020202020202020202020202020203134BE
02-12-2022 23:15:43.385,5,RECV,7E002D812222570020202020202020202020202020202020202020202020202020202020202020202020202020203231C0
02-12-2022 23:15:44.881,6,RECV,7E002D812222570020202020202020202020202020202020202020202020202020202020202020202020202020203234BD
02-12-2022 23:15:45.386,7,RECV,7E002D812222570020202020202020202020202020202020202020202020202020202020202020202020202020203235BC
02-12-2022 23:15:47.897,8,RECV,7E002D812222570020202020202020202020202020202020202020202020202020202020202020202020202020203330C0
02-12-2022 23:15:48.837,9,RECV,7E002D812222570020202020202020202020202020202020202020202020202020202020202020202020202020203332BE
02-12-2022 23:15:49.340,10,RECV,7E002D812222570020202020202020202020202020202020202020202020202020202020202020202020202020203333BD
02-12-2022 23:15:49.844,11,RECV,7E002D812222570020202020202020202020202020202020202020202020202020202020202020202020202020203334BC
02-12-2022 23:15:50.350,12,RECV,7E002D812222570020202020202020202020202020202020202020202020202020202020202020202020202020203335BB
02-12-2022 23:15:50.853,13,RECV,7E002D812222570020202020202020202020202020202020202020202020202020202020202020202020202020203336BA
02-12-2022 23:15:51.354,14,RECV,7E002D812222570020202020202020202020202020202020202020202020202020202020202020202020202020203337B9
02-12-2022 23:15:52.364,15,RECV,7E002D812222560020202020202020202020202020202020202020202020202020202020202020202020202020203339B8
02-12-2022 23:15:52.865,16,RECV,7E002D812222570020202020202020202020202020202020202020202020202020202020202020202020202020203430BF
02-12-2022 23:15:53.365,17,RECV,7E002D812222570020202020202020202020202020202020202020202020202020202020202020202020202020203431BE
02-12-2022 23:15:53.863,18,RECV,7E002D812222570020202020202020202020202020202020202020202020202020202020202020202020202020203432BD
02-12-2022 23:15:54.367,19,RECV,7E002D812222570020202020202020202020202020202020202020202020202020202020202020202020202020203433BC
02-12-2022 23:15:55.861,20,RECV,7E002D812222570020202020202020202020202020202020202020202020202020202020202020202020202020203436B9
02-12-2022 23:15:56.863,21,RECV,7E002D812222570020202020202020202020202020202020202020202020202020202020202020202020202020203438B7
02-12-2022 23:15:57.368,22,RECV,7E002D812222570020202020202020202020202020202020202020202020202020202020202020202020202020203439B6
02-12-2022 23:15:57.871,23,RECV,7E002D812222570020202020202020202020202020202020202020202020202020202020202020202020202020203530BE
02-12-2022 23:15:58.373,24,RECV,7E002D812222570020202020202020202020202020202020202020202020202020202020202020202020202020203531BD
02-12-2022 23:15:58.876,25,RECV,7E002D812222560020202020202020202020202020202020202020202020202020202020202020202020202020203532BD
02-12-2022 23:15:59.385,26,RECV,7E002D812222570020202020202020202020202020202020202020202020202020202020202020202020202020203533BB
02-12-2022 23:15:59.886,27,RECV,7E002D812222570020202020202020202020202020202020202020202020202020202020202020202020202020203534BA
02-12-2022 23:16:00.391,28,RECV,7E002D812222570020202020202020202020202020202020202020202020202020202020202020202020202020203535B9
02-12-2022 23:16:01.396,29,RECV,7E002D812222570020202020202020202020202020202020202020202020202020202020202020202020202020203537B7
02-12-2022 23:16:01.894,30,RECV,7E002D812222570020202020202020202020202020202020202020202020202020202020202020202020202020203538B6
02-12-2022 23:16:02.901,31,RECV,7E002D812222570020202020202020202020202020202020202020202020202020202020202020202020202020203630BD
02-12-2022 23:16:03.407,32,RECV,7E002D812222570020202020202020202020202020202020202020202020202020202020202020202020202020203631BC
02-12-2022 23:16:03.906,33,RECV,7E002D812222570020202020202020202020202020202020202020202020202020202020202020202020202020203632BB
02-12-2022 23:16:04.415,34,RECV,7E002D812222570020202020202020202020202020202020202020202020202020202020202020202020202020203633BA
02-12-2022 23:16:04.917,35,RECV,7E002D812222570020202020202020202020202020202020202020202020202020202020202020202020202020203634B9
02-12-2022 23:16:06.363,36,RECV,7E002D812222570020202020202020202020202020202020202020202020202020202020202020202020202020203637B6
02-12-2022 23:16:06.864,37,RECV,7E002D812222570020202020202020202020202020202020202020202020202020202020202020202020202020203638B5
02-12-2022 23:16:07.868,38,RECV,7E002D812222560020202020202020202020202020202020202020202020202020202020202020202020202020203730BD
02-12-2022 23:16:08.369,39,RECV,7E002D812222570020202020202020202020202020202020202020202020202020202020202020202020202020203731BB
02-12-2022 23:16:09.372,40,RECV,7E002D812222570020202020202020202020202020202020202020202020202020202020202020202020202020203733B9
02-12-2022 23:16:10.878,41,RECV,7E002D812222570020202020202020202020202020202020202020202020202020202020202020202020202020203736B6
02-12-2022 23:16:11.375,42,RECV,7E002D812222570020202020202020202020202020202020202020202020202020202020202020202020202020203737B5
02-12-2022 23:16:11.876,43,RECV,7E002D812222570020202020202020202020202020202020202020202020202020202020202020202020202020203738B4
02-12-2022 23:16:12.379,44,RECV,7E002D812222560020202020202020202020202020202020202020202020202020202020202020202020202020203739B4
02-12-2022 23:16:12.879,45,RECV,7E002D812222570020202020202020202020202020202020202020202020202020202020202020202020202020203830BB
02-12-2022 23:16:13.380,46,RECV,7E002D812222570020202020202020202020202020202020202020202020202020202020202020202020202020203831BA
02-12-2022 23:16:13.884,47,RECV,7E002D812222570020202020202020202020202020202020202020202020202020202020202020202020202020203832B9
02-12-2022 23:16:15.892,48,RECV,7E002D812222570020202020202020202020202020202020202020202020202020202020202020202020202020203836B5
02-12-2022 23:16:16.393,49,RECV,7E002D812222570020202020202020202020202020202020202020202020202020202020202020202020202020203837B4
02-12-2022 23:16:17.399,50,RECV,7E002D812222560020202020202020202020202020202020202020202020202020202020202020202020202020203839B3
02-12-2022 23:16:20.918,51,RECV,7E002D812222570020202020202020202020202020202020202020202020202020202020202020202020202020203936B4
02-12-2022 23:16:22.421,52,RECV,7E002D812222570020202020202020202020202020202020202020202020202020202020202020202020202020203939B1
02-12-2022 23:16:23.923,53,RECV,7E002D812222570020202020202020202020202020202020202020202020202020202020202020202020202020313032B0
02-12-2022 23:16:24.426,54,RECV,7E002D812222570020202020202020202020202020202020202020202020202020202020202020202020202020313033AF
02-12-2022 23:16:24.932,55,RECV,7E002D812222560020202020202020202020202020202020202020202020202020202020202020202020202020313034AF
02-12-2022 23:16:25.937,56,RECV,7E002D812222570020202020202020202020202020202020202020202020202020202020202020202020202020313036AC
02-12-2022 23:16:26.439,57,RECV,7E002D812222570020202020202020202020202020202020202020202020202020202020202020202020202020313037AB
02-12-2022 23:16:26.940,58,RECV,7E002D812222560020202020202020202020202020202020202020202020202020202020202020202020202020313038AB
02-12-2022 23:16:29.450,59,RECV,7E002D812222570020202020202020202020202020202020202020202020202020202020202020202020202020313133AE
02-12-2022 23:16:29.893,60,RECV,7E002D812222560020202020202020202020202020202020202020202020202020202020202020202020202020313134AE
02-12-2022 23:16:30.397,61,RECV,7E002D812222560020202020202020202020202020202020202020202020202020202020202020202020202020313135AD
02-12-2022 23:16:32.405,62,RECV,7E002D812222570020202020202020202020202020202020202020202020202020202020202020202020202020313139A8
02-12-2022 23:16:35.414,63,RECV,7E002D812222570020202020202020202020202020202020202020202020202020202020202020202020202020313235AB
02-12-2022 23:16:36.417,64,RECV,7E002D812222570020202020202020202020202020202020202020202020202020202020202020202020202020313237A9
02-12-2022 23:16:37.928,65,RECV,7E002D812222570020202020202020202020202020202020202020202020202020202020202020202020202020313330AF
02-12-2022 23:16:40.944,66,RECV,7E002D812222570020202020202020202020202020202020202020202020202020202020202020202020202020313336A9
02-12-2022 23:16:43.452,67,RECV,7E002D812222570020202020202020202020202020202020202020202020202020202020202020202020202020313431AD
02-12-2022 23:16:43.955,68,RECV,7E002D812222560020202020202020202020202020202020202020202020202020202020202020202020202020313432AD
02-12-2022 23:16:44.460,69,RECV,7E002D812222570020202020202020202020202020202020202020202020202020202020202020202020202020313433AB
02-12-2022 23:16:46.971,70,RECV,7E002D812222560020202020202020202020202020202020202020202020202020202020202020202020202020313438A7
02-12-2022 23:16:47.916,71,RECV,7E002D812222570020202020202020202020202020202020202020202020202020202020202020202020202020313530AD
02-12-2022 23:16:48.421,72,RECV,7E002D812222570020202020202020202020202020202020202020202020202020202020202020202020202020313531AC
02-12-2022 23:16:49.426,73,RECV,7E002D812222570020202020202020202020202020202020202020202020202020202020202020202020202020313533AA
02-12-2022 23:16:49.927,74,RECV,7E002D812222570020202020202020202020202020202020202020202020202020202020202020202020202020313534A9
02-12-2022 23:16:56.470,75,RECV,7E002D812222560020202020202020202020202020202020202020202020202020202020202020202020202020313637A6
02-12-2022 23:16:57.983,76,RECV,7E002D812222570020202020202020202020202020202020202020202020202020202020202020202020202020313730AB
02-12-2022 23:17:01.947,77,RECV,7E002D812222570020202020202020202020202020202020202020202020202020202020202020202020202020313738A3
02-12-2022 23:17:02.953,78,RECV,7E002D812222570020202020202020202020202020202020202020202020202020202020202020202020202020313830AA
02-12-2022 23:17:04.972,79,RECV,7E002D812222570020202020202020202020202020202020202020202020202020202020202020202020202020313834A6
02-12-2022 23:17:06.481,80,RECV,7E002D812222560020202020202020202020202020202020202020202020202020202020202020202020202020313837A4
02-12-2022 23:17:06.981,81,RECV,7E002D812222560020202020202020202020202020202020202020202020202020202020202020202020202020313838A3
02-12-2022 23:17:07.985,82,RECV,7E002D812222570020202020202020202020202020202020202020202020202020202020202020202020202020313930A9
02-12-2022 23:17:09.493,83,RECV,7E002D812222570020202020202020202020202020202020202020202020202020202020202020202020202020313933A6
02-12-2022 23:17:11.500,84,RECV,7E002D812222570020202020202020202020202020202020202020202020202020202020202020202020202020313937A2
02-12-2022 23:17:12.449,85,RECV,7E002D812222560020202020202020202020202020202020202020202020202020202020202020202020202020313939A1
02-12-2022 23:17:18.490,86,RECV,7E002D812222570020202020202020202020202020202020202020202020202020202020202020202020202020323131AF
02-12-2022 23:17:20.509,87,RECV,7E002D812222570020202020202020202020202020202020202020202020202020202020202020202020202020323135AB
02-12-2022 23:17:23.523,88,RECV,7E002D812222560020202020202020202020202020202020202020202020202020202020202020202020202020323231AF
02-12-2022 23:17:24.024,89,RECV,7E002D812222570020202020202020202020202020202020202020202020202020202020202020202020202020323232AD
02-12-2022 23:17:32.991,90,RECV,7E002D812222570020202020202020202020202020202020202020202020202020202020202020202020202020323430AD
02-12-2022 23:17:33.494,91,RECV,7E002D812222570020202020202020202020202020202020202020202020202020202020202020202020202020323431AC
02-12-2022 23:17:42.514,92,RECV,7E002D812222570020202020202020202020202020202020202020202020202020202020202020202020202020323539A3
02-12-2022 23:17:45.534,93,RECV,7E002D812222570020202020202020202020202020202020202020202020202020202020202020202020202020323635A6
02-12-2022 23:17:47.036,94,RECV,7E002D812222570020202020202020202020202020202020202020202020202020202020202020202020202020323638A3
02-12-2022 23:17:48.485,95,RECV,7E002D812222570020202020202020202020202020202020202020202020202020202020202020202020202020323731A9
02-12-2022 23:17:50.053,96,RECV,7E002D812222570020202020202020202020202020202020202020202020202020202020202020202020202020323734A6
02-12-2022 23:17:50.557,97,RECV,7E002D812222570020202020202020202020202020202020202020202020202020202020202020202020202020323735A5
02-12-2022 23:17:52.509,98,RECV,7E002D812222570020202020202020202020202020202020202020202020202020202020202020202020202020323739A1
02-12-2022 23:17:55.521,99,RECV,7E002D812222570020202020202020202020202020202020202020202020202020202020202020202020202020323835A4
02-12-2022 23:17:56.021,100,RECV,7E002D812222560020202020202020202020202020202020202020202020202020202020202020202020202020323836A4
02-12-2022 23:17:57.523,101,RECV,7E002D812222570020202020202020202020202020202020202020202020202020202020202020202020202020323839A0
02-12-2022 23:18:01.538,102,RECV,7E002D812222570020202020202020202020202020202020202020202020202020202020202020202020202020323937A1
02-12-2022 23:18:05.054,103,RECV,7E002D812222570020202020202020202020202020202020202020202020202020202020202020202020202020333034AC
02-12-2022 23:18:15.537,104,RECV,7E002D812222570020202020202020202020202020202020202020202020202020202020202020202020202020333235A9
02-12-2022 23:18:17.544,105,RECV,7E002D812222570020202020202020202020202020202020202020202020202020202020202020202020202020333239A5
02-12-2022 23:18:18.550,106,RECV,7E002D812222570020202020202020202020202020202020202020202020202020202020202020202020202020333331AC
02-12-2022 23:18:19.051,107,RECV,7E002D812222570020202020202020202020202020202020202020202020202020202020202020202020202020333332AB
02-12-2022 23:18:20.054,108,RECV,7E002D812222570020202020202020202020202020202020202020202020202020202020202020202020202020333334A9
02-12-2022 23:18:23.059,109,RECV,7E002D812222560020202020202020202020202020202020202020202020202020202020202020202020202020333430AD
02-12-2022 23:18:23.561,110,RECV,7E002D812222570020202020202020202020202020202020202020202020202020202020202020202020202020333431AB
02-12-2022 23:18:24.564,111,RECV,7E002D812222570020202020202020202020202020202020202020202020202020202020202020202020202020333433A9
02-12-2022 23:18:27.572,112,RECV,7E002D812222570020202020202020202020202020202020202020202020202020202020202020202020202020333439A3
02-12-2022 23:18:31.082,113,RECV,7E002D812222560020202020202020202020202020202020202020202020202020202020202020202020202020333536A6
02-12-2022 23:18:33.082,114,RECV,7E002D812222570020202020202020202020202020202020202020202020202020202020202020202020202020333630AA
02-12-2022 23:18:39.098,115,RECV,7E002D812222570020202020202020202020202020202020202020202020202020202020202020202020202020333732A7
02-12-2022 23:18:45.632,116,RECV,7E002D812222570020202020202020202020202020202020202020202020202020202020202020202020202020333835A3
02-12-2022 23:18:47.075,117,RECV,7E002D812222570020202020202020202020202020202020202020202020202020202020202020202020202020333838A0
02-12-2022 23:18:47.638,118,RECV,7E002D8122225700202020202020202020202020202020202020202020202020202020202020202020202020203338399F
02-12-2022 23:18:50.582,119,RECV,7E002D812222570020202020202020202020202020202020202020202020202020202020202020202020202020333935A2
02-12-2022 23:18:54.603,120,RECV,7E002D812222570020202020202020202020202020202020202020202020202020202020202020202020202020343033AC
02-12-2022 23:18:56.611,121,RECV,7E002D812222570020202020202020202020202020202020202020202020202020202020202020202020202020343037A8
02-12-2022 23:18:58.111,122,RECV,7E002D812222570020202020202020202020202020202020202020202020202020202020202020202020202020343130AE
02-12-2022 23:19:00.120,123,RECV,7E002D812222570020202020202020202020202020202020202020202020202020202020202020202020202020343134AA
02-12-2022 23:19:03.632,124,RECV,7E002D812222570020202020202020202020202020202020202020202020202020202020202020202020202020343231AC
02-12-2022 23:19:04.129,125,RECV,7E002D812222560020202020202020202020202020202020202020202020202020202020202020202020202020343232AC
02-12-2022 23:19:08.134,126,RECV,7E002D812222570020202020202020202020202020202020202020202020202020202020202020202020202020343330AC
02-12-2022 23:19:09.138,127,RECV,7E002D812222570020202020202020202020202020202020202020202020202020202020202020202020202020343332AA
02-12-2022 23:19:13.654,128,RECV,7E002D812222570020202020202020202020202020202020202020202020202020202020202020202020202020343431AA
02-12-2022 23:19:15.153,129,RECV,7E002D812222570020202020202020202020202020202020202020202020202020202020202020202020202020343434A7
02-12-2022 23:19:17.159,130,RECV,7E002D812222570020202020202020202020202020202020202020202020202020202020202020202020202020343438A3
02-12-2022 23:19:18.161,131,RECV,7E002D812222570020202020202020202020202020202020202020202020202020202020202020202020202020343530AA
02-12-2022 23:19:20.614,132,RECV,7E002D812222570020202020202020202020202020202020202020202020202020202020202020202020202020343535A5
02-12-2022 23:19:21.178,133,RECV,7E002D812222570020202020202020202020202020202020202020202020202020202020202020202020202020343536A4
02-12-2022 23:19:26.126,134,RECV,7E002D812222570020202020202020202020202020202020202020202020202020202020202020202020202020343636A3
02-12-2022 23:19:26.628,135,RECV,7E002D812222560020202020202020202020202020202020202020202020202020202020202020202020202020343637A3
02-12-2022 23:19:28.636,136,RECV,7E002D812222570020202020202020202020202020202020202020202020202020202020202020202020202020343731A7
02-12-2022 23:19:29.643,137,RECV,7E002D812222570020202020202020202020202020202020202020202020202020202020202020202020202020343733A5
02-12-2022 23:19:30.149,138,RECV,7E002D812222560020202020202020202020202020202020202020202020202020202020202020202020202020343734A5
02-12-2022 23:19:30.652,139,RECV,7E002D812222570020202020202020202020202020202020202020202020202020202020202020202020202020343735A3
02-12-2022 23:19:31.155,140,RECV,7E002D812222570020202020202020202020202020202020202020202020202020202020202020202020202020343736A2
02-12-2022 23:19:31.655,141,RECV,7E002D812222570020202020202020202020202020202020202020202020202020202020202020202020202020343737A1
02-12-2022 23:19:33.160,142,RECV,7E002D812222570020202020202020202020202020202020202020202020202020202020202020202020202020343830A7
02-12-2022 23:19:33.661,143,RECV,7E002D812222570020202020202020202020202020202020202020202020202020202020202020202020202020343831A6
02-12-2022 23:19:35.168,144,RECV,7E002D812222570020202020202020202020202020202020202020202020202020202020202020202020202020343834A3
02-12-2022 23:19:35.673,145,RECV,7E002D812222570020202020202020202020202020202020202020202020202020202020202020202020202020343835A2
02-12-2022 23:19:36.177,146,RECV,7E002D812222570020202020202020202020202020202020202020202020202020202020202020202020202020343836A1
02-12-2022 23:19:36.680,147,RECV,7E002D812222570020202020202020202020202020202020202020202020202020202020202020202020202020343837A0
02-12-2022 23:19:38.696,148,RECV,7E002D812222570020202020202020202020202020202020202020202020202020202020202020202020202020343931A5
02-12-2022 23:19:39.200,149,RECV,7E002D812222570020202020202020202020202020202020202020202020202020202020202020202020202020343932A4
02-12-2022 23:19:40.139,150,RECV,7E002D812222570020202020202020202020202020202020202020202020202020202020202020202020202020343934A2
02-12-2022 23:19:40.646,151,RECV,7E002D812222570020202020202020202020202020202020202020202020202020202020202020202020202020343935A1
02-12-2022 23:19:41.147,152,RECV,7E002D812222570020202020202020202020202020202020202020202020202020202020202020202020202020343936A0
02-12-2022 23:19:42.154,153,RECV,7E002D8122225700202020202020202020202020202020202020202020202020202020202020202020202020203439389E
02-12-2022 23:19:44.673,154,RECV,7E002D812222570020202020202020202020202020202020202020202020202020202020202020202020202020353033AB
02-12-2022 23:19:48.172,155,RECV,7E002D812222570020202020202020202020202020202020202020202020202020202020202020202020202020353130AD
02-12-2022 23:19:49.686,156,RECV,7E002D812222570020202020202020202020202020202020202020202020202020202020202020202020202020353133AA
02-12-2022 23:19:50.688,157,RECV,7E002D812222570020202020202020202020202020202020202020202020202020202020202020202020202020353135A8
02-12-2022 23:19:52.191,158,RECV,7E002D812222570020202020202020202020202020202020202020202020202020202020202020202020202020353138A5
02-12-2022 23:19:52.694,159,RECV,7E002D812222570020202020202020202020202020202020202020202020202020202020202020202020202020353139A4
02-12-2022 23:19:56.702,160,RECV,7E002D812222570020202020202020202020202020202020202020202020202020202020202020202020202020353237A5
02-12-2022 23:19:57.702,161,RECV,7E002D812222570020202020202020202020202020202020202020202020202020202020202020202020202020353239A3
02-12-2022 23:19:58.712,162,RECV,7E002D812222570020202020202020202020202020202020202020202020202020202020202020202020202020353331AA
02-12-2022 23:19:59.715,163,RECV,7E002D812222570020202020202020202020202020202020202020202020202020202020202020202020202020353333A8
02-12-2022 23:20:02.164,164,RECV,7E002D812222570020202020202020202020202020202020202020202020202020202020202020202020202020353338A3
02-12-2022 23:20:02.728,165,RECV,7E002D812222560020202020202020202020202020202020202020202020202020202020202020202020202020353339A3
02-12-2022 23:20:05.688,166,RECV,7E002D812222570020202020202020202020202020202020202020202020202020202020202020202020202020353435A5
02-12-2022 23:20:06.679,167,RECV,7E002D812222570020202020202020202020202020202020202020202020202020202020202020202020202020353437A3
02-12-2022 23:20:07.177,168,RECV,7E002D812222570020202020202020202020202020202020202020202020202020202020202020202020202020353438A2
02-12-2022 23:20:10.688,169,RECV,7E002D812222570020202020202020202020202020202020202020202020202020202020202020202020202020353535A4
02-12-2022 23:20:11.191,170,RECV,7E002D812222570020202020202020202020202020202020202020202020202020202020202020202020202020353536A3
02-12-2022 23:20:11.693,171,RECV,7E002D812222570020202020202020202020202020202020202020202020202020202020202020202020202020353537A2
02-12-2022 23:20:12.701,172,RECV,7E002D812222570020202020202020202020202020202020202020202020202020202020202020202020202020353539A0
02-12-2022 23:20:15.210,173,RECV,7E002D812222570020202020202020202020202020202020202020202020202020202020202020202020202020353634A4
02-12-2022 23:20:19.232,174,RECV,7E002D812222570020202020202020202020202020202020202020202020202020202020202020202020202020353732A5
02-12-2022 23:20:19.734,175,RECV,7E002D812222570020202020202020202020202020202020202020202020202020202020202020202020202020353733A4
02-12-2022 23:20:21.246,176,RECV,7E002D812222570020202020202020202020202020202020202020202020202020202020202020202020202020353736A1
02-12-2022 23:20:21.747,177,RECV,7E002D812222570020202020202020202020202020202020202020202020202020202020202020202020202020353737A0
02-12-2022 23:20:23.748,178,RECV,7E002D812222560020202020202020202020202020202020202020202020202020202020202020202020202020353831A6
02-12-2022 23:20:24.253,179,RECV,7E002D812222570020202020202020202020202020202020202020202020202020202020202020202020202020353832A4
02-12-2022 23:20:24.755,180,RECV,7E002D812222570020202020202020202020202020202020202020202020202020202020202020202020202020353833A3
02-12-2022 23:20:25.260,181,RECV,7E002D812222570020202020202020202020202020202020202020202020202020202020202020202020202020353834A2
02-12-2022 23:20:25.700,182,RECV,7E002D812222570020202020202020202020202020202020202020202020202020202020202020202020202020353835A1
02-12-2022 23:20:28.205,183,RECV,7E002D812222560020202020202020202020202020202020202020202020202020202020202020202020202020353930A6
02-12-2022 23:20:28.709,184,RECV,7E002D812222570020202020202020202020202020202020202020202020202020202020202020202020202020353931A4
02-12-2022 23:20:29.213,185,RECV,7E002D812222570020202020202020202020202020202020202020202020202020202020202020202020202020353932A3
02-12-2022 23:20:29.716,186,RECV,7E002D812222570020202020202020202020202020202020202020202020202020202020202020202020202020353933A2
02-12-2022 23:20:30.217,187,RECV,7E002D812222570020202020202020202020202020202020202020202020202020202020202020202020202020353934A1
02-12-2022 23:20:32.724,188,RECV,7E002D8122225700202020202020202020202020202020202020202020202020202020202020202020202020203539399C
02-12-2022 23:20:33.229,189,RECV,7E002D812222570020202020202020202020202020202020202020202020202020202020202020202020202020363030AD
02-12-2022 23:20:33.733,190,RECV,7E002D812222570020202020202020202020202020202020202020202020202020202020202020202020202020363031AC
02-12-2022 23:20:34.233,191,RECV,7E002D812222570020202020202020202020202020202020202020202020202020202020202020202020202020363032AB
02-12-2022 23:20:34.737,192,RECV,7E002D812222570020202020202020202020202020202020202020202020202020202020202020202020202020363033AA
02-12-2022 23:20:35.239,193,RECV,7E002D812222570020202020202020202020202020202020202020202020202020202020202020202020202020363034A9
02-12-2022 23:20:35.743,194,RECV,7E002D812222580020202020202020202020202020202020202020202020202020202020202020202020202020363035A7
02-12-2022 23:20:37.244,195,RECV,7E002D812222570020202020202020202020202020202020202020202020202020202020202020202020202020363038A5
02-12-2022 23:20:37.746,196,RECV,7E002D812222570020202020202020202020202020202020202020202020202020202020202020202020202020363039A4
02-12-2022 23:20:38.746,197,RECV,7E002D812222570020202020202020202020202020202020202020202020202020202020202020202020202020363131AB
02-12-2022 23:20:39.251,198,RECV,7E002D812222570020202020202020202020202020202020202020202020202020202020202020202020202020363132AA
02-12-2022 23:20:41.759,199,RECV,7E002D812222570020202020202020202020202020202020202020202020202020202020202020202020202020363137A5
02-12-2022 23:20:42.261,200,RECV,7E002D812222570020202020202020202020202020202020202020202020202020202020202020202020202020363138A4
02-12-2022 23:20:43.271,201,RECV,7E002D812222570020202020202020202020202020202020202020202020202020202020202020202020202020363230AB
02-12-2022 23:20:43.772,202,RECV,7E002D812222570020202020202020202020202020202020202020202020202020202020202020202020202020363231AA
02-12-2022 23:20:44.278,203,RECV,7E002D812222570020202020202020202020202020202020202020202020202020202020202020202020202020363232A9
02-12-2022 23:20:44.782,204,RECV,7E002D812222570020202020202020202020202020202020202020202020202020202020202020202020202020363233A8
02-12-2022 23:20:46.288,205,RECV,7E002D812222570020202020202020202020202020202020202020202020202020202020202020202020202020363236A5
02-12-2022 23:20:46.727,206,RECV,7E002D812222560020202020202020202020202020202020202020202020202020202020202020202020202020363237A5
02-12-2022 23:20:47.784,207,RECV,7E002D812222570020202020202020202020202020202020202020202020202020202020202020202020202020363239A2
02-12-2022 23:20:48.226,208,RECV,7E002D812222570020202020202020202020202020202020202020202020202020202020202020202020202020363330AA
02-12-2022 23:20:48.792,209,RECV,7E002D812222570020202020202020202020202020202020202020202020202020202020202020202020202020363331A9
02-12-2022 23:20:49.231,210,RECV,7E002D812222570020202020202020202020202020202020202020202020202020202020202020202020202020363332A8
02-12-2022 23:20:50.739,211,RECV,7E002D812222570020202020202020202020202020202020202020202020202020202020202020202020202020363335A5
02-12-2022 23:20:51.740,212,RECV,7E002D812222570020202020202020202020202020202020202020202020202020202020202020202020202020363337A3
02-12-2022 23:20:52.245,213,RECV,7E002D812222560020202020202020202020202020202020202020202020202020202020202020202020202020363338A3
02-12-2022 23:20:54.256,214,RECV,7E002D812222570020202020202020202020202020202020202020202020202020202020202020202020202020363432A7
02-12-2022 23:20:55.260,215,RECV,7E002D812222570020202020202020202020202020202020202020202020202020202020202020202020202020363434A5
02-12-2022 23:20:56.768,216,RECV,7E002D812222570020202020202020202020202020202020202020202020202020202020202020202020202020363437A2
02-12-2022 23:20:57.271,217,RECV,7E002D812222570020202020202020202020202020202020202020202020202020202020202020202020202020363438A1
02-12-2022 23:20:57.775,218,RECV,7E002D812222570020202020202020202020202020202020202020202020202020202020202020202020202020363439A0
02-12-2022 23:21:00.782,219,RECV,7E002D812222570020202020202020202020202020202020202020202020202020202020202020202020202020363535A3
02-12-2022 23:21:01.788,220,RECV,7E002D812222570020202020202020202020202020202020202020202020202020202020202020202020202020363537A1
02-12-2022 23:21:02.297,221,RECV,7E002D812222570020202020202020202020202020202020202020202020202020202020202020202020202020363538A0
02-12-2022 23:21:04.308,222,RECV,7E002D812222570020202020202020202020202020202020202020202020202020202020202020202020202020363632A5
02-12-2022 23:21:04.748,223,RECV,7E002D812222570020202020202020202020202020202020202020202020202020202020202020202020202020363633A4
02-12-2022 23:21:06.252,224,RECV,7E002D812222570020202020202020202020202020202020202020202020202020202020202020202020202020363636A1
02-12-2022 23:21:07.313,225,RECV,7E002D812222550020202020202020202020202020202020202020202020202020202020202020202020202020363638A1
02-12-2022 23:21:08.320,226,RECV,7E002D812222570020202020202020202020202020202020202020202020202020202020202020202020202020363730A6
02-12-2022 23:21:08.760,227,RECV,7E002D812222570020202020202020202020202020202020202020202020202020202020202020202020202020363731A5
02-12-2022 23:21:09.263,228,RECV,7E002D812222570020202020202020202020202020202020202020202020202020202020202020202020202020363732A4
02-12-2022 23:21:10.266,229,RECV,7E002D812222570020202020202020202020202020202020202020202020202020202020202020202020202020363734A2
02-12-2022 23:21:10.770,230,RECV,7E002D812222570020202020202020202020202020202020202020202020202020202020202020202020202020363735A1
02-12-2022 23:21:12.276,231,RECV,7E002D8122225700202020202020202020202020202020202020202020202020202020202020202020202020203637389E
02-12-2022 23:21:14.277,232,RECV,7E002D812222570020202020202020202020202020202020202020202020202020202020202020202020202020363832A3
02-12-2022 23:21:14.778,233,RECV,7E002D812222570020202020202020202020202020202020202020202020202020202020202020202020202020363833A2
02-12-2022 23:21:15.279,234,RECV,7E002D812222570020202020202020202020202020202020202020202020202020202020202020202020202020363834A1
02-12-2022 23:21:16.286,235,RECV,7E002D8122225700202020202020202020202020202020202020202020202020202020202020202020202020203638369F
02-12-2022 23:21:18.787,236,RECV,7E002D812222570020202020202020202020202020202020202020202020202020202020202020202020202020363931A3
02-12-2022 23:21:19.284,237,RECV,7E002D812222570020202020202020202020202020202020202020202020202020202020202020202020202020363932A2
02-12-2022 23:21:19.785,238,RECV,7E002D812222570020202020202020202020202020202020202020202020202020202020202020202020202020363933A1
02-12-2022 23:21:20.784,239,RECV,7E002D8122225700202020202020202020202020202020202020202020202020202020202020202020202020203639359F
02-12-2022 23:21:23.280,240,RECV,7E002D812222570020202020202020202020202020202020202020202020202020202020202020202020202020373030AC
02-12-2022 23:21:24.789,241,RECV,7E002D812222570020202020202020202020202020202020202020202020202020202020202020202020202020373033A9
02-12-2022 23:21:25.287,242,RECV,7E002D812222560020202020202020202020202020202020202020202020202020202020202020202020202020373034A9
02-12-2022 23:21:27.293,243,RECV,7E002D812222570020202020202020202020202020202020202020202020202020202020202020202020202020373038A4
02-12-2022 23:21:27.794,244,RECV,7E002D812222570020202020202020202020202020202020202020202020202020202020202020202020202020373039A3
02-12-2022 23:21:28.294,245,RECV,7E002D812222570020202020202020202020202020202020202020202020202020202020202020202020202020373130AB
02-12-2022 23:21:28.801,246,RECV,7E002D812222570020202020202020202020202020202020202020202020202020202020202020202020202020373131AA
02-12-2022 23:21:29.811,247,RECV,7E002D812222570020202020202020202020202020202020202020202020202020202020202020202020202020373133A8
02-12-2022 23:21:30.309,248,RECV,7E002D812222570020202020202020202020202020202020202020202020202020202020202020202020202020373134A7
02-12-2022 23:21:30.809,249,RECV,7E002D812222570020202020202020202020202020202020202020202020202020202020202020202020202020373135A6
02-12-2022 23:21:31.315,250,RECV,7E002D812222570020202020202020202020202020202020202020202020202020202020202020202020202020373136A5
02-12-2022 23:21:31.814,251,RECV,7E002D812222570020202020202020202020202020202020202020202020202020202020202020202020202020373137A4
02-12-2022 23:21:32.322,252,RECV,7E002D812222570020202020202020202020202020202020202020202020202020202020202020202020202020373138A3
02-12-2022 23:21:32.826,253,RECV,7E002D812222570020202020202020202020202020202020202020202020202020202020202020202020202020373139A2
02-12-2022 23:21:33.330,254,RECV,7E002D812222570020202020202020202020202020202020202020202020202020202020202020202020202020373230AA
02-12-2022 23:21:33.831,255,RECV,7E002D812222570020202020202020202020202020202020202020202020202020202020202020202020202020373231A9
02-12-2022 23:21:34.338,256,RECV,7E002D812222570020202020202020202020202020202020202020202020202020202020202020202020202020373232A8
02-12-2022 23:21:34.844,257,RECV,7E002D812222570020202020202020202020202020202020202020202020202020202020202020202020202020373233A7
02-12-2022 23:21:35.851,258,RECV,7E002D812222570020202020202020202020202020202020202020202020202020202020202020202020202020373235A5
02-12-2022 23:21:36.292,259,RECV,7E002D812222570020202020202020202020202020202020202020202020202020202020202020202020202020373236A4
02-12-2022 23:21:36.794,260,RECV,7E002D812222570020202020202020202020202020202020202020202020202020202020202020202020202020373237A3
02-12-2022 23:21:37.297,261,RECV,7E002D812222570020202020202020202020202020202020202020202020202020202020202020202020202020373238A2
02-12-2022 23:21:37.797,262,RECV,7E002D812222570020202020202020202020202020202020202020202020202020202020202020202020202020373239A1
02-12-2022 23:21:38.303,263,RECV,7E002D812222560020202020202020202020202020202020202020202020202020202020202020202020202020373330AA
02-12-2022 23:21:38.807,264,RECV,7E002D812222570020202020202020202020202020202020202020202020202020202020202020202020202020373331A8
02-12-2022 23:21:39.322,265,RECV,7E002D812222570020202020202020202020202020202020202020202020202020202020202020202020202020373332A7
02-12-2022 23:21:39.810,266,RECV,7E002D812222570020202020202020202020202020202020202020202020202020202020202020202020202020373333A6
02-12-2022 23:21:40.315,267,RECV,7E002D812222570020202020202020202020202020202020202020202020202020202020202020202020202020373334A5
02-12-2022 23:21:41.822,268,RECV,7E002D812222570020202020202020202020202020202020202020202020202020202020202020202020202020373337A2
02-12-2022 23:21:42.320,269,RECV,7E002D812222570020202020202020202020202020202020202020202020202020202020202020202020202020373338A1
02-12-2022 23:21:42.820,270,RECV,7E002D812222570020202020202020202020202020202020202020202020202020202020202020202020202020373339A0
02-12-2022 23:21:43.319,271,RECV,7E002D812222570020202020202020202020202020202020202020202020202020202020202020202020202020373430A8
02-12-2022 23:21:45.824,272,RECV,7E002D812222570020202020202020202020202020202020202020202020202020202020202020202020202020373435A3
02-12-2022 23:21:46.329,273,RECV,7E002D812222570020202020202020202020202020202020202020202020202020202020202020202020202020373436A2
02-12-2022 23:21:46.835,274,RECV,7E002D812222570020202020202020202020202020202020202020202020202020202020202020202020202020373437A1
02-12-2022 23:21:47.337,275,RECV,7E002D812222570020202020202020202020202020202020202020202020202020202020202020202020202020373438A0
02-12-2022 23:21:47.838,276,RECV,7E002D8122225700202020202020202020202020202020202020202020202020202020202020202020202020203734399F
02-12-2022 23:21:48.339,277,RECV,7E002D812222570020202020202020202020202020202020202020202020202020202020202020202020202020373530A7
02-12-2022 23:21:49.344,278,RECV,7E002D812222570020202020202020202020202020202020202020202020202020202020202020202020202020373532A5
02-12-2022 23:21:51.343,279,RECV,7E002D812222570020202020202020202020202020202020202020202020202020202020202020202020202020373536A1
02-12-2022 23:21:51.846,280,RECV,7E002D812222570020202020202020202020202020202020202020202020202020202020202020202020202020373537A0
02-12-2022 23:21:52.353,281,RECV,7E002D8122225700202020202020202020202020202020202020202020202020202020202020202020202020203735389F
02-12-2022 23:21:53.360,282,RECV,7E002D812222570020202020202020202020202020202020202020202020202020202020202020202020202020373630A6
02-12-2022 23:21:53.865,283,RECV,7E002D812222570020202020202020202020202020202020202020202020202020202020202020202020202020373631A5
02-12-2022 23:21:54.367,284,RECV,7E002D812222570020202020202020202020202020202020202020202020202020202020202020202020202020373632A4
02-12-2022 23:21:54.866,285,RECV,7E002D812222570020202020202020202020202020202020202020202020202020202020202020202020202020373633A3
02-12-2022 23:21:55.869,286,RECV,7E002D812222560020202020202020202020202020202020202020202020202020202020202020202020202020373635A2
02-12-2022 23:21:56.371,287,RECV,7E002D812222570020202020202020202020202020202020202020202020202020202020202020202020202020373636A0
02-12-2022 23:21:57.375,288,RECV,7E002D8122225700202020202020202020202020202020202020202020202020202020202020202020202020203736389E
02-12-2022 23:21:58.322,289,RECV,7E002D812222570020202020202020202020202020202020202020202020202020202020202020202020202020373730A5
02-12-2022 23:21:58.825,290,RECV,7E002D812222570020202020202020202020202020202020202020202020202020202020202020202020202020373731A4
02-12-2022 23:22:00.828,291,RECV,7E002D812222570020202020202020202020202020202020202020202020202020202020202020202020202020373735A0
02-12-2022 23:22:01.832,292,RECV,7E002D8122225700202020202020202020202020202020202020202020202020202020202020202020202020203737379E
02-12-2022 23:22:03.829,293,RECV,7E002D812222570020202020202020202020202020202020202020202020202020202020202020202020202020373831A3
02-12-2022 23:22:04.329,294,RECV,7E002D812222570020202020202020202020202020202020202020202020202020202020202020202020202020373832A2
02-12-2022 23:22:04.828,295,RECV,7E002D812222570020202020202020202020202020202020202020202020202020202020202020202020202020373833A1
02-12-2022 23:22:05.390,296,RECV,7E002D812222570020202020202020202020202020202020202020202020202020202020202020202020202020373834A0
02-12-2022 23:22:06.391,297,RECV,7E002D8122225700202020202020202020202020202020202020202020202020202020202020202020202020203738369E
02-12-2022 23:22:07.834,298,RECV,7E002D8122225700202020202020202020202020202020202020202020202020202020202020202020202020203738399B
02-12-2022 23:22:08.840,299,RECV,7E002D812222570020202020202020202020202020202020202020202020202020202020202020202020202020373931A2
02-12-2022 23:22:09.899,300,RECV,7E002D812222570020202020202020202020202020202020202020202020202020202020202020202020202020373933A0
02-12-2022 23:22:10.838,301,RECV,7E002D8122225700202020202020202020202020202020202020202020202020202020202020202020202020203739359E
02-12-2022 23:22:14.361,302,RECV,7E002D812222570020202020202020202020202020202020202020202020202020202020202020202020202020383032A9
02-12-2022 23:22:15.368,303,RECV,7E002D812222570020202020202020202020202020202020202020202020202020202020202020202020202020383034A7
02-12-2022 23:22:16.369,304,RECV,7E002D812222570020202020202020202020202020202020202020202020202020202020202020202020202020383036A5
02-12-2022 23:22:17.372,305,RECV,7E002D812222570020202020202020202020202020202020202020202020202020202020202020202020202020383038A3
02-12-2022 23:22:18.873,306,RECV,7E002D812222560020202020202020202020202020202020202020202020202020202020202020202020202020383131AA
02-12-2022 23:22:19.377,307,RECV,7E002D812222570020202020202020202020202020202020202020202020202020202020202020202020202020383132A8
02-12-2022 23:22:20.382,308,RECV,7E002D812222570020202020202020202020202020202020202020202020202020202020202020202020202020383134A6
02-12-2022 23:22:24.394,309,RECV,7E002D812222550020202020202020202020202020202020202020202020202020202020202020202020202020383232A9
02-12-2022 23:22:29.854,310,RECV,7E002D812222570020202020202020202020202020202020202020202020202020202020202020202020202020383333A5
02-12-2022 23:22:31.366,311,RECV,7E002D812222570020202020202020202020202020202020202020202020202020202020202020202020202020383336A2
02-12-2022 23:22:32.886,312,RECV,7E002D8122225700202020202020202020202020202020202020202020202020202020202020202020202020203833399F
02-12-2022 23:22:33.370,313,RECV,7E002D812222570020202020202020202020202020202020202020202020202020202020202020202020202020383430A7
02-12-2022 23:22:34.378,314,RECV,7E002D812222570020202020202020202020202020202020202020202020202020202020202020202020202020383432A5
02-12-2022 23:22:35.887,315,RECV,7E002D812222570020202020202020202020202020202020202020202020202020202020202020202020202020383435A2
02-12-2022 23:22:36.387,316,RECV,7E002D812222560020202020202020202020202020202020202020202020202020202020202020202020202020383436A2
02-12-2022 23:22:36.887,317,RECV,7E002D812222570020202020202020202020202020202020202020202020202020202020202020202020202020383437A0
02-12-2022 23:22:37.387,318,RECV,7E002D8122225700202020202020202020202020202020202020202020202020202020202020202020202020203834389F
02-12-2022 23:22:39.399,319,RECV,7E002D812222570020202020202020202020202020202020202020202020202020202020202020202020202020383532A4
02-12-2022 23:22:39.902,320,RECV,7E002D812222570020202020202020202020202020202020202020202020202020202020202020202020202020383533A3
02-12-2022 23:22:40.405,321,RECV,7E002D812222570020202020202020202020202020202020202020202020202020202020202020202020202020383534A2
02-12-2022 23:22:41.411,322,RECV,7E002D812222570020202020202020202020202020202020202020202020202020202020202020202020202020383536A0
02-12-2022 23:22:41.914,323,RECV,7E002D8122225700202020202020202020202020202020202020202020202020202020202020202020202020203835379F
02-12-2022 23:22:43.415,324,RECV,7E002D812222570020202020202020202020202020202020202020202020202020202020202020202020202020383630A5
02-12-2022 23:22:44.918,325,RECV,7E002D812222560020202020202020202020202020202020202020202020202020202020202020202020202020383633A3
02-12-2022 23:22:45.421,326,RECV,7E002D812222570020202020202020202020202020202020202020202020202020202020202020202020202020383634A1
02-12-2022 23:22:45.922,327,RECV,7E002D812222570020202020202020202020202020202020202020202020202020202020202020202020202020383635A0
02-12-2022 23:22:46.928,328,RECV,7E002D8122225700202020202020202020202020202020202020202020202020202020202020202020202020203836379E
02-12-2022 23:22:48.939,329,RECV,7E002D812222570020202020202020202020202020202020202020202020202020202020202020202020202020383731A3
02-12-2022 23:22:49.441,330,RECV,7E002D812222570020202020202020202020202020202020202020202020202020202020202020202020202020383732A2
02-12-2022 23:22:49.946,331,RECV,7E002D812222570020202020202020202020202020202020202020202020202020202020202020202020202020383733A1
02-12-2022 23:22:50.447,332,RECV,7E002D812222570020202020202020202020202020202020202020202020202020202020202020202020202020383734A0
02-12-2022 23:22:51.445,333,RECV,7E002D8122225700202020202020202020202020202020202020202020202020202020202020202020202020203837369E
02-12-2022 23:22:52.448,334,RECV,7E002D8122225600202020202020202020202020202020202020202020202020202020202020202020202020203837389D
02-12-2022 23:22:52.952,335,RECV,7E002D8122225700202020202020202020202020202020202020202020202020202020202020202020202020203837399B
02-12-2022 23:22:53.893,336,RECV,7E002D812222570020202020202020202020202020202020202020202020202020202020202020202020202020383831A2
02-12-2022 23:22:54.399,337,RECV,7E002D812222570020202020202020202020202020202020202020202020202020202020202020202020202020383832A1
02-12-2022 23:22:54.901,338,RECV,7E002D812222570020202020202020202020202020202020202020202020202020202020202020202020202020383833A0
02-12-2022 23:22:55.402,339,RECV,7E002D8122225700202020202020202020202020202020202020202020202020202020202020202020202020203838349F
02-12-2022 23:22:57.413,340,RECV,7E002D8122225700202020202020202020202020202020202020202020202020202020202020202020202020203838389B
02-12-2022 23:22:57.915,341,RECV,7E002D8122225700202020202020202020202020202020202020202020202020202020202020202020202020203838399A
02-12-2022 23:22:58.415,342,RECV,7E002D812222570020202020202020202020202020202020202020202020202020202020202020202020202020383930A2
02-12-2022 23:22:58.915,343,RECV,7E002D812222570020202020202020202020202020202020202020202020202020202020202020202020202020383931A1
02-12-2022 23:22:59.419,344,RECV,7E002D812222560020202020202020202020202020202020202020202020202020202020202020202020202020383932A1
02-12-2022 23:23:00.428,345,RECV,7E002D8122225700202020202020202020202020202020202020202020202020202020202020202020202020203839349E
02-12-2022 23:23:02.442,346,RECV,7E002D8122225700202020202020202020202020202020202020202020202020202020202020202020202020203839389A
02-12-2022 23:23:02.945,347,RECV,7E002D81222257002020202020202020202020202020202020202020202020202020202020202020202020202038393999
02-12-2022 23:23:03.944,348,RECV,7E002D812222570020202020202020202020202020202020202020202020202020202020202020202020202020393031A9
02-12-2022 23:23:04.449,349,RECV,7E002D812222570020202020202020202020202020202020202020202020202020202020202020202020202020393032A8
02-12-2022 23:23:04.949,350,RECV,7E002D812222570020202020202020202020202020202020202020202020202020202020202020202020202020393033A7
02-12-2022 23:23:05.453,351,RECV,7E002D812222570020202020202020202020202020202020202020202020202020202020202020202020202020393034A6
02-12-2022 23:23:06.458,352,RECV,7E002D812222570020202020202020202020202020202020202020202020202020202020202020202020202020393036A4
02-12-2022 23:23:06.961,353,RECV,7E002D812222570020202020202020202020202020202020202020202020202020202020202020202020202020393037A3
02-12-2022 23:23:07.464,354,RECV,7E002D812222560020202020202020202020202020202020202020202020202020202020202020202020202020393038A3
02-12-2022 23:23:07.962,355,RECV,7E002D812222570020202020202020202020202020202020202020202020202020202020202020202020202020393039A1
02-12-2022 23:23:08.459,356,RECV,7E002D812222570020202020202020202020202020202020202020202020202020202020202020202020202020393130A9
02-12-2022 23:23:08.962,357,RECV,7E002D812222570020202020202020202020202020202020202020202020202020202020202020202020202020393131A8
02-12-2022 23:23:11.467,358,RECV,7E002D812222570020202020202020202020202020202020202020202020202020202020202020202020202020393136A3
02-12-2022 23:23:12.465,359,RECV,7E002D812222570020202020202020202020202020202020202020202020202020202020202020202020202020393138A1
02-12-2022 23:23:12.966,360,RECV,7E002D812222570020202020202020202020202020202020202020202020202020202020202020202020202020393139A0
02-12-2022 23:23:13.471,361,RECV,7E002D812222570020202020202020202020202020202020202020202020202020202020202020202020202020393230A8
02-12-2022 23:23:15.423,362,RECV,7E002D812222570020202020202020202020202020202020202020202020202020202020202020202020202020393234A4
02-12-2022 23:23:15.991,363,RECV,7E002D812222570020202020202020202020202020202020202020202020202020202020202020202020202020393235A3
02-12-2022 23:23:16.434,364,RECV,7E002D812222560020202020202020202020202020202020202020202020202020202020202020202020202020393236A3
02-12-2022 23:23:16.995,365,RECV,7E002D812222570020202020202020202020202020202020202020202020202020202020202020202020202020393237A1
02-12-2022 23:23:17.936,366,RECV,7E002D8122225700202020202020202020202020202020202020202020202020202020202020202020202020203932399F
02-12-2022 23:23:18.436,367,RECV,7E002D812222570020202020202020202020202020202020202020202020202020202020202020202020202020393330A7
02-12-2022 23:23:19.443,368,RECV,7E002D812222570020202020202020202020202020202020202020202020202020202020202020202020202020393332A5
02-12-2022 23:23:20.446,369,RECV,7E002D812222570020202020202020202020202020202020202020202020202020202020202020202020202020393334A3
02-12-2022 23:23:24.455,370,RECV,7E002D812222570020202020202020202020202020202020202020202020202020202020202020202020202020393432A4
02-12-2022 23:23:24.961,371,RECV,7E002D812222570020202020202020202020202020202020202020202020202020202020202020202020202020393433A3
02-12-2022 23:23:25.462,372,RECV,7E002D812222570020202020202020202020202020202020202020202020202020202020202020202020202020393434A2
02-12-2022 23:23:25.966,373,RECV,7E002D812222570020202020202020202020202020202020202020202020202020202020202020202020202020393435A1
02-12-2022 23:23:26.469,374,RECV,7E002D812222570020202020202020202020202020202020202020202020202020202020202020202020202020393436A0
02-12-2022 23:23:27.468,375,RECV,7E002D8122225600202020202020202020202020202020202020202020202020202020202020202020202020203934389F
02-12-2022 23:23:27.968,376,RECV,7E002D8122225700202020202020202020202020202020202020202020202020202020202020202020202020203934399D
02-12-2022 23:23:28.980,377,RECV,7E002D812222570020202020202020202020202020202020202020202020202020202020202020202020202020393531A4
02-12-2022 23:23:29.485,378,RECV,7E002D812222560020202020202020202020202020202020202020202020202020202020202020202020202020393532A4
02-12-2022 23:23:29.985,379,RECV,7E002D812222570020202020202020202020202020202020202020202020202020202020202020202020202020393533A2
02-12-2022 23:23:31.483,380,RECV,7E002D8122225700202020202020202020202020202020202020202020202020202020202020202020202020203935369F
02-12-2022 23:23:33.482,381,RECV,7E002D812222570020202020202020202020202020202020202020202020202020202020202020202020202020393630A4
02-12-2022 23:23:33.979,382,RECV,7E002D812222570020202020202020202020202020202020202020202020202020202020202020202020202020393631A3
02-12-2022 23:23:34.980,383,RECV,7E002D812222570020202020202020202020202020202020202020202020202020202020202020202020202020393633A1
02-12-2022 23:23:35.983,384,RECV,7E002D8122225700202020202020202020202020202020202020202020202020202020202020202020202020203936359F
02-12-2022 23:23:36.985,385,RECV,7E002D8122225700202020202020202020202020202020202020202020202020202020202020202020202020203936379D
02-12-2022 23:23:37.987,386,RECV,7E002D8122225700202020202020202020202020202020202020202020202020202020202020202020202020203936399B
02-12-2022 23:23:38.489,387,RECV,7E002D812222570020202020202020202020202020202020202020202020202020202020202020202020202020393730A3
02-12-2022 23:23:38.992,388,RECV,7E002D812222570020202020202020202020202020202020202020202020202020202020202020202020202020393731A2
02-12-2022 23:23:39.495,389,RECV,7E002D812222560020202020202020202020202020202020202020202020202020202020202020202020202020393732A2
02-12-2022 23:23:40.999,390,RECV,7E002D8122225700202020202020202020202020202020202020202020202020202020202020202020202020203937359E
02-12-2022 23:23:42.504,391,RECV,7E002D8122225700202020202020202020202020202020202020202020202020202020202020202020202020203937389B
02-12-2022 23:23:43.006,392,RECV,7E002D8122225600202020202020202020202020202020202020202020202020202020202020202020202020203937399B
02-12-2022 23:23:43.507,393,RECV,7E002D812222570020202020202020202020202020202020202020202020202020202020202020202020202020393830A2
02-12-2022 23:23:44.010,394,RECV,7E002D812222570020202020202020202020202020202020202020202020202020202020202020202020202020393831A1
02-12-2022 23:23:44.510,395,RECV,7E002D812222570020202020202020202020202020202020202020202020202020202020202020202020202020393832A0
02-12-2022 23:23:45.014,396,RECV,7E002D8122225700202020202020202020202020202020202020202020202020202020202020202020202020203938339F
02-12-2022 23:23:45.515,397,RECV,7E002D8122225700202020202020202020202020202020202020202020202020202020202020202020202020203938349E
02-12-2022 23:23:47.515,398,RECV,7E002D8122225700202020202020202020202020202020202020202020202020202020202020202020202020203938389A
02-12-2022 23:23:48.016,399,RECV,7E002D81222257002020202020202020202020202020202020202020202020202020202020202020202020202039383999
02-12-2022 23:23:49.518,400,RECV,7E002D8122225700202020202020202020202020202020202020202020202020202020202020202020202020203939329F
02-12-2022 23:23:52.530,401,RECV,7E002D81222257002020202020202020202020202020202020202020202020202020202020202020202020202039393899
