02-14-2022 05:58:15.896,-,API,"Coordinator_802,0013A20041C5375A,802.15.4 TH,2003,COM7 - 115200/8/N/1/N,1,46"

02-14-2022 05:42:32.168,0,RECV,7E00558122225A002020202020202020202020202020202020202020202020202020202020202020202020202020202020202020202020202020202020202020202020202020202020202020202020202020202020202030D0
02-14-2022 05:42:32.669,1,RECV,7E00558122225B002020202020202020202020202020202020202020202020202020202020202020202020202020202020202020202020202020202020202020202020202020202020202020202020202020202020202031CE
02-14-2022 05:42:57.230,2,RECV,7E00558122225B002020202020202020202020202020202020202020202020202020202020202020202020202020202020202020202020202020202020202020202020202020202020202020202020202020202020203530BA
02-14-2022 05:43:26.841,3,RECV,7E00558122225B002020202020202020202020202020202020202020202020202020202020202020202020202020202020202020202020202020202020202020202020202020202020202020202020202020202020313039A5
02-14-2022 05:43:46.453,4,RECV,7E00558122225B002020202020202020202020202020202020202020202020202020202020202020202020202020202020202020202020202020202020202020202020202020202020202020202020202020202020313438A2
02-14-2022 05:43:53.489,5,RECV,7E00558122225B002020202020202020202020202020202020202020202020202020202020202020202020202020202020202020202020202020202020202020202020202020202020202020202020202020202020313632A6
02-14-2022 05:44:02.462,6,RECV,7E00558122225A002020202020202020202020202020202020202020202020202020202020202020202020202020202020202020202020202020202020202020202020202020202020202020202020202020202020313830A7
02-14-2022 05:44:15.023,7,RECV,7E00558122225A002020202020202020202020202020202020202020202020202020202020202020202020202020202020202020202020202020202020202020202020202020202020202020202020202020202020323035A9
02-14-2022 05:44:37.598,8,RECV,7E00558122225B002020202020202020202020202020202020202020202020202020202020202020202020202020202020202020202020202020202020202020202020202020202020202020202020202020202020323530A8
02-14-2022 05:44:38.606,9,RECV,7E00558122225B002020202020202020202020202020202020202020202020202020202020202020202020202020202020202020202020202020202020202020202020202020202020202020202020202020202020323532A6
02-14-2022 05:44:40.121,10,RECV,7E00558122225B002020202020202020202020202020202020202020202020202020202020202020202020202020202020202020202020202020202020202020202020202020202020202020202020202020202020323535A3
02-14-2022 05:44:53.701,11,RECV,7E00558122225B002020202020202020202020202020202020202020202020202020202020202020202020202020202020202020202020202020202020202020202020202020202020202020202020202020202020323832A3
02-14-2022 05:44:57.169,12,RECV,7E00558122225A0020202020202020202020202020202020202020202020202020202020202020202020202020202020202020202020202020202020202020202020202020202020202020202020202020202020203238399D
02-14-2022 05:44:58.684,13,RECV,7E00558122225B002020202020202020202020202020202020202020202020202020202020202020202020202020202020202020202020202020202020202020202020202020202020202020202020202020202020323932A2
02-14-2022 05:44:59.189,14,RECV,7E00558122225B002020202020202020202020202020202020202020202020202020202020202020202020202020202020202020202020202020202020202020202020202020202020202020202020202020202020323933A1
02-14-2022 05:45:04.726,15,RECV,7E00558122225B002020202020202020202020202020202020202020202020202020202020202020202020202020202020202020202020202020202020202020202020202020202020202020202020202020202020333034A8
02-14-2022 05:45:23.796,16,RECV,7E00558122225B002020202020202020202020202020202020202020202020202020202020202020202020202020202020202020202020202020202020202020202020202020202020202020202020202020202020333432A6
02-14-2022 05:45:38.336,17,RECV,7E00558122225B002020202020202020202020202020202020202020202020202020202020202020202020202020202020202020202020202020202020202020202020202020202020202020202020202020202020333731A4
02-14-2022 05:45:58.906,18,RECV,7E00558122225B002020202020202020202020202020202020202020202020202020202020202020202020202020202020202020202020202020202020202020202020202020202020202020202020202020202020343132A8
02-14-2022 05:46:04.953,19,RECV,7E00558122225B002020202020202020202020202020202020202020202020202020202020202020202020202020202020202020202020202020202020202020202020202020202020202020202020202020202020343234A5
02-14-2022 05:47:21.210,20,RECV,7E00558122225B0020202020202020202020202020202020202020202020202020202020202020202020202020202020202020202020202020202020202020202020202020202020202020202020202020202020203537369D
02-14-2022 05:47:35.807,21,RECV,7E00558122225B002020202020202020202020202020202020202020202020202020202020202020202020202020202020202020202020202020202020202020202020202020202020202020202020202020202020363035A4
02-14-2022 05:47:55.831,22,RECV,7E00558122225A002020202020202020202020202020202020202020202020202020202020202020202020202020202020202020202020202020202020202020202020202020202020202020202020202020202020363435A1
02-14-2022 05:48:05.380,23,RECV,7E00558122225B0020202020202020202020202020202020202020202020202020202020202020202020202020202020202020202020202020202020202020202020202020202020202020202020202020202020203636349F
02-14-2022 05:48:17.913,24,RECV,7E00558122225A00202020202020202020202020202020202020202020202020202020202020202020202020202020202020202020202020202020202020202020202020202020202020202020202020202020202036383999
02-14-2022 05:48:34.526,25,RECV,7E00558122225B002020202020202020202020202020202020202020202020202020202020202020202020202020202020202020202020202020202020202020202020202020202020202020202020202020202020373232A4
02-14-2022 05:48:55.059,26,RECV,7E00558122225C0020202020202020202020202020202020202020202020202020202020202020202020202020202020202020202020202020202020202020202020202020202020202020202020202020202020203736339E
02-14-2022 05:49:14.659,27,RECV,7E00558122225B002020202020202020202020202020202020202020202020202020202020202020202020202020202020202020202020202020202020202020202020202020202020202020202020202020202020383032A5
02-14-2022 05:49:32.722,28,RECV,7E00558122225A0020202020202020202020202020202020202020202020202020202020202020202020202020202020202020202020202020202020202020202020202020202020202020202020202020202020203833389D
02-14-2022 05:50:11.348,29,RECV,7E00558122225B002020202020202020202020202020202020202020202020202020202020202020202020202020202020202020202020202020202020202020202020202020202020202020202020202020202020393135A0
02-14-2022 05:50:11.854,30,RECV,7E00558122225B0020202020202020202020202020202020202020202020202020202020202020202020202020202020202020202020202020202020202020202020202020202020202020202020202020202020203931369F
02-14-2022 05:50:16.874,31,RECV,7E00558122225B0020202020202020202020202020202020202020202020202020202020202020202020202020202020202020202020202020202020202020202020202020202020202020202020202020202020203932369E
02-14-2022 05:50:24.887,32,RECV,7E00558122225B002020202020202020202020202020202020202020202020202020202020202020202020202020202020202020202020202020202020202020202020202020202020202020202020202020202020393432A0
02-14-2022 05:50:42.499,33,RECV,7E00558122225A00202020202020202020202020202020202020202020202020202020202020202020202020202020202020202020202020202020202020202020202020202020202020202020202020202020202039373799
