02-06-2022 21:10:54.391,-,API,"Router1,0013A20041C37EFF,802.15.4 TH,2003,COM11 - 115200/8/N/1/N,1,46"

02-06-2022 20:52:35.816,0,RECV,7E00198100003300313233343536373839306162636465666768696A47
02-06-2022 20:52:35.878,1,RECV,7E00198100003300313233343536373839306162636465666768696A47
02-06-2022 20:52:36.002,2,RECV,7E00198100003300313233343536373839306162636465666768696A47
02-06-2022 20:52:36.128,3,RECV,7E00198100003300313233343536373839306162636465666768696A47
02-06-2022 20:52:36.189,4,RECV,7E00198100003300313233343536373839306162636465666768696A47
02-06-2022 20:52:36.316,5,RECV,7E00198100003300313233343536373839306162636465666768696A47
02-06-2022 20:52:36.440,6,RECV,7E00198100003300313233343536373839306162636465666768696A47
02-06-2022 20:52:36.564,7,RECV,7E00198100003200313233343536373839306162636465666768696A48
02-06-2022 20:52:36.627,8,RECV,7E00198100003200313233343536373839306162636465666768696A48
02-06-2022 20:52:36.751,9,RECV,7E00198100003200313233343536373839306162636465666768696A48
02-06-2022 20:52:36.874,10,RECV,7E00198100003200313233343536373839306162636465666768696A48
02-06-2022 20:52:36.998,11,RECV,7E00198100003200313233343536373839306162636465666768696A48
02-06-2022 20:52:37.184,12,RECV,7E00198100003200313233343536373839306162636465666768696A48
02-06-2022 20:52:37.309,13,RECV,7E00198100003200313233343536373839306162636465666768696A48
02-06-2022 20:52:37.435,14,RECV,7E00198100003200313233343536373839306162636465666768696A48
02-06-2022 20:52:37.498,15,RECV,7E00198100003200313233343536373839306162636465666768696A48
02-06-2022 20:52:37.623,16,RECV,7E00198100003200313233343536373839306162636465666768696A48
02-06-2022 20:52:37.749,17,RECV,7E00198100003200313233343536373839306162636465666768696A48
02-06-2022 20:52:37.874,18,RECV,7E00198100003200313233343536373839306162636465666768696A48
02-06-2022 20:52:37.957,19,RECV,7E00198100003200313233343536373839306162636465666768696A48
02-06-2022 20:52:38.064,20,RECV,7E00198100003200313233343536373839306162636465666768696A48
02-06-2022 20:52:38.190,21,RECV,7E00198100003200313233343536373839306162636465666768696A48
02-06-2022 20:52:38.316,22,RECV,7E00198100003200313233343536373839306162636465666768696A48
02-06-2022 20:52:38.378,23,RECV,7E00198100003200313233343536373839306162636465666768696A48
02-06-2022 20:52:38.504,24,RECV,7E00198100003200313233343536373839306162636465666768696A48
02-06-2022 20:52:38.629,25,RECV,7E00198100003200313233343536373839306162636465666768696A48
02-06-2022 20:52:38.752,26,RECV,7E00198100003200313233343536373839306162636465666768696A48
02-06-2022 20:52:38.815,27,RECV,7E00198100003200313233343536373839306162636465666768696A48
02-06-2022 20:52:38.939,28,RECV,7E00198100003200313233343536373839306162636465666768696A48
02-06-2022 20:52:39.065,29,RECV,7E00198100003200313233343536373839306162636465666768696A48
02-06-2022 20:52:39.190,30,RECV,7E00198100003300313233343536373839306162636465666768696A47
02-06-2022 20:52:39.253,31,RECV,7E00198100003200313233343536373839306162636465666768696A48
02-06-2022 20:52:39.377,32,RECV,7E00198100003200313233343536373839306162636465666768696A48
02-06-2022 20:52:39.501,33,RECV,7E00198100003200313233343536373839306162636465666768696A48
02-06-2022 20:52:39.627,34,RECV,7E00198100003200313233343536373839306162636465666768696A48
02-06-2022 20:52:39.690,35,RECV,7E00198100003300313233343536373839306162636465666768696A47
02-06-2022 20:52:39.814,36,RECV,7E00198100003200313233343536373839306162636465666768696A48
02-06-2022 20:52:39.940,37,RECV,7E00198100003200313233343536373839306162636465666768696A48
02-06-2022 20:52:40.065,38,RECV,7E00198100003200313233343536373839306162636465666768696A48
02-06-2022 20:52:40.127,39,RECV,7E00198100003200313233343536373839306162636465666768696A48
02-06-2022 20:52:40.251,40,RECV,7E00198100003200313233343536373839306162636465666768696A48
02-06-2022 20:52:40.376,41,RECV,7E00198100003200313233343536373839306162636465666768696A48
02-06-2022 20:52:40.501,42,RECV,7E00198100003200313233343536373839306162636465666768696A48
02-06-2022 20:52:40.564,43,RECV,7E00198100003200313233343536373839306162636465666768696A48
02-06-2022 20:52:40.688,44,RECV,7E00198100003200313233343536373839306162636465666768696A48
02-06-2022 20:52:40.812,45,RECV,7E00198100003200313233343536373839306162636465666768696A48
02-06-2022 20:52:40.936,46,RECV,7E00198100003200313233343536373839306162636465666768696A48
02-06-2022 20:52:40.997,47,RECV,7E00198100003200313233343536373839306162636465666768696A48
02-06-2022 20:52:41.121,48,RECV,7E00198100003200313233343536373839306162636465666768696A48
02-06-2022 20:52:41.246,49,RECV,7E00198100003200313233343536373839306162636465666768696A48
02-06-2022 20:52:41.371,50,RECV,7E00198100003200313233343536373839306162636465666768696A48
02-06-2022 20:52:41.434,51,RECV,7E00198100003200313233343536373839306162636465666768696A48
02-06-2022 20:52:41.560,52,RECV,7E00198100003200313233343536373839306162636465666768696A48
02-06-2022 20:52:41.686,53,RECV,7E00198100003200313233343536373839306162636465666768696A48
02-06-2022 20:52:41.812,54,RECV,7E00198100003200313233343536373839306162636465666768696A48
02-06-2022 20:52:41.875,55,RECV,7E00198100003200313233343536373839306162636465666768696A48
02-06-2022 20:52:42.001,56,RECV,7E00198100003200313233343536373839306162636465666768696A48
02-06-2022 20:52:42.125,57,RECV,7E00198100003200313233343536373839306162636465666768696A48
02-06-2022 20:52:42.249,58,RECV,7E00198100003200313233343536373839306162636465666768696A48
02-06-2022 20:52:42.311,59,RECV,7E00198100003200313233343536373839306162636465666768696A48
02-06-2022 20:52:42.437,60,RECV,7E00198100003200313233343536373839306162636465666768696A48
02-06-2022 20:52:42.563,61,RECV,7E00198100003200313233343536373839306162636465666768696A48
02-06-2022 20:52:42.686,62,RECV,7E00198100003200313233343536373839306162636465666768696A48
02-06-2022 20:52:42.749,63,RECV,7E00198100003200313233343536373839306162636465666768696A48
02-06-2022 20:52:42.872,64,RECV,7E00198100003200313233343536373839306162636465666768696A48
02-06-2022 20:52:42.997,65,RECV,7E00198100003400313233343536373839306162636465666768696A46
02-06-2022 20:52:43.122,66,RECV,7E00198100003100313233343536373839306162636465666768696A49
02-06-2022 20:52:43.185,67,RECV,7E00198100003300313233343536373839306162636465666768696A47
02-06-2022 20:52:43.308,68,RECV,7E00198100003200313233343536373839306162636465666768696A48
02-06-2022 20:52:43.433,69,RECV,7E00198100003500313233343536373839306162636465666768696A45
02-06-2022 20:52:43.558,70,RECV,7E00198100003600313233343536373839306162636465666768696A44
02-06-2022 20:52:43.621,71,RECV,7E00198100003700313233343536373839306162636465666768696A43
02-06-2022 20:52:43.745,72,RECV,7E00198100003700313233343536373839306162636465666768696A43
02-06-2022 20:52:43.871,73,RECV,7E00198100003800313233343536373839306162636465666768696A42
02-06-2022 20:52:43.997,74,RECV,7E00198100003800313233343536373839306162636465666768696A42
02-06-2022 20:52:44.060,75,RECV,7E00198100003900313233343536373839306162636465666768696A41
02-06-2022 20:52:44.184,76,RECV,7E00198100003600313233343536373839306162636465666768696A44
02-06-2022 20:52:44.310,77,RECV,7E00198100003900313233343536373839306162636465666768696A41
02-06-2022 20:52:44.435,78,RECV,7E00198100003C00313233343536373839306162636465666768696A3E
02-06-2022 20:52:44.499,79,RECV,7E00198100004300313233343536373839306162636465666768696A37
02-06-2022 20:52:44.625,80,RECV,7E00198100004700313233343536373839306162636465666768696A33
02-06-2022 20:52:44.749,81,RECV,7E00198100004B00313233343536373839306162636465666768696A2F
02-06-2022 20:52:44.874,82,RECV,7E00198100003C00313233343536373839306162636465666768696A3E
02-06-2022 20:52:44.936,83,RECV,7E00198100003800313233343536373839306162636465666768696A42
02-06-2022 20:52:45.062,84,RECV,7E00198100003500313233343536373839306162636465666768696A45
02-06-2022 20:52:45.187,85,RECV,7E00198100003300313233343536373839306162636465666768696A47
02-06-2022 20:52:45.312,86,RECV,7E00198100003500313233343536373839306162636465666768696A45
02-06-2022 20:52:45.375,87,RECV,7E00198100003700313233343536373839306162636465666768696A43
02-06-2022 20:52:45.503,88,RECV,7E00198100003800313233343536373839306162636465666768696A42
02-06-2022 20:52:45.629,89,RECV,7E00198100003800313233343536373839306162636465666768696A42
02-06-2022 20:52:45.754,90,RECV,7E00198100003900313233343536373839306162636465666768696A41
02-06-2022 20:52:45.940,91,RECV,7E00198100003C00313233343536373839306162636465666768696A3E
02-06-2022 20:52:46.065,92,RECV,7E00198100003E00313233343536373839306162636465666768696A3C
02-06-2022 20:52:46.190,93,RECV,7E00198100004000313233343536373839306162636465666768696A3A
02-06-2022 20:52:46.252,94,RECV,7E00198100003C00313233343536373839306162636465666768696A3E
02-06-2022 20:52:46.377,95,RECV,7E00198100003B00313233343536373839306162636465666768696A3F
02-06-2022 20:52:46.500,96,RECV,7E00198100003A00313233343536373839306162636465666768696A40
02-06-2022 20:52:46.625,97,RECV,7E00198100003A00313233343536373839306162636465666768696A40
02-06-2022 20:52:46.687,98,RECV,7E00198100003B00313233343536373839306162636465666768696A3F
02-06-2022 20:52:46.813,99,RECV,7E00198100003B00313233343536373839306162636465666768696A3F
02-06-2022 20:52:46.937,100,RECV,7E00198100003B00313233343536373839306162636465666768696A3F
02-06-2022 20:52:47.064,101,RECV,7E00198100003B00313233343536373839306162636465666768696A3F
02-06-2022 20:52:47.128,102,RECV,7E00198100003B00313233343536373839306162636465666768696A3F
02-06-2022 20:52:47.253,103,RECV,7E00198100003C00313233343536373839306162636465666768696A3E
02-06-2022 20:52:47.377,104,RECV,7E00198100003C00313233343536373839306162636465666768696A3E
02-06-2022 20:52:47.501,105,RECV,7E00198100003C00313233343536373839306162636465666768696A3E
02-06-2022 20:52:47.563,106,RECV,7E00198100003D00313233343536373839306162636465666768696A3D
02-06-2022 20:52:47.687,107,RECV,7E00198100003D00313233343536373839306162636465666768696A3D
02-06-2022 20:52:47.811,108,RECV,7E00198100003E00313233343536373839306162636465666768696A3C
02-06-2022 20:52:47.935,109,RECV,7E00198100003D00313233343536373839306162636465666768696A3D
02-06-2022 20:52:47.998,110,RECV,7E00198100003C00313233343536373839306162636465666768696A3E
02-06-2022 20:52:48.122,111,RECV,7E00198100003C00313233343536373839306162636465666768696A3E
02-06-2022 20:52:48.248,112,RECV,7E00198100003D00313233343536373839306162636465666768696A3D
02-06-2022 20:52:48.373,113,RECV,7E00198100003D00313233343536373839306162636465666768696A3D
02-06-2022 20:52:48.436,114,RECV,7E00198100003B00313233343536373839306162636465666768696A3F
02-06-2022 20:52:48.560,115,RECV,7E00198100003B00313233343536373839306162636465666768696A3F
02-06-2022 20:52:48.685,116,RECV,7E00198100003A00313233343536373839306162636465666768696A40
02-06-2022 20:52:48.812,117,RECV,7E00198100003A00313233343536373839306162636465666768696A40
02-06-2022 20:52:48.874,118,RECV,7E00198100003800313233343536373839306162636465666768696A42
02-06-2022 20:52:48.999,119,RECV,7E00198100003800313233343536373839306162636465666768696A42
02-06-2022 20:52:49.124,120,RECV,7E00198100003800313233343536373839306162636465666768696A42
02-06-2022 20:52:49.249,121,RECV,7E00198100003800313233343536373839306162636465666768696A42
02-06-2022 20:52:49.312,122,RECV,7E00198100003600313233343536373839306162636465666768696A44
02-06-2022 20:52:49.437,123,RECV,7E00198100003800313233343536373839306162636465666768696A42
02-06-2022 20:52:49.561,124,RECV,7E00198100003700313233343536373839306162636465666768696A43
02-06-2022 20:52:49.688,125,RECV,7E00198100003700313233343536373839306162636465666768696A43
02-06-2022 20:52:49.814,126,RECV,7E00198100003700313233343536373839306162636465666768696A43
02-06-2022 20:52:50.001,127,RECV,7E00198100003700313233343536373839306162636465666768696A43
02-06-2022 20:52:50.128,128,RECV,7E00198100003700313233343536373839306162636465666768696A43
02-06-2022 20:52:50.189,129,RECV,7E00198100003B00313233343536373839306162636465666768696A3F
02-06-2022 20:52:50.315,130,RECV,7E00198100003800313233343536373839306162636465666768696A42
02-06-2022 20:52:50.439,131,RECV,7E00198100003700313233343536373839306162636465666768696A43
02-06-2022 20:52:50.565,132,RECV,7E00198100003400313233343536373839306162636465666768696A46
02-06-2022 20:52:50.637,133,RECV,7E00198100003A00313233343536373839306162636465666768696A40
02-06-2022 20:52:50.752,134,RECV,7E00198100003700313233343536373839306162636465666768696A43
02-06-2022 20:52:50.874,135,RECV,7E00198100003800313233343536373839306162636465666768696A42
02-06-2022 20:52:50.999,136,RECV,7E00198100003400313233343536373839306162636465666768696A46
02-06-2022 20:52:51.061,137,RECV,7E00198100003900313233343536373839306162636465666768696A41
02-06-2022 20:52:51.186,138,RECV,7E00198100003500313233343536373839306162636465666768696A45
02-06-2022 20:52:51.312,139,RECV,7E00198100003300313233343536373839306162636465666768696A47
02-06-2022 20:52:51.436,140,RECV,7E00198100003200313233343536373839306162636465666768696A48
02-06-2022 20:52:51.499,141,RECV,7E00198100003000313233343536373839306162636465666768696A4A
02-06-2022 20:52:51.624,142,RECV,7E00198100003000313233343536373839306162636465666768696A4A
02-06-2022 20:52:51.749,143,RECV,7E00198100003000313233343536373839306162636465666768696A4A
02-06-2022 20:52:51.874,144,RECV,7E00198100003100313233343536373839306162636465666768696A49
02-06-2022 20:52:51.938,145,RECV,7E00198100002F00313233343536373839306162636465666768696A4B
02-06-2022 20:52:52.065,146,RECV,7E00198100003000313233343536373839306162636465666768696A4A
02-06-2022 20:52:52.188,147,RECV,7E00198100003000313233343536373839306162636465666768696A4A
02-06-2022 20:52:52.313,148,RECV,7E00198100003000313233343536373839306162636465666768696A4A
02-06-2022 20:52:52.375,149,RECV,7E00198100003100313233343536373839306162636465666768696A49
02-06-2022 20:52:52.499,150,RECV,7E00198100003200313233343536373839306162636465666768696A48
02-06-2022 20:52:52.624,151,RECV,7E00198100003200313233343536373839306162636465666768696A48
02-06-2022 20:52:52.750,152,RECV,7E00198100003400313233343536373839306162636465666768696A46
02-06-2022 20:52:52.813,153,RECV,7E00198100003100313233343536373839306162636465666768696A49
02-06-2022 20:52:52.939,154,RECV,7E00198100003100313233343536373839306162636465666768696A49
02-06-2022 20:52:53.063,155,RECV,7E00198100003200313233343536373839306162636465666768696A48
02-06-2022 20:52:53.190,156,RECV,7E00198100003200313233343536373839306162636465666768696A48
02-06-2022 20:52:53.253,157,RECV,7E00198100003300313233343536373839306162636465666768696A47
02-06-2022 20:52:53.378,158,RECV,7E00198100003200313233343536373839306162636465666768696A48
02-06-2022 20:52:53.506,159,RECV,7E00198100003300313233343536373839306162636465666768696A47
02-06-2022 20:52:53.636,160,RECV,7E00198100003300313233343536373839306162636465666768696A47
02-06-2022 20:52:53.733,161,RECV,7E00198100003200313233343536373839306162636465666768696A48
02-06-2022 20:52:53.945,162,RECV,7E00198100003300313233343536373839306162636465666768696A47
02-06-2022 20:52:54.070,163,RECV,7E00198100003300313233343536373839306162636465666768696A47
02-06-2022 20:52:54.132,164,RECV,7E00198100003300313233343536373839306162636465666768696A47
02-06-2022 20:52:54.257,165,RECV,7E00198100003300313233343536373839306162636465666768696A47
02-06-2022 20:52:54.382,166,RECV,7E00198100003300313233343536373839306162636465666768696A47
02-06-2022 20:52:54.508,167,RECV,7E00198100003300313233343536373839306162636465666768696A47
02-06-2022 20:52:54.571,168,RECV,7E00198100003300313233343536373839306162636465666768696A47
02-06-2022 20:52:54.697,169,RECV,7E00198100003300313233343536373839306162636465666768696A47
02-06-2022 20:52:54.823,170,RECV,7E00198100003300313233343536373839306162636465666768696A47
02-06-2022 20:52:54.949,171,RECV,7E00198100003200313233343536373839306162636465666768696A48
02-06-2022 20:52:55.080,172,RECV,7E00198100003200313233343536373839306162636465666768696A48
02-06-2022 20:52:55.137,173,RECV,7E00198100003200313233343536373839306162636465666768696A48
02-06-2022 20:52:55.263,174,RECV,7E00198100003200313233343536373839306162636465666768696A48
02-06-2022 20:52:55.387,175,RECV,7E00198100003100313233343536373839306162636465666768696A49
02-06-2022 20:52:55.455,176,RECV,7E00198100003300313233343536373839306162636465666768696A47
02-06-2022 20:52:55.572,177,RECV,7E00198100002F00313233343536373839306162636465666768696A4B
02-06-2022 20:52:55.697,178,RECV,7E00198100002F00313233343536373839306162636465666768696A4B
02-06-2022 20:52:55.822,179,RECV,7E00198100002F00313233343536373839306162636465666768696A4B
02-06-2022 20:52:55.885,180,RECV,7E00198100002F00313233343536373839306162636465666768696A4B
02-06-2022 20:52:56.009,181,RECV,7E00198100002E00313233343536373839306162636465666768696A4C
02-06-2022 20:52:56.136,182,RECV,7E00198100002E00313233343536373839306162636465666768696A4C
02-06-2022 20:52:56.263,183,RECV,7E00198100002F00313233343536373839306162636465666768696A4B
02-06-2022 20:52:56.325,184,RECV,7E00198100002F00313233343536373839306162636465666768696A4B
02-06-2022 20:52:56.452,185,RECV,7E00198100002F00313233343536373839306162636465666768696A4B
02-06-2022 20:52:56.578,186,RECV,7E00198100002F00313233343536373839306162636465666768696A4B
02-06-2022 20:52:56.703,187,RECV,7E00198100003100313233343536373839306162636465666768696A49
02-06-2022 20:52:56.766,188,RECV,7E00198100003100313233343536373839306162636465666768696A49
02-06-2022 20:52:56.893,189,RECV,7E00198100003400313233343536373839306162636465666768696A46
02-06-2022 20:52:57.018,190,RECV,7E00198100003600313233343536373839306162636465666768696A44
02-06-2022 20:52:57.143,191,RECV,7E00198100003600313233343536373839306162636465666768696A44
02-06-2022 20:52:57.205,192,RECV,7E00198100003400313233343536373839306162636465666768696A46
02-06-2022 20:52:57.329,193,RECV,7E00198100003600313233343536373839306162636465666768696A44
02-06-2022 20:52:57.454,194,RECV,7E00198100003500313233343536373839306162636465666768696A45
02-06-2022 20:52:57.582,195,RECV,7E00198100003200313233343536373839306162636465666768696A48
02-06-2022 20:52:57.644,196,RECV,7E00198100003400313233343536373839306162636465666768696A46
02-06-2022 20:52:57.770,197,RECV,7E00198100003100313233343536373839306162636465666768696A49
02-06-2022 20:52:57.896,198,RECV,7E00198100003100313233343536373839306162636465666768696A49
02-06-2022 20:52:58.021,199,RECV,7E00198100003100313233343536373839306162636465666768696A49
02-06-2022 20:52:58.083,200,RECV,7E00198100003200313233343536373839306162636465666768696A48
02-06-2022 20:52:58.208,201,RECV,7E00198100003300313233343536373839306162636465666768696A47
02-06-2022 20:52:58.334,202,RECV,7E00198100003200313233343536373839306162636465666768696A48
02-06-2022 20:52:58.461,203,RECV,7E00198100003100313233343536373839306162636465666768696A49
02-06-2022 20:52:58.523,204,RECV,7E00198100003000313233343536373839306162636465666768696A4A
02-06-2022 20:52:58.649,205,RECV,7E00198100003000313233343536373839306162636465666768696A4A
02-06-2022 20:52:58.774,206,RECV,7E00198100003100313233343536373839306162636465666768696A49
02-06-2022 20:52:58.900,207,RECV,7E00198100003200313233343536373839306162636465666768696A48
02-06-2022 20:52:58.977,208,RECV,7E00198100003200313233343536373839306162636465666768696A48
02-06-2022 20:52:59.089,209,RECV,7E00198100003100313233343536373839306162636465666768696A49
02-06-2022 20:52:59.214,210,RECV,7E00198100003000313233343536373839306162636465666768696A4A
02-06-2022 20:52:59.341,211,RECV,7E00198100003000313233343536373839306162636465666768696A4A
02-06-2022 20:52:59.404,212,RECV,7E00198100003000313233343536373839306162636465666768696A4A
02-06-2022 20:52:59.530,213,RECV,7E00198100003100313233343536373839306162636465666768696A49
02-06-2022 20:52:59.655,214,RECV,7E00198100003300313233343536373839306162636465666768696A47
02-06-2022 20:52:59.780,215,RECV,7E00198100003100313233343536373839306162636465666768696A49
02-06-2022 20:52:59.844,216,RECV,7E00198100003000313233343536373839306162636465666768696A4A
02-06-2022 20:52:59.968,217,RECV,7E00198100003100313233343536373839306162636465666768696A49
02-06-2022 20:53:00.094,218,RECV,7E00198100003200313233343536373839306162636465666768696A48
02-06-2022 20:53:00.220,219,RECV,7E00198100003200313233343536373839306162636465666768696A48
02-06-2022 20:53:00.293,220,RECV,7E00198100003100313233343536373839306162636465666768696A49
02-06-2022 20:53:00.408,221,RECV,7E00198100003200313233343536373839306162636465666768696A48
02-06-2022 20:53:00.533,222,RECV,7E00198100003200313233343536373839306162636465666768696A48
02-06-2022 20:53:00.658,223,RECV,7E00198100003200313233343536373839306162636465666768696A48
02-06-2022 20:53:00.721,224,RECV,7E00198100003200313233343536373839306162636465666768696A48
02-06-2022 20:53:00.847,225,RECV,7E00198100003200313233343536373839306162636465666768696A48
02-06-2022 20:53:00.973,226,RECV,7E00198100003200313233343536373839306162636465666768696A48
02-06-2022 20:53:01.099,227,RECV,7E00198100003200313233343536373839306162636465666768696A48
02-06-2022 20:53:01.162,228,RECV,7E00198100003200313233343536373839306162636465666768696A48
02-06-2022 20:53:01.286,229,RECV,7E00198100003200313233343536373839306162636465666768696A48
02-06-2022 20:53:01.412,230,RECV,7E00198100003200313233343536373839306162636465666768696A48
02-06-2022 20:53:01.538,231,RECV,7E00198100003100313233343536373839306162636465666768696A49
02-06-2022 20:53:01.601,232,RECV,7E00198100003100313233343536373839306162636465666768696A49
02-06-2022 20:53:01.727,233,RECV,7E00198100003100313233343536373839306162636465666768696A49
02-06-2022 20:53:01.852,234,RECV,7E00198100003100313233343536373839306162636465666768696A49
02-06-2022 20:53:01.976,235,RECV,7E00198100003100313233343536373839306162636465666768696A49
02-06-2022 20:53:02.039,236,RECV,7E00198100003100313233343536373839306162636465666768696A49
02-06-2022 20:53:02.164,237,RECV,7E00198100003100313233343536373839306162636465666768696A49
02-06-2022 20:53:02.290,238,RECV,7E00198100003100313233343536373839306162636465666768696A49
02-06-2022 20:53:02.415,239,RECV,7E00198100003100313233343536373839306162636465666768696A49
02-06-2022 20:53:02.478,240,RECV,7E00198100003100313233343536373839306162636465666768696A49
02-06-2022 20:53:02.604,241,RECV,7E00198100003100313233343536373839306162636465666768696A49
02-06-2022 20:53:02.728,242,RECV,7E00198100003100313233343536373839306162636465666768696A49
02-06-2022 20:53:02.853,243,RECV,7E00198100003100313233343536373839306162636465666768696A49
02-06-2022 20:53:02.915,244,RECV,7E00198100003100313233343536373839306162636465666768696A49
02-06-2022 20:53:03.042,245,RECV,7E00198100003100313233343536373839306162636465666768696A49
02-06-2022 20:53:03.167,246,RECV,7E00198100003100313233343536373839306162636465666768696A49
02-06-2022 20:53:03.293,247,RECV,7E00198100003100313233343536373839306162636465666768696A49
02-06-2022 20:53:03.356,248,RECV,7E00198100003100313233343536373839306162636465666768696A49
02-06-2022 20:53:03.482,249,RECV,7E00198100003100313233343536373839306162636465666768696A49
02-06-2022 20:53:03.607,250,RECV,7E00198100003100313233343536373839306162636465666768696A49
02-06-2022 20:53:03.734,251,RECV,7E00198100003100313233343536373839306162636465666768696A49
02-06-2022 20:53:03.797,252,RECV,7E00198100003100313233343536373839306162636465666768696A49
02-06-2022 20:53:03.923,253,RECV,7E00198100003100313233343536373839306162636465666768696A49
02-06-2022 20:53:04.047,254,RECV,7E00198100003000313233343536373839306162636465666768696A4A
02-06-2022 20:53:04.174,255,RECV,7E00198100003100313233343536373839306162636465666768696A49
02-06-2022 20:53:04.236,256,RECV,7E00198100003100313233343536373839306162636465666768696A49
02-06-2022 20:53:04.362,257,RECV,7E00198100003100313233343536373839306162636465666768696A49
02-06-2022 20:53:04.487,258,RECV,7E00198100003100313233343536373839306162636465666768696A49
02-06-2022 20:53:04.613,259,RECV,7E00198100003100313233343536373839306162636465666768696A49
02-06-2022 20:53:04.676,260,RECV,7E00198100003200313233343536373839306162636465666768696A48
02-06-2022 20:53:04.800,261,RECV,7E00198100003100313233343536373839306162636465666768696A49
02-06-2022 20:53:04.926,262,RECV,7E00198100003100313233343536373839306162636465666768696A49
02-06-2022 20:53:05.052,263,RECV,7E00198100003100313233343536373839306162636465666768696A49
02-06-2022 20:53:05.113,264,RECV,7E00198100003100313233343536373839306162636465666768696A49
02-06-2022 20:53:05.239,265,RECV,7E00198100003100313233343536373839306162636465666768696A49
02-06-2022 20:53:05.365,266,RECV,7E00198100003100313233343536373839306162636465666768696A49
02-06-2022 20:53:05.490,267,RECV,7E00198100003100313233343536373839306162636465666768696A49
02-06-2022 20:53:05.577,268,RECV,7E00198100002F00313233343536373839306162636465666768696A4B
02-06-2022 20:53:05.679,269,RECV,7E00198100003100313233343536373839306162636465666768696A49
02-06-2022 20:53:05.805,270,RECV,7E00198100003100313233343536373839306162636465666768696A49
02-06-2022 20:53:05.930,271,RECV,7E00198100003100313233343536373839306162636465666768696A49
02-06-2022 20:53:05.993,272,RECV,7E00198100003100313233343536373839306162636465666768696A49
02-06-2022 20:53:06.119,273,RECV,7E00198100003100313233343536373839306162636465666768696A49
02-06-2022 20:53:06.244,274,RECV,7E00198100003200313233343536373839306162636465666768696A48
02-06-2022 20:53:06.369,275,RECV,7E00198100003100313233343536373839306162636465666768696A49
02-06-2022 20:53:06.444,276,RECV,7E00198100003100313233343536373839306162636465666768696A49
02-06-2022 20:53:06.559,277,RECV,7E00198100003100313233343536373839306162636465666768696A49
02-06-2022 20:53:06.685,278,RECV,7E00198100003100313233343536373839306162636465666768696A49
02-06-2022 20:53:06.810,279,RECV,7E00198100003200313233343536373839306162636465666768696A48
02-06-2022 20:53:06.872,280,RECV,7E00198100003100313233343536373839306162636465666768696A49
02-06-2022 20:53:06.997,281,RECV,7E00198100003100313233343536373839306162636465666768696A49
02-06-2022 20:53:07.121,282,RECV,7E00198100003100313233343536373839306162636465666768696A49
02-06-2022 20:53:07.247,283,RECV,7E00198100003100313233343536373839306162636465666768696A49
02-06-2022 20:53:07.309,284,RECV,7E00198100003100313233343536373839306162636465666768696A49
02-06-2022 20:53:07.433,285,RECV,7E00198100003100313233343536373839306162636465666768696A49
02-06-2022 20:53:07.559,286,RECV,7E00198100003100313233343536373839306162636465666768696A49
02-06-2022 20:53:07.684,287,RECV,7E00198100003100313233343536373839306162636465666768696A49
02-06-2022 20:53:07.747,288,RECV,7E00198100003100313233343536373839306162636465666768696A49
02-06-2022 20:53:07.869,289,RECV,7E00198100002F00313233343536373839306162636465666768696A4B
02-06-2022 20:53:07.995,290,RECV,7E00198100002F00313233343536373839306162636465666768696A4B
02-06-2022 20:53:08.118,291,RECV,7E00198100002E00313233343536373839306162636465666768696A4C
02-06-2022 20:53:08.181,292,RECV,7E00198100003100313233343536373839306162636465666768696A49
02-06-2022 20:53:08.306,293,RECV,7E00198100003300313233343536373839306162636465666768696A47
02-06-2022 20:53:08.432,294,RECV,7E00198100003500313233343536373839306162636465666768696A45
02-06-2022 20:53:08.558,295,RECV,7E00198100003500313233343536373839306162636465666768696A45
02-06-2022 20:53:08.620,296,RECV,7E00198100004400313233343536373839306162636465666768696A36
02-06-2022 20:53:08.746,297,RECV,7E00198100003200313233343536373839306162636465666768696A48
02-06-2022 20:53:08.870,298,RECV,7E00198100003100313233343536373839306162636465666768696A49
02-06-2022 20:53:08.997,299,RECV,7E00198100003A00313233343536373839306162636465666768696A40
02-06-2022 20:53:09.059,300,RECV,7E00198100002E00313233343536373839306162636465666768696A4C
02-06-2022 20:53:09.184,301,RECV,7E00198100002D00313233343536373839306162636465666768696A4D
02-06-2022 20:53:09.310,302,RECV,7E00198100002E00313233343536373839306162636465666768696A4C
02-06-2022 20:53:09.434,303,RECV,7E00198100002F00313233343536373839306162636465666768696A4B
02-06-2022 20:53:09.498,304,RECV,7E00198100002E00313233343536373839306162636465666768696A4C
02-06-2022 20:53:09.622,305,RECV,7E00198100002F00313233343536373839306162636465666768696A4B
02-06-2022 20:53:09.750,306,RECV,7E00198100002E00313233343536373839306162636465666768696A4C
02-06-2022 20:53:09.874,307,RECV,7E00198100002D00313233343536373839306162636465666768696A4D
02-06-2022 20:53:09.936,308,RECV,7E00198100002E00313233343536373839306162636465666768696A4C
02-06-2022 20:53:10.063,309,RECV,7E00198100002800313233343536373839306162636465666768696A52
02-06-2022 20:53:10.188,310,RECV,7E00198100002800313233343536373839306162636465666768696A52
02-06-2022 20:53:10.313,311,RECV,7E00198100002900313233343536373839306162636465666768696A51
02-06-2022 20:53:10.376,312,RECV,7E00198100002700313233343536373839306162636465666768696A53
02-06-2022 20:53:10.502,313,RECV,7E00198100002000313233343536373839306162636465666768696A5A
02-06-2022 20:53:10.627,314,RECV,7E00198100002400313233343536373839306162636465666768696A56
02-06-2022 20:53:10.752,315,RECV,7E00198100002000313233343536373839306162636465666768696A5A
02-06-2022 20:53:10.815,316,RECV,7E00198100002000313233343536373839306162636465666768696A5A
02-06-2022 20:53:10.940,317,RECV,7E00198100002100313233343536373839306162636465666768696A59
02-06-2022 20:53:11.065,318,RECV,7E00198100002000313233343536373839306162636465666768696A5A
02-06-2022 20:53:11.191,319,RECV,7E00198100001D00313233343536373839306162636465666768696A5D
02-06-2022 20:53:11.254,320,RECV,7E00198100002500313233343536373839306162636465666768696A55
02-06-2022 20:53:11.378,321,RECV,7E00198100002800313233343536373839306162636465666768696A52
02-06-2022 20:53:11.502,322,RECV,7E00198100002600313233343536373839306162636465666768696A54
02-06-2022 20:53:11.627,323,RECV,7E00198100002500313233343536373839306162636465666768696A55
02-06-2022 20:53:11.689,324,RECV,7E00198100002400313233343536373839306162636465666768696A56
02-06-2022 20:53:11.815,325,RECV,7E00198100002200313233343536373839306162636465666768696A58
02-06-2022 20:53:11.940,326,RECV,7E00198100002000313233343536373839306162636465666768696A5A
02-06-2022 20:53:12.065,327,RECV,7E00198100001C00313233343536373839306162636465666768696A5E
02-06-2022 20:53:12.128,328,RECV,7E00198100001300313233343536373839306162636465666768696A67
02-06-2022 20:53:12.253,329,RECV,7E00198100001400313233343536373839306162636465666768696A66
02-06-2022 20:53:12.377,330,RECV,7E00198100001400313233343536373839306162636465666768696A66
02-06-2022 20:53:12.502,331,RECV,7E00198100001500313233343536373839306162636465666768696A65
02-06-2022 20:53:12.565,332,RECV,7E00198100001600313233343536373839306162636465666768696A64
02-06-2022 20:53:12.691,333,RECV,7E00198100001600313233343536373839306162636465666768696A64
02-06-2022 20:53:12.816,334,RECV,7E00198100001600313233343536373839306162636465666768696A64
02-06-2022 20:53:12.942,335,RECV,7E00198100001600313233343536373839306162636465666768696A64
02-06-2022 20:53:13.004,336,RECV,7E00198100001600313233343536373839306162636465666768696A64
02-06-2022 20:53:13.130,337,RECV,7E00198100001700313233343536373839306162636465666768696A63
02-06-2022 20:53:13.255,338,RECV,7E00198100001700313233343536373839306162636465666768696A63
02-06-2022 20:53:13.381,339,RECV,7E00198100001800313233343536373839306162636465666768696A62
02-06-2022 20:53:13.442,340,RECV,7E00198100001800313233343536373839306162636465666768696A62
02-06-2022 20:53:13.567,341,RECV,7E00198100001800313233343536373839306162636465666768696A62
02-06-2022 20:53:13.690,342,RECV,7E00198100001800313233343536373839306162636465666768696A62
02-06-2022 20:53:13.814,343,RECV,7E00198100001800313233343536373839306162636465666768696A62
02-06-2022 20:53:13.900,344,RECV,7E00198100001800313233343536373839306162636465666768696A62
02-06-2022 20:53:14.002,345,RECV,7E00198100001800313233343536373839306162636465666768696A62
02-06-2022 20:53:14.129,346,RECV,7E00198100001800313233343536373839306162636465666768696A62
02-06-2022 20:53:14.254,347,RECV,7E00198100001800313233343536373839306162636465666768696A62
02-06-2022 20:53:14.317,348,RECV,7E00198100001800313233343536373839306162636465666768696A62
02-06-2022 20:53:14.444,349,RECV,7E00198100001800313233343536373839306162636465666768696A62
02-06-2022 20:53:14.569,350,RECV,7E00198100001800313233343536373839306162636465666768696A62
02-06-2022 20:53:14.694,351,RECV,7E00198100001800313233343536373839306162636465666768696A62
02-06-2022 20:53:14.756,352,RECV,7E00198100001800313233343536373839306162636465666768696A62
02-06-2022 20:53:14.883,353,RECV,7E00198100001800313233343536373839306162636465666768696A62
02-06-2022 20:53:15.010,354,RECV,7E00198100001800313233343536373839306162636465666768696A62
02-06-2022 20:53:15.135,355,RECV,7E00198100001800313233343536373839306162636465666768696A62
02-06-2022 20:53:15.236,356,RECV,7E00198100001800313233343536373839306162636465666768696A62
02-06-2022 20:53:15.325,357,RECV,7E00198100001800313233343536373839306162636465666768696A62
02-06-2022 20:53:15.451,358,RECV,7E00198100001800313233343536373839306162636465666768696A62
02-06-2022 20:53:15.575,359,RECV,7E00198100001800313233343536373839306162636465666768696A62
02-06-2022 20:53:15.648,360,RECV,7E00198100001800313233343536373839306162636465666768696A62
02-06-2022 20:53:15.764,361,RECV,7E00198100001800313233343536373839306162636465666768696A62
02-06-2022 20:53:15.889,362,RECV,7E00198100001800313233343536373839306162636465666768696A62
02-06-2022 20:53:16.013,363,RECV,7E00198100001800313233343536373839306162636465666768696A62
02-06-2022 20:53:16.077,364,RECV,7E00198100001800313233343536373839306162636465666768696A62
02-06-2022 20:53:16.202,365,RECV,7E00198100001800313233343536373839306162636465666768696A62
02-06-2022 20:53:16.328,366,RECV,7E00198100001800313233343536373839306162636465666768696A62
02-06-2022 20:53:16.453,367,RECV,7E00198100001800313233343536373839306162636465666768696A62
02-06-2022 20:53:16.515,368,RECV,7E00198100001800313233343536373839306162636465666768696A62
02-06-2022 20:53:16.642,369,RECV,7E00198100001800313233343536373839306162636465666768696A62
02-06-2022 20:53:16.768,370,RECV,7E00198100001800313233343536373839306162636465666768696A62
02-06-2022 20:53:16.894,371,RECV,7E00198100001800313233343536373839306162636465666768696A62
02-06-2022 20:53:16.957,372,RECV,7E00198100001800313233343536373839306162636465666768696A62
02-06-2022 20:53:17.087,373,RECV,7E00198100001800313233343536373839306162636465666768696A62
02-06-2022 20:53:17.207,374,RECV,7E00198100001800313233343536373839306162636465666768696A62
02-06-2022 20:53:17.333,375,RECV,7E00198100001800313233343536373839306162636465666768696A62
02-06-2022 20:53:17.396,376,RECV,7E00198100001800313233343536373839306162636465666768696A62
02-06-2022 20:53:17.518,377,RECV,7E00198100001800313233343536373839306162636465666768696A62
02-06-2022 20:53:17.643,378,RECV,7E00198100001800313233343536373839306162636465666768696A62
02-06-2022 20:53:17.767,379,RECV,7E00198100001800313233343536373839306162636465666768696A62
02-06-2022 20:53:17.830,380,RECV,7E00198100001800313233343536373839306162636465666768696A62
02-06-2022 20:53:17.955,381,RECV,7E00198100001800313233343536373839306162636465666768696A62
02-06-2022 20:53:18.080,382,RECV,7E00198100001800313233343536373839306162636465666768696A62
02-06-2022 20:53:18.206,383,RECV,7E00198100001900313233343536373839306162636465666768696A61
02-06-2022 20:53:18.269,384,RECV,7E00198100001900313233343536373839306162636465666768696A61
02-06-2022 20:53:18.396,385,RECV,7E00198100001900313233343536373839306162636465666768696A61
02-06-2022 20:53:18.521,386,RECV,7E00198100001A00313233343536373839306162636465666768696A60
02-06-2022 20:53:18.648,387,RECV,7E00198100001A00313233343536373839306162636465666768696A60
02-06-2022 20:53:18.711,388,RECV,7E00198100001900313233343536373839306162636465666768696A61
02-06-2022 20:53:18.835,389,RECV,7E00198100001900313233343536373839306162636465666768696A61
02-06-2022 20:53:18.961,390,RECV,7E00198100001900313233343536373839306162636465666768696A61
02-06-2022 20:53:19.088,391,RECV,7E00198100001900313233343536373839306162636465666768696A61
02-06-2022 20:53:19.221,392,RECV,7E00198100001800313233343536373839306162636465666768696A62
02-06-2022 20:53:19.276,393,RECV,7E00198100001800313233343536373839306162636465666768696A62
02-06-2022 20:53:19.401,394,RECV,7E00198100001900313233343536373839306162636465666768696A61
02-06-2022 20:53:19.527,395,RECV,7E00198100001900313233343536373839306162636465666768696A61
02-06-2022 20:53:19.589,396,RECV,7E00198100001900313233343536373839306162636465666768696A61
02-06-2022 20:53:19.716,397,RECV,7E00198100001900313233343536373839306162636465666768696A61
02-06-2022 20:53:19.842,398,RECV,7E00198100001900313233343536373839306162636465666768696A61
02-06-2022 20:53:19.968,399,RECV,7E00198100001900313233343536373839306162636465666768696A61
02-06-2022 20:53:20.031,400,RECV,7E00198100001900313233343536373839306162636465666768696A61
02-06-2022 20:53:20.157,401,RECV,7E00198100001900313233343536373839306162636465666768696A61
02-06-2022 20:53:20.283,402,RECV,7E00198100001900313233343536373839306162636465666768696A61
02-06-2022 20:53:20.408,403,RECV,7E00198100001900313233343536373839306162636465666768696A61
02-06-2022 20:53:20.470,404,RECV,7E00198100001900313233343536373839306162636465666768696A61
02-06-2022 20:53:20.596,405,RECV,7E00198100001900313233343536373839306162636465666768696A61
02-06-2022 20:53:20.721,406,RECV,7E00198100001900313233343536373839306162636465666768696A61
02-06-2022 20:53:20.847,407,RECV,7E00198100001900313233343536373839306162636465666768696A61
02-06-2022 20:53:20.909,408,RECV,7E00198100001900313233343536373839306162636465666768696A61
02-06-2022 20:53:21.032,409,RECV,7E00198100001900313233343536373839306162636465666768696A61
02-06-2022 20:53:21.158,410,RECV,7E00198100001900313233343536373839306162636465666768696A61
02-06-2022 20:53:21.283,411,RECV,7E00198100001900313233343536373839306162636465666768696A61
02-06-2022 20:53:21.347,412,RECV,7E00198100001900313233343536373839306162636465666768696A61
02-06-2022 20:53:21.472,413,RECV,7E00198100001900313233343536373839306162636465666768696A61
02-06-2022 20:53:21.596,414,RECV,7E00198100001900313233343536373839306162636465666768696A61
02-06-2022 20:53:21.723,415,RECV,7E00198100001800313233343536373839306162636465666768696A62
02-06-2022 20:53:21.785,416,RECV,7E00198100001800313233343536373839306162636465666768696A62
02-06-2022 20:53:21.913,417,RECV,7E00198100001900313233343536373839306162636465666768696A61
02-06-2022 20:53:22.039,418,RECV,7E00198100001A00313233343536373839306162636465666768696A60
02-06-2022 20:53:22.164,419,RECV,7E00198100001900313233343536373839306162636465666768696A61
02-06-2022 20:53:22.249,420,RECV,7E00198100002100313233343536373839306162636465666768696A59
02-06-2022 20:53:22.354,421,RECV,7E00198100002600313233343536373839306162636465666768696A54
02-06-2022 20:53:22.479,422,RECV,7E00198100002600313233343536373839306162636465666768696A54
02-06-2022 20:53:22.605,423,RECV,7E00198100002400313233343536373839306162636465666768696A56
02-06-2022 20:53:22.667,424,RECV,7E00198100002600313233343536373839306162636465666768696A54
02-06-2022 20:53:22.793,425,RECV,7E00198100002A00313233343536373839306162636465666768696A50
02-06-2022 20:53:22.917,426,RECV,7E00198100003100313233343536373839306162636465666768696A49
02-06-2022 20:53:23.040,427,RECV,7E00198100003000313233343536373839306162636465666768696A4A
02-06-2022 20:53:23.108,428,RECV,7E00198100003000313233343536373839306162636465666768696A4A
02-06-2022 20:53:23.227,429,RECV,7E00198100003000313233343536373839306162636465666768696A4A
02-06-2022 20:53:23.353,430,RECV,7E00198100002E00313233343536373839306162636465666768696A4C
02-06-2022 20:53:23.478,431,RECV,7E00198100002E00313233343536373839306162636465666768696A4C
02-06-2022 20:53:23.539,432,RECV,7E00198100002F00313233343536373839306162636465666768696A4B
02-06-2022 20:53:23.664,433,RECV,7E00198100002C00313233343536373839306162636465666768696A4E
02-06-2022 20:53:23.788,434,RECV,7E00198100002B00313233343536373839306162636465666768696A4F
02-06-2022 20:53:23.913,435,RECV,7E00198100002D00313233343536373839306162636465666768696A4D
02-06-2022 20:53:23.976,436,RECV,7E00198100002D00313233343536373839306162636465666768696A4D
02-06-2022 20:53:24.102,437,RECV,7E00198100002E00313233343536373839306162636465666768696A4C
02-06-2022 20:53:24.227,438,RECV,7E00198100002E00313233343536373839306162636465666768696A4C
02-06-2022 20:53:24.354,439,RECV,7E00198100002E00313233343536373839306162636465666768696A4C
02-06-2022 20:53:24.417,440,RECV,7E00198100002F00313233343536373839306162636465666768696A4B
02-06-2022 20:53:24.542,441,RECV,7E00198100002E00313233343536373839306162636465666768696A4C
02-06-2022 20:53:24.667,442,RECV,7E00198100002E00313233343536373839306162636465666768696A4C
02-06-2022 20:53:24.794,443,RECV,7E00198100002E00313233343536373839306162636465666768696A4C
02-06-2022 20:53:24.858,444,RECV,7E00198100002E00313233343536373839306162636465666768696A4C
02-06-2022 20:53:24.983,445,RECV,7E00198100002F00313233343536373839306162636465666768696A4B
02-06-2022 20:53:25.109,446,RECV,7E00198100002E00313233343536373839306162636465666768696A4C
02-06-2022 20:53:25.233,447,RECV,7E00198100002E00313233343536373839306162636465666768696A4C
02-06-2022 20:53:25.298,448,RECV,7E00198100002F00313233343536373839306162636465666768696A4B
02-06-2022 20:53:25.423,449,RECV,7E00198100002D00313233343536373839306162636465666768696A4D
02-06-2022 20:53:25.549,450,RECV,7E00198100002F00313233343536373839306162636465666768696A4B
02-06-2022 20:53:25.675,451,RECV,7E00198100002D00313233343536373839306162636465666768696A4D
02-06-2022 20:53:25.737,452,RECV,7E00198100002D00313233343536373839306162636465666768696A4D
02-06-2022 20:53:25.862,453,RECV,7E00198100002D00313233343536373839306162636465666768696A4D
02-06-2022 20:53:25.988,454,RECV,7E00198100002D00313233343536373839306162636465666768696A4D
02-06-2022 20:53:26.114,455,RECV,7E00198100002D00313233343536373839306162636465666768696A4D
02-06-2022 20:53:26.238,456,RECV,7E00198100002F00313233343536373839306162636465666768696A4B
02-06-2022 20:53:26.300,457,RECV,7E00198100002D00313233343536373839306162636465666768696A4D
02-06-2022 20:53:26.426,458,RECV,7E00198100002D00313233343536373839306162636465666768696A4D
02-06-2022 20:53:26.552,459,RECV,7E00198100002D00313233343536373839306162636465666768696A4D
02-06-2022 20:53:26.619,460,RECV,7E00198100002F00313233343536373839306162636465666768696A4B
02-06-2022 20:53:26.737,461,RECV,7E00198100002D00313233343536373839306162636465666768696A4D
02-06-2022 20:53:26.859,462,RECV,7E00198100002D00313233343536373839306162636465666768696A4D
02-06-2022 20:53:26.985,463,RECV,7E00198100002E00313233343536373839306162636465666768696A4C
02-06-2022 20:53:27.047,464,RECV,7E00198100002D00313233343536373839306162636465666768696A4D
02-06-2022 20:53:27.171,465,RECV,7E00198100002D00313233343536373839306162636465666768696A4D
02-06-2022 20:53:27.296,466,RECV,7E00198100002D00313233343536373839306162636465666768696A4D
02-06-2022 20:53:27.449,467,RECV,7E00198100002F00313233343536373839306162636465666768696A4B
02-06-2022 20:53:27.485,468,RECV,7E00198100002E00313233343536373839306162636465666768696A4C
02-06-2022 20:53:27.610,469,RECV,7E00198100002E00313233343536373839306162636465666768696A4C
02-06-2022 20:53:27.736,470,RECV,7E00198100002D00313233343536373839306162636465666768696A4D
02-06-2022 20:53:27.860,471,RECV,7E00198100002E00313233343536373839306162636465666768696A4C
02-06-2022 20:53:27.924,472,RECV,7E00198100002E00313233343536373839306162636465666768696A4C
02-06-2022 20:53:28.050,473,RECV,7E00198100002E00313233343536373839306162636465666768696A4C
02-06-2022 20:53:28.174,474,RECV,7E00198100002E00313233343536373839306162636465666768696A4C
02-06-2022 20:53:28.301,475,RECV,7E00198100002D00313233343536373839306162636465666768696A4D
02-06-2022 20:53:28.363,476,RECV,7E00198100002E00313233343536373839306162636465666768696A4C
02-06-2022 20:53:28.486,477,RECV,7E00198100002E00313233343536373839306162636465666768696A4C
02-06-2022 20:53:28.613,478,RECV,7E00198100002E00313233343536373839306162636465666768696A4C
02-06-2022 20:53:28.737,479,RECV,7E00198100002E00313233343536373839306162636465666768696A4C
02-06-2022 20:53:28.799,480,RECV,7E00198100002E00313233343536373839306162636465666768696A4C
02-06-2022 20:53:28.924,481,RECV,7E00198100002D00313233343536373839306162636465666768696A4D
02-06-2022 20:53:29.049,482,RECV,7E00198100002D00313233343536373839306162636465666768696A4D
02-06-2022 20:53:29.175,483,RECV,7E00198100002D00313233343536373839306162636465666768696A4D
02-06-2022 20:53:29.238,484,RECV,7E00198100002F00313233343536373839306162636465666768696A4B
02-06-2022 20:53:29.362,485,RECV,7E00198100002D00313233343536373839306162636465666768696A4D
02-06-2022 20:53:29.487,486,RECV,7E00198100002F00313233343536373839306162636465666768696A4B
02-06-2022 20:53:29.612,487,RECV,7E00198100002D00313233343536373839306162636465666768696A4D
02-06-2022 20:53:29.685,488,RECV,7E00198100002E00313233343536373839306162636465666768696A4C
02-06-2022 20:53:29.799,489,RECV,7E00198100002E00313233343536373839306162636465666768696A4C
02-06-2022 20:53:29.923,490,RECV,7E00198100002E00313233343536373839306162636465666768696A4C
02-06-2022 20:53:30.048,491,RECV,7E00198100002E00313233343536373839306162636465666768696A4C
02-06-2022 20:53:30.112,492,RECV,7E00198100002E00313233343536373839306162636465666768696A4C
02-06-2022 20:53:30.237,493,RECV,7E00198100002F00313233343536373839306162636465666768696A4B
02-06-2022 20:53:30.363,494,RECV,7E00198100002E00313233343536373839306162636465666768696A4C
02-06-2022 20:53:30.487,495,RECV,7E00198100002E00313233343536373839306162636465666768696A4C
02-06-2022 20:53:30.549,496,RECV,7E00198100002E00313233343536373839306162636465666768696A4C
02-06-2022 20:53:30.675,497,RECV,7E00198100002E00313233343536373839306162636465666768696A4C
02-06-2022 20:53:30.800,498,RECV,7E00198100002E00313233343536373839306162636465666768696A4C
02-06-2022 20:53:30.925,499,RECV,7E00198100002E00313233343536373839306162636465666768696A4C
02-06-2022 20:53:30.987,500,RECV,7E00198100002F00313233343536373839306162636465666768696A4B
02-06-2022 20:53:31.114,501,RECV,7E00198100002E00313233343536373839306162636465666768696A4C
02-06-2022 20:53:31.239,502,RECV,7E00198100002E00313233343536373839306162636465666768696A4C
02-06-2022 20:53:31.365,503,RECV,7E00198100002E00313233343536373839306162636465666768696A4C
02-06-2022 20:53:31.428,504,RECV,7E00198100002D00313233343536373839306162636465666768696A4D
02-06-2022 20:53:31.554,505,RECV,7E00198100002F00313233343536373839306162636465666768696A4B
02-06-2022 20:53:31.679,506,RECV,7E00198100002D00313233343536373839306162636465666768696A4D
02-06-2022 20:53:31.804,507,RECV,7E00198100002E00313233343536373839306162636465666768696A4C
02-06-2022 20:53:31.868,508,RECV,7E00198100002D00313233343536373839306162636465666768696A4D
02-06-2022 20:53:31.993,509,RECV,7E00198100002E00313233343536373839306162636465666768696A4C
02-06-2022 20:53:32.117,510,RECV,7E00198100002F00313233343536373839306162636465666768696A4B
02-06-2022 20:53:32.243,511,RECV,7E00198100002E00313233343536373839306162636465666768696A4C
02-06-2022 20:53:32.305,512,RECV,7E00198100002E00313233343536373839306162636465666768696A4C
02-06-2022 20:53:32.431,513,RECV,7E00198100002D00313233343536373839306162636465666768696A4D
02-06-2022 20:53:32.557,514,RECV,7E00198100002D00313233343536373839306162636465666768696A4D
02-06-2022 20:53:32.681,515,RECV,7E00198100002F00313233343536373839306162636465666768696A4B
02-06-2022 20:53:32.744,516,RECV,7E00198100002D00313233343536373839306162636465666768696A4D
02-06-2022 20:53:32.869,517,RECV,7E00198100002D00313233343536373839306162636465666768696A4D
02-06-2022 20:53:32.994,518,RECV,7E00198100002D00313233343536373839306162636465666768696A4D
02-06-2022 20:53:33.120,519,RECV,7E00198100002D00313233343536373839306162636465666768696A4D
02-06-2022 20:53:33.183,520,RECV,7E00198100002D00313233343536373839306162636465666768696A4D
02-06-2022 20:53:33.307,521,RECV,7E00198100002D00313233343536373839306162636465666768696A4D
02-06-2022 20:53:33.432,522,RECV,7E00198100002D00313233343536373839306162636465666768696A4D
02-06-2022 20:53:33.558,523,RECV,7E00198100002D00313233343536373839306162636465666768696A4D
02-06-2022 20:53:33.622,524,RECV,7E00198100002F00313233343536373839306162636465666768696A4B
02-06-2022 20:53:33.748,525,RECV,7E00198100002E00313233343536373839306162636465666768696A4C
02-06-2022 20:53:33.873,526,RECV,7E00198100002D00313233343536373839306162636465666768696A4D
02-06-2022 20:53:34.004,527,RECV,7E00198100002F00313233343536373839306162636465666768696A4B
02-06-2022 20:53:34.061,528,RECV,7E00198100002E00313233343536373839306162636465666768696A4C
02-06-2022 20:53:34.184,529,RECV,7E00198100002400313233343536373839306162636465666768696A56
02-06-2022 20:53:34.307,530,RECV,7E00198100002E00313233343536373839306162636465666768696A4C
02-06-2022 20:53:34.433,531,RECV,7E00198100002E00313233343536373839306162636465666768696A4C
02-06-2022 20:53:34.496,532,RECV,7E00198100002E00313233343536373839306162636465666768696A4C
02-06-2022 20:53:34.622,533,RECV,7E00198100002E00313233343536373839306162636465666768696A4C
02-06-2022 20:53:34.748,534,RECV,7E00198100002D00313233343536373839306162636465666768696A4D
02-06-2022 20:53:34.875,535,RECV,7E00198100002D00313233343536373839306162636465666768696A4D
02-06-2022 20:53:34.938,536,RECV,7E00198100002E00313233343536373839306162636465666768696A4C
02-06-2022 20:53:35.063,537,RECV,7E00198100002D00313233343536373839306162636465666768696A4D
02-06-2022 20:53:35.186,538,RECV,7E00198100002D00313233343536373839306162636465666768696A4D
02-06-2022 20:53:35.314,539,RECV,7E00198100002D00313233343536373839306162636465666768696A4D
02-06-2022 20:53:35.376,540,RECV,7E00198100002D00313233343536373839306162636465666768696A4D
02-06-2022 20:53:35.501,541,RECV,7E00198100002E00313233343536373839306162636465666768696A4C
02-06-2022 20:53:35.625,542,RECV,7E00198100002E00313233343536373839306162636465666768696A4C
02-06-2022 20:53:35.752,543,RECV,7E00198100002E00313233343536373839306162636465666768696A4C
02-06-2022 20:53:35.877,544,RECV,7E00198100002F00313233343536373839306162636465666768696A4B
02-06-2022 20:53:35.938,545,RECV,7E00198100002D00313233343536373839306162636465666768696A4D
02-06-2022 20:53:36.064,546,RECV,7E00198100002D00313233343536373839306162636465666768696A4D
02-06-2022 20:53:36.189,547,RECV,7E00198100002E00313233343536373839306162636465666768696A4C
02-06-2022 20:53:36.252,548,RECV,7E00198100002E00313233343536373839306162636465666768696A4C
02-06-2022 20:53:36.378,549,RECV,7E00198100002D00313233343536373839306162636465666768696A4D
02-06-2022 20:53:36.503,550,RECV,7E00198100002D00313233343536373839306162636465666768696A4D
02-06-2022 20:53:36.628,551,RECV,7E00198100002E00313233343536373839306162636465666768696A4C
02-06-2022 20:53:36.691,552,RECV,7E00198100002E00313233343536373839306162636465666768696A4C
02-06-2022 20:53:36.818,553,RECV,7E00198100002D00313233343536373839306162636465666768696A4D
02-06-2022 20:53:36.942,554,RECV,7E00198100002E00313233343536373839306162636465666768696A4C
02-06-2022 20:53:37.067,555,RECV,7E00198100002E00313233343536373839306162636465666768696A4C
02-06-2022 20:53:37.130,556,RECV,7E00198100002D00313233343536373839306162636465666768696A4D
02-06-2022 20:53:37.256,557,RECV,7E00198100002E00313233343536373839306162636465666768696A4C
02-06-2022 20:53:37.381,558,RECV,7E00198100002D00313233343536373839306162636465666768696A4D
02-06-2022 20:53:37.506,559,RECV,7E00198100002E00313233343536373839306162636465666768696A4C
02-06-2022 20:53:37.569,560,RECV,7E00198100002F00313233343536373839306162636465666768696A4B
02-06-2022 20:53:37.695,561,RECV,7E00198100002D00313233343536373839306162636465666768696A4D
02-06-2022 20:53:37.820,562,RECV,7E00198100002E00313233343536373839306162636465666768696A4C
02-06-2022 20:53:37.944,563,RECV,7E00198100002D00313233343536373839306162636465666768696A4D
02-06-2022 20:53:38.006,564,RECV,7E00198100002D00313233343536373839306162636465666768696A4D
02-06-2022 20:53:38.132,565,RECV,7E00198100002E00313233343536373839306162636465666768696A4C
02-06-2022 20:53:38.258,566,RECV,7E00198100002D00313233343536373839306162636465666768696A4D
02-06-2022 20:53:38.383,567,RECV,7E00198100002F00313233343536373839306162636465666768696A4B
02-06-2022 20:53:38.446,568,RECV,7E00198100002D00313233343536373839306162636465666768696A4D
02-06-2022 20:53:38.571,569,RECV,7E00198100002F00313233343536373839306162636465666768696A4B
02-06-2022 20:53:38.696,570,RECV,7E00198100002E00313233343536373839306162636465666768696A4C
02-06-2022 20:53:38.821,571,RECV,7E00198100002D00313233343536373839306162636465666768696A4D
02-06-2022 20:53:38.884,572,RECV,7E00198100002D00313233343536373839306162636465666768696A4D
02-06-2022 20:53:39.011,573,RECV,7E00198100002D00313233343536373839306162636465666768696A4D
02-06-2022 20:53:39.137,574,RECV,7E00198100002D00313233343536373839306162636465666768696A4D
02-06-2022 20:53:39.264,575,RECV,7E00198100002F00313233343536373839306162636465666768696A4B
02-06-2022 20:53:39.325,576,RECV,7E00198100002D00313233343536373839306162636465666768696A4D
02-06-2022 20:53:39.450,577,RECV,7E00198100002D00313233343536373839306162636465666768696A4D
02-06-2022 20:53:39.576,578,RECV,7E00198100002D00313233343536373839306162636465666768696A4D
02-06-2022 20:53:39.701,579,RECV,7E00198100002E00313233343536373839306162636465666768696A4C
02-06-2022 20:53:39.763,580,RECV,7E00198100002D00313233343536373839306162636465666768696A4D
02-06-2022 20:53:39.889,581,RECV,7E00198100002D00313233343536373839306162636465666768696A4D
02-06-2022 20:53:40.014,582,RECV,7E00198100002D00313233343536373839306162636465666768696A4D
02-06-2022 20:53:40.140,583,RECV,7E00198100002D00313233343536373839306162636465666768696A4D
02-06-2022 20:53:40.203,584,RECV,7E00198100002D00313233343536373839306162636465666768696A4D
02-06-2022 20:53:40.329,585,RECV,7E00198100002D00313233343536373839306162636465666768696A4D
02-06-2022 20:53:40.454,586,RECV,7E00198100002E00313233343536373839306162636465666768696A4C
02-06-2022 20:53:40.580,587,RECV,7E00198100002E00313233343536373839306162636465666768696A4C
02-06-2022 20:53:40.650,588,RECV,7E00198100002D00313233343536373839306162636465666768696A4D
02-06-2022 20:53:40.770,589,RECV,7E00198100002D00313233343536373839306162636465666768696A4D
02-06-2022 20:53:40.895,590,RECV,7E00198100002D00313233343536373839306162636465666768696A4D
02-06-2022 20:53:41.022,591,RECV,7E00198100002D00313233343536373839306162636465666768696A4D
02-06-2022 20:53:41.084,592,RECV,7E00198100002D00313233343536373839306162636465666768696A4D
02-06-2022 20:53:41.209,593,RECV,7E00198100002D00313233343536373839306162636465666768696A4D
02-06-2022 20:53:41.334,594,RECV,7E00198100002E00313233343536373839306162636465666768696A4C
02-06-2022 20:53:41.458,595,RECV,7E00198100002D00313233343536373839306162636465666768696A4D
02-06-2022 20:53:41.522,596,RECV,7E00198100002D00313233343536373839306162636465666768696A4D
02-06-2022 20:53:41.647,597,RECV,7E00198100002F00313233343536373839306162636465666768696A4B
02-06-2022 20:53:41.773,598,RECV,7E00198100002D00313233343536373839306162636465666768696A4D
02-06-2022 20:53:41.898,599,RECV,7E00198100002D00313233343536373839306162636465666768696A4D
02-06-2022 20:53:41.961,600,RECV,7E00198100002E00313233343536373839306162636465666768696A4C
02-06-2022 20:53:42.085,601,RECV,7E00198100002D00313233343536373839306162636465666768696A4D
02-06-2022 20:53:42.211,602,RECV,7E00198100002D00313233343536373839306162636465666768696A4D
02-06-2022 20:53:42.338,603,RECV,7E00198100002D00313233343536373839306162636465666768696A4D
02-06-2022 20:53:42.401,604,RECV,7E00198100002F00313233343536373839306162636465666768696A4B
02-06-2022 20:53:42.526,605,RECV,7E00198100002E00313233343536373839306162636465666768696A4C
02-06-2022 20:53:42.652,606,RECV,7E00198100002D00313233343536373839306162636465666768696A4D
02-06-2022 20:53:42.778,607,RECV,7E00198100002D00313233343536373839306162636465666768696A4D
02-06-2022 20:53:42.842,608,RECV,7E00198100002F00313233343536373839306162636465666768696A4B
02-06-2022 20:53:42.968,609,RECV,7E00198100002E00313233343536373839306162636465666768696A4C
02-06-2022 20:53:43.093,610,RECV,7E00198100002F00313233343536373839306162636465666768696A4B
02-06-2022 20:53:43.216,611,RECV,7E00198100002E00313233343536373839306162636465666768696A4C
02-06-2022 20:53:43.342,612,RECV,7E00198100002F00313233343536373839306162636465666768696A4B
02-06-2022 20:53:43.405,613,RECV,7E00198100002D00313233343536373839306162636465666768696A4D
02-06-2022 20:53:43.531,614,RECV,7E00198100002E00313233343536373839306162636465666768696A4C
02-06-2022 20:53:43.656,615,RECV,7E00198100002E00313233343536373839306162636465666768696A4C
02-06-2022 20:53:43.719,616,RECV,7E00198100002D00313233343536373839306162636465666768696A4D
02-06-2022 20:53:43.843,617,RECV,7E00198100002D00313233343536373839306162636465666768696A4D
02-06-2022 20:53:43.969,618,RECV,7E00198100002D00313233343536373839306162636465666768696A4D
02-06-2022 20:53:44.095,619,RECV,7E00198100002D00313233343536373839306162636465666768696A4D
02-06-2022 20:53:44.158,620,RECV,7E00198100002E00313233343536373839306162636465666768696A4C
02-06-2022 20:53:44.283,621,RECV,7E00198100002E00313233343536373839306162636465666768696A4C
02-06-2022 20:53:44.410,622,RECV,7E00198100002E00313233343536373839306162636465666768696A4C
02-06-2022 20:53:44.535,623,RECV,7E00198100002E00313233343536373839306162636465666768696A4C
02-06-2022 20:53:44.596,624,RECV,7E00198100002D00313233343536373839306162636465666768696A4D
02-06-2022 20:53:44.721,625,RECV,7E00198100002E00313233343536373839306162636465666768696A4C
02-06-2022 20:53:44.846,626,RECV,7E00198100002F00313233343536373839306162636465666768696A4B
02-06-2022 20:53:44.972,627,RECV,7E00198100002E00313233343536373839306162636465666768696A4C
02-06-2022 20:53:45.046,628,RECV,7E00198100002E00313233343536373839306162636465666768696A4C
02-06-2022 20:53:45.160,629,RECV,7E00198100002F00313233343536373839306162636465666768696A4B
02-06-2022 20:53:45.286,630,RECV,7E00198100002E00313233343536373839306162636465666768696A4C
02-06-2022 20:53:45.412,631,RECV,7E00198100002E00313233343536373839306162636465666768696A4C
02-06-2022 20:53:45.476,632,RECV,7E00198100002E00313233343536373839306162636465666768696A4C
02-06-2022 20:53:45.601,633,RECV,7E00198100002E00313233343536373839306162636465666768696A4C
02-06-2022 20:53:45.727,634,RECV,7E00198100002E00313233343536373839306162636465666768696A4C
02-06-2022 20:53:45.852,635,RECV,7E00198100002E00313233343536373839306162636465666768696A4C
02-06-2022 20:53:45.914,636,RECV,7E00198100002E00313233343536373839306162636465666768696A4C
02-06-2022 20:53:46.041,637,RECV,7E00198100002E00313233343536373839306162636465666768696A4C
02-06-2022 20:53:46.165,638,RECV,7E00198100002E00313233343536373839306162636465666768696A4C
02-06-2022 20:53:46.289,639,RECV,7E00198100002F00313233343536373839306162636465666768696A4B
02-06-2022 20:53:46.351,640,RECV,7E00198100002E00313233343536373839306162636465666768696A4C
02-06-2022 20:53:46.477,641,RECV,7E00198100002E00313233343536373839306162636465666768696A4C
02-06-2022 20:53:46.602,642,RECV,7E00198100002E00313233343536373839306162636465666768696A4C
02-06-2022 20:53:46.726,643,RECV,7E00198100002F00313233343536373839306162636465666768696A4B
02-06-2022 20:53:46.789,644,RECV,7E00198100002E00313233343536373839306162636465666768696A4C
02-06-2022 20:53:46.914,645,RECV,7E00198100002E00313233343536373839306162636465666768696A4C
02-06-2022 20:53:47.041,646,RECV,7E00198100002F00313233343536373839306162636465666768696A4B
02-06-2022 20:53:47.167,647,RECV,7E00198100002E00313233343536373839306162636465666768696A4C
02-06-2022 20:53:47.230,648,RECV,7E00198100002E00313233343536373839306162636465666768696A4C
02-06-2022 20:53:47.356,649,RECV,7E00198100002E00313233343536373839306162636465666768696A4C
02-06-2022 20:53:47.482,650,RECV,7E00198100002E00313233343536373839306162636465666768696A4C
02-06-2022 20:53:47.608,651,RECV,7E00198100002F00313233343536373839306162636465666768696A4B
02-06-2022 20:53:47.671,652,RECV,7E00198100002E00313233343536373839306162636465666768696A4C
02-06-2022 20:53:47.796,653,RECV,7E00198100002E00313233343536373839306162636465666768696A4C
02-06-2022 20:53:47.922,654,RECV,7E00198100002F00313233343536373839306162636465666768696A4B
02-06-2022 20:53:48.047,655,RECV,7E00198100002F00313233343536373839306162636465666768696A4B
02-06-2022 20:53:48.110,656,RECV,7E00198100002E00313233343536373839306162636465666768696A4C
02-06-2022 20:53:48.236,657,RECV,7E00198100002F00313233343536373839306162636465666768696A4B
02-06-2022 20:53:48.361,658,RECV,7E00198100002E00313233343536373839306162636465666768696A4C
02-06-2022 20:53:48.486,659,RECV,7E00198100002E00313233343536373839306162636465666768696A4C
02-06-2022 20:53:48.565,660,RECV,7E00198100002E00313233343536373839306162636465666768696A4C
02-06-2022 20:53:48.674,661,RECV,7E00198100002E00313233343536373839306162636465666768696A4C
02-06-2022 20:53:48.800,662,RECV,7E00198100002E00313233343536373839306162636465666768696A4C
02-06-2022 20:53:48.926,663,RECV,7E00198100002F00313233343536373839306162636465666768696A4B
02-06-2022 20:53:48.988,664,RECV,7E00198100002F00313233343536373839306162636465666768696A4B
02-06-2022 20:53:49.114,665,RECV,7E00198100002F00313233343536373839306162636465666768696A4B
02-06-2022 20:53:49.239,666,RECV,7E00198100002E00313233343536373839306162636465666768696A4C
02-06-2022 20:53:49.366,667,RECV,7E00198100002E00313233343536373839306162636465666768696A4C
02-06-2022 20:53:49.429,668,RECV,7E00198100002E00313233343536373839306162636465666768696A4C
02-06-2022 20:53:49.554,669,RECV,7E00198100002E00313233343536373839306162636465666768696A4C
02-06-2022 20:53:49.677,670,RECV,7E00198100002E00313233343536373839306162636465666768696A4C
02-06-2022 20:53:49.801,671,RECV,7E00198100002E00313233343536373839306162636465666768696A4C
02-06-2022 20:53:49.863,672,RECV,7E00198100002E00313233343536373839306162636465666768696A4C
02-06-2022 20:53:49.989,673,RECV,7E00198100002E00313233343536373839306162636465666768696A4C
02-06-2022 20:53:50.116,674,RECV,7E00198100002E00313233343536373839306162636465666768696A4C
02-06-2022 20:53:50.240,675,RECV,7E00198100002E00313233343536373839306162636465666768696A4C
02-06-2022 20:53:50.318,676,RECV,7E00198100002E00313233343536373839306162636465666768696A4C
02-06-2022 20:53:50.429,677,RECV,7E00198100002E00313233343536373839306162636465666768696A4C
02-06-2022 20:53:50.553,678,RECV,7E00198100002E00313233343536373839306162636465666768696A4C
02-06-2022 20:53:50.678,679,RECV,7E00198100002F00313233343536373839306162636465666768696A4B
02-06-2022 20:53:50.741,680,RECV,7E00198100002E00313233343536373839306162636465666768696A4C
02-06-2022 20:53:50.865,681,RECV,7E00198100002E00313233343536373839306162636465666768696A4C
02-06-2022 20:53:50.990,682,RECV,7E00198100002E00313233343536373839306162636465666768696A4C
02-06-2022 20:53:51.114,683,RECV,7E00198100002E00313233343536373839306162636465666768696A4C
02-06-2022 20:53:51.178,684,RECV,7E00198100002E00313233343536373839306162636465666768696A4C
02-06-2022 20:53:51.306,685,RECV,7E00198100002E00313233343536373839306162636465666768696A4C
02-06-2022 20:53:51.429,686,RECV,7E00198100002E00313233343536373839306162636465666768696A4C
02-06-2022 20:53:51.553,687,RECV,7E00198100002F00313233343536373839306162636465666768696A4B
02-06-2022 20:53:51.616,688,RECV,7E00198100002E00313233343536373839306162636465666768696A4C
02-06-2022 20:53:51.742,689,RECV,7E00198100002E00313233343536373839306162636465666768696A4C
02-06-2022 20:53:51.868,690,RECV,7E00198100002E00313233343536373839306162636465666768696A4C
02-06-2022 20:53:51.994,691,RECV,7E00198100002E00313233343536373839306162636465666768696A4C
02-06-2022 20:53:52.057,692,RECV,7E00198100002E00313233343536373839306162636465666768696A4C
02-06-2022 20:53:52.184,693,RECV,7E00198100002E00313233343536373839306162636465666768696A4C
02-06-2022 20:53:52.308,694,RECV,7E00198100002E00313233343536373839306162636465666768696A4C
02-06-2022 20:53:52.434,695,RECV,7E00198100002E00313233343536373839306162636465666768696A4C
02-06-2022 20:53:52.497,696,RECV,7E00198100002F00313233343536373839306162636465666768696A4B
02-06-2022 20:53:52.623,697,RECV,7E00198100002F00313233343536373839306162636465666768696A4B
02-06-2022 20:53:52.747,698,RECV,7E00198100002E00313233343536373839306162636465666768696A4C
02-06-2022 20:53:52.871,699,RECV,7E00198100002E00313233343536373839306162636465666768696A4C
02-06-2022 20:53:52.934,700,RECV,7E00198100002E00313233343536373839306162636465666768696A4C
02-06-2022 20:53:53.057,701,RECV,7E00198100002F00313233343536373839306162636465666768696A4B
02-06-2022 20:53:53.182,702,RECV,7E00198100002E00313233343536373839306162636465666768696A4C
02-06-2022 20:53:53.308,703,RECV,7E00198100002E00313233343536373839306162636465666768696A4C
02-06-2022 20:53:53.369,704,RECV,7E00198100002F00313233343536373839306162636465666768696A4B
02-06-2022 20:53:53.495,705,RECV,7E00198100002E00313233343536373839306162636465666768696A4C
02-06-2022 20:53:53.621,706,RECV,7E00198100002E00313233343536373839306162636465666768696A4C
02-06-2022 20:53:53.747,707,RECV,7E00198100002E00313233343536373839306162636465666768696A4C
02-06-2022 20:53:53.809,708,RECV,7E00198100002E00313233343536373839306162636465666768696A4C
02-06-2022 20:53:53.933,709,RECV,7E00198100002E00313233343536373839306162636465666768696A4C
02-06-2022 20:53:54.058,710,RECV,7E00198100002E00313233343536373839306162636465666768696A4C
02-06-2022 20:53:54.184,711,RECV,7E00198100002F00313233343536373839306162636465666768696A4B
02-06-2022 20:53:54.246,712,RECV,7E00198100002E00313233343536373839306162636465666768696A4C
02-06-2022 20:53:54.371,713,RECV,7E00198100002E00313233343536373839306162636465666768696A4C
02-06-2022 20:53:54.497,714,RECV,7E00198100002E00313233343536373839306162636465666768696A4C
02-06-2022 20:53:54.624,715,RECV,7E00198100002E00313233343536373839306162636465666768696A4C
02-06-2022 20:53:54.685,716,RECV,7E00198100002E00313233343536373839306162636465666768696A4C
02-06-2022 20:53:54.811,717,RECV,7E00198100002E00313233343536373839306162636465666768696A4C
02-06-2022 20:53:54.937,718,RECV,7E00198100002E00313233343536373839306162636465666768696A4C
02-06-2022 20:53:55.063,719,RECV,7E00198100002E00313233343536373839306162636465666768696A4C
02-06-2022 20:53:55.126,720,RECV,7E00198100002E00313233343536373839306162636465666768696A4C
02-06-2022 20:53:55.252,721,RECV,7E00198100002E00313233343536373839306162636465666768696A4C
02-06-2022 20:53:55.378,722,RECV,7E00198100002E00313233343536373839306162636465666768696A4C
02-06-2022 20:53:55.505,723,RECV,7E00198100002E00313233343536373839306162636465666768696A4C
02-06-2022 20:53:55.568,724,RECV,7E00198100002E00313233343536373839306162636465666768696A4C
02-06-2022 20:53:55.692,725,RECV,7E00198100002F00313233343536373839306162636465666768696A4B
02-06-2022 20:53:55.819,726,RECV,7E00198100002E00313233343536373839306162636465666768696A4C
02-06-2022 20:53:55.943,727,RECV,7E00198100002E00313233343536373839306162636465666768696A4C
02-06-2022 20:53:56.006,728,RECV,7E00198100002E00313233343536373839306162636465666768696A4C
02-06-2022 20:53:56.131,729,RECV,7E00198100002E00313233343536373839306162636465666768696A4C
02-06-2022 20:53:56.258,730,RECV,7E00198100002E00313233343536373839306162636465666768696A4C
02-06-2022 20:53:56.383,731,RECV,7E00198100002E00313233343536373839306162636465666768696A4C
02-06-2022 20:53:56.462,732,RECV,7E00198100002E00313233343536373839306162636465666768696A4C
02-06-2022 20:53:56.570,733,RECV,7E00198100002F00313233343536373839306162636465666768696A4B
02-06-2022 20:53:56.696,734,RECV,7E00198100002E00313233343536373839306162636465666768696A4C
02-06-2022 20:53:56.821,735,RECV,7E00198100002E00313233343536373839306162636465666768696A4C
02-06-2022 20:53:56.883,736,RECV,7E00198100002E00313233343536373839306162636465666768696A4C
02-06-2022 20:53:57.008,737,RECV,7E00198100002E00313233343536373839306162636465666768696A4C
02-06-2022 20:53:57.133,738,RECV,7E00198100002E00313233343536373839306162636465666768696A4C
02-06-2022 20:53:57.259,739,RECV,7E00198100002E00313233343536373839306162636465666768696A4C
02-06-2022 20:53:57.323,740,RECV,7E00198100002E00313233343536373839306162636465666768696A4C
02-06-2022 20:53:57.447,741,RECV,7E00198100002F00313233343536373839306162636465666768696A4B
02-06-2022 20:53:57.573,742,RECV,7E00198100002E00313233343536373839306162636465666768696A4C
02-06-2022 20:53:57.696,743,RECV,7E00198100002E00313233343536373839306162636465666768696A4C
02-06-2022 20:53:57.759,744,RECV,7E00198100002E00313233343536373839306162636465666768696A4C
02-06-2022 20:53:57.884,745,RECV,7E00198100002E00313233343536373839306162636465666768696A4C
02-06-2022 20:53:58.010,746,RECV,7E00198100002F00313233343536373839306162636465666768696A4B
02-06-2022 20:53:58.135,747,RECV,7E00198100002E00313233343536373839306162636465666768696A4C
02-06-2022 20:53:58.199,748,RECV,7E00198100002E00313233343536373839306162636465666768696A4C
02-06-2022 20:53:58.325,749,RECV,7E00198100002F00313233343536373839306162636465666768696A4B
02-06-2022 20:53:58.450,750,RECV,7E00198100002E00313233343536373839306162636465666768696A4C
02-06-2022 20:53:58.578,751,RECV,7E00198100002E00313233343536373839306162636465666768696A4C
02-06-2022 20:53:58.640,752,RECV,7E00198100002F00313233343536373839306162636465666768696A4B
02-06-2022 20:53:58.765,753,RECV,7E00198100002E00313233343536373839306162636465666768696A4C
02-06-2022 20:53:58.892,754,RECV,7E00198100002F00313233343536373839306162636465666768696A4B
02-06-2022 20:53:59.017,755,RECV,7E00198100002E00313233343536373839306162636465666768696A4C
02-06-2022 20:53:59.079,756,RECV,7E00198100002F00313233343536373839306162636465666768696A4B
02-06-2022 20:53:59.205,757,RECV,7E00198100002E00313233343536373839306162636465666768696A4C
02-06-2022 20:53:59.330,758,RECV,7E00198100002E00313233343536373839306162636465666768696A4C
02-06-2022 20:53:59.456,759,RECV,7E00198100002E00313233343536373839306162636465666768696A4C
02-06-2022 20:53:59.519,760,RECV,7E00198100002D00313233343536373839306162636465666768696A4D
02-06-2022 20:53:59.645,761,RECV,7E00198100002E00313233343536373839306162636465666768696A4C
02-06-2022 20:53:59.771,762,RECV,7E00198100002E00313233343536373839306162636465666768696A4C
02-06-2022 20:53:59.895,763,RECV,7E00198100002E00313233343536373839306162636465666768696A4C
02-06-2022 20:53:59.958,764,RECV,7E00198100002E00313233343536373839306162636465666768696A4C
02-06-2022 20:54:00.084,765,RECV,7E00198100002E00313233343536373839306162636465666768696A4C
02-06-2022 20:54:00.209,766,RECV,7E00198100002E00313233343536373839306162636465666768696A4C
02-06-2022 20:54:00.333,767,RECV,7E00198100002E00313233343536373839306162636465666768696A4C
02-06-2022 20:54:00.396,768,RECV,7E00198100002E00313233343536373839306162636465666768696A4C
02-06-2022 20:54:00.522,769,RECV,7E00198100002E00313233343536373839306162636465666768696A4C
02-06-2022 20:54:00.648,770,RECV,7E00198100002E00313233343536373839306162636465666768696A4C
02-06-2022 20:54:00.774,771,RECV,7E00198100002F00313233343536373839306162636465666768696A4B
02-06-2022 20:54:00.836,772,RECV,7E00198100002E00313233343536373839306162636465666768696A4C
02-06-2022 20:54:00.962,773,RECV,7E00198100002E00313233343536373839306162636465666768696A4C
02-06-2022 20:54:01.087,774,RECV,7E00198100002D00313233343536373839306162636465666768696A4D
02-06-2022 20:54:01.212,775,RECV,7E00198100002E00313233343536373839306162636465666768696A4C
02-06-2022 20:54:01.275,776,RECV,7E00198100002E00313233343536373839306162636465666768696A4C
02-06-2022 20:54:01.400,777,RECV,7E00198100002E00313233343536373839306162636465666768696A4C
02-06-2022 20:54:01.526,778,RECV,7E00198100002E00313233343536373839306162636465666768696A4C
02-06-2022 20:54:01.654,779,RECV,7E00198100002E00313233343536373839306162636465666768696A4C
02-06-2022 20:54:01.715,780,RECV,7E00198100002E00313233343536373839306162636465666768696A4C
02-06-2022 20:54:01.839,781,RECV,7E00198100002E00313233343536373839306162636465666768696A4C
02-06-2022 20:54:01.965,782,RECV,7E00198100002E00313233343536373839306162636465666768696A4C
02-06-2022 20:54:02.090,783,RECV,7E00198100002E00313233343536373839306162636465666768696A4C
02-06-2022 20:54:02.153,784,RECV,7E00198100002E00313233343536373839306162636465666768696A4C
02-06-2022 20:54:02.278,785,RECV,7E00198100002E00313233343536373839306162636465666768696A4C
02-06-2022 20:54:02.405,786,RECV,7E00198100002F00313233343536373839306162636465666768696A4B
02-06-2022 20:54:02.529,787,RECV,7E00198100002E00313233343536373839306162636465666768696A4C
02-06-2022 20:54:02.592,788,RECV,7E00198100002E00313233343536373839306162636465666768696A4C
02-06-2022 20:54:02.716,789,RECV,7E00198100002E00313233343536373839306162636465666768696A4C
02-06-2022 20:54:02.839,790,RECV,7E00198100002E00313233343536373839306162636465666768696A4C
02-06-2022 20:54:02.964,791,RECV,7E00198100002E00313233343536373839306162636465666768696A4C
02-06-2022 20:54:03.027,792,RECV,7E00198100002E00313233343536373839306162636465666768696A4C
02-06-2022 20:54:03.150,793,RECV,7E00198100002F00313233343536373839306162636465666768696A4B
02-06-2022 20:54:03.278,794,RECV,7E00198100002E00313233343536373839306162636465666768696A4C
02-06-2022 20:54:03.404,795,RECV,7E00198100002E00313233343536373839306162636465666768696A4C
02-06-2022 20:54:03.474,796,RECV,7E00198100002E00313233343536373839306162636465666768696A4C
02-06-2022 20:54:03.593,797,RECV,7E00198100002B00313233343536373839306162636465666768696A4F
02-06-2022 20:54:03.717,798,RECV,7E00198100002E00313233343536373839306162636465666768696A4C
02-06-2022 20:54:03.843,799,RECV,7E00198100002E00313233343536373839306162636465666768696A4C
02-06-2022 20:54:03.922,800,RECV,7E00198100002E00313233343536373839306162636465666768696A4C
02-06-2022 20:54:04.031,801,RECV,7E00198100002E00313233343536373839306162636465666768696A4C
02-06-2022 20:54:04.155,802,RECV,7E00198100002D00313233343536373839306162636465666768696A4D
02-06-2022 20:54:04.282,803,RECV,7E00198100002F00313233343536373839306162636465666768696A4B
02-06-2022 20:54:04.344,804,RECV,7E00198100002E00313233343536373839306162636465666768696A4C
02-06-2022 20:54:04.468,805,RECV,7E00198100002E00313233343536373839306162636465666768696A4C
02-06-2022 20:54:04.595,806,RECV,7E00198100002E00313233343536373839306162636465666768696A4C
02-06-2022 20:54:04.721,807,RECV,7E00198100002E00313233343536373839306162636465666768696A4C
02-06-2022 20:54:04.783,808,RECV,7E00198100002E00313233343536373839306162636465666768696A4C
02-06-2022 20:54:04.908,809,RECV,7E00198100002F00313233343536373839306162636465666768696A4B
02-06-2022 20:54:05.033,810,RECV,7E00198100002E00313233343536373839306162636465666768696A4C
02-06-2022 20:54:05.156,811,RECV,7E00198100002E00313233343536373839306162636465666768696A4C
02-06-2022 20:54:05.220,812,RECV,7E00198100002D00313233343536373839306162636465666768696A4D
02-06-2022 20:54:05.345,813,RECV,7E00198100002E00313233343536373839306162636465666768696A4C
02-06-2022 20:54:05.471,814,RECV,7E00198100002F00313233343536373839306162636465666768696A4B
02-06-2022 20:54:05.597,815,RECV,7E00198100002E00313233343536373839306162636465666768696A4C
02-06-2022 20:54:05.661,816,RECV,7E00198100002E00313233343536373839306162636465666768696A4C
02-06-2022 20:54:05.785,817,RECV,7E00198100002E00313233343536373839306162636465666768696A4C
02-06-2022 20:54:05.912,818,RECV,7E00198100002E00313233343536373839306162636465666768696A4C
02-06-2022 20:54:06.035,819,RECV,7E00198100002E00313233343536373839306162636465666768696A4C
02-06-2022 20:54:06.099,820,RECV,7E00198100002E00313233343536373839306162636465666768696A4C
02-06-2022 20:54:06.224,821,RECV,7E00198100002E00313233343536373839306162636465666768696A4C
02-06-2022 20:54:06.347,822,RECV,7E00198100002F00313233343536373839306162636465666768696A4B
02-06-2022 20:54:06.473,823,RECV,7E00198100002E00313233343536373839306162636465666768696A4C
02-06-2022 20:54:06.536,824,RECV,7E00198100002F00313233343536373839306162636465666768696A4B
02-06-2022 20:54:06.660,825,RECV,7E00198100002E00313233343536373839306162636465666768696A4C
02-06-2022 20:54:06.786,826,RECV,7E00198100002E00313233343536373839306162636465666768696A4C
02-06-2022 20:54:06.912,827,RECV,7E00198100002E00313233343536373839306162636465666768696A4C
02-06-2022 20:54:06.974,828,RECV,7E00198100002D00313233343536373839306162636465666768696A4D
02-06-2022 20:54:07.102,829,RECV,7E00198100002E00313233343536373839306162636465666768696A4C
02-06-2022 20:54:07.226,830,RECV,7E00198100002E00313233343536373839306162636465666768696A4C
02-06-2022 20:54:07.352,831,RECV,7E00198100002E00313233343536373839306162636465666768696A4C
02-06-2022 20:54:07.419,832,RECV,7E00198100002F00313233343536373839306162636465666768696A4B
02-06-2022 20:54:07.542,833,RECV,7E00198100002E00313233343536373839306162636465666768696A4C
02-06-2022 20:54:07.669,834,RECV,7E00198100002E00313233343536373839306162636465666768696A4C
02-06-2022 20:54:07.793,835,RECV,7E00198100002E00313233343536373839306162636465666768696A4C
02-06-2022 20:54:07.856,836,RECV,7E00198100002E00313233343536373839306162636465666768696A4C
02-06-2022 20:54:07.983,837,RECV,7E00198100002E00313233343536373839306162636465666768696A4C
02-06-2022 20:54:08.110,838,RECV,7E00198100002E00313233343536373839306162636465666768696A4C
02-06-2022 20:54:08.235,839,RECV,7E00198100002E00313233343536373839306162636465666768696A4C
02-06-2022 20:54:08.297,840,RECV,7E00198100002E00313233343536373839306162636465666768696A4C
02-06-2022 20:54:08.422,841,RECV,7E00198100002E00313233343536373839306162636465666768696A4C
02-06-2022 20:54:08.550,842,RECV,7E00198100002E00313233343536373839306162636465666768696A4C
02-06-2022 20:54:08.674,843,RECV,7E00198100002D00313233343536373839306162636465666768696A4D
02-06-2022 20:54:08.736,844,RECV,7E00198100002F00313233343536373839306162636465666768696A4B
02-06-2022 20:54:08.861,845,RECV,7E00198100002E00313233343536373839306162636465666768696A4C
02-06-2022 20:54:08.986,846,RECV,7E00198100002E00313233343536373839306162636465666768696A4C
02-06-2022 20:54:09.113,847,RECV,7E00198100002E00313233343536373839306162636465666768696A4C
02-06-2022 20:54:09.176,848,RECV,7E00198100002D00313233343536373839306162636465666768696A4D
02-06-2022 20:54:09.302,849,RECV,7E00198100002D00313233343536373839306162636465666768696A4D
02-06-2022 20:54:09.427,850,RECV,7E00198100002E00313233343536373839306162636465666768696A4C
02-06-2022 20:54:09.554,851,RECV,7E00198100002E00313233343536373839306162636465666768696A4C
02-06-2022 20:54:09.616,852,RECV,7E00198100002E00313233343536373839306162636465666768696A4C
02-06-2022 20:54:09.742,853,RECV,7E00198100002D00313233343536373839306162636465666768696A4D
02-06-2022 20:54:09.870,854,RECV,7E00198100002F00313233343536373839306162636465666768696A4B
02-06-2022 20:54:09.996,855,RECV,7E00198100002D00313233343536373839306162636465666768696A4D
02-06-2022 20:54:10.058,856,RECV,7E00198100002F00313233343536373839306162636465666768696A4B
02-06-2022 20:54:10.185,857,RECV,7E00198100002E00313233343536373839306162636465666768696A4C
02-06-2022 20:54:10.310,858,RECV,7E00198100002F00313233343536373839306162636465666768696A4B
02-06-2022 20:54:10.437,859,RECV,7E00198100002E00313233343536373839306162636465666768696A4C
02-06-2022 20:54:10.500,860,RECV,7E00198100002E00313233343536373839306162636465666768696A4C
02-06-2022 20:54:10.626,861,RECV,7E00198100002E00313233343536373839306162636465666768696A4C
02-06-2022 20:54:10.753,862,RECV,7E00198100002E00313233343536373839306162636465666768696A4C
02-06-2022 20:54:10.879,863,RECV,7E00198100002E00313233343536373839306162636465666768696A4C
02-06-2022 20:54:10.942,864,RECV,7E00198100002F00313233343536373839306162636465666768696A4B
02-06-2022 20:54:11.068,865,RECV,7E00198100002E00313233343536373839306162636465666768696A4C
02-06-2022 20:54:11.194,866,RECV,7E00198100002E00313233343536373839306162636465666768696A4C
02-06-2022 20:54:11.321,867,RECV,7E00198100002E00313233343536373839306162636465666768696A4C
02-06-2022 20:54:11.384,868,RECV,7E00198100002E00313233343536373839306162636465666768696A4C
02-06-2022 20:54:11.508,869,RECV,7E00198100002E00313233343536373839306162636465666768696A4C
02-06-2022 20:54:11.634,870,RECV,7E00198100002D00313233343536373839306162636465666768696A4D
02-06-2022 20:54:11.762,871,RECV,7E00198100002E00313233343536373839306162636465666768696A4C
02-06-2022 20:54:11.823,872,RECV,7E00198100002E00313233343536373839306162636465666768696A4C
02-06-2022 20:54:11.950,873,RECV,7E00198100002E00313233343536373839306162636465666768696A4C
02-06-2022 20:54:12.074,874,RECV,7E00198100002E00313233343536373839306162636465666768696A4C
02-06-2022 20:54:12.201,875,RECV,7E00198100002E00313233343536373839306162636465666768696A4C
02-06-2022 20:54:12.264,876,RECV,7E00198100002E00313233343536373839306162636465666768696A4C
02-06-2022 20:54:12.390,877,RECV,7E00198100002E00313233343536373839306162636465666768696A4C
02-06-2022 20:54:12.516,878,RECV,7E00198100002F00313233343536373839306162636465666768696A4B
02-06-2022 20:54:12.641,879,RECV,7E00198100002D00313233343536373839306162636465666768696A4D
02-06-2022 20:54:12.704,880,RECV,7E00198100002E00313233343536373839306162636465666768696A4C
02-06-2022 20:54:12.829,881,RECV,7E00198100002E00313233343536373839306162636465666768696A4C
02-06-2022 20:54:12.954,882,RECV,7E00198100002E00313233343536373839306162636465666768696A4C
02-06-2022 20:54:13.079,883,RECV,7E00198100002E00313233343536373839306162636465666768696A4C
02-06-2022 20:54:13.142,884,RECV,7E00198100002F00313233343536373839306162636465666768696A4B
02-06-2022 20:54:13.266,885,RECV,7E00198100002E00313233343536373839306162636465666768696A4C
02-06-2022 20:54:13.390,886,RECV,7E00198100002E00313233343536373839306162636465666768696A4C
02-06-2022 20:54:13.514,887,RECV,7E00198100002E00313233343536373839306162636465666768696A4C
02-06-2022 20:54:13.577,888,RECV,7E00198100002E00313233343536373839306162636465666768696A4C
02-06-2022 20:54:13.701,889,RECV,7E00198100002E00313233343536373839306162636465666768696A4C
02-06-2022 20:54:13.828,890,RECV,7E00198100002F00313233343536373839306162636465666768696A4B
02-06-2022 20:54:13.954,891,RECV,7E00198100002E00313233343536373839306162636465666768696A4C
02-06-2022 20:54:14.016,892,RECV,7E00198100002F00313233343536373839306162636465666768696A4B
02-06-2022 20:54:14.141,893,RECV,7E00198100002D00313233343536373839306162636465666768696A4D
02-06-2022 20:54:14.265,894,RECV,7E00198100002D00313233343536373839306162636465666768696A4D
02-06-2022 20:54:14.390,895,RECV,7E00198100002D00313233343536373839306162636465666768696A4D
02-06-2022 20:54:14.451,896,RECV,7E00198100002E00313233343536373839306162636465666768696A4C
02-06-2022 20:54:14.574,897,RECV,7E00198100002E00313233343536373839306162636465666768696A4C
02-06-2022 20:54:14.700,898,RECV,7E00198100002E00313233343536373839306162636465666768696A4C
02-06-2022 20:54:14.826,899,RECV,7E00198100002E00313233343536373839306162636465666768696A4C
02-06-2022 20:54:14.889,900,RECV,7E00198100002E00313233343536373839306162636465666768696A4C
02-06-2022 20:54:15.013,901,RECV,7E00198100002F00313233343536373839306162636465666768696A4B
02-06-2022 20:54:15.140,902,RECV,7E00198100002E00313233343536373839306162636465666768696A4C
02-06-2022 20:54:15.266,903,RECV,7E00198100002E00313233343536373839306162636465666768696A4C
02-06-2022 20:54:15.329,904,RECV,7E00198100002E00313233343536373839306162636465666768696A4C
02-06-2022 20:54:15.454,905,RECV,7E00198100002E00313233343536373839306162636465666768696A4C
02-06-2022 20:54:15.579,906,RECV,7E00198100002E00313233343536373839306162636465666768696A4C
02-06-2022 20:54:15.705,907,RECV,7E00198100002E00313233343536373839306162636465666768696A4C
02-06-2022 20:54:15.768,908,RECV,7E00198100002D00313233343536373839306162636465666768696A4D
02-06-2022 20:54:15.894,909,RECV,7E00198100002E00313233343536373839306162636465666768696A4C
02-06-2022 20:54:16.020,910,RECV,7E00198100002E00313233343536373839306162636465666768696A4C
02-06-2022 20:54:16.145,911,RECV,7E00198100002E00313233343536373839306162636465666768696A4C
02-06-2022 20:54:16.208,912,RECV,7E00198100002E00313233343536373839306162636465666768696A4C
02-06-2022 20:54:16.334,913,RECV,7E00198100002E00313233343536373839306162636465666768696A4C
02-06-2022 20:54:16.458,914,RECV,7E00198100002D00313233343536373839306162636465666768696A4D
02-06-2022 20:54:16.583,915,RECV,7E00198100002E00313233343536373839306162636465666768696A4C
02-06-2022 20:54:16.645,916,RECV,7E00198100002E00313233343536373839306162636465666768696A4C
02-06-2022 20:54:16.770,917,RECV,7E00198100002F00313233343536373839306162636465666768696A4B
02-06-2022 20:54:16.893,918,RECV,7E00198100002F00313233343536373839306162636465666768696A4B
02-06-2022 20:54:17.019,919,RECV,7E00198100002F00313233343536373839306162636465666768696A4B
02-06-2022 20:54:17.143,920,RECV,7E00198100002E00313233343536373839306162636465666768696A4C
02-06-2022 20:54:17.205,921,RECV,7E00198100002E00313233343536373839306162636465666768696A4C
02-06-2022 20:54:17.331,922,RECV,7E00198100002E00313233343536373839306162636465666768696A4C
02-06-2022 20:54:17.455,923,RECV,7E00198100002E00313233343536373839306162636465666768696A4C
02-06-2022 20:54:17.519,924,RECV,7E00198100002F00313233343536373839306162636465666768696A4B
02-06-2022 20:54:17.645,925,RECV,7E00198100002F00313233343536373839306162636465666768696A4B
02-06-2022 20:54:17.771,926,RECV,7E00198100002E00313233343536373839306162636465666768696A4C
02-06-2022 20:54:17.896,927,RECV,7E00198100002D00313233343536373839306162636465666768696A4D
02-06-2022 20:54:17.958,928,RECV,7E00198100002E00313233343536373839306162636465666768696A4C
02-06-2022 20:54:18.083,929,RECV,7E00198100002E00313233343536373839306162636465666768696A4C
02-06-2022 20:54:18.208,930,RECV,7E00198100002F00313233343536373839306162636465666768696A4B
02-06-2022 20:54:18.334,931,RECV,7E00198100002D00313233343536373839306162636465666768696A4D
02-06-2022 20:54:18.413,932,RECV,7E00198100002E00313233343536373839306162636465666768696A4C
02-06-2022 20:54:18.522,933,RECV,7E00198100002E00313233343536373839306162636465666768696A4C
02-06-2022 20:54:18.647,934,RECV,7E00198100002E00313233343536373839306162636465666768696A4C
02-06-2022 20:54:18.773,935,RECV,7E00198100002E00313233343536373839306162636465666768696A4C
02-06-2022 20:54:18.835,936,RECV,7E00198100002E00313233343536373839306162636465666768696A4C
02-06-2022 20:54:18.960,937,RECV,7E00198100002E00313233343536373839306162636465666768696A4C
02-06-2022 20:54:19.085,938,RECV,7E00198100002E00313233343536373839306162636465666768696A4C
02-06-2022 20:54:19.211,939,RECV,7E00198100002E00313233343536373839306162636465666768696A4C
02-06-2022 20:54:19.274,940,RECV,7E00198100002E00313233343536373839306162636465666768696A4C
02-06-2022 20:54:19.399,941,RECV,7E00198100002D00313233343536373839306162636465666768696A4D
02-06-2022 20:54:19.524,942,RECV,7E00198100002E00313233343536373839306162636465666768696A4C
02-06-2022 20:54:19.650,943,RECV,7E00198100002E00313233343536373839306162636465666768696A4C
02-06-2022 20:54:19.713,944,RECV,7E00198100002E00313233343536373839306162636465666768696A4C
02-06-2022 20:54:19.839,945,RECV,7E00198100002E00313233343536373839306162636465666768696A4C
02-06-2022 20:54:19.965,946,RECV,7E00198100002E00313233343536373839306162636465666768696A4C
02-06-2022 20:54:20.092,947,RECV,7E00198100002E00313233343536373839306162636465666768696A4C
02-06-2022 20:54:20.154,948,RECV,7E00198100002E00313233343536373839306162636465666768696A4C
02-06-2022 20:54:20.281,949,RECV,7E00198100002E00313233343536373839306162636465666768696A4C
02-06-2022 20:54:20.406,950,RECV,7E00198100002D00313233343536373839306162636465666768696A4D
02-06-2022 20:54:20.533,951,RECV,7E00198100002E00313233343536373839306162636465666768696A4C
02-06-2022 20:54:20.644,952,RECV,7E00198100002E00313233343536373839306162636465666768696A4C
02-06-2022 20:54:20.722,953,RECV,7E00198100002E00313233343536373839306162636465666768696A4C
02-06-2022 20:54:20.847,954,RECV,7E00198100002E00313233343536373839306162636465666768696A4C
02-06-2022 20:54:20.974,955,RECV,7E00198100002D00313233343536373839306162636465666768696A4D
02-06-2022 20:54:21.037,956,RECV,7E00198100002D00313233343536373839306162636465666768696A4D
02-06-2022 20:54:21.162,957,RECV,7E00198100002D00313233343536373839306162636465666768696A4D
02-06-2022 20:54:21.289,958,RECV,7E00198100002D00313233343536373839306162636465666768696A4D
02-06-2022 20:54:21.414,959,RECV,7E00198100002D00313233343536373839306162636465666768696A4D
02-06-2022 20:54:21.539,960,RECV,7E00198100002E00313233343536373839306162636465666768696A4C
02-06-2022 20:54:21.608,961,RECV,7E00198100002E00313233343536373839306162636465666768696A4C
02-06-2022 20:54:21.729,962,RECV,7E00198100002E00313233343536373839306162636465666768696A4C
02-06-2022 20:54:21.854,963,RECV,7E00198100002D00313233343536373839306162636465666768696A4D
02-06-2022 20:54:21.917,964,RECV,7E00198100002F00313233343536373839306162636465666768696A4B
02-06-2022 20:54:22.042,965,RECV,7E00198100002F00313233343536373839306162636465666768696A4B
02-06-2022 20:54:22.168,966,RECV,7E00198100002D00313233343536373839306162636465666768696A4D
02-06-2022 20:54:22.294,967,RECV,7E00198100002D00313233343536373839306162636465666768696A4D
02-06-2022 20:54:22.357,968,RECV,7E00198100002E00313233343536373839306162636465666768696A4C
02-06-2022 20:54:22.482,969,RECV,7E00198100002E00313233343536373839306162636465666768696A4C
02-06-2022 20:54:22.606,970,RECV,7E00198100002D00313233343536373839306162636465666768696A4D
02-06-2022 20:54:22.733,971,RECV,7E00198100002D00313233343536373839306162636465666768696A4D
02-06-2022 20:54:22.796,972,RECV,7E00198100002E00313233343536373839306162636465666768696A4C
02-06-2022 20:54:22.921,973,RECV,7E00198100002E00313233343536373839306162636465666768696A4C
02-06-2022 20:54:23.047,974,RECV,7E00198100002E00313233343536373839306162636465666768696A4C
02-06-2022 20:54:23.171,975,RECV,7E00198100002E00313233343536373839306162636465666768696A4C
02-06-2022 20:54:23.234,976,RECV,7E00198100002E00313233343536373839306162636465666768696A4C
02-06-2022 20:54:23.359,977,RECV,7E00198100002F00313233343536373839306162636465666768696A4B
02-06-2022 20:54:23.484,978,RECV,7E00198100002E00313233343536373839306162636465666768696A4C
02-06-2022 20:54:23.610,979,RECV,7E00198100002E00313233343536373839306162636465666768696A4C
02-06-2022 20:54:23.672,980,RECV,7E00198100002E00313233343536373839306162636465666768696A4C
02-06-2022 20:54:23.799,981,RECV,7E00198100002D00313233343536373839306162636465666768696A4D
02-06-2022 20:54:23.924,982,RECV,7E00198100002E00313233343536373839306162636465666768696A4C
02-06-2022 20:54:24.050,983,RECV,7E00198100002E00313233343536373839306162636465666768696A4C
02-06-2022 20:54:24.113,984,RECV,7E00198100002E00313233343536373839306162636465666768696A4C
02-06-2022 20:54:24.239,985,RECV,7E00198100002E00313233343536373839306162636465666768696A4C
02-06-2022 20:54:24.363,986,RECV,7E00198100002D00313233343536373839306162636465666768696A4D
02-06-2022 20:54:24.488,987,RECV,7E00198100002E00313233343536373839306162636465666768696A4C
02-06-2022 20:54:24.551,988,RECV,7E00198100002E00313233343536373839306162636465666768696A4C
02-06-2022 20:54:24.674,989,RECV,7E00198100002E00313233343536373839306162636465666768696A4C
02-06-2022 20:54:24.800,990,RECV,7E00198100002F00313233343536373839306162636465666768696A4B
02-06-2022 20:54:24.925,991,RECV,7E00198100002D00313233343536373839306162636465666768696A4D
02-06-2022 20:54:24.987,992,RECV,7E00198100002E00313233343536373839306162636465666768696A4C
02-06-2022 20:54:25.114,993,RECV,7E00198100002E00313233343536373839306162636465666768696A4C
02-06-2022 20:54:25.240,994,RECV,7E00198100002D00313233343536373839306162636465666768696A4D
02-06-2022 20:54:25.365,995,RECV,7E00198100002E00313233343536373839306162636465666768696A4C
