02-12-2022 17:52:31.775,-,API,"Coordinator_802,0013A20041C5375A,802.15.4 TH,2003,COM7 - 115200/8/N/1/N,1,46"

02-12-2022 17:42:09.898,0,RECV,7E00198122225300202020202020202020202020202020202020203057
02-12-2022 17:42:10.397,1,RECV,7E00198122225200202020202020202020202020202020202020203157
02-12-2022 17:42:10.896,2,RECV,7E00198122225100202020202020202020202020202020202020203257
02-12-2022 17:42:11.392,3,RECV,7E00198122225500202020202020202020202020202020202020203352
02-12-2022 17:42:11.893,4,RECV,7E00198122225600202020202020202020202020202020202020203450
02-12-2022 17:42:12.391,5,RECV,7E00198122225500202020202020202020202020202020202020203550
02-12-2022 17:42:13.394,6,RECV,7E0019812222570020202020202020202020202020202020202020374C
02-12-2022 17:42:14.896,7,RECV,7E00198122225300202020202020202020202020202020202020313046
02-12-2022 17:42:15.398,8,RECV,7E00198122225200202020202020202020202020202020202020313146
02-12-2022 17:42:15.899,9,RECV,7E00198122225200202020202020202020202020202020202020313245
02-12-2022 17:42:16.399,10,RECV,7E00198122225300202020202020202020202020202020202020313343
02-12-2022 17:42:16.900,11,RECV,7E00198122225300202020202020202020202020202020202020313442
02-12-2022 17:42:17.406,12,RECV,7E00198122225400202020202020202020202020202020202020313540
02-12-2022 17:42:17.862,13,RECV,7E00198122225200202020202020202020202020202020202020313641
02-12-2022 17:42:18.406,14,RECV,7E00198122225200202020202020202020202020202020202020313740
02-12-2022 17:42:18.908,15,RECV,7E0019812222520020202020202020202020202020202020202031383F
02-12-2022 17:42:19.410,16,RECV,7E0019812222530020202020202020202020202020202020202031393D
02-12-2022 17:42:19.860,17,RECV,7E00198122225200202020202020202020202020202020202020323046
02-12-2022 17:42:21.348,18,RECV,7E00198122225100202020202020202020202020202020202020323344
02-12-2022 17:42:21.914,19,RECV,7E00198122225200202020202020202020202020202020202020323442
02-12-2022 17:42:22.355,20,RECV,7E00198122225200202020202020202020202020202020202020323541
02-12-2022 17:42:23.375,21,RECV,7E0019812222520020202020202020202020202020202020202032373F
02-12-2022 17:42:23.867,22,RECV,7E0019812222510020202020202020202020202020202020202032383F
02-12-2022 17:42:24.369,23,RECV,7E0019812222510020202020202020202020202020202020202032393E
02-12-2022 17:42:25.377,24,RECV,7E00198122225300202020202020202020202020202020202020333143
02-12-2022 17:42:25.884,25,RECV,7E00198122225200202020202020202020202020202020202020333243
02-12-2022 17:42:26.389,26,RECV,7E00198122225200202020202020202020202020202020202020333342
02-12-2022 17:42:26.894,27,RECV,7E00198122225200202020202020202020202020202020202020333441
02-12-2022 17:42:27.402,28,RECV,7E00198122225000202020202020202020202020202020202020333542
02-12-2022 17:42:27.904,29,RECV,7E00198122225000202020202020202020202020202020202020333641
02-12-2022 17:42:28.410,30,RECV,7E0019812222530020202020202020202020202020202020202033373D
02-12-2022 17:42:28.912,31,RECV,7E0019812222530020202020202020202020202020202020202033383C
02-12-2022 17:42:29.417,32,RECV,7E0019812222510020202020202020202020202020202020202033393D
02-12-2022 17:42:29.858,33,RECV,7E00198122225200202020202020202020202020202020202020343044
02-12-2022 17:42:30.425,34,RECV,7E00198122225200202020202020202020202020202020202020343143
02-12-2022 17:42:30.926,35,RECV,7E00198122225100202020202020202020202020202020202020343243
02-12-2022 17:42:31.366,36,RECV,7E00198122225000202020202020202020202020202020202020343343
02-12-2022 17:42:31.868,37,RECV,7E00198122225100202020202020202020202020202020202020343441
02-12-2022 17:42:32.369,38,RECV,7E0019812222540020202020202020202020202020202020202034353D
02-12-2022 17:42:33.378,39,RECV,7E0019812222520020202020202020202020202020202020202034373D
02-12-2022 17:42:33.880,40,RECV,7E0019812222530020202020202020202020202020202020202034383B
02-12-2022 17:42:34.385,41,RECV,7E0019812222520020202020202020202020202020202020202034393B
02-12-2022 17:42:34.888,42,RECV,7E00198122224F00202020202020202020202020202020202020353046
02-12-2022 17:42:35.392,43,RECV,7E00198122225300202020202020202020202020202020202020353141
02-12-2022 17:42:35.895,44,RECV,7E00198122225300202020202020202020202020202020202020353240
02-12-2022 17:42:36.404,45,RECV,7E00198122225200202020202020202020202020202020202020353340
02-12-2022 17:42:36.909,46,RECV,7E0019812222530020202020202020202020202020202020202035343E
02-12-2022 17:42:37.363,47,RECV,7E0019812222510020202020202020202020202020202020202035353F
02-12-2022 17:42:37.933,48,RECV,7E0019812222510020202020202020202020202020202020202035363E
02-12-2022 17:42:38.374,49,RECV,7E0019812222540020202020202020202020202020202020202035373A
02-12-2022 17:42:39.885,50,RECV,7E00198122225300202020202020202020202020202020202020363041
02-12-2022 17:42:40.388,51,RECV,7E0019812222540020202020202020202020202020202020202036313F
02-12-2022 17:42:40.891,52,RECV,7E0019812222530020202020202020202020202020202020202036323F
02-12-2022 17:42:41.393,53,RECV,7E0019812222520020202020202020202020202020202020202036333F
02-12-2022 17:42:41.903,54,RECV,7E0019812222520020202020202020202020202020202020202036343E
02-12-2022 17:42:42.406,55,RECV,7E0019812222530020202020202020202020202020202020202036353C
02-12-2022 17:42:42.912,56,RECV,7E0019812222520020202020202020202020202020202020202036363C
02-12-2022 17:42:43.413,57,RECV,7E0019812222530020202020202020202020202020202020202036373A
02-12-2022 17:42:43.914,58,RECV,7E00198122225300202020202020202020202020202020202020363839
02-12-2022 17:42:44.419,59,RECV,7E00198122225200202020202020202020202020202020202020363939
02-12-2022 17:42:44.923,60,RECV,7E0019812222560020202020202020202020202020202020202037303D
02-12-2022 17:42:45.426,61,RECV,7E0019812222560020202020202020202020202020202020202037313C
02-12-2022 17:42:46.429,62,RECV,7E00198122225700202020202020202020202020202020202020373339
02-12-2022 17:42:46.932,63,RECV,7E0019812222550020202020202020202020202020202020202037343A
02-12-2022 17:42:47.436,64,RECV,7E0019812222540020202020202020202020202020202020202037353A
02-12-2022 17:42:47.874,65,RECV,7E0019812222530020202020202020202020202020202020202037363A
02-12-2022 17:42:48.393,66,RECV,7E00198122225300202020202020202020202020202020202020373739
02-12-2022 17:42:48.881,67,RECV,7E00198122225300202020202020202020202020202020202020373838
02-12-2022 17:42:49.381,68,RECV,7E00198122225200202020202020202020202020202020202020373938
02-12-2022 17:42:49.886,69,RECV,7E00198122225200202020202020202020202020202020202020383040
02-12-2022 17:42:50.393,70,RECV,7E0019812222520020202020202020202020202020202020202038313F
02-12-2022 17:42:50.899,71,RECV,7E0019812222510020202020202020202020202020202020202038323F
02-12-2022 17:42:51.402,72,RECV,7E0019812222510020202020202020202020202020202020202038333E
02-12-2022 17:42:51.906,73,RECV,7E0019812222500020202020202020202020202020202020202038343E
02-12-2022 17:42:52.410,74,RECV,7E0019812222500020202020202020202020202020202020202038353D
02-12-2022 17:42:52.911,75,RECV,7E0019812222510020202020202020202020202020202020202038363B
02-12-2022 17:42:53.416,76,RECV,7E00198122225200202020202020202020202020202020202020383739
02-12-2022 17:42:53.919,77,RECV,7E00198122225300202020202020202020202020202020202020383837
02-12-2022 17:42:54.419,78,RECV,7E00198122225200202020202020202020202020202020202020383937
02-12-2022 17:42:54.921,79,RECV,7E00198122225100202020202020202020202020202020202020393040
02-12-2022 17:42:55.424,80,RECV,7E0019812222520020202020202020202020202020202020202039313E
02-12-2022 17:42:55.931,81,RECV,7E0019812222520020202020202020202020202020202020202039323D
02-12-2022 17:42:56.435,82,RECV,7E0019812222520020202020202020202020202020202020202039333C
02-12-2022 17:42:57.445,83,RECV,7E0019812222520020202020202020202020202020202020202039353A
02-12-2022 17:42:57.887,84,RECV,7E0019812222510020202020202020202020202020202020202039363A
02-12-2022 17:42:58.389,85,RECV,7E00198122225200202020202020202020202020202020202020393738
02-12-2022 17:42:58.891,86,RECV,7E00198122225200202020202020202020202020202020202020393837
02-12-2022 17:42:59.396,87,RECV,7E00198122225200202020202020202020202020202020202020393936
02-12-2022 17:42:59.900,88,RECV,7E00198122225200202020202020202020202020202020202031303037
02-12-2022 17:43:00.407,89,RECV,7E00198122225200202020202020202020202020202020202031303136
02-12-2022 17:43:00.908,90,RECV,7E00198122225100202020202020202020202020202020202031303236
02-12-2022 17:43:01.413,91,RECV,7E00198122225200202020202020202020202020202020202031303334
02-12-2022 17:43:01.916,92,RECV,7E00198122225100202020202020202020202020202020202031303434
02-12-2022 17:43:02.927,93,RECV,7E00198122225300202020202020202020202020202020202031303630
02-12-2022 17:43:03.430,94,RECV,7E00198122225200202020202020202020202020202020202031303730
02-12-2022 17:43:03.932,95,RECV,7E0019812222520020202020202020202020202020202020203130382F
02-12-2022 17:43:04.434,96,RECV,7E0019812222530020202020202020202020202020202020203130392D
02-12-2022 17:43:04.937,97,RECV,7E00198122225200202020202020202020202020202020202031313036
02-12-2022 17:43:05.439,98,RECV,7E00198122225200202020202020202020202020202020202031313135
02-12-2022 17:43:05.944,99,RECV,7E00198122225200202020202020202020202020202020202031313234
02-12-2022 17:43:06.449,100,RECV,7E00198122225300202020202020202020202020202020202031313332
02-12-2022 17:43:06.951,101,RECV,7E00198122225200202020202020202020202020202020202031313432
02-12-2022 17:43:07.394,102,RECV,7E00198122225200202020202020202020202020202020202031313531
02-12-2022 17:43:07.912,103,RECV,7E00198122225200202020202020202020202020202020202031313630
02-12-2022 17:43:09.408,104,RECV,7E0019812222530020202020202020202020202020202020203131392C
02-12-2022 17:43:09.912,105,RECV,7E00198122225300202020202020202020202020202020202031323034
02-12-2022 17:43:10.417,106,RECV,7E00198122225100202020202020202020202020202020202031323135
02-12-2022 17:43:10.919,107,RECV,7E00198122225000202020202020202020202020202020202031323235
02-12-2022 17:43:11.426,108,RECV,7E00198122225200202020202020202020202020202020202031323332
02-12-2022 17:43:11.930,109,RECV,7E00198122225200202020202020202020202020202020202031323431
02-12-2022 17:43:12.438,110,RECV,7E00198122225100202020202020202020202020202020202031323531
02-12-2022 17:43:12.937,111,RECV,7E00198122225000202020202020202020202020202020202031323631
02-12-2022 17:43:13.442,112,RECV,7E00198122224F00202020202020202020202020202020202031323731
02-12-2022 17:43:13.945,113,RECV,7E00198122224F00202020202020202020202020202020202031323830
02-12-2022 17:43:14.952,114,RECV,7E00198122225200202020202020202020202020202020202031333034
02-12-2022 17:43:15.459,115,RECV,7E00198122225300202020202020202020202020202020202031333132
02-12-2022 17:43:15.900,116,RECV,7E0019812222560020202020202020202020202020202020203133322E
02-12-2022 17:43:16.462,117,RECV,7E0019812222550020202020202020202020202020202020203133332E
02-12-2022 17:43:16.965,118,RECV,7E0019812222550020202020202020202020202020202020203133342D
02-12-2022 17:43:17.406,119,RECV,7E0019812222570020202020202020202020202020202020203133352A
02-12-2022 17:43:17.909,120,RECV,7E00198122225700202020202020202020202020202020202031333629
02-12-2022 17:43:18.412,121,RECV,7E0019812222540020202020202020202020202020202020203133372B
02-12-2022 17:43:18.915,122,RECV,7E0019812222530020202020202020202020202020202020203133382B
02-12-2022 17:43:19.413,123,RECV,7E0019812222530020202020202020202020202020202020203133392A
02-12-2022 17:43:19.913,124,RECV,7E00198122225200202020202020202020202020202020202031343033
02-12-2022 17:43:20.418,125,RECV,7E00198122225200202020202020202020202020202020202031343132
02-12-2022 17:43:20.923,126,RECV,7E00198122225200202020202020202020202020202020202031343231
02-12-2022 17:43:21.425,127,RECV,7E00198122225100202020202020202020202020202020202031343331
02-12-2022 17:43:21.931,128,RECV,7E0019812222520020202020202020202020202020202020203134342F
02-12-2022 17:43:22.436,129,RECV,7E0019812222520020202020202020202020202020202020203134352E
02-12-2022 17:43:22.937,130,RECV,7E0019812222520020202020202020202020202020202020203134362D
02-12-2022 17:43:23.443,131,RECV,7E0019812222530020202020202020202020202020202020203134372B
02-12-2022 17:43:23.944,132,RECV,7E0019812222530020202020202020202020202020202020203134382A
02-12-2022 17:43:24.449,133,RECV,7E0019812222520020202020202020202020202020202020203134392A
02-12-2022 17:43:24.953,134,RECV,7E00198122225300202020202020202020202020202020202031353031
02-12-2022 17:43:25.456,135,RECV,7E00198122225300202020202020202020202020202020202031353130
02-12-2022 17:43:25.962,136,RECV,7E00198122225100202020202020202020202020202020202031353231
02-12-2022 17:43:26.463,137,RECV,7E0019812222520020202020202020202020202020202020203135332F
02-12-2022 17:43:26.961,138,RECV,7E0019812222530020202020202020202020202020202020203135342D
02-12-2022 17:43:27.458,139,RECV,7E0019812222520020202020202020202020202020202020203135352D
02-12-2022 17:43:27.965,140,RECV,7E0019812222520020202020202020202020202020202020203135362C
02-12-2022 17:43:28.408,141,RECV,7E0019812222530020202020202020202020202020202020203135372A
02-12-2022 17:43:28.912,142,RECV,7E0019812222520020202020202020202020202020202020203135382A
02-12-2022 17:43:29.915,143,RECV,7E00198122225200202020202020202020202020202020202031363031
02-12-2022 17:43:30.420,144,RECV,7E0019812222530020202020202020202020202020202020203136312F
02-12-2022 17:43:30.922,145,RECV,7E0019812222520020202020202020202020202020202020203136322F
02-12-2022 17:43:31.425,146,RECV,7E0019812222530020202020202020202020202020202020203136332D
02-12-2022 17:43:31.928,147,RECV,7E0019812222520020202020202020202020202020202020203136342D
02-12-2022 17:43:32.933,148,RECV,7E0019812222530020202020202020202020202020202020203136362A
02-12-2022 17:43:33.436,149,RECV,7E0019812222520020202020202020202020202020202020203136372A
02-12-2022 17:43:33.940,150,RECV,7E00198122225200202020202020202020202020202020202031363829
02-12-2022 17:43:34.443,151,RECV,7E00198122225200202020202020202020202020202020202031363928
02-12-2022 17:43:34.947,152,RECV,7E00198122225200202020202020202020202020202020202031373030
02-12-2022 17:43:35.444,153,RECV,7E0019812222520020202020202020202020202020202020203137312F
02-12-2022 17:43:35.948,154,RECV,7E0019812222530020202020202020202020202020202020203137322D
02-12-2022 17:43:36.451,155,RECV,7E0019812222520020202020202020202020202020202020203137332D
02-12-2022 17:43:36.955,156,RECV,7E0019812222520020202020202020202020202020202020203137342C
02-12-2022 17:43:37.458,157,RECV,7E0019812222520020202020202020202020202020202020203137352B
02-12-2022 17:43:37.968,158,RECV,7E0019812222510020202020202020202020202020202020203137362B
02-12-2022 17:43:38.471,159,RECV,7E00198122225200202020202020202020202020202020202031373729
02-12-2022 17:43:38.976,160,RECV,7E00198122225200202020202020202020202020202020202031373828
02-12-2022 17:43:39.416,161,RECV,7E00198122225300202020202020202020202020202020202031373926
02-12-2022 17:43:39.979,162,RECV,7E0019812222530020202020202020202020202020202020203138302E
02-12-2022 17:43:40.419,163,RECV,7E0019812222520020202020202020202020202020202020203138312E
02-12-2022 17:43:40.922,164,RECV,7E0019812222510020202020202020202020202020202020203138322E
02-12-2022 17:43:41.424,165,RECV,7E0019812222520020202020202020202020202020202020203138332C
02-12-2022 17:43:41.927,166,RECV,7E0019812222520020202020202020202020202020202020203138342B
02-12-2022 17:43:42.432,167,RECV,7E0019812222520020202020202020202020202020202020203138352A
02-12-2022 17:43:42.937,168,RECV,7E00198122225300202020202020202020202020202020202031383628
02-12-2022 17:43:43.437,169,RECV,7E00198122225200202020202020202020202020202020202031383728
02-12-2022 17:43:43.945,170,RECV,7E00198122225200202020202020202020202020202020202031383827
02-12-2022 17:43:45.450,171,RECV,7E0019812222520020202020202020202020202020202020203139312D
02-12-2022 17:43:46.463,172,RECV,7E0019812222520020202020202020202020202020202020203139332B
02-12-2022 17:43:46.968,173,RECV,7E0019812222510020202020202020202020202020202020203139342B
02-12-2022 17:43:47.469,174,RECV,7E00198122225200202020202020202020202020202020202031393529
02-12-2022 17:43:47.971,175,RECV,7E00198122225200202020202020202020202020202020202031393628
02-12-2022 17:43:48.469,176,RECV,7E00198122225200202020202020202020202020202020202031393727
02-12-2022 17:43:48.972,177,RECV,7E00198122225200202020202020202020202020202020202031393826
02-12-2022 17:43:49.475,178,RECV,7E00198122225200202020202020202020202020202020202031393925
02-12-2022 17:43:49.982,179,RECV,7E00198122225200202020202020202020202020202020202032303036
02-12-2022 17:43:50.489,180,RECV,7E00198122225300202020202020202020202020202020202032303134
02-12-2022 17:43:51.434,181,RECV,7E00198122225200202020202020202020202020202020202032303333
02-12-2022 17:43:51.940,182,RECV,7E00198122225200202020202020202020202020202020202032303432
02-12-2022 17:43:52.440,183,RECV,7E00198122225300202020202020202020202020202020202032303530
02-12-2022 17:43:52.943,184,RECV,7E00198122225200202020202020202020202020202020202032303630
02-12-2022 17:43:53.448,185,RECV,7E0019812222520020202020202020202020202020202020203230372F
02-12-2022 17:43:53.954,186,RECV,7E0019812222520020202020202020202020202020202020203230382E
02-12-2022 17:43:54.460,187,RECV,7E0019812222530020202020202020202020202020202020203230392C
02-12-2022 17:43:54.959,188,RECV,7E00198122225300202020202020202020202020202020202032313034
02-12-2022 17:43:55.468,189,RECV,7E00198122225300202020202020202020202020202020202032313133
02-12-2022 17:43:55.972,190,RECV,7E00198122225300202020202020202020202020202020202032313232
02-12-2022 17:43:56.472,191,RECV,7E00198122225200202020202020202020202020202020202032313332
02-12-2022 17:43:57.476,192,RECV,7E0019812222530020202020202020202020202020202020203231352F
02-12-2022 17:43:57.983,193,RECV,7E0019812222520020202020202020202020202020202020203231362F
02-12-2022 17:43:58.491,194,RECV,7E0019812222520020202020202020202020202020202020203231372E
02-12-2022 17:43:59.497,195,RECV,7E0019812222530020202020202020202020202020202020203231392B
02-12-2022 17:43:59.938,196,RECV,7E00198122225100202020202020202020202020202020202032323035
02-12-2022 17:44:00.443,197,RECV,7E00198122225000202020202020202020202020202020202032323135
02-12-2022 17:44:00.948,198,RECV,7E00198122225200202020202020202020202020202020202032323232
02-12-2022 17:44:01.449,199,RECV,7E00198122225200202020202020202020202020202020202032323331
02-12-2022 17:44:01.954,200,RECV,7E00198122225200202020202020202020202020202020202032323430
02-12-2022 17:44:02.960,201,RECV,7E0019812222520020202020202020202020202020202020203232362E
02-12-2022 17:44:03.465,202,RECV,7E0019812222520020202020202020202020202020202020203232372D
02-12-2022 17:44:03.966,203,RECV,7E0019812222520020202020202020202020202020202020203232382C
02-12-2022 17:44:04.469,204,RECV,7E0019812222520020202020202020202020202020202020203232392B
02-12-2022 17:44:04.970,205,RECV,7E00198122225200202020202020202020202020202020202032333033
02-12-2022 17:44:05.470,206,RECV,7E00198122225200202020202020202020202020202020202032333132
02-12-2022 17:44:05.974,207,RECV,7E00198122225200202020202020202020202020202020202032333231
02-12-2022 17:44:06.481,208,RECV,7E0019812222530020202020202020202020202020202020203233332F
02-12-2022 17:44:06.982,209,RECV,7E0019812222520020202020202020202020202020202020203233342F
02-12-2022 17:44:07.483,210,RECV,7E0019812222520020202020202020202020202020202020203233352E
02-12-2022 17:44:07.989,211,RECV,7E0019812222520020202020202020202020202020202020203233362D
02-12-2022 17:44:08.492,212,RECV,7E0019812222520020202020202020202020202020202020203233372C
02-12-2022 17:44:08.998,213,RECV,7E0019812222520020202020202020202020202020202020203233382B
02-12-2022 17:44:09.501,214,RECV,7E00198122225300202020202020202020202020202020202032333929
02-12-2022 17:44:10.005,215,RECV,7E00198122225200202020202020202020202020202020202032343032
02-12-2022 17:44:10.507,216,RECV,7E00198122225200202020202020202020202020202020202032343131
02-12-2022 17:44:10.944,217,RECV,7E00198122225200202020202020202020202020202020202032343230
02-12-2022 17:44:11.448,218,RECV,7E0019812222520020202020202020202020202020202020203234332F
02-12-2022 17:44:11.954,219,RECV,7E0019812222530020202020202020202020202020202020203234342D
02-12-2022 17:44:12.458,220,RECV,7E0019812222530020202020202020202020202020202020203234352C
02-12-2022 17:44:12.963,221,RECV,7E0019812222510020202020202020202020202020202020203234362D
02-12-2022 17:44:13.466,222,RECV,7E0019812222510020202020202020202020202020202020203234372C
02-12-2022 17:44:13.970,223,RECV,7E0019812222520020202020202020202020202020202020203234382A
02-12-2022 17:44:14.477,224,RECV,7E00198122225200202020202020202020202020202020202032343929
02-12-2022 17:44:14.978,225,RECV,7E00198122225300202020202020202020202020202020202032353030
02-12-2022 17:44:15.483,226,RECV,7E0019812222530020202020202020202020202020202020203235312F
02-12-2022 17:44:15.988,227,RECV,7E0019812222520020202020202020202020202020202020203235322F
02-12-2022 17:44:16.491,228,RECV,7E0019812222530020202020202020202020202020202020203235332D
02-12-2022 17:44:16.994,229,RECV,7E0019812222530020202020202020202020202020202020203235342C
02-12-2022 17:44:17.498,230,RECV,7E0019812222520020202020202020202020202020202020203235352C
02-12-2022 17:44:18.003,231,RECV,7E0019812222520020202020202020202020202020202020203235362B
02-12-2022 17:44:18.507,232,RECV,7E0019812222510020202020202020202020202020202020203235372B
02-12-2022 17:44:19.010,233,RECV,7E00198122225200202020202020202020202020202020202032353829
02-12-2022 17:44:19.453,234,RECV,7E00198122225200202020202020202020202020202020202032353928
02-12-2022 17:44:19.958,235,RECV,7E00198122225200202020202020202020202020202020202032363030
02-12-2022 17:44:21.470,236,RECV,7E0019812222530020202020202020202020202020202020203236332C
02-12-2022 17:44:21.974,237,RECV,7E0019812222530020202020202020202020202020202020203236342B
02-12-2022 17:44:22.477,238,RECV,7E0019812222520020202020202020202020202020202020203236352B
02-12-2022 17:44:22.982,239,RECV,7E0019812222520020202020202020202020202020202020203236362A
02-12-2022 17:44:23.491,240,RECV,7E00198122225300202020202020202020202020202020202032363728
02-12-2022 17:44:23.993,241,RECV,7E00198122225300202020202020202020202020202020202032363827
02-12-2022 17:44:24.496,242,RECV,7E00198122225300202020202020202020202020202020202032363926
02-12-2022 17:44:25.003,243,RECV,7E0019812222520020202020202020202020202020202020203237302F
02-12-2022 17:44:25.510,244,RECV,7E0019812222520020202020202020202020202020202020203237312E
02-12-2022 17:44:25.952,245,RECV,7E0019812222530020202020202020202020202020202020203237322C
02-12-2022 17:44:26.957,246,RECV,7E0019812222510020202020202020202020202020202020203237342C
02-12-2022 17:44:27.461,247,RECV,7E00198122225300202020202020202020202020202020202032373529
02-12-2022 17:44:27.978,248,RECV,7E00198122225200202020202020202020202020202020202032373629
02-12-2022 17:44:28.466,249,RECV,7E00198122225200202020202020202020202020202020202032373728
02-12-2022 17:44:28.970,250,RECV,7E00198122225200202020202020202020202020202020202032373827
02-12-2022 17:44:29.476,251,RECV,7E00198122225200202020202020202020202020202020202032373926
02-12-2022 17:44:29.981,252,RECV,7E0019812222530020202020202020202020202020202020203238302D
02-12-2022 17:44:30.487,253,RECV,7E0019812222510020202020202020202020202020202020203238312E
02-12-2022 17:44:30.989,254,RECV,7E0019812222510020202020202020202020202020202020203238322D
02-12-2022 17:44:31.489,255,RECV,7E0019812222530020202020202020202020202020202020203238332A
02-12-2022 17:44:31.994,256,RECV,7E0019812222520020202020202020202020202020202020203238342A
02-12-2022 17:44:32.495,257,RECV,7E00198122225300202020202020202020202020202020202032383528
02-12-2022 17:44:33.498,258,RECV,7E00198122225200202020202020202020202020202020202032383727
02-12-2022 17:44:34.004,259,RECV,7E00198122225200202020202020202020202020202020202032383826
02-12-2022 17:44:34.505,260,RECV,7E00198122225200202020202020202020202020202020202032383925
02-12-2022 17:44:35.009,261,RECV,7E0019812222530020202020202020202020202020202020203239302C
02-12-2022 17:44:35.509,262,RECV,7E0019812222520020202020202020202020202020202020203239312C
02-12-2022 17:44:36.012,263,RECV,7E0019812222520020202020202020202020202020202020203239322B
02-12-2022 17:44:36.516,264,RECV,7E0019812222520020202020202020202020202020202020203239332A
02-12-2022 17:44:37.021,265,RECV,7E00198122225200202020202020202020202020202020202032393429
02-12-2022 17:44:37.524,266,RECV,7E00198122225300202020202020202020202020202020202032393527
02-12-2022 17:44:37.965,267,RECV,7E00198122225200202020202020202020202020202020202032393627
02-12-2022 17:44:38.473,268,RECV,7E00198122225300202020202020202020202020202020202032393725
02-12-2022 17:44:38.981,269,RECV,7E00198122225200202020202020202020202020202020202032393825
02-12-2022 17:44:39.480,270,RECV,7E00198122225200202020202020202020202020202020202032393924
02-12-2022 17:44:39.985,271,RECV,7E00198122225200202020202020202020202020202020202033303035
02-12-2022 17:44:40.505,272,RECV,7E00198122225300202020202020202020202020202020202033303133
02-12-2022 17:44:41.009,273,RECV,7E00198122225200202020202020202020202020202020202033303233
02-12-2022 17:44:41.514,274,RECV,7E00198122225200202020202020202020202020202020202033303332
02-12-2022 17:44:42.019,275,RECV,7E00198122225200202020202020202020202020202020202033303431
02-12-2022 17:44:42.520,276,RECV,7E00198122225200202020202020202020202020202020202033303530
02-12-2022 17:44:43.018,277,RECV,7E0019812222530020202020202020202020202020202020203330362E
02-12-2022 17:44:43.525,278,RECV,7E0019812222530020202020202020202020202020202020203330372D
02-12-2022 17:44:44.021,279,RECV,7E0019812222520020202020202020202020202020202020203330382D
02-12-2022 17:44:44.522,280,RECV,7E0019812222510020202020202020202020202020202020203330392D
02-12-2022 17:44:45.021,281,RECV,7E00198122225200202020202020202020202020202020202033313034
02-12-2022 17:44:45.463,282,RECV,7E00198122225200202020202020202020202020202020202033313133
02-12-2022 17:44:46.030,283,RECV,7E00198122225200202020202020202020202020202020202033313232
02-12-2022 17:44:46.533,284,RECV,7E00198122225300202020202020202020202020202020202033313330
02-12-2022 17:44:46.969,285,RECV,7E00198122225200202020202020202020202020202020202033313430
02-12-2022 17:44:47.533,286,RECV,7E0019812222520020202020202020202020202020202020203331352F
02-12-2022 17:44:47.975,287,RECV,7E0019812222530020202020202020202020202020202020203331362D
02-12-2022 17:44:48.480,288,RECV,7E0019812222520020202020202020202020202020202020203331372D
02-12-2022 17:44:48.985,289,RECV,7E0019812222520020202020202020202020202020202020203331382C
02-12-2022 17:44:49.487,290,RECV,7E0019812222520020202020202020202020202020202020203331392B
02-12-2022 17:44:49.992,291,RECV,7E00198122225200202020202020202020202020202020202033323033
02-12-2022 17:44:50.497,292,RECV,7E00198122225300202020202020202020202020202020202033323131
02-12-2022 17:44:51.002,293,RECV,7E00198122225200202020202020202020202020202020202033323231
02-12-2022 17:44:51.505,294,RECV,7E0019812222530020202020202020202020202020202020203332332F
02-12-2022 17:44:52.005,295,RECV,7E0019812222520020202020202020202020202020202020203332342F
02-12-2022 17:44:52.511,296,RECV,7E0019812222530020202020202020202020202020202020203332352D
02-12-2022 17:44:53.018,297,RECV,7E0019812222520020202020202020202020202020202020203332362D
02-12-2022 17:44:53.522,298,RECV,7E0019812222530020202020202020202020202020202020203332372B
02-12-2022 17:44:54.018,299,RECV,7E0019812222510020202020202020202020202020202020203332382C
02-12-2022 17:44:54.521,300,RECV,7E0019812222520020202020202020202020202020202020203332392A
02-12-2022 17:44:55.023,301,RECV,7E00198122225300202020202020202020202020202020202033333031
02-12-2022 17:44:55.528,302,RECV,7E00198122225300202020202020202020202020202020202033333130
02-12-2022 17:44:57.038,303,RECV,7E0019812222520020202020202020202020202020202020203333342E
02-12-2022 17:44:57.481,304,RECV,7E0019812222520020202020202020202020202020202020203333352D
02-12-2022 17:44:58.047,305,RECV,7E0019812222520020202020202020202020202020202020203333362C
02-12-2022 17:44:58.489,306,RECV,7E0019812222510020202020202020202020202020202020203333372C
02-12-2022 17:44:58.992,307,RECV,7E00198122225300202020202020202020202020202020202033333829
02-12-2022 17:44:59.498,308,RECV,7E00198122225200202020202020202020202020202020202033333929
02-12-2022 17:45:00.005,309,RECV,7E00198122225200202020202020202020202020202020202033343031
02-12-2022 17:45:00.507,310,RECV,7E00198122225200202020202020202020202020202020202033343130
02-12-2022 17:45:01.009,311,RECV,7E0019812222530020202020202020202020202020202020203334322E
02-12-2022 17:45:01.516,312,RECV,7E0019812222530020202020202020202020202020202020203334332D
02-12-2022 17:45:02.022,313,RECV,7E0019812222520020202020202020202020202020202020203334342D
02-12-2022 17:45:02.526,314,RECV,7E0019812222530020202020202020202020202020202020203334352B
02-12-2022 17:45:03.034,315,RECV,7E0019812222510020202020202020202020202020202020203334362C
02-12-2022 17:45:03.538,316,RECV,7E00198122225300202020202020202020202020202020202033343729
02-12-2022 17:45:04.042,317,RECV,7E00198122225200202020202020202020202020202020202033343829
02-12-2022 17:45:04.542,318,RECV,7E00198122225200202020202020202020202020202020202033343928
02-12-2022 17:45:05.046,319,RECV,7E00198122225200202020202020202020202020202020202033353030
02-12-2022 17:45:06.499,320,RECV,7E0019812222510020202020202020202020202020202020203335332E
02-12-2022 17:45:07.003,321,RECV,7E0019812222520020202020202020202020202020202020203335342C
02-12-2022 17:45:07.505,322,RECV,7E0019812222520020202020202020202020202020202020203335352B
02-12-2022 17:45:08.008,323,RECV,7E00198122225300202020202020202020202020202020202033353629
02-12-2022 17:45:09.522,324,RECV,7E00198122225300202020202020202020202020202020202033353926
02-12-2022 17:45:10.025,325,RECV,7E0019812222530020202020202020202020202020202020203336302E
02-12-2022 17:45:10.529,326,RECV,7E0019812222530020202020202020202020202020202020203336312D
02-12-2022 17:45:11.030,327,RECV,7E0019812222510020202020202020202020202020202020203336322E
02-12-2022 17:45:11.535,328,RECV,7E0019812222530020202020202020202020202020202020203336332B
02-12-2022 17:45:12.038,329,RECV,7E0019812222520020202020202020202020202020202020203336342B
02-12-2022 17:45:12.540,330,RECV,7E0019812222520020202020202020202020202020202020203336352A
02-12-2022 17:45:13.040,331,RECV,7E00198122225300202020202020202020202020202020202033363628
02-12-2022 17:45:13.546,332,RECV,7E00198122225300202020202020202020202020202020202033363727
02-12-2022 17:45:14.050,333,RECV,7E00198122225200202020202020202020202020202020202033363827
02-12-2022 17:45:14.553,334,RECV,7E00198122225200202020202020202020202020202020202033363926
02-12-2022 17:45:14.994,335,RECV,7E0019812222510020202020202020202020202020202020203337302F
02-12-2022 17:45:15.497,336,RECV,7E0019812222530020202020202020202020202020202020203337312C
02-12-2022 17:45:16.012,337,RECV,7E0019812222530020202020202020202020202020202020203337322B
02-12-2022 17:45:16.504,338,RECV,7E0019812222530020202020202020202020202020202020203337332A
02-12-2022 17:45:17.006,339,RECV,7E0019812222520020202020202020202020202020202020203337342A
02-12-2022 17:45:17.506,340,RECV,7E00198122225300202020202020202020202020202020202033373528
02-12-2022 17:45:18.008,341,RECV,7E00198122225200202020202020202020202020202020202033373628
02-12-2022 17:45:18.573,342,RECV,7E00198122225200202020202020202020202020202020202033373727
02-12-2022 17:45:19.006,343,RECV,7E00198122225300202020202020202020202020202020202033373825
02-12-2022 17:45:19.509,344,RECV,7E00198122225100202020202020202020202020202020202033373926
02-12-2022 17:45:20.009,345,RECV,7E0019812222520020202020202020202020202020202020203338302D
02-12-2022 17:45:20.511,346,RECV,7E0019812222520020202020202020202020202020202020203338312C
02-12-2022 17:45:21.013,347,RECV,7E0019812222520020202020202020202020202020202020203338322B
02-12-2022 17:45:21.514,348,RECV,7E00198122225300202020202020202020202020202020202033383329
02-12-2022 17:45:22.011,349,RECV,7E00198122225300202020202020202020202020202020202033383428
02-12-2022 17:45:22.509,350,RECV,7E00198122225200202020202020202020202020202020202033383528
02-12-2022 17:45:23.018,351,RECV,7E00198122225300202020202020202020202020202020202033383626
02-12-2022 17:45:23.525,352,RECV,7E00198122225200202020202020202020202020202020202033383726
02-12-2022 17:45:24.029,353,RECV,7E00198122225000202020202020202020202020202020202033383827
02-12-2022 17:45:24.530,354,RECV,7E00198122225200202020202020202020202020202020202033383924
02-12-2022 17:45:25.037,355,RECV,7E0019812222520020202020202020202020202020202020203339302C
02-12-2022 17:45:25.541,356,RECV,7E0019812222520020202020202020202020202020202020203339312B
02-12-2022 17:45:26.046,357,RECV,7E0019812222520020202020202020202020202020202020203339322A
02-12-2022 17:45:27.058,358,RECV,7E00198122225300202020202020202020202020202020202033393427
02-12-2022 17:45:27.562,359,RECV,7E00198122225200202020202020202020202020202020202033393527
02-12-2022 17:45:28.065,360,RECV,7E00198122225200202020202020202020202020202020202033393626
02-12-2022 17:45:28.519,361,RECV,7E00198122225200202020202020202020202020202020202033393725
02-12-2022 17:45:29.070,362,RECV,7E00198122225200202020202020202020202020202020202033393824
02-12-2022 17:45:29.575,363,RECV,7E00198122225200202020202020202020202020202020202033393923
02-12-2022 17:45:30.020,364,RECV,7E00198122225200202020202020202020202020202020202034303034
02-12-2022 17:45:30.521,365,RECV,7E00198122225300202020202020202020202020202020202034303132
02-12-2022 17:45:31.018,366,RECV,7E00198122225200202020202020202020202020202020202034303232
02-12-2022 17:45:31.519,367,RECV,7E00198122225200202020202020202020202020202020202034303331
02-12-2022 17:45:32.022,368,RECV,7E0019812222530020202020202020202020202020202020203430342F
02-12-2022 17:45:32.524,369,RECV,7E0019812222530020202020202020202020202020202020203430352E
02-12-2022 17:45:33.028,370,RECV,7E0019812222510020202020202020202020202020202020203430362F
02-12-2022 17:45:33.527,371,RECV,7E0019812222520020202020202020202020202020202020203430372D
02-12-2022 17:45:34.025,372,RECV,7E0019812222520020202020202020202020202020202020203430382C
02-12-2022 17:45:34.522,373,RECV,7E0019812222530020202020202020202020202020202020203430392A
02-12-2022 17:45:35.027,374,RECV,7E00198122225200202020202020202020202020202020202034313033
02-12-2022 17:45:35.526,375,RECV,7E00198122225200202020202020202020202020202020202034313132
02-12-2022 17:45:36.028,376,RECV,7E00198122225200202020202020202020202020202020202034313231
02-12-2022 17:45:36.532,377,RECV,7E0019812222530020202020202020202020202020202020203431332F
02-12-2022 17:45:37.033,378,RECV,7E0019812222520020202020202020202020202020202020203431342F
02-12-2022 17:45:37.535,379,RECV,7E0019812222530020202020202020202020202020202020203431352D
02-12-2022 17:45:38.037,380,RECV,7E0019812222510020202020202020202020202020202020203431362E
02-12-2022 17:45:38.543,381,RECV,7E0019812222530020202020202020202020202020202020203431372B
02-12-2022 17:45:39.551,382,RECV,7E0019812222520020202020202020202020202020202020203431392A
02-12-2022 17:45:40.053,383,RECV,7E00198122225200202020202020202020202020202020202034323032
02-12-2022 17:45:40.558,384,RECV,7E00198122225200202020202020202020202020202020202034323131
02-12-2022 17:45:41.060,385,RECV,7E0019812222530020202020202020202020202020202020203432322F
02-12-2022 17:45:41.568,386,RECV,7E0019812222520020202020202020202020202020202020203432332F
02-12-2022 17:45:42.073,387,RECV,7E0019812222520020202020202020202020202020202020203432342E
02-12-2022 17:45:42.576,388,RECV,7E0019812222510020202020202020202020202020202020203432352E
02-12-2022 17:45:43.078,389,RECV,7E0019812222520020202020202020202020202020202020203432362C
02-12-2022 17:45:43.520,390,RECV,7E0019812222530020202020202020202020202020202020203432372A
02-12-2022 17:45:44.022,391,RECV,7E0019812222520020202020202020202020202020202020203432382A
02-12-2022 17:45:44.524,392,RECV,7E00198122225200202020202020202020202020202020202034323929
02-12-2022 17:45:45.030,393,RECV,7E00198122225200202020202020202020202020202020202034333031
02-12-2022 17:45:45.536,394,RECV,7E0019812222530020202020202020202020202020202020203433312F
02-12-2022 17:45:46.042,395,RECV,7E0019812222520020202020202020202020202020202020203433322F
02-12-2022 17:45:46.547,396,RECV,7E0019812222530020202020202020202020202020202020203433332D
02-12-2022 17:45:47.050,397,RECV,7E0019812222520020202020202020202020202020202020203433342D
02-12-2022 17:45:47.554,398,RECV,7E0019812222520020202020202020202020202020202020203433352C
02-12-2022 17:45:48.058,399,RECV,7E0019812222530020202020202020202020202020202020203433362A
02-12-2022 17:45:48.562,400,RECV,7E0019812222520020202020202020202020202020202020203433372A
02-12-2022 17:45:49.063,401,RECV,7E00198122225200202020202020202020202020202020202034333829
02-12-2022 17:45:49.566,402,RECV,7E00198122225200202020202020202020202020202020202034333928
02-12-2022 17:45:50.074,403,RECV,7E00198122225200202020202020202020202020202020202034343030
02-12-2022 17:45:51.077,404,RECV,7E0019812222530020202020202020202020202020202020203434322D
02-12-2022 17:45:51.583,405,RECV,7E0019812222520020202020202020202020202020202020203434332D
02-12-2022 17:45:52.084,406,RECV,7E0019812222530020202020202020202020202020202020203434342B
02-12-2022 17:45:53.034,407,RECV,7E00198122225300202020202020202020202020202020202034343629
02-12-2022 17:45:53.535,408,RECV,7E00198122225300202020202020202020202020202020202034343728
02-12-2022 17:45:54.039,409,RECV,7E00198122225200202020202020202020202020202020202034343828
02-12-2022 17:45:54.539,410,RECV,7E00198122225200202020202020202020202020202020202034343927
02-12-2022 17:45:55.037,411,RECV,7E0019812222520020202020202020202020202020202020203435302F
02-12-2022 17:45:55.542,412,RECV,7E0019812222520020202020202020202020202020202020203435312E
02-12-2022 17:45:56.051,413,RECV,7E0019812222530020202020202020202020202020202020203435322C
02-12-2022 17:45:56.551,414,RECV,7E0019812222520020202020202020202020202020202020203435332C
02-12-2022 17:45:58.062,415,RECV,7E00198122225200202020202020202020202020202020202034353629
02-12-2022 17:45:58.566,416,RECV,7E00198122225200202020202020202020202020202020202034353728
02-12-2022 17:45:59.071,417,RECV,7E00198122225100202020202020202020202020202020202034353828
02-12-2022 17:45:59.573,418,RECV,7E00198122225200202020202020202020202020202020202034353926
02-12-2022 17:46:00.076,419,RECV,7E0019812222520020202020202020202020202020202020203436302E
02-12-2022 17:46:00.576,420,RECV,7E0019812222520020202020202020202020202020202020203436312D
02-12-2022 17:46:01.080,421,RECV,7E0019812222530020202020202020202020202020202020203436322B
02-12-2022 17:46:01.582,422,RECV,7E0019812222520020202020202020202020202020202020203436332B
02-12-2022 17:46:02.085,423,RECV,7E0019812222510020202020202020202020202020202020203436342B
02-12-2022 17:46:03.093,424,RECV,7E00198122225300202020202020202020202020202020202034363627
02-12-2022 17:46:03.532,425,RECV,7E00198122225200202020202020202020202020202020202034363727
02-12-2022 17:46:04.096,426,RECV,7E00198122225200202020202020202020202020202020202034363826
02-12-2022 17:46:04.537,427,RECV,7E00198122225300202020202020202020202020202020202034363924
02-12-2022 17:46:05.042,428,RECV,7E0019812222520020202020202020202020202020202020203437302D
02-12-2022 17:46:05.540,429,RECV,7E0019812222520020202020202020202020202020202020203437312C
02-12-2022 17:46:06.046,430,RECV,7E0019812222520020202020202020202020202020202020203437322B
02-12-2022 17:46:06.548,431,RECV,7E0019812222520020202020202020202020202020202020203437332A
02-12-2022 17:46:07.049,432,RECV,7E00198122225200202020202020202020202020202020202034373429
02-12-2022 17:46:07.554,433,RECV,7E00198122225200202020202020202020202020202020202034373528
02-12-2022 17:46:08.054,434,RECV,7E00198122225200202020202020202020202020202020202034373627
02-12-2022 17:46:08.555,435,RECV,7E00198122225200202020202020202020202020202020202034373726
02-12-2022 17:46:09.057,436,RECV,7E00198122225200202020202020202020202020202020202034373825
02-12-2022 17:46:09.562,437,RECV,7E00198122225300202020202020202020202020202020202034373923
02-12-2022 17:46:10.066,438,RECV,7E0019812222520020202020202020202020202020202020203438302C
02-12-2022 17:46:10.565,439,RECV,7E0019812222520020202020202020202020202020202020203438312B
02-12-2022 17:46:11.072,440,RECV,7E00198122225300202020202020202020202020202020202034383229
02-12-2022 17:46:11.575,441,RECV,7E00198122225200202020202020202020202020202020202034383329
02-12-2022 17:46:12.082,442,RECV,7E00198122225200202020202020202020202020202020202034383428
02-12-2022 17:46:12.587,443,RECV,7E00198122225300202020202020202020202020202020202034383526
02-12-2022 17:46:13.091,444,RECV,7E00198122225300202020202020202020202020202020202034383625
02-12-2022 17:46:14.097,445,RECV,7E00198122225300202020202020202020202020202020202034383823
02-12-2022 17:46:14.599,446,RECV,7E00198122225200202020202020202020202020202020202034383923
02-12-2022 17:46:15.105,447,RECV,7E0019812222520020202020202020202020202020202020203439302B
02-12-2022 17:46:15.551,448,RECV,7E0019812222520020202020202020202020202020202020203439312A
02-12-2022 17:46:16.049,449,RECV,7E00198122225300202020202020202020202020202020202034393228
02-12-2022 17:46:16.554,450,RECV,7E00198122225100202020202020202020202020202020202034393329
02-12-2022 17:46:17.056,451,RECV,7E00198122225100202020202020202020202020202020202034393428
02-12-2022 17:46:17.562,452,RECV,7E00198122225100202020202020202020202020202020202034393527
02-12-2022 17:46:18.066,453,RECV,7E00198122225100202020202020202020202020202020202034393626
02-12-2022 17:46:18.568,454,RECV,7E00198122225200202020202020202020202020202020202034393724
02-12-2022 17:46:19.068,455,RECV,7E00198122225200202020202020202020202020202020202034393823
02-12-2022 17:46:19.571,456,RECV,7E00198122225200202020202020202020202020202020202034393922
02-12-2022 17:46:20.079,457,RECV,7E00198122225200202020202020202020202020202020202035303033
02-12-2022 17:46:20.585,458,RECV,7E00198122225300202020202020202020202020202020202035303131
02-12-2022 17:46:21.597,459,RECV,7E00198122225100202020202020202020202020202020202035303331
02-12-2022 17:46:22.102,460,RECV,7E0019812222530020202020202020202020202020202020203530342E
02-12-2022 17:46:22.605,461,RECV,7E0019812222520020202020202020202020202020202020203530352E
02-12-2022 17:46:23.044,462,RECV,7E0019812222530020202020202020202020202020202020203530362C
02-12-2022 17:46:23.610,463,RECV,7E0019812222520020202020202020202020202020202020203530372C
02-12-2022 17:46:24.053,464,RECV,7E0019812222520020202020202020202020202020202020203530382B
02-12-2022 17:46:24.554,465,RECV,7E00198122225300202020202020202020202020202020202035303929
02-12-2022 17:46:25.117,466,RECV,7E00198122225200202020202020202020202020202020202035313032
02-12-2022 17:46:25.554,467,RECV,7E00198122225200202020202020202020202020202020202035313131
02-12-2022 17:46:26.064,468,RECV,7E00198122225100202020202020202020202020202020202035313231
02-12-2022 17:46:26.569,469,RECV,7E0019812222520020202020202020202020202020202020203531332F
02-12-2022 17:46:27.070,470,RECV,7E0019812222530020202020202020202020202020202020203531342D
02-12-2022 17:46:27.570,471,RECV,7E0019812222520020202020202020202020202020202020203531352D
02-12-2022 17:46:28.070,472,RECV,7E0019812222530020202020202020202020202020202020203531362B
02-12-2022 17:46:28.570,473,RECV,7E0019812222520020202020202020202020202020202020203531372B
02-12-2022 17:46:29.071,474,RECV,7E0019812222520020202020202020202020202020202020203531382A
02-12-2022 17:46:29.571,475,RECV,7E00198122225300202020202020202020202020202020202035313928
02-12-2022 17:46:30.071,476,RECV,7E00198122225300202020202020202020202020202020202035323030
02-12-2022 17:46:30.570,477,RECV,7E00198122225200202020202020202020202020202020202035323130
02-12-2022 17:46:31.073,478,RECV,7E0019812222520020202020202020202020202020202020203532322F
02-12-2022 17:46:31.579,479,RECV,7E0019812222530020202020202020202020202020202020203532332D
02-12-2022 17:46:32.082,480,RECV,7E0019812222530020202020202020202020202020202020203532342C
02-12-2022 17:46:33.583,481,RECV,7E0019812222520020202020202020202020202020202020203532372A
02-12-2022 17:46:34.083,482,RECV,7E00198122225300202020202020202020202020202020202035323828
02-12-2022 17:46:34.586,483,RECV,7E00198122225200202020202020202020202020202020202035323928
02-12-2022 17:46:35.092,484,RECV,7E00198122225200202020202020202020202020202020202035333030
02-12-2022 17:46:35.596,485,RECV,7E00198122225100202020202020202020202020202020202035333130
02-12-2022 17:46:36.096,486,RECV,7E0019812222530020202020202020202020202020202020203533322D
02-12-2022 17:46:36.602,487,RECV,7E0019812222530020202020202020202020202020202020203533332C
02-12-2022 17:46:37.105,488,RECV,7E0019812222520020202020202020202020202020202020203533342C
02-12-2022 17:46:37.608,489,RECV,7E0019812222520020202020202020202020202020202020203533352B
02-12-2022 17:46:38.112,490,RECV,7E0019812222520020202020202020202020202020202020203533362A
02-12-2022 17:46:38.611,491,RECV,7E00198122225300202020202020202020202020202020202035333728
02-12-2022 17:46:39.112,492,RECV,7E00198122225200202020202020202020202020202020202035333828
02-12-2022 17:46:39.614,493,RECV,7E00198122225300202020202020202020202020202020202035333926
02-12-2022 17:46:40.135,494,RECV,7E0019812222530020202020202020202020202020202020203534302E
02-12-2022 17:46:40.561,495,RECV,7E0019812222510020202020202020202020202020202020203534312F
02-12-2022 17:46:41.124,496,RECV,7E0019812222530020202020202020202020202020202020203534322C
02-12-2022 17:46:41.630,497,RECV,7E0019812222520020202020202020202020202020202020203534332C
02-12-2022 17:46:42.075,498,RECV,7E0019812222520020202020202020202020202020202020203534342B
02-12-2022 17:46:42.578,499,RECV,7E00198122225300202020202020202020202020202020202035343529
02-12-2022 17:46:43.084,500,RECV,7E0019812222510020202020202020202020202020202020203534362A
02-12-2022 17:46:43.592,501,RECV,7E00198122225200202020202020202020202020202020202035343728
02-12-2022 17:46:44.092,502,RECV,7E00198122225300202020202020202020202020202020202035343826
02-12-2022 17:46:44.592,503,RECV,7E00198122225200202020202020202020202020202020202035343926
02-12-2022 17:46:45.094,504,RECV,7E0019812222520020202020202020202020202020202020203535302E
02-12-2022 17:46:45.600,505,RECV,7E0019812222520020202020202020202020202020202020203535312D
02-12-2022 17:46:46.103,506,RECV,7E0019812222530020202020202020202020202020202020203535322B
02-12-2022 17:46:46.607,507,RECV,7E0019812222520020202020202020202020202020202020203535332B
02-12-2022 17:46:47.111,508,RECV,7E00198122225300202020202020202020202020202020202035353429
02-12-2022 17:46:47.613,509,RECV,7E00198122225200202020202020202020202020202020202035353529
02-12-2022 17:46:48.116,510,RECV,7E00198122225100202020202020202020202020202020202035353629
02-12-2022 17:46:48.624,511,RECV,7E00198122225200202020202020202020202020202020202035353727
02-12-2022 17:46:49.125,512,RECV,7E00198122225300202020202020202020202020202020202035353825
02-12-2022 17:46:49.630,513,RECV,7E00198122225200202020202020202020202020202020202035353925
02-12-2022 17:46:50.133,514,RECV,7E0019812222520020202020202020202020202020202020203536302D
02-12-2022 17:46:50.636,515,RECV,7E0019812222530020202020202020202020202020202020203536312B
02-12-2022 17:46:51.586,516,RECV,7E0019812222520020202020202020202020202020202020203536332A
02-12-2022 17:46:52.086,517,RECV,7E0019812222510020202020202020202020202020202020203536342A
02-12-2022 17:46:52.587,518,RECV,7E00198122225200202020202020202020202020202020202035363528
02-12-2022 17:46:53.092,519,RECV,7E00198122225200202020202020202020202020202020202035363627
02-12-2022 17:46:53.594,520,RECV,7E00198122225300202020202020202020202020202020202035363725
02-12-2022 17:46:54.098,521,RECV,7E00198122225200202020202020202020202020202020202035363825
02-12-2022 17:46:54.598,522,RECV,7E00198122225200202020202020202020202020202020202035363924
02-12-2022 17:46:55.094,523,RECV,7E0019812222520020202020202020202020202020202020203537302C
02-12-2022 17:46:55.594,524,RECV,7E0019812222510020202020202020202020202020202020203537312C
02-12-2022 17:46:56.100,525,RECV,7E00198122225300202020202020202020202020202020202035373229
02-12-2022 17:46:56.606,526,RECV,7E00198122225200202020202020202020202020202020202035373329
02-12-2022 17:46:57.118,527,RECV,7E00198122225200202020202020202020202020202020202035373428
02-12-2022 17:46:57.622,528,RECV,7E00198122225200202020202020202020202020202020202035373527
02-12-2022 17:46:58.126,529,RECV,7E00198122225200202020202020202020202020202020202035373626
02-12-2022 17:46:58.631,530,RECV,7E00198122225300202020202020202020202020202020202035373724
02-12-2022 17:46:59.135,531,RECV,7E00198122225200202020202020202020202020202020202035373824
02-12-2022 17:46:59.636,532,RECV,7E00198122225200202020202020202020202020202020202035373923
02-12-2022 17:47:00.079,533,RECV,7E0019812222520020202020202020202020202020202020203538302B
02-12-2022 17:47:00.583,534,RECV,7E0019812222520020202020202020202020202020202020203538312A
02-12-2022 17:47:01.085,535,RECV,7E00198122225200202020202020202020202020202020202035383229
02-12-2022 17:47:01.589,536,RECV,7E00198122225200202020202020202020202020202020202035383328
02-12-2022 17:47:02.096,537,RECV,7E00198122225100202020202020202020202020202020202035383428
02-12-2022 17:47:02.594,538,RECV,7E00198122225300202020202020202020202020202020202035383525
02-12-2022 17:47:03.098,539,RECV,7E00198122225300202020202020202020202020202020202035383624
02-12-2022 17:47:03.598,540,RECV,7E00198122225300202020202020202020202020202020202035383723
02-12-2022 17:47:04.101,541,RECV,7E00198122225300202020202020202020202020202020202035383822
02-12-2022 17:47:04.604,542,RECV,7E00198122225200202020202020202020202020202020202035383922
02-12-2022 17:47:05.109,543,RECV,7E00198122225300202020202020202020202020202020202035393029
02-12-2022 17:47:05.614,544,RECV,7E00198122225200202020202020202020202020202020202035393129
02-12-2022 17:47:06.118,545,RECV,7E00198122225300202020202020202020202020202020202035393227
02-12-2022 17:47:06.623,546,RECV,7E00198122225200202020202020202020202020202020202035393327
02-12-2022 17:47:07.129,547,RECV,7E00198122225200202020202020202020202020202020202035393426
02-12-2022 17:47:07.631,548,RECV,7E00198122225300202020202020202020202020202020202035393524
02-12-2022 17:47:08.135,549,RECV,7E00198122225100202020202020202020202020202020202035393625
02-12-2022 17:47:08.638,550,RECV,7E00198122225300202020202020202020202020202020202035393722
02-12-2022 17:47:09.139,551,RECV,7E00198122225200202020202020202020202020202020202035393822
02-12-2022 17:47:09.642,552,RECV,7E00198122225200202020202020202020202020202020202035393921
02-12-2022 17:47:10.147,553,RECV,7E00198122225300202020202020202020202020202020202036303031
02-12-2022 17:47:10.588,554,RECV,7E00198122225200202020202020202020202020202020202036303131
02-12-2022 17:47:11.154,555,RECV,7E00198122225200202020202020202020202020202020202036303230
02-12-2022 17:47:11.596,556,RECV,7E0019812222530020202020202020202020202020202020203630332E
02-12-2022 17:47:12.102,557,RECV,7E0019812222520020202020202020202020202020202020203630342E
02-12-2022 17:47:12.604,558,RECV,7E0019812222520020202020202020202020202020202020203630352D
02-12-2022 17:47:13.614,559,RECV,7E0019812222520020202020202020202020202020202020203630372B
02-12-2022 17:47:14.114,560,RECV,7E0019812222520020202020202020202020202020202020203630382A
02-12-2022 17:47:14.614,561,RECV,7E00198122225200202020202020202020202020202020202036303929
02-12-2022 17:47:15.120,562,RECV,7E00198122225300202020202020202020202020202020202036313030
02-12-2022 17:47:15.623,563,RECV,7E00198122225200202020202020202020202020202020202036313130
02-12-2022 17:47:16.130,564,RECV,7E0019812222530020202020202020202020202020202020203631322E
02-12-2022 17:47:16.637,565,RECV,7E0019812222520020202020202020202020202020202020203631332E
02-12-2022 17:47:17.139,566,RECV,7E0019812222520020202020202020202020202020202020203631342D
02-12-2022 17:47:17.640,567,RECV,7E0019812222520020202020202020202020202020202020203631352C
02-12-2022 17:47:18.144,568,RECV,7E0019812222520020202020202020202020202020202020203631362B
02-12-2022 17:47:18.647,569,RECV,7E00198122225300202020202020202020202020202020202036313729
02-12-2022 17:47:19.150,570,RECV,7E00198122225200202020202020202020202020202020202036313829
02-12-2022 17:47:19.654,571,RECV,7E00198122225300202020202020202020202020202020202036313927
02-12-2022 17:47:20.093,572,RECV,7E0019812222530020202020202020202020202020202020203632302F
02-12-2022 17:47:20.656,573,RECV,7E0019812222530020202020202020202020202020202020203632312E
02-12-2022 17:47:21.099,574,RECV,7E0019812222520020202020202020202020202020202020203632322E
02-12-2022 17:47:22.108,575,RECV,7E0019812222520020202020202020202020202020202020203632342C
02-12-2022 17:47:22.614,576,RECV,7E0019812222530020202020202020202020202020202020203632352A
02-12-2022 17:47:23.620,577,RECV,7E00198122225300202020202020202020202020202020202036323728
02-12-2022 17:47:24.120,578,RECV,7E00198122225200202020202020202020202020202020202036323828
02-12-2022 17:47:24.621,579,RECV,7E00198122225300202020202020202020202020202020202036323926
02-12-2022 17:47:25.120,580,RECV,7E0019812222530020202020202020202020202020202020203633302E
02-12-2022 17:47:25.623,581,RECV,7E0019812222520020202020202020202020202020202020203633312E
02-12-2022 17:47:26.127,582,RECV,7E0019812222530020202020202020202020202020202020203633322C
02-12-2022 17:47:27.633,583,RECV,7E00198122225300202020202020202020202020202020202036333529
02-12-2022 17:47:28.134,584,RECV,7E00198122225200202020202020202020202020202020202036333629
02-12-2022 17:47:28.644,585,RECV,7E00198122225100202020202020202020202020202020202036333729
02-12-2022 17:47:29.147,586,RECV,7E00198122225300202020202020202020202020202020202036333826
02-12-2022 17:47:29.650,587,RECV,7E00198122225300202020202020202020202020202020202036333925
02-12-2022 17:47:30.149,588,RECV,7E0019812222530020202020202020202020202020202020203634302D
02-12-2022 17:47:30.653,589,RECV,7E0019812222520020202020202020202020202020202020203634312D
02-12-2022 17:47:31.155,590,RECV,7E0019812222530020202020202020202020202020202020203634322B
02-12-2022 17:47:31.661,591,RECV,7E0019812222530020202020202020202020202020202020203634332A
02-12-2022 17:47:32.162,592,RECV,7E0019812222520020202020202020202020202020202020203634342A
02-12-2022 17:47:32.606,593,RECV,7E00198122225300202020202020202020202020202020202036343528
02-12-2022 17:47:33.111,594,RECV,7E00198122225200202020202020202020202020202020202036343628
02-12-2022 17:47:34.121,595,RECV,7E00198122225200202020202020202020202020202020202036343826
02-12-2022 17:47:34.628,596,RECV,7E00198122225200202020202020202020202020202020202036343925
02-12-2022 17:47:35.132,597,RECV,7E0019812222520020202020202020202020202020202020203635302D
02-12-2022 17:47:35.638,598,RECV,7E0019812222530020202020202020202020202020202020203635312B
02-12-2022 17:47:36.141,599,RECV,7E0019812222530020202020202020202020202020202020203635322A
02-12-2022 17:47:36.647,600,RECV,7E0019812222520020202020202020202020202020202020203635332A
02-12-2022 17:47:37.155,601,RECV,7E00198122225300202020202020202020202020202020202036353428
02-12-2022 17:47:37.660,602,RECV,7E00198122225300202020202020202020202020202020202036353527
02-12-2022 17:47:38.165,603,RECV,7E00198122225200202020202020202020202020202020202036353627
02-12-2022 17:47:39.170,604,RECV,7E00198122225200202020202020202020202020202020202036353825
02-12-2022 17:47:39.670,605,RECV,7E00198122225300202020202020202020202020202020202036353923
02-12-2022 17:47:40.171,606,RECV,7E0019812222520020202020202020202020202020202020203636302C
02-12-2022 17:47:40.672,607,RECV,7E0019812222520020202020202020202020202020202020203636312B
02-12-2022 17:47:41.114,608,RECV,7E0019812222510020202020202020202020202020202020203636322B
02-12-2022 17:47:41.679,609,RECV,7E00198122225300202020202020202020202020202020202036363328
02-12-2022 17:47:42.120,610,RECV,7E00198122225300202020202020202020202020202020202036363427
02-12-2022 17:47:42.619,611,RECV,7E00198122225200202020202020202020202020202020202036363527
02-12-2022 17:47:43.129,612,RECV,7E00198122225200202020202020202020202020202020202036363626
02-12-2022 17:47:43.632,613,RECV,7E00198122225200202020202020202020202020202020202036363725
02-12-2022 17:47:44.141,614,RECV,7E00198122225300202020202020202020202020202020202036363823
02-12-2022 17:47:45.139,615,RECV,7E0019812222530020202020202020202020202020202020203637302A
02-12-2022 17:47:45.640,616,RECV,7E0019812222510020202020202020202020202020202020203637312B
02-12-2022 17:47:46.142,617,RECV,7E00198122225300202020202020202020202020202020202036373228
02-12-2022 17:47:46.642,618,RECV,7E00198122225300202020202020202020202020202020202036373327
02-12-2022 17:47:47.143,619,RECV,7E00198122225300202020202020202020202020202020202036373426
02-12-2022 17:47:47.648,620,RECV,7E00198122225200202020202020202020202020202020202036373526
02-12-2022 17:47:48.152,621,RECV,7E00198122225200202020202020202020202020202020202036373625
02-12-2022 17:47:48.658,622,RECV,7E00198122225200202020202020202020202020202020202036373724
02-12-2022 17:47:49.166,623,RECV,7E00198122225300202020202020202020202020202020202036373822
02-12-2022 17:47:49.672,624,RECV,7E00198122225200202020202020202020202020202020202036373922
02-12-2022 17:47:50.175,625,RECV,7E00198122225300202020202020202020202020202020202036383029
02-12-2022 17:47:50.677,626,RECV,7E00198122225200202020202020202020202020202020202036383129
02-12-2022 17:47:51.178,627,RECV,7E00198122225300202020202020202020202020202020202036383227
02-12-2022 17:47:51.620,628,RECV,7E00198122225300202020202020202020202020202020202036383326
02-12-2022 17:47:52.124,629,RECV,7E00198122225200202020202020202020202020202020202036383426
02-12-2022 17:47:52.632,630,RECV,7E00198122225300202020202020202020202020202020202036383524
02-12-2022 17:47:53.137,631,RECV,7E00198122225200202020202020202020202020202020202036383624
02-12-2022 17:47:53.643,632,RECV,7E00198122225300202020202020202020202020202020202036383722
02-12-2022 17:47:54.147,633,RECV,7E00198122225200202020202020202020202020202020202036383822
02-12-2022 17:47:54.650,634,RECV,7E00198122225200202020202020202020202020202020202036383921
02-12-2022 17:47:55.646,635,RECV,7E00198122225200202020202020202020202020202020202036393128
02-12-2022 17:47:56.150,636,RECV,7E00198122225300202020202020202020202020202020202036393226
02-12-2022 17:47:57.154,637,RECV,7E00198122225200202020202020202020202020202020202036393425
02-12-2022 17:47:57.657,638,RECV,7E00198122225300202020202020202020202020202020202036393523
02-12-2022 17:47:58.163,639,RECV,7E00198122225300202020202020202020202020202020202036393622
02-12-2022 17:47:58.667,640,RECV,7E00198122225200202020202020202020202020202020202036393722
02-12-2022 17:47:59.173,641,RECV,7E00198122225200202020202020202020202020202020202036393821
02-12-2022 17:47:59.671,642,RECV,7E00198122225100202020202020202020202020202020202036393921
02-12-2022 17:48:00.178,643,RECV,7E00198122225300202020202020202020202020202020202037303030
02-12-2022 17:48:00.682,644,RECV,7E00198122225200202020202020202020202020202020202037303130
02-12-2022 17:48:01.121,645,RECV,7E0019812222520020202020202020202020202020202020203730322F
02-12-2022 17:48:01.684,646,RECV,7E0019812222510020202020202020202020202020202020203730332F
02-12-2022 17:48:02.184,647,RECV,7E0019812222530020202020202020202020202020202020203730342C
02-12-2022 17:48:02.686,648,RECV,7E0019812222530020202020202020202020202020202020203730352B
02-12-2022 17:48:03.192,649,RECV,7E0019812222520020202020202020202020202020202020203730362B
02-12-2022 17:48:03.693,650,RECV,7E00198122225300202020202020202020202020202020202037303729
02-12-2022 17:48:04.194,651,RECV,7E0019812222510020202020202020202020202020202020203730382A
02-12-2022 17:48:04.635,652,RECV,7E00198122225200202020202020202020202020202020202037303928
02-12-2022 17:48:05.142,653,RECV,7E0019812222530020202020202020202020202020202020203731302F
02-12-2022 17:48:05.641,654,RECV,7E0019812222520020202020202020202020202020202020203731312F
02-12-2022 17:48:06.145,655,RECV,7E0019812222530020202020202020202020202020202020203731322D
02-12-2022 17:48:06.648,656,RECV,7E0019812222510020202020202020202020202020202020203731332E
02-12-2022 17:48:07.150,657,RECV,7E0019812222510020202020202020202020202020202020203731342D
02-12-2022 17:48:07.655,658,RECV,7E0019812222520020202020202020202020202020202020203731352B
02-12-2022 17:48:08.157,659,RECV,7E0019812222520020202020202020202020202020202020203731362A
02-12-2022 17:48:08.661,660,RECV,7E00198122225200202020202020202020202020202020202037313729
02-12-2022 17:48:09.670,661,RECV,7E00198122225200202020202020202020202020202020202037313927
02-12-2022 17:48:10.176,662,RECV,7E00198122225100202020202020202020202020202020202037323030
02-12-2022 17:48:10.677,663,RECV,7E0019812222520020202020202020202020202020202020203732312E
02-12-2022 17:48:11.179,664,RECV,7E0019812222520020202020202020202020202020202020203732322D
02-12-2022 17:48:11.683,665,RECV,7E0019812222520020202020202020202020202020202020203732332C
02-12-2022 17:48:12.184,666,RECV,7E0019812222530020202020202020202020202020202020203732342A
02-12-2022 17:48:12.688,667,RECV,7E0019812222520020202020202020202020202020202020203732352A
02-12-2022 17:48:13.190,668,RECV,7E00198122225200202020202020202020202020202020202037323629
02-12-2022 17:48:13.692,669,RECV,7E00198122225300202020202020202020202020202020202037323727
02-12-2022 17:48:14.193,670,RECV,7E00198122225300202020202020202020202020202020202037323826
02-12-2022 17:48:14.699,671,RECV,7E00198122225200202020202020202020202020202020202037323926
02-12-2022 17:48:15.653,672,RECV,7E0019812222530020202020202020202020202020202020203733312C
02-12-2022 17:48:16.203,673,RECV,7E0019812222520020202020202020202020202020202020203733322C
02-12-2022 17:48:16.643,674,RECV,7E0019812222530020202020202020202020202020202020203733332A
02-12-2022 17:48:17.162,675,RECV,7E0019812222520020202020202020202020202020202020203733342A
02-12-2022 17:48:17.654,676,RECV,7E00198122225200202020202020202020202020202020202037333529
02-12-2022 17:48:18.157,677,RECV,7E00198122225200202020202020202020202020202020202037333628
02-12-2022 17:48:18.661,678,RECV,7E00198122225200202020202020202020202020202020202037333727
02-12-2022 17:48:19.161,679,RECV,7E00198122225100202020202020202020202020202020202037333827
02-12-2022 17:48:19.661,680,RECV,7E00198122225200202020202020202020202020202020202037333925
02-12-2022 17:48:20.159,681,RECV,7E0019812222510020202020202020202020202020202020203734302E
02-12-2022 17:48:20.659,682,RECV,7E0019812222530020202020202020202020202020202020203734312B
02-12-2022 17:48:21.161,683,RECV,7E0019812222520020202020202020202020202020202020203734322B
02-12-2022 17:48:21.659,684,RECV,7E0019812222520020202020202020202020202020202020203734332A
02-12-2022 17:48:22.159,685,RECV,7E00198122225200202020202020202020202020202020202037343429
02-12-2022 17:48:22.657,686,RECV,7E00198122225300202020202020202020202020202020202037343527
02-12-2022 17:48:23.157,687,RECV,7E00198122225200202020202020202020202020202020202037343627
02-12-2022 17:48:23.656,688,RECV,7E00198122225100202020202020202020202020202020202037343727
02-12-2022 17:48:24.155,689,RECV,7E00198122225200202020202020202020202020202020202037343825
02-12-2022 17:48:24.662,690,RECV,7E00198122225300202020202020202020202020202020202037343923
02-12-2022 17:48:25.168,691,RECV,7E0019812222510020202020202020202020202020202020203735302D
02-12-2022 17:48:25.673,692,RECV,7E0019812222520020202020202020202020202020202020203735312B
02-12-2022 17:48:26.175,693,RECV,7E0019812222520020202020202020202020202020202020203735322A
02-12-2022 17:48:26.677,694,RECV,7E00198122225200202020202020202020202020202020202037353329
02-12-2022 17:48:27.180,695,RECV,7E00198122225200202020202020202020202020202020202037353428
02-12-2022 17:48:27.684,696,RECV,7E00198122225200202020202020202020202020202020202037353527
02-12-2022 17:48:28.189,697,RECV,7E00198122225300202020202020202020202020202020202037353625
02-12-2022 17:48:28.691,698,RECV,7E00198122225200202020202020202020202020202020202037353725
02-12-2022 17:48:29.189,699,RECV,7E00198122225300202020202020202020202020202020202037353823
02-12-2022 17:48:29.692,700,RECV,7E00198122225100202020202020202020202020202020202037353924
02-12-2022 17:48:30.195,701,RECV,7E0019812222530020202020202020202020202020202020203736302A
02-12-2022 17:48:30.695,702,RECV,7E0019812222510020202020202020202020202020202020203736312B
02-12-2022 17:48:31.201,703,RECV,7E00198122225200202020202020202020202020202020202037363229
02-12-2022 17:48:31.702,704,RECV,7E00198122225200202020202020202020202020202020202037363328
02-12-2022 17:48:32.204,705,RECV,7E00198122225300202020202020202020202020202020202037363426
02-12-2022 17:48:33.214,706,RECV,7E00198122225200202020202020202020202020202020202037363625
02-12-2022 17:48:33.659,707,RECV,7E00198122225200202020202020202020202020202020202037363724
02-12-2022 17:48:34.167,708,RECV,7E00198122225300202020202020202020202020202020202037363822
02-12-2022 17:48:34.666,709,RECV,7E00198122225200202020202020202020202020202020202037363922
02-12-2022 17:48:35.162,710,RECV,7E0019812222520020202020202020202020202020202020203737302A
02-12-2022 17:48:35.665,711,RECV,7E00198122225200202020202020202020202020202020202037373129
02-12-2022 17:48:36.167,712,RECV,7E00198122225200202020202020202020202020202020202037373228
02-12-2022 17:48:36.670,713,RECV,7E00198122225100202020202020202020202020202020202037373328
02-12-2022 17:48:37.176,714,RECV,7E00198122225200202020202020202020202020202020202037373426
02-12-2022 17:48:37.682,715,RECV,7E00198122225200202020202020202020202020202020202037373525
02-12-2022 17:48:38.187,716,RECV,7E00198122225200202020202020202020202020202020202037373624
02-12-2022 17:48:38.692,717,RECV,7E00198122225200202020202020202020202020202020202037373723
02-12-2022 17:48:39.195,718,RECV,7E00198122225300202020202020202020202020202020202037373821
02-12-2022 17:48:39.701,719,RECV,7E00198122225300202020202020202020202020202020202037373920
02-12-2022 17:48:40.206,720,RECV,7E0019812222510020202020202020202020202020202020203738302A
02-12-2022 17:48:40.709,721,RECV,7E00198122225300202020202020202020202020202020202037383127
02-12-2022 17:48:41.214,722,RECV,7E00198122225200202020202020202020202020202020202037383227
02-12-2022 17:48:41.716,723,RECV,7E00198122225300202020202020202020202020202020202037383325
02-12-2022 17:48:42.219,724,RECV,7E00198122225300202020202020202020202020202020202037383424
02-12-2022 17:48:42.724,725,RECV,7E00198122225200202020202020202020202020202020202037383524
02-12-2022 17:48:43.165,726,RECV,7E00198122225300202020202020202020202020202020202037383622
02-12-2022 17:48:43.669,727,RECV,7E00198122225200202020202020202020202020202020202037383722
02-12-2022 17:48:44.672,728,RECV,7E00198122225200202020202020202020202020202020202037383920
02-12-2022 17:48:45.177,729,RECV,7E00198122225300202020202020202020202020202020202037393027
02-12-2022 17:48:45.681,730,RECV,7E00198122225200202020202020202020202020202020202037393127
02-12-2022 17:48:46.183,731,RECV,7E00198122225200202020202020202020202020202020202037393226
02-12-2022 17:48:46.688,732,RECV,7E00198122225300202020202020202020202020202020202037393324
02-12-2022 17:48:47.188,733,RECV,7E00198122225300202020202020202020202020202020202037393423
02-12-2022 17:48:47.688,734,RECV,7E00198122225200202020202020202020202020202020202037393523
02-12-2022 17:48:48.187,735,RECV,7E00198122225300202020202020202020202020202020202037393621
02-12-2022 17:48:48.690,736,RECV,7E00198122225200202020202020202020202020202020202037393721
02-12-2022 17:48:49.198,737,RECV,7E00198122225200202020202020202020202020202020202037393820
02-12-2022 17:48:49.705,738,RECV,7E0019812222520020202020202020202020202020202020203739391F
02-12-2022 17:48:50.207,739,RECV,7E0019812222530020202020202020202020202020202020203830302F
02-12-2022 17:48:51.209,740,RECV,7E0019812222520020202020202020202020202020202020203830322E
02-12-2022 17:48:51.708,741,RECV,7E0019812222520020202020202020202020202020202020203830332D
02-12-2022 17:48:52.209,742,RECV,7E0019812222520020202020202020202020202020202020203830342C
02-12-2022 17:48:52.711,743,RECV,7E0019812222510020202020202020202020202020202020203830352C
02-12-2022 17:48:53.215,744,RECV,7E0019812222520020202020202020202020202020202020203830362A
02-12-2022 17:48:53.718,745,RECV,7E0019812222510020202020202020202020202020202020203830372A
02-12-2022 17:48:54.221,746,RECV,7E00198122225200202020202020202020202020202020202038303828
02-12-2022 17:48:54.725,747,RECV,7E00198122225300202020202020202020202020202020202038303926
02-12-2022 17:48:55.227,748,RECV,7E0019812222530020202020202020202020202020202020203831302E
02-12-2022 17:48:55.733,749,RECV,7E0019812222520020202020202020202020202020202020203831312E
02-12-2022 17:48:56.188,750,RECV,7E0019812222510020202020202020202020202020202020203831322E
02-12-2022 17:48:56.739,751,RECV,7E0019812222530020202020202020202020202020202020203831332B
02-12-2022 17:48:57.176,752,RECV,7E0019812222510020202020202020202020202020202020203831342C
02-12-2022 17:48:57.677,753,RECV,7E0019812222520020202020202020202020202020202020203831352A
02-12-2022 17:48:58.243,754,RECV,7E00198122225200202020202020202020202020202020202038313629
02-12-2022 17:48:58.684,755,RECV,7E00198122225300202020202020202020202020202020202038313727
02-12-2022 17:48:59.202,756,RECV,7E00198122225200202020202020202020202020202020202038313827
02-12-2022 17:48:59.689,757,RECV,7E00198122225300202020202020202020202020202020202038313925
02-12-2022 17:49:00.198,758,RECV,7E0019812222530020202020202020202020202020202020203832302D
02-12-2022 17:49:00.703,759,RECV,7E0019812222530020202020202020202020202020202020203832312C
02-12-2022 17:49:01.207,760,RECV,7E0019812222530020202020202020202020202020202020203832322B
02-12-2022 17:49:01.709,761,RECV,7E0019812222520020202020202020202020202020202020203832332B
02-12-2022 17:49:02.211,762,RECV,7E0019812222510020202020202020202020202020202020203832342B
02-12-2022 17:49:02.716,763,RECV,7E00198122225200202020202020202020202020202020202038323529
02-12-2022 17:49:03.223,764,RECV,7E00198122225300202020202020202020202020202020202038323627
02-12-2022 17:49:03.725,765,RECV,7E00198122225300202020202020202020202020202020202038323726
02-12-2022 17:49:04.230,766,RECV,7E00198122225300202020202020202020202020202020202038323825
02-12-2022 17:49:04.736,767,RECV,7E00198122225300202020202020202020202020202020202038323924
02-12-2022 17:49:05.234,768,RECV,7E0019812222510020202020202020202020202020202020203833302E
02-12-2022 17:49:05.741,769,RECV,7E0019812222520020202020202020202020202020202020203833312C
02-12-2022 17:49:06.691,770,RECV,7E0019812222520020202020202020202020202020202020203833332A
02-12-2022 17:49:07.194,771,RECV,7E00198122225300202020202020202020202020202020202038333428
02-12-2022 17:49:07.695,772,RECV,7E00198122225300202020202020202020202020202020202038333527
02-12-2022 17:49:08.199,773,RECV,7E00198122225200202020202020202020202020202020202038333627
02-12-2022 17:49:08.704,774,RECV,7E00198122225300202020202020202020202020202020202038333725
02-12-2022 17:49:09.209,775,RECV,7E00198122225200202020202020202020202020202020202038333825
02-12-2022 17:49:09.716,776,RECV,7E00198122225300202020202020202020202020202020202038333923
02-12-2022 17:49:10.216,777,RECV,7E0019812222510020202020202020202020202020202020203834302D
02-12-2022 17:49:10.720,778,RECV,7E0019812222530020202020202020202020202020202020203834312A
02-12-2022 17:49:11.225,779,RECV,7E0019812222520020202020202020202020202020202020203834322A
02-12-2022 17:49:12.231,780,RECV,7E00198122225200202020202020202020202020202020202038343428
02-12-2022 17:49:12.736,781,RECV,7E00198122225300202020202020202020202020202020202038343526
02-12-2022 17:49:13.744,782,RECV,7E00198122225100202020202020202020202020202020202038343726
02-12-2022 17:49:14.246,783,RECV,7E00198122225300202020202020202020202020202020202038343823
02-12-2022 17:49:14.750,784,RECV,7E00198122225200202020202020202020202020202020202038343923
02-12-2022 17:49:15.188,785,RECV,7E0019812222530020202020202020202020202020202020203835302A
02-12-2022 17:49:15.690,786,RECV,7E00198122225300202020202020202020202020202020202038353129
02-12-2022 17:49:16.256,787,RECV,7E00198122225200202020202020202020202020202020202038353229
02-12-2022 17:49:16.699,788,RECV,7E00198122225200202020202020202020202020202020202038353328
02-12-2022 17:49:17.703,789,RECV,7E00198122225200202020202020202020202020202020202038353526
02-12-2022 17:49:18.201,790,RECV,7E00198122225200202020202020202020202020202020202038353625
02-12-2022 17:49:18.704,791,RECV,7E00198122225300202020202020202020202020202020202038353723
02-12-2022 17:49:19.207,792,RECV,7E00198122225100202020202020202020202020202020202038353824
02-12-2022 17:49:19.713,793,RECV,7E00198122225200202020202020202020202020202020202038353922
02-12-2022 17:49:20.220,794,RECV,7E0019812222520020202020202020202020202020202020203836302A
02-12-2022 17:49:20.724,795,RECV,7E00198122225300202020202020202020202020202020202038363128
02-12-2022 17:49:21.228,796,RECV,7E00198122225300202020202020202020202020202020202038363227
02-12-2022 17:49:21.733,797,RECV,7E00198122225300202020202020202020202020202020202038363326
02-12-2022 17:49:22.233,798,RECV,7E00198122225300202020202020202020202020202020202038363425
02-12-2022 17:49:22.738,799,RECV,7E00198122225200202020202020202020202020202020202038363525
02-12-2022 17:49:23.241,800,RECV,7E00198122225300202020202020202020202020202020202038363623
02-12-2022 17:49:23.748,801,RECV,7E00198122225300202020202020202020202020202020202038363722
02-12-2022 17:49:24.251,802,RECV,7E00198122225200202020202020202020202020202020202038363822
02-12-2022 17:49:24.695,803,RECV,7E00198122225200202020202020202020202020202020202038363921
02-12-2022 17:49:25.201,804,RECV,7E00198122225200202020202020202020202020202020202038373029
02-12-2022 17:49:25.705,805,RECV,7E00198122225200202020202020202020202020202020202038373128
02-12-2022 17:49:26.708,806,RECV,7E00198122225200202020202020202020202020202020202038373326
02-12-2022 17:49:27.210,807,RECV,7E00198122225100202020202020202020202020202020202038373426
02-12-2022 17:49:27.713,808,RECV,7E00198122225200202020202020202020202020202020202038373524
02-12-2022 17:49:28.214,809,RECV,7E00198122225300202020202020202020202020202020202038373622
02-12-2022 17:49:28.716,810,RECV,7E00198122225300202020202020202020202020202020202038373721
02-12-2022 17:49:29.219,811,RECV,7E00198122225200202020202020202020202020202020202038373821
02-12-2022 17:49:29.721,812,RECV,7E00198122225200202020202020202020202020202020202038373920
02-12-2022 17:49:30.221,813,RECV,7E00198122225300202020202020202020202020202020202038383027
02-12-2022 17:49:30.727,814,RECV,7E00198122225300202020202020202020202020202020202038383126
02-12-2022 17:49:31.231,815,RECV,7E00198122225300202020202020202020202020202020202038383225
02-12-2022 17:49:31.735,816,RECV,7E00198122225200202020202020202020202020202020202038383325
02-12-2022 17:49:32.238,817,RECV,7E00198122225200202020202020202020202020202020202038383424
02-12-2022 17:49:33.240,818,RECV,7E00198122225300202020202020202020202020202020202038383621
02-12-2022 17:49:33.744,819,RECV,7E00198122225200202020202020202020202020202020202038383721
02-12-2022 17:49:34.251,820,RECV,7E00198122225200202020202020202020202020202020202038383820
02-12-2022 17:49:34.753,821,RECV,7E00198122225000202020202020202020202020202020202038383921
02-12-2022 17:49:35.256,822,RECV,7E00198122225200202020202020202020202020202020202038393027
02-12-2022 17:49:35.758,823,RECV,7E00198122225300202020202020202020202020202020202038393125
02-12-2022 17:49:36.265,824,RECV,7E00198122225200202020202020202020202020202020202038393225
02-12-2022 17:49:36.708,825,RECV,7E00198122225100202020202020202020202020202020202038393325
02-12-2022 17:49:37.214,826,RECV,7E00198122225200202020202020202020202020202020202038393423
02-12-2022 17:49:37.719,827,RECV,7E00198122225200202020202020202020202020202020202038393522
02-12-2022 17:49:39.239,828,RECV,7E0019812222530020202020202020202020202020202020203839381E
02-12-2022 17:49:39.739,829,RECV,7E0019812222520020202020202020202020202020202020203839391E
02-12-2022 17:49:40.242,830,RECV,7E00198122225100202020202020202020202020202020202039303030
02-12-2022 17:49:40.747,831,RECV,7E0019812222520020202020202020202020202020202020203930312E
02-12-2022 17:49:41.245,832,RECV,7E0019812222520020202020202020202020202020202020203930322D
02-12-2022 17:49:41.750,833,RECV,7E0019812222530020202020202020202020202020202020203930332B
02-12-2022 17:49:42.253,834,RECV,7E0019812222520020202020202020202020202020202020203930342B
02-12-2022 17:49:42.758,835,RECV,7E0019812222520020202020202020202020202020202020203930352A
02-12-2022 17:49:43.257,836,RECV,7E00198122225300202020202020202020202020202020202039303628
02-12-2022 17:49:43.765,837,RECV,7E00198122225200202020202020202020202020202020202039303728
02-12-2022 17:49:44.263,838,RECV,7E00198122225200202020202020202020202020202020202039303827
02-12-2022 17:49:44.766,839,RECV,7E00198122225100202020202020202020202020202020202039303927
02-12-2022 17:49:45.272,840,RECV,7E0019812222520020202020202020202020202020202020203931302E
02-12-2022 17:49:45.771,841,RECV,7E0019812222510020202020202020202020202020202020203931312E
02-12-2022 17:49:46.276,842,RECV,7E0019812222520020202020202020202020202020202020203931322C
02-12-2022 17:49:46.717,843,RECV,7E0019812222520020202020202020202020202020202020203931332B
02-12-2022 17:49:47.218,844,RECV,7E00198122225300202020202020202020202020202020202039313429
02-12-2022 17:49:47.726,845,RECV,7E00198122225200202020202020202020202020202020202039313529
02-12-2022 17:49:48.229,846,RECV,7E00198122225300202020202020202020202020202020202039313627
02-12-2022 17:49:48.731,847,RECV,7E00198122225200202020202020202020202020202020202039313727
02-12-2022 17:49:49.233,848,RECV,7E00198122225200202020202020202020202020202020202039313826
02-12-2022 17:49:49.731,849,RECV,7E00198122225300202020202020202020202020202020202039313924
02-12-2022 17:49:50.235,850,RECV,7E0019812222520020202020202020202020202020202020203932302D
02-12-2022 17:49:50.741,851,RECV,7E0019812222530020202020202020202020202020202020203932312B
02-12-2022 17:49:51.247,852,RECV,7E0019812222530020202020202020202020202020202020203932322A
02-12-2022 17:49:51.752,853,RECV,7E0019812222510020202020202020202020202020202020203932332B
02-12-2022 17:49:52.256,854,RECV,7E00198122225300202020202020202020202020202020202039323428
02-12-2022 17:49:52.758,855,RECV,7E00198122225300202020202020202020202020202020202039323527
02-12-2022 17:49:53.266,856,RECV,7E00198122225200202020202020202020202020202020202039323627
02-12-2022 17:49:53.770,857,RECV,7E00198122225200202020202020202020202020202020202039323726
02-12-2022 17:49:54.274,858,RECV,7E00198122225300202020202020202020202020202020202039323824
02-12-2022 17:49:54.716,859,RECV,7E00198122225100202020202020202020202020202020202039323925
02-12-2022 17:49:55.285,860,RECV,7E0019812222530020202020202020202020202020202020203933302B
02-12-2022 17:49:57.235,861,RECV,7E00198122225300202020202020202020202020202020202039333427
02-12-2022 17:49:57.732,862,RECV,7E00198122225200202020202020202020202020202020202039333527
02-12-2022 17:49:58.231,863,RECV,7E00198122225300202020202020202020202020202020202039333625
02-12-2022 17:49:58.733,864,RECV,7E00198122225200202020202020202020202020202020202039333725
02-12-2022 17:49:59.231,865,RECV,7E00198122225200202020202020202020202020202020202039333824
02-12-2022 17:49:59.730,866,RECV,7E00198122225200202020202020202020202020202020202039333923
02-12-2022 17:50:00.233,867,RECV,7E0019812222530020202020202020202020202020202020203934302A
02-12-2022 17:50:00.736,868,RECV,7E00198122225300202020202020202020202020202020202039343129
02-12-2022 17:50:01.301,869,RECV,7E00198122225200202020202020202020202020202020202039343229
02-12-2022 17:50:01.740,870,RECV,7E00198122225300202020202020202020202020202020202039343327
02-12-2022 17:50:02.247,871,RECV,7E00198122225300202020202020202020202020202020202039343426
02-12-2022 17:50:02.754,872,RECV,7E00198122225300202020202020202020202020202020202039343525
02-12-2022 17:50:03.254,873,RECV,7E00198122225300202020202020202020202020202020202039343624
02-12-2022 17:50:03.756,874,RECV,7E00198122225300202020202020202020202020202020202039343723
02-12-2022 17:50:04.263,875,RECV,7E00198122225200202020202020202020202020202020202039343823
02-12-2022 17:50:04.770,876,RECV,7E00198122225300202020202020202020202020202020202039343921
02-12-2022 17:50:05.272,877,RECV,7E0019812222520020202020202020202020202020202020203935302A
02-12-2022 17:50:05.776,878,RECV,7E00198122225300202020202020202020202020202020202039353128
02-12-2022 17:50:06.281,879,RECV,7E00198122225300202020202020202020202020202020202039353227
02-12-2022 17:50:06.784,880,RECV,7E00198122225200202020202020202020202020202020202039353327
02-12-2022 17:50:07.282,881,RECV,7E00198122225100202020202020202020202020202020202039353427
02-12-2022 17:50:07.791,882,RECV,7E00198122225200202020202020202020202020202020202039353525
02-12-2022 17:50:08.734,883,RECV,7E00198122225300202020202020202020202020202020202039353722
02-12-2022 17:50:09.297,884,RECV,7E00198122225300202020202020202020202020202020202039353821
02-12-2022 17:50:09.741,885,RECV,7E00198122225200202020202020202020202020202020202039353921
02-12-2022 17:50:10.244,886,RECV,7E00198122225200202020202020202020202020202020202039363029
02-12-2022 17:50:10.750,887,RECV,7E00198122225300202020202020202020202020202020202039363127
02-12-2022 17:50:11.254,888,RECV,7E00198122225200202020202020202020202020202020202039363227
02-12-2022 17:50:11.761,889,RECV,7E00198122225200202020202020202020202020202020202039363326
02-12-2022 17:50:12.262,890,RECV,7E00198122225300202020202020202020202020202020202039363424
02-12-2022 17:50:12.767,891,RECV,7E00198122225300202020202020202020202020202020202039363523
02-12-2022 17:50:13.263,892,RECV,7E00198122225300202020202020202020202020202020202039363622
02-12-2022 17:50:13.770,893,RECV,7E00198122225200202020202020202020202020202020202039363722
02-12-2022 17:50:14.783,894,RECV,7E0019812222530020202020202020202020202020202020203936391F
02-12-2022 17:50:15.293,895,RECV,7E00198122225300202020202020202020202020202020202039373027
02-12-2022 17:50:15.795,896,RECV,7E00198122225200202020202020202020202020202020202039373127
02-12-2022 17:50:16.297,897,RECV,7E00198122225300202020202020202020202020202020202039373225
02-12-2022 17:50:16.797,898,RECV,7E00198122225300202020202020202020202020202020202039373324
02-12-2022 17:50:17.741,899,RECV,7E00198122225200202020202020202020202020202020202039373523
02-12-2022 17:50:18.246,900,RECV,7E00198122225200202020202020202020202020202020202039373622
02-12-2022 17:50:18.748,901,RECV,7E00198122225300202020202020202020202020202020202039373720
02-12-2022 17:50:19.250,902,RECV,7E00198122225200202020202020202020202020202020202039373820
02-12-2022 17:50:19.809,903,RECV,7E0019812222520020202020202020202020202020202020203937391F
02-12-2022 17:50:20.247,904,RECV,7E00198122225300202020202020202020202020202020202039383026
02-12-2022 17:50:20.753,905,RECV,7E00198122225300202020202020202020202020202020202039383125
02-12-2022 17:50:21.258,906,RECV,7E00198122225200202020202020202020202020202020202039383225
02-12-2022 17:50:21.762,907,RECV,7E00198122225200202020202020202020202020202020202039383324
02-12-2022 17:50:22.265,908,RECV,7E00198122225200202020202020202020202020202020202039383423
02-12-2022 17:50:22.772,909,RECV,7E00198122225200202020202020202020202020202020202039383522
02-12-2022 17:50:23.274,910,RECV,7E00198122225300202020202020202020202020202020202039383620
02-12-2022 17:50:23.776,911,RECV,7E0019812222530020202020202020202020202020202020203938371F
02-12-2022 17:50:24.291,912,RECV,7E0019812222530020202020202020202020202020202020203938381E
02-12-2022 17:50:24.784,913,RECV,7E0019812222520020202020202020202020202020202020203938391E
02-12-2022 17:50:25.290,914,RECV,7E00198122225200202020202020202020202020202020202039393026
02-12-2022 17:50:25.788,915,RECV,7E00198122225300202020202020202020202020202020202039393124
02-12-2022 17:50:26.789,916,RECV,7E00198122225200202020202020202020202020202020202039393323
02-12-2022 17:50:27.293,917,RECV,7E00198122225200202020202020202020202020202020202039393422
02-12-2022 17:50:27.797,918,RECV,7E00198122225300202020202020202020202020202020202039393520
02-12-2022 17:50:28.300,919,RECV,7E00198122225200202020202020202020202020202020202039393620
02-12-2022 17:50:28.803,920,RECV,7E0019812222530020202020202020202020202020202020203939371E
02-12-2022 17:50:29.305,921,RECV,7E0019812222520020202020202020202020202020202020203939381E
