02-12-2022 17:41:18.586,-,API,"Coordinator_802,0013A20041C5375A,802.15.4 TH,2003,COM7 - 115200/8/N/1/N,1,46"

02-12-2022 17:31:55.082,0,RECV,7E00198122224D0020202020202020202020202020202020202020305D
02-12-2022 17:31:55.581,1,RECV,7E00198122224C0020202020202020202020202020202020202020315D
02-12-2022 17:31:56.081,2,RECV,7E00198122224D0020202020202020202020202020202020202020325B
02-12-2022 17:31:56.581,3,RECV,7E00198122224A0020202020202020202020202020202020202020335D
02-12-2022 17:31:57.083,4,RECV,7E00198122224D00202020202020202020202020202020202020203459
02-12-2022 17:31:57.585,5,RECV,7E00198122224D00202020202020202020202020202020202020203558
02-12-2022 17:31:58.085,6,RECV,7E00198122224D00202020202020202020202020202020202020203657
02-12-2022 17:31:58.585,7,RECV,7E00198122224E00202020202020202020202020202020202020203755
02-12-2022 17:31:59.093,8,RECV,7E00198122224E00202020202020202020202020202020202020203854
02-12-2022 17:31:59.602,9,RECV,7E00198122224D00202020202020202020202020202020202020203954
02-12-2022 17:32:00.103,10,RECV,7E00198122224F0020202020202020202020202020202020202031304A
02-12-2022 17:32:00.610,11,RECV,7E00198122224C0020202020202020202020202020202020202031314C
02-12-2022 17:32:01.113,12,RECV,7E00198122224D0020202020202020202020202020202020202031324A
02-12-2022 17:32:01.615,13,RECV,7E00198122224C0020202020202020202020202020202020202031334A
02-12-2022 17:32:02.112,14,RECV,7E00198122224E00202020202020202020202020202020202020313447
02-12-2022 17:32:02.616,15,RECV,7E00198122224E00202020202020202020202020202020202020313546
02-12-2022 17:32:03.622,16,RECV,7E00198122224D00202020202020202020202020202020202020313745
02-12-2022 17:32:04.062,17,RECV,7E00198122224E00202020202020202020202020202020202020313843
02-12-2022 17:32:04.580,18,RECV,7E00198122224D00202020202020202020202020202020202020313943
02-12-2022 17:32:05.129,19,RECV,7E00198122224D0020202020202020202020202020202020202032304B
02-12-2022 17:32:05.570,20,RECV,7E00198122224E00202020202020202020202020202020202020323149
02-12-2022 17:32:06.074,21,RECV,7E00198122224D00202020202020202020202020202020202020323249
02-12-2022 17:32:06.577,22,RECV,7E00198122224D00202020202020202020202020202020202020323348
02-12-2022 17:32:07.077,23,RECV,7E00198122224D00202020202020202020202020202020202020323447
02-12-2022 17:32:07.580,24,RECV,7E00198122224D00202020202020202020202020202020202020323546
02-12-2022 17:32:08.084,25,RECV,7E00198122224D00202020202020202020202020202020202020323645
02-12-2022 17:32:08.588,26,RECV,7E00198122224D00202020202020202020202020202020202020323744
02-12-2022 17:32:09.094,27,RECV,7E00198122224D00202020202020202020202020202020202020323843
02-12-2022 17:32:09.601,28,RECV,7E00198122224D00202020202020202020202020202020202020323942
02-12-2022 17:32:10.106,29,RECV,7E00198122224D0020202020202020202020202020202020202033304A
02-12-2022 17:32:10.610,30,RECV,7E00198122224D00202020202020202020202020202020202020333149
02-12-2022 17:32:11.111,31,RECV,7E00198122224D00202020202020202020202020202020202020333248
02-12-2022 17:32:11.616,32,RECV,7E00198122224D00202020202020202020202020202020202020333347
02-12-2022 17:32:12.119,33,RECV,7E00198122224D00202020202020202020202020202020202020333446
02-12-2022 17:32:12.626,34,RECV,7E00198122224D00202020202020202020202020202020202020333545
02-12-2022 17:32:13.067,35,RECV,7E00198122224D00202020202020202020202020202020202020333644
02-12-2022 17:32:13.629,36,RECV,7E00198122224D00202020202020202020202020202020202020333743
02-12-2022 17:32:14.131,37,RECV,7E00198122224C00202020202020202020202020202020202020333843
02-12-2022 17:32:14.571,38,RECV,7E00198122224D00202020202020202020202020202020202020333941
02-12-2022 17:32:15.073,39,RECV,7E00198122224D00202020202020202020202020202020202020343049
02-12-2022 17:32:15.638,40,RECV,7E00198122224D00202020202020202020202020202020202020343148
02-12-2022 17:32:16.077,41,RECV,7E00198122224D00202020202020202020202020202020202020343247
02-12-2022 17:32:16.583,42,RECV,7E00198122224D00202020202020202020202020202020202020343346
02-12-2022 17:32:17.088,43,RECV,7E00198122224D00202020202020202020202020202020202020343445
02-12-2022 17:32:17.589,44,RECV,7E00198122224D00202020202020202020202020202020202020343544
02-12-2022 17:32:18.098,45,RECV,7E00198122224D00202020202020202020202020202020202020343643
02-12-2022 17:32:18.597,46,RECV,7E00198122224D00202020202020202020202020202020202020343742
02-12-2022 17:32:19.099,47,RECV,7E00198122224D00202020202020202020202020202020202020343841
02-12-2022 17:32:19.598,48,RECV,7E00198122224D00202020202020202020202020202020202020343940
02-12-2022 17:32:20.101,49,RECV,7E00198122224D00202020202020202020202020202020202020353048
02-12-2022 17:32:20.606,50,RECV,7E00198122224D00202020202020202020202020202020202020353147
02-12-2022 17:32:21.600,51,RECV,7E00198122224C00202020202020202020202020202020202020353346
02-12-2022 17:32:22.103,52,RECV,7E00198122224D00202020202020202020202020202020202020353444
02-12-2022 17:32:22.604,53,RECV,7E00198122224D00202020202020202020202020202020202020353543
02-12-2022 17:32:23.104,54,RECV,7E00198122224D00202020202020202020202020202020202020353642
02-12-2022 17:32:23.607,55,RECV,7E00198122224C00202020202020202020202020202020202020353742
02-12-2022 17:32:24.109,56,RECV,7E00198122224D00202020202020202020202020202020202020353840
02-12-2022 17:32:24.612,57,RECV,7E00198122224D0020202020202020202020202020202020202035393F
02-12-2022 17:32:25.115,58,RECV,7E00198122224D00202020202020202020202020202020202020363047
02-12-2022 17:32:25.617,59,RECV,7E00198122224D00202020202020202020202020202020202020363146
02-12-2022 17:32:26.119,60,RECV,7E00198122224D00202020202020202020202020202020202020363245
02-12-2022 17:32:26.617,61,RECV,7E00198122224D00202020202020202020202020202020202020363344
02-12-2022 17:32:27.122,62,RECV,7E00198122224D00202020202020202020202020202020202020363443
02-12-2022 17:32:27.626,63,RECV,7E00198122224D00202020202020202020202020202020202020363542
02-12-2022 17:32:28.127,64,RECV,7E00198122224C00202020202020202020202020202020202020363642
02-12-2022 17:32:28.629,65,RECV,7E00198122224D00202020202020202020202020202020202020363740
02-12-2022 17:32:29.133,66,RECV,7E00198122224D0020202020202020202020202020202020202036383F
02-12-2022 17:32:29.634,67,RECV,7E00198122224D0020202020202020202020202020202020202036393E
02-12-2022 17:32:30.135,68,RECV,7E00198122224D00202020202020202020202020202020202020373046
02-12-2022 17:32:30.636,69,RECV,7E00198122224D00202020202020202020202020202020202020373145
02-12-2022 17:32:31.136,70,RECV,7E00198122224D00202020202020202020202020202020202020373244
02-12-2022 17:32:31.641,71,RECV,7E00198122224D00202020202020202020202020202020202020373343
02-12-2022 17:32:32.142,72,RECV,7E00198122224D00202020202020202020202020202020202020373442
02-12-2022 17:32:32.647,73,RECV,7E00198122224D00202020202020202020202020202020202020373541
02-12-2022 17:32:33.149,74,RECV,7E00198122224D00202020202020202020202020202020202020373640
02-12-2022 17:32:33.593,75,RECV,7E00198122224D0020202020202020202020202020202020202037373F
02-12-2022 17:32:34.096,76,RECV,7E00198122224D0020202020202020202020202020202020202037383E
02-12-2022 17:32:34.595,77,RECV,7E00198122224D0020202020202020202020202020202020202037393D
02-12-2022 17:32:35.098,78,RECV,7E00198122224D00202020202020202020202020202020202020383045
02-12-2022 17:32:35.602,79,RECV,7E00198122224D00202020202020202020202020202020202020383144
02-12-2022 17:32:36.102,80,RECV,7E00198122224D00202020202020202020202020202020202020383243
02-12-2022 17:32:36.606,81,RECV,7E00198122224D00202020202020202020202020202020202020383342
02-12-2022 17:32:37.108,82,RECV,7E00198122224D00202020202020202020202020202020202020383441
02-12-2022 17:32:37.610,83,RECV,7E00198122224D00202020202020202020202020202020202020383540
02-12-2022 17:32:38.116,84,RECV,7E00198122224D0020202020202020202020202020202020202038363F
02-12-2022 17:32:38.622,85,RECV,7E00198122224D0020202020202020202020202020202020202038373E
02-12-2022 17:32:39.127,86,RECV,7E00198122224D0020202020202020202020202020202020202038383D
02-12-2022 17:32:39.626,87,RECV,7E00198122224D0020202020202020202020202020202020202038393C
02-12-2022 17:32:40.131,88,RECV,7E00198122224D00202020202020202020202020202020202020393044
02-12-2022 17:32:40.637,89,RECV,7E00198122224C00202020202020202020202020202020202020393144
02-12-2022 17:32:41.144,90,RECV,7E00198122224D00202020202020202020202020202020202020393242
02-12-2022 17:32:41.648,91,RECV,7E00198122224D00202020202020202020202020202020202020393341
02-12-2022 17:32:42.106,92,RECV,7E00198122224D00202020202020202020202020202020202020393440
02-12-2022 17:32:42.596,93,RECV,7E00198122224D0020202020202020202020202020202020202039353F
02-12-2022 17:32:43.095,94,RECV,7E00198122224D0020202020202020202020202020202020202039363E
02-12-2022 17:32:43.595,95,RECV,7E00198122224D0020202020202020202020202020202020202039373D
02-12-2022 17:32:44.161,96,RECV,7E00198122224C0020202020202020202020202020202020202039383D
02-12-2022 17:32:44.604,97,RECV,7E00198122224D0020202020202020202020202020202020202039393B
02-12-2022 17:32:45.111,98,RECV,7E00198122224D0020202020202020202020202020202020203130303C
02-12-2022 17:32:45.609,99,RECV,7E00198122224D0020202020202020202020202020202020203130313B
02-12-2022 17:32:46.112,100,RECV,7E00198122224D0020202020202020202020202020202020203130323A
02-12-2022 17:32:46.619,101,RECV,7E00198122224D00202020202020202020202020202020202031303339
02-12-2022 17:32:47.123,102,RECV,7E00198122224D00202020202020202020202020202020202031303438
02-12-2022 17:32:47.628,103,RECV,7E00198122224D00202020202020202020202020202020202031303537
02-12-2022 17:32:48.131,104,RECV,7E00198122224D00202020202020202020202020202020202031303636
02-12-2022 17:32:48.635,105,RECV,7E00198122224C00202020202020202020202020202020202031303736
02-12-2022 17:32:49.137,106,RECV,7E00198122224D00202020202020202020202020202020202031303834
02-12-2022 17:32:49.638,107,RECV,7E00198122224D00202020202020202020202020202020202031303933
02-12-2022 17:32:50.144,108,RECV,7E00198122224C0020202020202020202020202020202020203131303C
02-12-2022 17:32:50.650,109,RECV,7E00198122224D0020202020202020202020202020202020203131313A
02-12-2022 17:32:51.156,110,RECV,7E00198122224D00202020202020202020202020202020202031313239
02-12-2022 17:32:51.663,111,RECV,7E00198122224D00202020202020202020202020202020202031313338
02-12-2022 17:32:52.104,112,RECV,7E00198122224D00202020202020202020202020202020202031313437
02-12-2022 17:32:52.666,113,RECV,7E00198122224D00202020202020202020202020202020202031313536
02-12-2022 17:32:53.109,114,RECV,7E00198122224D00202020202020202020202020202020202031313635
02-12-2022 17:32:53.614,115,RECV,7E00198122224D00202020202020202020202020202020202031313734
02-12-2022 17:32:54.120,116,RECV,7E00198122224D00202020202020202020202020202020202031313833
02-12-2022 17:32:54.626,117,RECV,7E00198122224C00202020202020202020202020202020202031313933
02-12-2022 17:32:55.125,118,RECV,7E00198122224D0020202020202020202020202020202020203132303A
02-12-2022 17:32:55.625,119,RECV,7E00198122224D00202020202020202020202020202020202031323139
02-12-2022 17:32:56.129,120,RECV,7E00198122224D00202020202020202020202020202020202031323238
02-12-2022 17:32:56.634,121,RECV,7E00198122224D00202020202020202020202020202020202031323337
02-12-2022 17:32:57.140,122,RECV,7E00198122224C00202020202020202020202020202020202031323437
02-12-2022 17:32:57.642,123,RECV,7E00198122224D00202020202020202020202020202020202031323535
02-12-2022 17:32:58.142,124,RECV,7E00198122224D00202020202020202020202020202020202031323634
02-12-2022 17:32:58.647,125,RECV,7E00198122224D00202020202020202020202020202020202031323733
02-12-2022 17:32:59.148,126,RECV,7E00198122224D00202020202020202020202020202020202031323832
02-12-2022 17:32:59.652,127,RECV,7E00198122224D00202020202020202020202020202020202031323931
02-12-2022 17:33:00.156,128,RECV,7E00198122224E00202020202020202020202020202020202031333038
02-12-2022 17:33:00.660,129,RECV,7E00198122224D00202020202020202020202020202020202031333138
02-12-2022 17:33:01.167,130,RECV,7E00198122224D00202020202020202020202020202020202031333237
02-12-2022 17:33:01.669,131,RECV,7E00198122224D00202020202020202020202020202020202031333336
02-12-2022 17:33:02.112,132,RECV,7E00198122224D00202020202020202020202020202020202031333435
02-12-2022 17:33:02.619,133,RECV,7E00198122224D00202020202020202020202020202020202031333534
02-12-2022 17:33:03.124,134,RECV,7E00198122224E00202020202020202020202020202020202031333632
02-12-2022 17:33:03.626,135,RECV,7E00198122224E00202020202020202020202020202020202031333731
02-12-2022 17:33:04.130,136,RECV,7E00198122224E00202020202020202020202020202020202031333830
02-12-2022 17:33:05.650,137,RECV,7E00198122224E00202020202020202020202020202020202031343136
02-12-2022 17:33:06.158,138,RECV,7E00198122224E00202020202020202020202020202020202031343235
02-12-2022 17:33:06.656,139,RECV,7E00198122224E00202020202020202020202020202020202031343334
02-12-2022 17:33:07.160,140,RECV,7E00198122224C00202020202020202020202020202020202031343435
02-12-2022 17:33:07.664,141,RECV,7E00198122224E00202020202020202020202020202020202031343532
02-12-2022 17:33:08.166,142,RECV,7E00198122224D00202020202020202020202020202020202031343632
02-12-2022 17:33:08.670,143,RECV,7E00198122224D00202020202020202020202020202020202031343731
02-12-2022 17:33:09.170,144,RECV,7E00198122224D00202020202020202020202020202020202031343830
02-12-2022 17:33:10.112,145,RECV,7E00198122224E00202020202020202020202020202020202031353036
02-12-2022 17:33:10.633,146,RECV,7E00198122224D00202020202020202020202020202020202031353136
02-12-2022 17:33:11.125,147,RECV,7E00198122224C00202020202020202020202020202020202031353236
02-12-2022 17:33:11.631,148,RECV,7E00198122224D00202020202020202020202020202020202031353334
02-12-2022 17:33:12.135,149,RECV,7E00198122224D00202020202020202020202020202020202031353433
02-12-2022 17:33:12.637,150,RECV,7E00198122224D00202020202020202020202020202020202031353532
02-12-2022 17:33:13.138,151,RECV,7E00198122224D00202020202020202020202020202020202031353631
02-12-2022 17:33:13.641,152,RECV,7E00198122224D00202020202020202020202020202020202031353730
02-12-2022 17:33:14.141,153,RECV,7E00198122224D0020202020202020202020202020202020203135382F
02-12-2022 17:33:14.646,154,RECV,7E00198122224D0020202020202020202020202020202020203135392E
02-12-2022 17:33:15.144,155,RECV,7E00198122224B00202020202020202020202020202020202031363038
02-12-2022 17:33:15.644,156,RECV,7E00198122224D00202020202020202020202020202020202031363135
02-12-2022 17:33:16.149,157,RECV,7E00198122224D00202020202020202020202020202020202031363234
02-12-2022 17:33:16.653,158,RECV,7E00198122224D00202020202020202020202020202020202031363333
02-12-2022 17:33:17.153,159,RECV,7E00198122224D00202020202020202020202020202020202031363432
02-12-2022 17:33:18.166,160,RECV,7E00198122224D00202020202020202020202020202020202031363630
02-12-2022 17:33:18.667,161,RECV,7E00198122224D0020202020202020202020202020202020203136372F
02-12-2022 17:33:19.171,162,RECV,7E00198122224D0020202020202020202020202020202020203136382E
02-12-2022 17:33:19.672,163,RECV,7E00198122224D0020202020202020202020202020202020203136392D
02-12-2022 17:33:20.175,164,RECV,7E00198122224D00202020202020202020202020202020202031373035
02-12-2022 17:33:20.680,165,RECV,7E00198122224D00202020202020202020202020202020202031373134
02-12-2022 17:33:21.185,166,RECV,7E00198122224A00202020202020202020202020202020202031373236
02-12-2022 17:33:21.689,167,RECV,7E00198122224D00202020202020202020202020202020202031373332
02-12-2022 17:33:22.135,168,RECV,7E00198122224D00202020202020202020202020202020202031373431
02-12-2022 17:33:22.638,169,RECV,7E00198122224D00202020202020202020202020202020202031373530
02-12-2022 17:33:23.144,170,RECV,7E00198122224D0020202020202020202020202020202020203137362F
02-12-2022 17:33:23.641,171,RECV,7E00198122224D0020202020202020202020202020202020203137372E
02-12-2022 17:33:24.146,172,RECV,7E00198122224D0020202020202020202020202020202020203137382D
02-12-2022 17:33:24.648,173,RECV,7E00198122224D0020202020202020202020202020202020203137392C
02-12-2022 17:33:25.152,174,RECV,7E00198122224D00202020202020202020202020202020202031383034
02-12-2022 17:33:25.657,175,RECV,7E00198122224D00202020202020202020202020202020202031383133
02-12-2022 17:33:26.157,176,RECV,7E00198122224D00202020202020202020202020202020202031383232
02-12-2022 17:33:26.661,177,RECV,7E00198122224D00202020202020202020202020202020202031383331
02-12-2022 17:33:27.165,178,RECV,7E00198122224D00202020202020202020202020202020202031383430
02-12-2022 17:33:27.667,179,RECV,7E00198122224D0020202020202020202020202020202020203138352F
02-12-2022 17:33:28.171,180,RECV,7E00198122224D0020202020202020202020202020202020203138362E
02-12-2022 17:33:28.678,181,RECV,7E00198122224D0020202020202020202020202020202020203138372D
02-12-2022 17:33:29.176,182,RECV,7E00198122224D0020202020202020202020202020202020203138382C
02-12-2022 17:33:29.676,183,RECV,7E00198122224D0020202020202020202020202020202020203138392B
02-12-2022 17:33:30.178,184,RECV,7E00198122224D00202020202020202020202020202020202031393033
02-12-2022 17:33:30.685,185,RECV,7E00198122224D00202020202020202020202020202020202031393132
02-12-2022 17:33:31.185,186,RECV,7E00198122224D00202020202020202020202020202020202031393231
02-12-2022 17:33:31.685,187,RECV,7E00198122224D00202020202020202020202020202020202031393330
02-12-2022 17:33:32.190,188,RECV,7E00198122224D0020202020202020202020202020202020203139342F
02-12-2022 17:33:32.694,189,RECV,7E00198122224D0020202020202020202020202020202020203139352E
02-12-2022 17:33:33.136,190,RECV,7E00198122224A00202020202020202020202020202020202031393630
02-12-2022 17:33:33.642,191,RECV,7E00198122224D0020202020202020202020202020202020203139372C
02-12-2022 17:33:34.147,192,RECV,7E00198122224D0020202020202020202020202020202020203139382B
02-12-2022 17:33:34.650,193,RECV,7E00198122224D0020202020202020202020202020202020203139392A
02-12-2022 17:33:35.150,194,RECV,7E00198122224D0020202020202020202020202020202020203230303B
02-12-2022 17:33:35.656,195,RECV,7E00198122224D0020202020202020202020202020202020203230313A
02-12-2022 17:33:36.161,196,RECV,7E00198122224D00202020202020202020202020202020202032303239
02-12-2022 17:33:36.661,197,RECV,7E00198122224D00202020202020202020202020202020202032303338
02-12-2022 17:33:37.161,198,RECV,7E00198122224D00202020202020202020202020202020202032303437
02-12-2022 17:33:37.665,199,RECV,7E00198122224D00202020202020202020202020202020202032303536
02-12-2022 17:33:38.164,200,RECV,7E00198122224C00202020202020202020202020202020202032303636
02-12-2022 17:33:38.667,201,RECV,7E00198122224D00202020202020202020202020202020202032303734
02-12-2022 17:33:39.196,202,RECV,7E00198122224D00202020202020202020202020202020202032303833
02-12-2022 17:33:39.680,203,RECV,7E00198122224D00202020202020202020202020202020202032303932
02-12-2022 17:33:40.184,204,RECV,7E00198122224D0020202020202020202020202020202020203231303A
02-12-2022 17:33:41.193,205,RECV,7E00198122224D00202020202020202020202020202020202032313238
02-12-2022 17:33:41.690,206,RECV,7E00198122224B00202020202020202020202020202020202032313339
02-12-2022 17:33:42.194,207,RECV,7E00198122224D00202020202020202020202020202020202032313436
02-12-2022 17:33:42.649,208,RECV,7E00198122224D00202020202020202020202020202020202032313535
02-12-2022 17:33:43.199,209,RECV,7E00198122224D00202020202020202020202020202020202032313634
02-12-2022 17:33:43.639,210,RECV,7E00198122224D00202020202020202020202020202020202032313733
02-12-2022 17:33:44.200,211,RECV,7E00198122224D00202020202020202020202020202020202032313832
02-12-2022 17:33:44.703,212,RECV,7E00198122224C00202020202020202020202020202020202032313932
02-12-2022 17:33:45.203,213,RECV,7E00198122224D00202020202020202020202020202020202032323039
02-12-2022 17:33:45.647,214,RECV,7E00198122224D00202020202020202020202020202020202032323138
02-12-2022 17:33:46.154,215,RECV,7E00198122224D00202020202020202020202020202020202032323237
02-12-2022 17:33:46.660,216,RECV,7E00198122224D00202020202020202020202020202020202032323336
02-12-2022 17:33:47.163,217,RECV,7E00198122224D00202020202020202020202020202020202032323435
02-12-2022 17:33:47.666,218,RECV,7E00198122224D00202020202020202020202020202020202032323534
02-12-2022 17:33:48.167,219,RECV,7E00198122224D00202020202020202020202020202020202032323633
02-12-2022 17:33:48.671,220,RECV,7E00198122224D00202020202020202020202020202020202032323732
02-12-2022 17:33:49.178,221,RECV,7E00198122224D00202020202020202020202020202020202032323831
02-12-2022 17:33:49.682,222,RECV,7E00198122224D00202020202020202020202020202020202032323930
02-12-2022 17:33:50.178,223,RECV,7E00198122224D00202020202020202020202020202020202032333038
02-12-2022 17:33:51.183,224,RECV,7E00198122224D00202020202020202020202020202020202032333236
02-12-2022 17:33:51.683,225,RECV,7E00198122224D00202020202020202020202020202020202032333335
02-12-2022 17:33:52.688,226,RECV,7E00198122224D00202020202020202020202020202020202032333533
02-12-2022 17:33:53.195,227,RECV,7E00198122224E00202020202020202020202020202020202032333631
02-12-2022 17:33:54.206,228,RECV,7E00198122224D00202020202020202020202020202020202032333830
02-12-2022 17:33:54.647,229,RECV,7E00198122224D0020202020202020202020202020202020203233392F
02-12-2022 17:33:55.216,230,RECV,7E00198122224D00202020202020202020202020202020202032343037
02-12-2022 17:33:55.657,231,RECV,7E00198122224D00202020202020202020202020202020202032343136
02-12-2022 17:33:56.160,232,RECV,7E00198122224D00202020202020202020202020202020202032343235
02-12-2022 17:33:56.665,233,RECV,7E00198122224D00202020202020202020202020202020202032343334
02-12-2022 17:33:57.167,234,RECV,7E00198122224D00202020202020202020202020202020202032343433
02-12-2022 17:33:58.167,235,RECV,7E00198122224D00202020202020202020202020202020202032343631
02-12-2022 17:33:58.669,236,RECV,7E00198122224D00202020202020202020202020202020202032343730
02-12-2022 17:33:59.174,237,RECV,7E00198122224C00202020202020202020202020202020202032343830
02-12-2022 17:33:59.679,238,RECV,7E00198122224D0020202020202020202020202020202020203234392E
02-12-2022 17:34:00.178,239,RECV,7E00198122224C00202020202020202020202020202020202032353037
02-12-2022 17:34:00.685,240,RECV,7E00198122224D00202020202020202020202020202020202032353135
02-12-2022 17:34:01.188,241,RECV,7E00198122224D00202020202020202020202020202020202032353234
02-12-2022 17:34:01.693,242,RECV,7E00198122224D00202020202020202020202020202020202032353333
02-12-2022 17:34:02.195,243,RECV,7E00198122224D00202020202020202020202020202020202032353432
02-12-2022 17:34:03.201,244,RECV,7E00198122224D00202020202020202020202020202020202032353630
02-12-2022 17:34:03.702,245,RECV,7E00198122224D0020202020202020202020202020202020203235372F
02-12-2022 17:34:04.209,246,RECV,7E00198122224D0020202020202020202020202020202020203235382E
02-12-2022 17:34:04.710,247,RECV,7E00198122224C0020202020202020202020202020202020203235392E
02-12-2022 17:34:05.216,248,RECV,7E00198122224E00202020202020202020202020202020202032363034
02-12-2022 17:34:05.715,249,RECV,7E00198122224D00202020202020202020202020202020202032363134
02-12-2022 17:34:06.221,250,RECV,7E00198122224D00202020202020202020202020202020202032363233
02-12-2022 17:34:06.662,251,RECV,7E00198122224D00202020202020202020202020202020202032363332
02-12-2022 17:34:07.167,252,RECV,7E00198122224D00202020202020202020202020202020202032363431
02-12-2022 17:34:07.731,253,RECV,7E00198122224D00202020202020202020202020202020202032363530
02-12-2022 17:34:08.676,254,RECV,7E00198122224D0020202020202020202020202020202020203236372E
02-12-2022 17:34:09.180,255,RECV,7E00198122224D0020202020202020202020202020202020203236382D
02-12-2022 17:34:09.681,256,RECV,7E00198122224D0020202020202020202020202020202020203236392C
02-12-2022 17:34:10.189,257,RECV,7E00198122224D00202020202020202020202020202020202032373034
02-12-2022 17:34:10.693,258,RECV,7E00198122224D00202020202020202020202020202020202032373133
02-12-2022 17:34:11.193,259,RECV,7E00198122224D00202020202020202020202020202020202032373232
02-12-2022 17:34:11.703,260,RECV,7E00198122224D00202020202020202020202020202020202032373331
02-12-2022 17:34:12.207,261,RECV,7E00198122224D00202020202020202020202020202020202032373430
02-12-2022 17:34:12.711,262,RECV,7E00198122224D0020202020202020202020202020202020203237352F
02-12-2022 17:34:13.215,263,RECV,7E00198122224D0020202020202020202020202020202020203237362E
02-12-2022 17:34:13.721,264,RECV,7E00198122224D0020202020202020202020202020202020203237372D
02-12-2022 17:34:14.162,265,RECV,7E00198122224D0020202020202020202020202020202020203237382C
02-12-2022 17:34:14.673,266,RECV,7E00198122224D0020202020202020202020202020202020203237392B
02-12-2022 17:34:15.723,267,RECV,7E00198122224D00202020202020202020202020202020202032383132
02-12-2022 17:34:16.223,268,RECV,7E00198122224D00202020202020202020202020202020202032383231
02-12-2022 17:34:16.723,269,RECV,7E00198122224D00202020202020202020202020202020202032383330
02-12-2022 17:34:17.726,270,RECV,7E00198122224D0020202020202020202020202020202020203238352E
02-12-2022 17:34:18.230,271,RECV,7E00198122224D0020202020202020202020202020202020203238362D
02-12-2022 17:34:18.730,272,RECV,7E00198122224D0020202020202020202020202020202020203238372C
02-12-2022 17:34:19.173,273,RECV,7E00198122224D0020202020202020202020202020202020203238382B
02-12-2022 17:34:19.672,274,RECV,7E00198122224D0020202020202020202020202020202020203238392A
02-12-2022 17:34:20.177,275,RECV,7E00198122224D00202020202020202020202020202020202032393032
02-12-2022 17:34:20.679,276,RECV,7E00198122224D00202020202020202020202020202020202032393131
02-12-2022 17:34:21.180,277,RECV,7E00198122224D00202020202020202020202020202020202032393230
02-12-2022 17:34:21.682,278,RECV,7E00198122224D0020202020202020202020202020202020203239332F
02-12-2022 17:34:22.181,279,RECV,7E00198122224D0020202020202020202020202020202020203239342E
02-12-2022 17:34:22.681,280,RECV,7E00198122224D0020202020202020202020202020202020203239352D
02-12-2022 17:34:23.179,281,RECV,7E00198122224D0020202020202020202020202020202020203239362C
02-12-2022 17:34:23.682,282,RECV,7E00198122224D0020202020202020202020202020202020203239372B
02-12-2022 17:34:24.185,283,RECV,7E00198122224D0020202020202020202020202020202020203239382A
02-12-2022 17:34:24.690,284,RECV,7E00198122224D00202020202020202020202020202020202032393929
02-12-2022 17:34:25.190,285,RECV,7E00198122224D0020202020202020202020202020202020203330303A
02-12-2022 17:34:25.693,286,RECV,7E00198122224D00202020202020202020202020202020202033303139
02-12-2022 17:34:26.193,287,RECV,7E00198122224D00202020202020202020202020202020202033303238
02-12-2022 17:34:26.696,288,RECV,7E00198122224B00202020202020202020202020202020202033303339
02-12-2022 17:34:27.200,289,RECV,7E00198122224D00202020202020202020202020202020202033303436
02-12-2022 17:34:27.700,290,RECV,7E00198122224D00202020202020202020202020202020202033303535
02-12-2022 17:34:28.206,291,RECV,7E00198122224D00202020202020202020202020202020202033303634
02-12-2022 17:34:28.709,292,RECV,7E00198122224D00202020202020202020202020202020202033303733
02-12-2022 17:34:29.214,293,RECV,7E00198122224D00202020202020202020202020202020202033303832
02-12-2022 17:34:29.725,294,RECV,7E00198122224D00202020202020202020202020202020202033303931
02-12-2022 17:34:30.231,295,RECV,7E00198122224D00202020202020202020202020202020202033313039
02-12-2022 17:34:30.736,296,RECV,7E00198122224D00202020202020202020202020202020202033313138
02-12-2022 17:34:31.245,297,RECV,7E00198122224D00202020202020202020202020202020202033313237
02-12-2022 17:34:31.686,298,RECV,7E00198122224D00202020202020202020202020202020202033313336
02-12-2022 17:34:32.249,299,RECV,7E00198122224E00202020202020202020202020202020202033313434
02-12-2022 17:34:32.693,300,RECV,7E00198122224D00202020202020202020202020202020202033313534
02-12-2022 17:34:33.201,301,RECV,7E00198122224D00202020202020202020202020202020202033313633
02-12-2022 17:34:33.705,302,RECV,7E00198122224D00202020202020202020202020202020202033313732
02-12-2022 17:34:34.206,303,RECV,7E00198122224D00202020202020202020202020202020202033313831
02-12-2022 17:34:34.709,304,RECV,7E00198122224D00202020202020202020202020202020202033313930
02-12-2022 17:34:35.212,305,RECV,7E00198122224D00202020202020202020202020202020202033323038
02-12-2022 17:34:35.714,306,RECV,7E00198122224D00202020202020202020202020202020202033323137
02-12-2022 17:34:36.218,307,RECV,7E00198122224C00202020202020202020202020202020202033323237
02-12-2022 17:34:36.720,308,RECV,7E00198122224D00202020202020202020202020202020202033323335
02-12-2022 17:34:37.222,309,RECV,7E00198122224D00202020202020202020202020202020202033323434
02-12-2022 17:34:37.728,310,RECV,7E00198122224D00202020202020202020202020202020202033323533
02-12-2022 17:34:38.736,311,RECV,7E00198122224D00202020202020202020202020202020202033323731
02-12-2022 17:34:39.239,312,RECV,7E00198122224D00202020202020202020202020202020202033323830
02-12-2022 17:34:39.740,313,RECV,7E00198122224D0020202020202020202020202020202020203332392F
02-12-2022 17:34:40.245,314,RECV,7E00198122224D00202020202020202020202020202020202033333037
02-12-2022 17:34:40.688,315,RECV,7E00198122224D00202020202020202020202020202020202033333136
02-12-2022 17:34:41.253,316,RECV,7E00198122224D00202020202020202020202020202020202033333235
02-12-2022 17:34:41.755,317,RECV,7E00198122224D00202020202020202020202020202020202033333334
02-12-2022 17:34:42.195,318,RECV,7E00198122224D00202020202020202020202020202020202033333433
02-12-2022 17:34:42.699,319,RECV,7E00198122224D00202020202020202020202020202020202033333532
02-12-2022 17:34:43.202,320,RECV,7E00198122224D00202020202020202020202020202020202033333631
02-12-2022 17:34:43.708,321,RECV,7E00198122224D00202020202020202020202020202020202033333730
02-12-2022 17:34:44.212,322,RECV,7E00198122224D0020202020202020202020202020202020203333382F
02-12-2022 17:34:44.717,323,RECV,7E00198122224D0020202020202020202020202020202020203333392E
02-12-2022 17:34:45.217,324,RECV,7E00198122224A00202020202020202020202020202020202033343039
02-12-2022 17:34:45.722,325,RECV,7E00198122224D00202020202020202020202020202020202033343135
02-12-2022 17:34:46.228,326,RECV,7E00198122224D00202020202020202020202020202020202033343234
02-12-2022 17:34:46.733,327,RECV,7E00198122224D00202020202020202020202020202020202033343333
02-12-2022 17:34:47.235,328,RECV,7E00198122224D00202020202020202020202020202020202033343432
02-12-2022 17:34:47.738,329,RECV,7E00198122224C00202020202020202020202020202020202033343532
02-12-2022 17:34:48.242,330,RECV,7E00198122224D00202020202020202020202020202020202033343630
02-12-2022 17:34:48.740,331,RECV,7E00198122224D0020202020202020202020202020202020203334372F
02-12-2022 17:34:49.243,332,RECV,7E00198122224D0020202020202020202020202020202020203334382E
02-12-2022 17:34:49.749,333,RECV,7E00198122224D0020202020202020202020202020202020203334392D
02-12-2022 17:34:50.209,334,RECV,7E00198122224D00202020202020202020202020202020202033353035
02-12-2022 17:34:50.756,335,RECV,7E00198122224C00202020202020202020202020202020202033353135
02-12-2022 17:34:51.710,336,RECV,7E00198122224D00202020202020202020202020202020202033353332
02-12-2022 17:34:52.212,337,RECV,7E00198122224D00202020202020202020202020202020202033353431
02-12-2022 17:34:52.712,338,RECV,7E00198122224D00202020202020202020202020202020202033353530
02-12-2022 17:34:53.214,339,RECV,7E00198122224D0020202020202020202020202020202020203335362F
02-12-2022 17:34:53.717,340,RECV,7E00198122224D0020202020202020202020202020202020203335372E
02-12-2022 17:34:54.222,341,RECV,7E00198122224D0020202020202020202020202020202020203335382D
02-12-2022 17:34:54.729,342,RECV,7E00198122224D0020202020202020202020202020202020203335392C
02-12-2022 17:34:55.230,343,RECV,7E00198122224D00202020202020202020202020202020202033363034
02-12-2022 17:34:56.243,344,RECV,7E00198122224D00202020202020202020202020202020202033363232
02-12-2022 17:34:57.759,345,RECV,7E00198122224D0020202020202020202020202020202020203336352F
02-12-2022 17:34:58.699,346,RECV,7E00198122224B0020202020202020202020202020202020203336372F
02-12-2022 17:34:59.265,347,RECV,7E00198122224D0020202020202020202020202020202020203336382C
02-12-2022 17:34:59.710,348,RECV,7E00198122224D0020202020202020202020202020202020203336392B
02-12-2022 17:35:00.217,349,RECV,7E00198122224D00202020202020202020202020202020202033373033
02-12-2022 17:35:00.718,350,RECV,7E00198122224D00202020202020202020202020202020202033373132
02-12-2022 17:35:01.222,351,RECV,7E00198122224D00202020202020202020202020202020202033373231
02-12-2022 17:35:01.727,352,RECV,7E00198122224D00202020202020202020202020202020202033373330
02-12-2022 17:35:02.232,353,RECV,7E00198122224D0020202020202020202020202020202020203337342F
02-12-2022 17:35:02.738,354,RECV,7E00198122224C0020202020202020202020202020202020203337352F
02-12-2022 17:35:03.242,355,RECV,7E00198122224D0020202020202020202020202020202020203337362D
02-12-2022 17:35:03.744,356,RECV,7E00198122224D0020202020202020202020202020202020203337372C
02-12-2022 17:35:04.249,357,RECV,7E00198122224D0020202020202020202020202020202020203337382B
02-12-2022 17:35:04.755,358,RECV,7E00198122224D0020202020202020202020202020202020203337392A
02-12-2022 17:35:05.262,359,RECV,7E00198122224D00202020202020202020202020202020202033383032
02-12-2022 17:35:05.770,360,RECV,7E00198122224D00202020202020202020202020202020202033383131
02-12-2022 17:35:06.275,361,RECV,7E00198122224D00202020202020202020202020202020202033383230
02-12-2022 17:35:06.716,362,RECV,7E00198122224D0020202020202020202020202020202020203338332F
02-12-2022 17:35:07.219,363,RECV,7E00198122224D0020202020202020202020202020202020203338342E
02-12-2022 17:35:07.721,364,RECV,7E00198122224D0020202020202020202020202020202020203338352D
02-12-2022 17:35:08.222,365,RECV,7E00198122224D0020202020202020202020202020202020203338362C
02-12-2022 17:35:08.725,366,RECV,7E00198122224D0020202020202020202020202020202020203338372B
02-12-2022 17:35:09.226,367,RECV,7E00198122224D0020202020202020202020202020202020203338382A
02-12-2022 17:35:09.729,368,RECV,7E00198122224D00202020202020202020202020202020202033383929
02-12-2022 17:35:10.231,369,RECV,7E00198122224D00202020202020202020202020202020202033393031
02-12-2022 17:35:10.733,370,RECV,7E00198122224D00202020202020202020202020202020202033393130
02-12-2022 17:35:11.235,371,RECV,7E00198122224D0020202020202020202020202020202020203339322F
02-12-2022 17:35:11.735,372,RECV,7E00198122224D0020202020202020202020202020202020203339332E
02-12-2022 17:35:12.241,373,RECV,7E00198122224D0020202020202020202020202020202020203339342D
02-12-2022 17:35:12.743,374,RECV,7E00198122224D0020202020202020202020202020202020203339352C
02-12-2022 17:35:13.246,375,RECV,7E00198122224D0020202020202020202020202020202020203339362B
02-12-2022 17:35:13.754,376,RECV,7E00198122224D0020202020202020202020202020202020203339372A
02-12-2022 17:35:14.259,377,RECV,7E00198122224D00202020202020202020202020202020202033393829
02-12-2022 17:35:14.763,378,RECV,7E00198122224C00202020202020202020202020202020202033393929
02-12-2022 17:35:15.268,379,RECV,7E00198122224D00202020202020202020202020202020202034303039
02-12-2022 17:35:15.776,380,RECV,7E00198122224D00202020202020202020202020202020202034303138
02-12-2022 17:35:16.216,381,RECV,7E00198122224D00202020202020202020202020202020202034303237
02-12-2022 17:35:16.787,382,RECV,7E00198122224D00202020202020202020202020202020202034303336
02-12-2022 17:35:17.227,383,RECV,7E00198122224D00202020202020202020202020202020202034303435
02-12-2022 17:35:17.787,384,RECV,7E00198122224D00202020202020202020202020202020202034303534
02-12-2022 17:35:18.231,385,RECV,7E00198122224D00202020202020202020202020202020202034303633
02-12-2022 17:35:18.730,386,RECV,7E00198122224D00202020202020202020202020202020202034303732
02-12-2022 17:35:19.230,387,RECV,7E00198122224D00202020202020202020202020202020202034303831
02-12-2022 17:35:19.730,388,RECV,7E00198122224C00202020202020202020202020202020202034303931
02-12-2022 17:35:20.291,389,RECV,7E00198122224D00202020202020202020202020202020202034313038
02-12-2022 17:35:20.729,390,RECV,7E00198122224D00202020202020202020202020202020202034313137
02-12-2022 17:35:21.229,391,RECV,7E00198122224D00202020202020202020202020202020202034313236
02-12-2022 17:35:21.730,392,RECV,7E00198122224D00202020202020202020202020202020202034313335
02-12-2022 17:35:22.230,393,RECV,7E00198122224D00202020202020202020202020202020202034313434
02-12-2022 17:35:22.729,394,RECV,7E00198122224D00202020202020202020202020202020202034313533
02-12-2022 17:35:23.233,395,RECV,7E00198122224D00202020202020202020202020202020202034313632
02-12-2022 17:35:23.737,396,RECV,7E00198122224D00202020202020202020202020202020202034313731
02-12-2022 17:35:24.244,397,RECV,7E00198122224D00202020202020202020202020202020202034313830
02-12-2022 17:35:24.748,398,RECV,7E00198122224D0020202020202020202020202020202020203431392F
02-12-2022 17:35:25.255,399,RECV,7E00198122224D00202020202020202020202020202020202034323037
02-12-2022 17:35:25.757,400,RECV,7E00198122224D00202020202020202020202020202020202034323136
02-12-2022 17:35:26.263,401,RECV,7E00198122224D00202020202020202020202020202020202034323235
02-12-2022 17:35:26.765,402,RECV,7E00198122224D00202020202020202020202020202020202034323334
02-12-2022 17:35:27.270,403,RECV,7E00198122224D00202020202020202020202020202020202034323433
02-12-2022 17:35:27.777,404,RECV,7E00198122224D00202020202020202020202020202020202034323532
02-12-2022 17:35:28.280,405,RECV,7E00198122224D00202020202020202020202020202020202034323631
02-12-2022 17:35:28.779,406,RECV,7E00198122224C00202020202020202020202020202020202034323731
02-12-2022 17:35:29.281,407,RECV,7E00198122224C00202020202020202020202020202020202034323830
02-12-2022 17:35:29.785,408,RECV,7E00198122224D0020202020202020202020202020202020203432392E
02-12-2022 17:35:30.226,409,RECV,7E00198122224D00202020202020202020202020202020202034333036
02-12-2022 17:35:30.794,410,RECV,7E00198122224D00202020202020202020202020202020202034333135
02-12-2022 17:35:31.238,411,RECV,7E00198122224D00202020202020202020202020202020202034333234
02-12-2022 17:35:31.739,412,RECV,7E00198122224D00202020202020202020202020202020202034333333
02-12-2022 17:35:32.245,413,RECV,7E00198122224D00202020202020202020202020202020202034333432
02-12-2022 17:35:32.747,414,RECV,7E00198122224B00202020202020202020202020202020202034333533
02-12-2022 17:35:33.251,415,RECV,7E00198122224D00202020202020202020202020202020202034333630
02-12-2022 17:35:33.753,416,RECV,7E00198122224C00202020202020202020202020202020202034333730
02-12-2022 17:35:34.253,417,RECV,7E00198122224D0020202020202020202020202020202020203433382E
02-12-2022 17:35:34.757,418,RECV,7E00198122224D0020202020202020202020202020202020203433392D
02-12-2022 17:35:35.262,419,RECV,7E00198122224D00202020202020202020202020202020202034343035
02-12-2022 17:35:35.766,420,RECV,7E00198122224D00202020202020202020202020202020202034343134
02-12-2022 17:35:36.273,421,RECV,7E00198122224D00202020202020202020202020202020202034343233
02-12-2022 17:35:36.779,422,RECV,7E00198122224D00202020202020202020202020202020202034343332
02-12-2022 17:35:37.278,423,RECV,7E00198122224D00202020202020202020202020202020202034343431
02-12-2022 17:35:37.781,424,RECV,7E00198122224D00202020202020202020202020202020202034343530
02-12-2022 17:35:38.286,425,RECV,7E00198122224D0020202020202020202020202020202020203434362F
02-12-2022 17:35:38.789,426,RECV,7E00198122224D0020202020202020202020202020202020203434372E
02-12-2022 17:35:39.290,427,RECV,7E00198122224D0020202020202020202020202020202020203434382D
02-12-2022 17:35:39.793,428,RECV,7E00198122224D0020202020202020202020202020202020203434392C
02-12-2022 17:35:40.298,429,RECV,7E00198122224D00202020202020202020202020202020202034353034
02-12-2022 17:35:40.741,430,RECV,7E00198122224D00202020202020202020202020202020202034353133
02-12-2022 17:35:41.243,431,RECV,7E00198122224D00202020202020202020202020202020202034353232
02-12-2022 17:35:41.757,432,RECV,7E00198122224D00202020202020202020202020202020202034353331
02-12-2022 17:35:42.303,433,RECV,7E00198122224D00202020202020202020202020202020202034353430
02-12-2022 17:35:42.744,434,RECV,7E00198122224D0020202020202020202020202020202020203435352F
02-12-2022 17:35:43.243,435,RECV,7E00198122224D0020202020202020202020202020202020203435362E
02-12-2022 17:35:43.750,436,RECV,7E00198122224D0020202020202020202020202020202020203435372D
02-12-2022 17:35:44.253,437,RECV,7E00198122224D0020202020202020202020202020202020203435382C
02-12-2022 17:35:44.755,438,RECV,7E00198122224D0020202020202020202020202020202020203435392B
02-12-2022 17:35:45.258,439,RECV,7E00198122224D00202020202020202020202020202020202034363033
02-12-2022 17:35:45.759,440,RECV,7E00198122224D00202020202020202020202020202020202034363132
02-12-2022 17:35:46.762,441,RECV,7E00198122224D00202020202020202020202020202020202034363330
02-12-2022 17:35:47.261,442,RECV,7E00198122224D0020202020202020202020202020202020203436342F
02-12-2022 17:35:47.765,443,RECV,7E00198122224D0020202020202020202020202020202020203436352E
02-12-2022 17:35:48.268,444,RECV,7E00198122224D0020202020202020202020202020202020203436362D
02-12-2022 17:35:49.267,445,RECV,7E00198122224D0020202020202020202020202020202020203436382B
02-12-2022 17:35:49.772,446,RECV,7E00198122224D0020202020202020202020202020202020203436392A
02-12-2022 17:35:50.278,447,RECV,7E00198122224D00202020202020202020202020202020202034373032
02-12-2022 17:35:50.779,448,RECV,7E00198122224D00202020202020202020202020202020202034373131
02-12-2022 17:35:51.784,449,RECV,7E00198122224D0020202020202020202020202020202020203437332F
02-12-2022 17:35:52.288,450,RECV,7E00198122224D0020202020202020202020202020202020203437342E
02-12-2022 17:35:52.791,451,RECV,7E00198122224D0020202020202020202020202020202020203437352D
02-12-2022 17:35:53.296,452,RECV,7E00198122224D0020202020202020202020202020202020203437362C
02-12-2022 17:35:53.797,453,RECV,7E00198122224D0020202020202020202020202020202020203437372B
02-12-2022 17:35:54.302,454,RECV,7E00198122224D0020202020202020202020202020202020203437382A
02-12-2022 17:35:54.808,455,RECV,7E00198122224C0020202020202020202020202020202020203437392A
02-12-2022 17:35:55.250,456,RECV,7E00198122224D00202020202020202020202020202020202034383031
02-12-2022 17:35:55.813,457,RECV,7E00198122224D00202020202020202020202020202020202034383130
02-12-2022 17:35:56.759,458,RECV,7E00198122224D0020202020202020202020202020202020203438332E
02-12-2022 17:35:57.265,459,RECV,7E00198122224D0020202020202020202020202020202020203438342D
02-12-2022 17:35:57.771,460,RECV,7E00198122224D0020202020202020202020202020202020203438352C
02-12-2022 17:35:58.274,461,RECV,7E00198122224D0020202020202020202020202020202020203438362B
02-12-2022 17:35:58.778,462,RECV,7E00198122224D0020202020202020202020202020202020203438372A
02-12-2022 17:35:59.281,463,RECV,7E00198122224D00202020202020202020202020202020202034383829
02-12-2022 17:35:59.782,464,RECV,7E00198122224D00202020202020202020202020202020202034383928
02-12-2022 17:36:00.284,465,RECV,7E00198122224D00202020202020202020202020202020202034393030
02-12-2022 17:36:00.787,466,RECV,7E00198122224D0020202020202020202020202020202020203439312F
02-12-2022 17:36:01.290,467,RECV,7E00198122224D0020202020202020202020202020202020203439322E
02-12-2022 17:36:01.797,468,RECV,7E00198122224D0020202020202020202020202020202020203439332D
02-12-2022 17:36:02.300,469,RECV,7E00198122224D0020202020202020202020202020202020203439342C
02-12-2022 17:36:02.802,470,RECV,7E00198122224D0020202020202020202020202020202020203439352B
02-12-2022 17:36:03.306,471,RECV,7E00198122224D0020202020202020202020202020202020203439362A
02-12-2022 17:36:03.808,472,RECV,7E00198122224D00202020202020202020202020202020202034393729
02-12-2022 17:36:04.311,473,RECV,7E00198122224D00202020202020202020202020202020202034393828
02-12-2022 17:36:04.816,474,RECV,7E00198122224D00202020202020202020202020202020202034393927
02-12-2022 17:36:05.261,475,RECV,7E00198122224D00202020202020202020202020202020202035303038
02-12-2022 17:36:05.766,476,RECV,7E00198122224D00202020202020202020202020202020202035303137
02-12-2022 17:36:06.269,477,RECV,7E00198122224D00202020202020202020202020202020202035303236
02-12-2022 17:36:06.771,478,RECV,7E00198122224D00202020202020202020202020202020202035303335
02-12-2022 17:36:07.269,479,RECV,7E00198122224D00202020202020202020202020202020202035303434
02-12-2022 17:36:08.278,480,RECV,7E00198122224B00202020202020202020202020202020202035303634
02-12-2022 17:36:08.780,481,RECV,7E00198122224D00202020202020202020202020202020202035303731
02-12-2022 17:36:09.287,482,RECV,7E00198122224D00202020202020202020202020202020202035303830
02-12-2022 17:36:09.787,483,RECV,7E00198122224D0020202020202020202020202020202020203530392F
02-12-2022 17:36:10.293,484,RECV,7E00198122224D00202020202020202020202020202020202035313037
02-12-2022 17:36:10.793,485,RECV,7E00198122224D00202020202020202020202020202020202035313136
02-12-2022 17:36:11.297,486,RECV,7E00198122224D00202020202020202020202020202020202035313235
02-12-2022 17:36:11.796,487,RECV,7E00198122224D00202020202020202020202020202020202035313334
02-12-2022 17:36:12.295,488,RECV,7E00198122224D00202020202020202020202020202020202035313433
02-12-2022 17:36:12.794,489,RECV,7E00198122224C00202020202020202020202020202020202035313533
02-12-2022 17:36:13.299,490,RECV,7E00198122224D00202020202020202020202020202020202035313631
02-12-2022 17:36:13.800,491,RECV,7E00198122224D00202020202020202020202020202020202035313730
02-12-2022 17:36:14.299,492,RECV,7E00198122224D0020202020202020202020202020202020203531382F
02-12-2022 17:36:14.798,493,RECV,7E00198122224C0020202020202020202020202020202020203531392F
02-12-2022 17:36:15.802,494,RECV,7E00198122224D00202020202020202020202020202020202035323135
02-12-2022 17:36:16.300,495,RECV,7E00198122224D00202020202020202020202020202020202035323234
02-12-2022 17:36:16.805,496,RECV,7E00198122224D00202020202020202020202020202020202035323333
02-12-2022 17:36:17.312,497,RECV,7E00198122224D00202020202020202020202020202020202035323432
02-12-2022 17:36:17.816,498,RECV,7E00198122224D00202020202020202020202020202020202035323531
02-12-2022 17:36:18.318,499,RECV,7E00198122224D00202020202020202020202020202020202035323630
02-12-2022 17:36:18.827,500,RECV,7E00198122224D0020202020202020202020202020202020203532372F
02-12-2022 17:36:19.333,501,RECV,7E00198122224D0020202020202020202020202020202020203532382E
02-12-2022 17:36:19.773,502,RECV,7E00198122224D0020202020202020202020202020202020203532392D
02-12-2022 17:36:20.277,503,RECV,7E00198122224D00202020202020202020202020202020202035333035
02-12-2022 17:36:20.780,504,RECV,7E00198122224D00202020202020202020202020202020202035333134
02-12-2022 17:36:21.793,505,RECV,7E00198122224D00202020202020202020202020202020202035333332
02-12-2022 17:36:22.296,506,RECV,7E00198122224D00202020202020202020202020202020202035333431
02-12-2022 17:36:22.802,507,RECV,7E00198122224D00202020202020202020202020202020202035333530
02-12-2022 17:36:23.305,508,RECV,7E00198122224D0020202020202020202020202020202020203533362F
02-12-2022 17:36:23.809,509,RECV,7E00198122224D0020202020202020202020202020202020203533372E
02-12-2022 17:36:24.314,510,RECV,7E00198122224D0020202020202020202020202020202020203533382D
02-12-2022 17:36:24.821,511,RECV,7E00198122224D0020202020202020202020202020202020203533392C
02-12-2022 17:36:25.327,512,RECV,7E00198122224D00202020202020202020202020202020202035343034
02-12-2022 17:36:25.769,513,RECV,7E00198122224D00202020202020202020202020202020202035343133
02-12-2022 17:36:26.330,514,RECV,7E00198122224D00202020202020202020202020202020202035343232
02-12-2022 17:36:26.832,515,RECV,7E00198122224D00202020202020202020202020202020202035343331
02-12-2022 17:36:27.272,516,RECV,7E00198122224D00202020202020202020202020202020202035343430
02-12-2022 17:36:27.839,517,RECV,7E00198122224D0020202020202020202020202020202020203534352F
02-12-2022 17:36:28.337,518,RECV,7E00198122224D0020202020202020202020202020202020203534362E
02-12-2022 17:36:28.776,519,RECV,7E00198122224D0020202020202020202020202020202020203534372D
02-12-2022 17:36:29.274,520,RECV,7E00198122224D0020202020202020202020202020202020203534382C
02-12-2022 17:36:29.793,521,RECV,7E00198122224D0020202020202020202020202020202020203534392B
02-12-2022 17:36:30.280,522,RECV,7E00198122224D00202020202020202020202020202020202035353033
02-12-2022 17:36:30.842,523,RECV,7E00198122224D00202020202020202020202020202020202035353132
02-12-2022 17:36:31.298,524,RECV,7E00198122224D00202020202020202020202020202020202035353231
02-12-2022 17:36:31.788,525,RECV,7E00198122224D00202020202020202020202020202020202035353330
02-12-2022 17:36:32.294,526,RECV,7E00198122224D0020202020202020202020202020202020203535342F
02-12-2022 17:36:33.298,527,RECV,7E00198122224D0020202020202020202020202020202020203535362D
02-12-2022 17:36:33.799,528,RECV,7E00198122224D0020202020202020202020202020202020203535372C
02-12-2022 17:36:34.303,529,RECV,7E00198122224D0020202020202020202020202020202020203535382B
02-12-2022 17:36:34.811,530,RECV,7E00198122224D0020202020202020202020202020202020203535392A
02-12-2022 17:36:35.316,531,RECV,7E00198122224D00202020202020202020202020202020202035363032
02-12-2022 17:36:35.819,532,RECV,7E00198122224D00202020202020202020202020202020202035363131
02-12-2022 17:36:36.321,533,RECV,7E00198122224D00202020202020202020202020202020202035363230
02-12-2022 17:36:36.826,534,RECV,7E00198122224D0020202020202020202020202020202020203536332F
02-12-2022 17:36:37.330,535,RECV,7E00198122224D0020202020202020202020202020202020203536342E
02-12-2022 17:36:37.833,536,RECV,7E00198122224D0020202020202020202020202020202020203536352D
02-12-2022 17:36:38.336,537,RECV,7E00198122224C0020202020202020202020202020202020203536362D
02-12-2022 17:36:38.844,538,RECV,7E00198122224D0020202020202020202020202020202020203536372B
02-12-2022 17:36:39.289,539,RECV,7E00198122224D0020202020202020202020202020202020203536382A
02-12-2022 17:36:39.787,540,RECV,7E00198122224D00202020202020202020202020202020202035363929
02-12-2022 17:36:40.348,541,RECV,7E00198122224D00202020202020202020202020202020202035373031
02-12-2022 17:36:40.790,542,RECV,7E00198122224D00202020202020202020202020202020202035373130
02-12-2022 17:36:41.295,543,RECV,7E00198122224D0020202020202020202020202020202020203537322F
02-12-2022 17:36:42.298,544,RECV,7E00198122224D0020202020202020202020202020202020203537342D
02-12-2022 17:36:42.802,545,RECV,7E00198122224D0020202020202020202020202020202020203537352C
02-12-2022 17:36:43.303,546,RECV,7E00198122224D0020202020202020202020202020202020203537362B
02-12-2022 17:36:43.807,547,RECV,7E00198122224D0020202020202020202020202020202020203537372A
02-12-2022 17:36:44.814,548,RECV,7E00198122224D00202020202020202020202020202020202035373928
02-12-2022 17:36:45.322,549,RECV,7E00198122224D00202020202020202020202020202020202035383030
02-12-2022 17:36:45.823,550,RECV,7E00198122224D0020202020202020202020202020202020203538312F
02-12-2022 17:36:46.324,551,RECV,7E00198122224D0020202020202020202020202020202020203538322E
02-12-2022 17:36:46.829,552,RECV,7E00198122224D0020202020202020202020202020202020203538332D
02-12-2022 17:36:47.332,553,RECV,7E00198122224D0020202020202020202020202020202020203538342C
02-12-2022 17:36:47.832,554,RECV,7E00198122224D0020202020202020202020202020202020203538352B
02-12-2022 17:36:48.339,555,RECV,7E00198122224D0020202020202020202020202020202020203538362A
02-12-2022 17:36:48.843,556,RECV,7E00198122224D00202020202020202020202020202020202035383729
02-12-2022 17:36:49.348,557,RECV,7E00198122224D00202020202020202020202020202020202035383828
02-12-2022 17:36:49.851,558,RECV,7E00198122224D00202020202020202020202020202020202035383927
02-12-2022 17:36:50.356,559,RECV,7E00198122224D0020202020202020202020202020202020203539302F
02-12-2022 17:36:51.358,560,RECV,7E00198122224D0020202020202020202020202020202020203539322D
02-12-2022 17:36:51.798,561,RECV,7E00198122224D0020202020202020202020202020202020203539332C
02-12-2022 17:36:52.303,562,RECV,7E00198122224D0020202020202020202020202020202020203539342B
02-12-2022 17:36:52.805,563,RECV,7E00198122224D0020202020202020202020202020202020203539352A
02-12-2022 17:36:53.311,564,RECV,7E00198122224D00202020202020202020202020202020202035393629
02-12-2022 17:36:53.811,565,RECV,7E00198122224D00202020202020202020202020202020202035393728
02-12-2022 17:36:54.314,566,RECV,7E00198122224D00202020202020202020202020202020202035393827
02-12-2022 17:36:54.819,567,RECV,7E00198122224D00202020202020202020202020202020202035393926
02-12-2022 17:36:55.325,568,RECV,7E00198122224D00202020202020202020202020202020202036303037
02-12-2022 17:36:55.828,569,RECV,7E00198122224D00202020202020202020202020202020202036303136
02-12-2022 17:36:56.329,570,RECV,7E00198122224D00202020202020202020202020202020202036303235
02-12-2022 17:36:56.835,571,RECV,7E00198122224D00202020202020202020202020202020202036303334
02-12-2022 17:36:57.340,572,RECV,7E00198122224D00202020202020202020202020202020202036303433
02-12-2022 17:36:57.843,573,RECV,7E00198122224D00202020202020202020202020202020202036303532
02-12-2022 17:36:58.344,574,RECV,7E00198122224D00202020202020202020202020202020202036303631
02-12-2022 17:36:58.848,575,RECV,7E00198122224D00202020202020202020202020202020202036303730
02-12-2022 17:36:59.352,576,RECV,7E00198122224D0020202020202020202020202020202020203630382F
02-12-2022 17:36:59.856,577,RECV,7E00198122224D0020202020202020202020202020202020203630392E
02-12-2022 17:37:00.356,578,RECV,7E00198122224D00202020202020202020202020202020202036313036
02-12-2022 17:37:00.857,579,RECV,7E00198122224D00202020202020202020202020202020202036313135
02-12-2022 17:37:01.358,580,RECV,7E00198122224D00202020202020202020202020202020202036313234
02-12-2022 17:37:01.819,581,RECV,7E00198122224D00202020202020202020202020202020202036313333
02-12-2022 17:37:02.305,582,RECV,7E00198122224D00202020202020202020202020202020202036313432
02-12-2022 17:37:03.314,583,RECV,7E00198122224D00202020202020202020202020202020202036313630
02-12-2022 17:37:03.817,584,RECV,7E00198122224D0020202020202020202020202020202020203631372F
02-12-2022 17:37:04.824,585,RECV,7E00198122224B0020202020202020202020202020202020203631392F
02-12-2022 17:37:05.328,586,RECV,7E00198122224D00202020202020202020202020202020202036323035
02-12-2022 17:37:05.835,587,RECV,7E00198122224E00202020202020202020202020202020202036323133
02-12-2022 17:37:06.335,588,RECV,7E00198122224D00202020202020202020202020202020202036323233
02-12-2022 17:37:06.841,589,RECV,7E00198122224D00202020202020202020202020202020202036323332
02-12-2022 17:37:07.340,590,RECV,7E00198122224D00202020202020202020202020202020202036323431
02-12-2022 17:37:07.848,591,RECV,7E00198122224D00202020202020202020202020202020202036323530
02-12-2022 17:37:08.856,592,RECV,7E00198122224D0020202020202020202020202020202020203632372E
02-12-2022 17:37:09.358,593,RECV,7E00198122224D0020202020202020202020202020202020203632382D
02-12-2022 17:37:09.859,594,RECV,7E00198122224D0020202020202020202020202020202020203632392C
02-12-2022 17:37:10.364,595,RECV,7E00198122224D00202020202020202020202020202020202036333034
02-12-2022 17:37:10.868,596,RECV,7E00198122224D00202020202020202020202020202020202036333133
02-12-2022 17:37:11.371,597,RECV,7E00198122224D00202020202020202020202020202020202036333232
02-12-2022 17:37:11.813,598,RECV,7E00198122224D00202020202020202020202020202020202036333331
02-12-2022 17:37:12.377,599,RECV,7E00198122224C00202020202020202020202020202020202036333431
02-12-2022 17:37:12.817,600,RECV,7E00198122224D0020202020202020202020202020202020203633352F
02-12-2022 17:37:13.323,601,RECV,7E00198122224D0020202020202020202020202020202020203633362E
02-12-2022 17:37:13.822,602,RECV,7E00198122224D0020202020202020202020202020202020203633372D
02-12-2022 17:37:14.323,603,RECV,7E00198122224D0020202020202020202020202020202020203633382C
02-12-2022 17:37:14.828,604,RECV,7E00198122224D0020202020202020202020202020202020203633392B
02-12-2022 17:37:15.335,605,RECV,7E00198122224D00202020202020202020202020202020202036343033
02-12-2022 17:37:15.834,606,RECV,7E00198122224D00202020202020202020202020202020202036343132
02-12-2022 17:37:16.337,607,RECV,7E00198122224D00202020202020202020202020202020202036343231
02-12-2022 17:37:16.839,608,RECV,7E00198122224D00202020202020202020202020202020202036343330
02-12-2022 17:37:17.343,609,RECV,7E00198122224E0020202020202020202020202020202020203634342E
02-12-2022 17:37:17.846,610,RECV,7E00198122224D0020202020202020202020202020202020203634352E
02-12-2022 17:37:18.349,611,RECV,7E0019812222500020202020202020202020202020202020203634362A
02-12-2022 17:37:18.854,612,RECV,7E00198122224E0020202020202020202020202020202020203634372B
02-12-2022 17:37:19.358,613,RECV,7E00198122224E0020202020202020202020202020202020203634382A
02-12-2022 17:37:19.861,614,RECV,7E00198122224E00202020202020202020202020202020202036343929
02-12-2022 17:37:20.869,615,RECV,7E00198122224B00202020202020202020202020202020202036353133
02-12-2022 17:37:21.878,616,RECV,7E00198122224E0020202020202020202020202020202020203635332E
02-12-2022 17:37:22.319,617,RECV,7E00198122224F0020202020202020202020202020202020203635342C
02-12-2022 17:37:22.882,618,RECV,7E00198122224F0020202020202020202020202020202020203635352B
02-12-2022 17:37:23.385,619,RECV,7E00198122224F0020202020202020202020202020202020203635362A
02-12-2022 17:37:23.826,620,RECV,7E00198122224E0020202020202020202020202020202020203635372A
02-12-2022 17:37:24.329,621,RECV,7E00198122224D0020202020202020202020202020202020203635382A
02-12-2022 17:37:24.834,622,RECV,7E00198122224F00202020202020202020202020202020202036353927
02-12-2022 17:37:25.336,623,RECV,7E00198122224E00202020202020202020202020202020202036363030
02-12-2022 17:37:25.843,624,RECV,7E00198122224D00202020202020202020202020202020202036363130
02-12-2022 17:37:26.853,625,RECV,7E00198122224D0020202020202020202020202020202020203636332E
02-12-2022 17:37:27.359,626,RECV,7E00198122224D0020202020202020202020202020202020203636342D
02-12-2022 17:37:27.864,627,RECV,7E00198122224D0020202020202020202020202020202020203636352C
02-12-2022 17:37:28.870,628,RECV,7E00198122224D0020202020202020202020202020202020203636372A
02-12-2022 17:37:29.377,629,RECV,7E00198122224D00202020202020202020202020202020202036363829
02-12-2022 17:37:29.881,630,RECV,7E00198122224D00202020202020202020202020202020202036363928
02-12-2022 17:37:30.384,631,RECV,7E00198122224D00202020202020202020202020202020202036373030
02-12-2022 17:37:30.827,632,RECV,7E00198122224D0020202020202020202020202020202020203637312F
02-12-2022 17:37:31.328,633,RECV,7E00198122224D0020202020202020202020202020202020203637322E
02-12-2022 17:37:31.895,634,RECV,7E00198122224D0020202020202020202020202020202020203637332D
02-12-2022 17:37:32.331,635,RECV,7E00198122224C0020202020202020202020202020202020203637342D
02-12-2022 17:37:32.839,636,RECV,7E00198122224D0020202020202020202020202020202020203637352B
02-12-2022 17:37:33.340,637,RECV,7E00198122224D0020202020202020202020202020202020203637362A
02-12-2022 17:37:33.847,638,RECV,7E00198122224D00202020202020202020202020202020202036373729
02-12-2022 17:37:34.357,639,RECV,7E00198122224C00202020202020202020202020202020202036373829
02-12-2022 17:37:35.361,640,RECV,7E00198122224D0020202020202020202020202020202020203638302F
02-12-2022 17:37:35.864,641,RECV,7E00198122224D0020202020202020202020202020202020203638312E
02-12-2022 17:37:36.371,642,RECV,7E00198122224D0020202020202020202020202020202020203638322D
02-12-2022 17:37:36.877,643,RECV,7E00198122224D0020202020202020202020202020202020203638332C
02-12-2022 17:37:37.383,644,RECV,7E00198122224D0020202020202020202020202020202020203638342B
02-12-2022 17:37:37.886,645,RECV,7E00198122224D0020202020202020202020202020202020203638352A
02-12-2022 17:37:38.393,646,RECV,7E00198122224D00202020202020202020202020202020202036383629
02-12-2022 17:37:38.897,647,RECV,7E00198122224D00202020202020202020202020202020202036383728
02-12-2022 17:37:39.338,648,RECV,7E00198122224D00202020202020202020202020202020202036383827
02-12-2022 17:37:39.839,649,RECV,7E00198122224D00202020202020202020202020202020202036383926
02-12-2022 17:37:40.344,650,RECV,7E00198122224D0020202020202020202020202020202020203639302E
02-12-2022 17:37:40.848,651,RECV,7E00198122224D0020202020202020202020202020202020203639312D
02-12-2022 17:37:41.356,652,RECV,7E00198122224C0020202020202020202020202020202020203639322D
02-12-2022 17:37:41.861,653,RECV,7E00198122224D0020202020202020202020202020202020203639332B
02-12-2022 17:37:42.367,654,RECV,7E00198122224D0020202020202020202020202020202020203639342A
02-12-2022 17:37:42.871,655,RECV,7E00198122224D00202020202020202020202020202020202036393529
02-12-2022 17:37:43.373,656,RECV,7E00198122224D00202020202020202020202020202020202036393628
02-12-2022 17:37:43.882,657,RECV,7E00198122224C00202020202020202020202020202020202036393728
02-12-2022 17:37:44.385,658,RECV,7E00198122224D00202020202020202020202020202020202036393826
02-12-2022 17:37:44.887,659,RECV,7E00198122224D00202020202020202020202020202020202036393925
02-12-2022 17:37:45.383,660,RECV,7E00198122224D00202020202020202020202020202020202037303036
02-12-2022 17:37:45.885,661,RECV,7E00198122224D00202020202020202020202020202020202037303135
02-12-2022 17:37:46.391,662,RECV,7E00198122224D00202020202020202020202020202020202037303234
02-12-2022 17:37:46.896,663,RECV,7E00198122224D00202020202020202020202020202020202037303333
02-12-2022 17:37:47.337,664,RECV,7E00198122224D00202020202020202020202020202020202037303432
02-12-2022 17:37:47.907,665,RECV,7E00198122224C00202020202020202020202020202020202037303532
02-12-2022 17:37:48.344,666,RECV,7E00198122224D00202020202020202020202020202020202037303630
02-12-2022 17:37:48.842,667,RECV,7E00198122224D0020202020202020202020202020202020203730372F
02-12-2022 17:37:49.345,668,RECV,7E00198122224D0020202020202020202020202020202020203730382E
02-12-2022 17:37:49.904,669,RECV,7E00198122224D0020202020202020202020202020202020203730392D
02-12-2022 17:37:50.344,670,RECV,7E00198122224B00202020202020202020202020202020202037313037
02-12-2022 17:37:50.849,671,RECV,7E00198122224D00202020202020202020202020202020202037313134
02-12-2022 17:37:51.354,672,RECV,7E00198122224D00202020202020202020202020202020202037313233
02-12-2022 17:37:51.861,673,RECV,7E00198122224D00202020202020202020202020202020202037313332
02-12-2022 17:37:52.362,674,RECV,7E00198122224D00202020202020202020202020202020202037313431
02-12-2022 17:37:52.863,675,RECV,7E00198122224D00202020202020202020202020202020202037313530
02-12-2022 17:37:53.362,676,RECV,7E00198122224D0020202020202020202020202020202020203731362F
02-12-2022 17:37:53.862,677,RECV,7E00198122224D0020202020202020202020202020202020203731372E
02-12-2022 17:37:54.368,678,RECV,7E00198122224D0020202020202020202020202020202020203731382D
02-12-2022 17:37:54.871,679,RECV,7E00198122224D0020202020202020202020202020202020203731392C
02-12-2022 17:37:55.376,680,RECV,7E00198122224B00202020202020202020202020202020202037323036
02-12-2022 17:37:55.879,681,RECV,7E00198122224D00202020202020202020202020202020202037323133
02-12-2022 17:37:56.383,682,RECV,7E00198122224B00202020202020202020202020202020202037323234
02-12-2022 17:37:57.394,683,RECV,7E00198122224D00202020202020202020202020202020202037323430
02-12-2022 17:37:57.897,684,RECV,7E00198122224D0020202020202020202020202020202020203732352F
02-12-2022 17:37:58.403,685,RECV,7E00198122224D0020202020202020202020202020202020203732362E
02-12-2022 17:37:58.904,686,RECV,7E00198122224C0020202020202020202020202020202020203732372E
02-12-2022 17:37:59.409,687,RECV,7E00198122224D0020202020202020202020202020202020203732382C
02-12-2022 17:37:59.850,688,RECV,7E00198122224D0020202020202020202020202020202020203732392B
02-12-2022 17:38:00.419,689,RECV,7E00198122224D00202020202020202020202020202020202037333033
02-12-2022 17:38:00.860,690,RECV,7E00198122224D00202020202020202020202020202020202037333132
02-12-2022 17:38:01.362,691,RECV,7E00198122224D00202020202020202020202020202020202037333231
02-12-2022 17:38:01.866,692,RECV,7E00198122224D00202020202020202020202020202020202037333330
02-12-2022 17:38:02.875,693,RECV,7E00198122224D0020202020202020202020202020202020203733352E
02-12-2022 17:38:03.379,694,RECV,7E00198122224D0020202020202020202020202020202020203733362D
02-12-2022 17:38:03.882,695,RECV,7E00198122224D0020202020202020202020202020202020203733372C
02-12-2022 17:38:04.383,696,RECV,7E00198122224D0020202020202020202020202020202020203733382B
02-12-2022 17:38:04.886,697,RECV,7E00198122224D0020202020202020202020202020202020203733392A
02-12-2022 17:38:05.389,698,RECV,7E00198122224D00202020202020202020202020202020202037343032
02-12-2022 17:38:05.896,699,RECV,7E00198122224D00202020202020202020202020202020202037343131
02-12-2022 17:38:06.398,700,RECV,7E00198122224D00202020202020202020202020202020202037343230
02-12-2022 17:38:06.900,701,RECV,7E00198122224D0020202020202020202020202020202020203734332F
02-12-2022 17:38:07.406,702,RECV,7E00198122224D0020202020202020202020202020202020203734342E
02-12-2022 17:38:07.908,703,RECV,7E00198122224D0020202020202020202020202020202020203734352D
02-12-2022 17:38:08.411,704,RECV,7E00198122224D0020202020202020202020202020202020203734362C
02-12-2022 17:38:08.917,705,RECV,7E00198122224D0020202020202020202020202020202020203734372B
02-12-2022 17:38:09.420,706,RECV,7E00198122224D0020202020202020202020202020202020203734382A
02-12-2022 17:38:09.862,707,RECV,7E00198122224D00202020202020202020202020202020202037343929
02-12-2022 17:38:10.364,708,RECV,7E00198122224D00202020202020202020202020202020202037353031
02-12-2022 17:38:10.870,709,RECV,7E00198122224D00202020202020202020202020202020202037353130
02-12-2022 17:38:11.377,710,RECV,7E00198122224D0020202020202020202020202020202020203735322F
02-12-2022 17:38:11.887,711,RECV,7E00198122224D0020202020202020202020202020202020203735332E
02-12-2022 17:38:12.393,712,RECV,7E00198122224D0020202020202020202020202020202020203735342D
02-12-2022 17:38:12.891,713,RECV,7E00198122224D0020202020202020202020202020202020203735352C
02-12-2022 17:38:13.389,714,RECV,7E00198122224D0020202020202020202020202020202020203735362B
02-12-2022 17:38:13.889,715,RECV,7E00198122224D0020202020202020202020202020202020203735372A
02-12-2022 17:38:14.395,716,RECV,7E00198122224D00202020202020202020202020202020202037353829
02-12-2022 17:38:14.901,717,RECV,7E00198122224D00202020202020202020202020202020202037353928
02-12-2022 17:38:15.409,718,RECV,7E00198122224D00202020202020202020202020202020202037363030
02-12-2022 17:38:15.914,719,RECV,7E00198122224D0020202020202020202020202020202020203736312F
02-12-2022 17:38:16.418,720,RECV,7E00198122224D0020202020202020202020202020202020203736322E
02-12-2022 17:38:16.919,721,RECV,7E00198122224D0020202020202020202020202020202020203736332D
02-12-2022 17:38:17.422,722,RECV,7E00198122224D0020202020202020202020202020202020203736342C
02-12-2022 17:38:17.926,723,RECV,7E00198122224D0020202020202020202020202020202020203736352B
02-12-2022 17:38:18.370,724,RECV,7E00198122224D0020202020202020202020202020202020203736362A
02-12-2022 17:38:18.872,725,RECV,7E00198122224D00202020202020202020202020202020202037363729
02-12-2022 17:38:19.381,726,RECV,7E00198122224D00202020202020202020202020202020202037363828
02-12-2022 17:38:19.885,727,RECV,7E00198122224D00202020202020202020202020202020202037363927
02-12-2022 17:38:20.388,728,RECV,7E00198122224D0020202020202020202020202020202020203737302F
02-12-2022 17:38:20.889,729,RECV,7E00198122224D0020202020202020202020202020202020203737312E
02-12-2022 17:38:21.395,730,RECV,7E00198122224D0020202020202020202020202020202020203737322D
02-12-2022 17:38:22.406,731,RECV,7E00198122224D0020202020202020202020202020202020203737342B
02-12-2022 17:38:22.911,732,RECV,7E00198122224D0020202020202020202020202020202020203737352A
02-12-2022 17:38:23.416,733,RECV,7E00198122224C0020202020202020202020202020202020203737362A
02-12-2022 17:38:23.918,734,RECV,7E00198122224D00202020202020202020202020202020202037373728
02-12-2022 17:38:24.417,735,RECV,7E00198122224D00202020202020202020202020202020202037373827
02-12-2022 17:38:24.912,736,RECV,7E00198122224D00202020202020202020202020202020202037373926
02-12-2022 17:38:25.415,737,RECV,7E00198122224D0020202020202020202020202020202020203738302E
02-12-2022 17:38:25.923,738,RECV,7E00198122224D0020202020202020202020202020202020203738312D
02-12-2022 17:38:26.932,739,RECV,7E00198122224D0020202020202020202020202020202020203738332B
02-12-2022 17:38:27.436,740,RECV,7E00198122224D0020202020202020202020202020202020203738342A
02-12-2022 17:38:28.384,741,RECV,7E00198122224D00202020202020202020202020202020202037383628
02-12-2022 17:38:28.891,742,RECV,7E00198122224C00202020202020202020202020202020202037383728
02-12-2022 17:38:29.399,743,RECV,7E00198122224D00202020202020202020202020202020202037383826
02-12-2022 17:38:29.900,744,RECV,7E00198122224D00202020202020202020202020202020202037383925
02-12-2022 17:38:30.402,745,RECV,7E00198122224C0020202020202020202020202020202020203739302E
02-12-2022 17:38:30.908,746,RECV,7E00198122224D0020202020202020202020202020202020203739312C
02-12-2022 17:38:31.415,747,RECV,7E00198122224D0020202020202020202020202020202020203739322B
02-12-2022 17:38:31.918,748,RECV,7E00198122224D0020202020202020202020202020202020203739332A
02-12-2022 17:38:32.422,749,RECV,7E00198122224D00202020202020202020202020202020202037393429
02-12-2022 17:38:32.924,750,RECV,7E00198122224D00202020202020202020202020202020202037393528
02-12-2022 17:38:33.428,751,RECV,7E00198122224D00202020202020202020202020202020202037393627
02-12-2022 17:38:33.932,752,RECV,7E00198122224D00202020202020202020202020202020202037393726
02-12-2022 17:38:34.434,753,RECV,7E00198122224D00202020202020202020202020202020202037393825
02-12-2022 17:38:34.940,754,RECV,7E00198122224D00202020202020202020202020202020202037393924
02-12-2022 17:38:35.379,755,RECV,7E00198122224D00202020202020202020202020202020202038303035
02-12-2022 17:38:35.943,756,RECV,7E00198122224D00202020202020202020202020202020202038303134
02-12-2022 17:38:36.445,757,RECV,7E00198122224D00202020202020202020202020202020202038303233
02-12-2022 17:38:36.885,758,RECV,7E00198122224D00202020202020202020202020202020202038303332
02-12-2022 17:38:37.386,759,RECV,7E00198122224D00202020202020202020202020202020202038303431
02-12-2022 17:38:37.893,760,RECV,7E00198122224D00202020202020202020202020202020202038303530
02-12-2022 17:38:38.395,761,RECV,7E00198122224D0020202020202020202020202020202020203830362F
02-12-2022 17:38:38.896,762,RECV,7E00198122224D0020202020202020202020202020202020203830372E
02-12-2022 17:38:39.400,763,RECV,7E00198122224D0020202020202020202020202020202020203830382D
02-12-2022 17:38:39.900,764,RECV,7E00198122224D0020202020202020202020202020202020203830392C
02-12-2022 17:38:40.403,765,RECV,7E00198122224D00202020202020202020202020202020202038313034
02-12-2022 17:38:40.903,766,RECV,7E00198122224D00202020202020202020202020202020202038313133
02-12-2022 17:38:41.408,767,RECV,7E00198122224D00202020202020202020202020202020202038313232
02-12-2022 17:38:41.912,768,RECV,7E00198122224D00202020202020202020202020202020202038313331
02-12-2022 17:38:42.413,769,RECV,7E00198122224D00202020202020202020202020202020202038313430
02-12-2022 17:38:42.912,770,RECV,7E00198122224D0020202020202020202020202020202020203831352F
02-12-2022 17:38:43.415,771,RECV,7E00198122224D0020202020202020202020202020202020203831362E
02-12-2022 17:38:43.920,772,RECV,7E00198122224D0020202020202020202020202020202020203831372D
02-12-2022 17:38:44.424,773,RECV,7E00198122224B0020202020202020202020202020202020203831382E
02-12-2022 17:38:44.929,774,RECV,7E00198122224B0020202020202020202020202020202020203831392D
02-12-2022 17:38:45.434,775,RECV,7E00198122224D00202020202020202020202020202020202038323033
02-12-2022 17:38:45.933,776,RECV,7E00198122224D00202020202020202020202020202020202038323132
02-12-2022 17:38:46.437,777,RECV,7E00198122224D00202020202020202020202020202020202038323231
02-12-2022 17:38:46.939,778,RECV,7E00198122224D00202020202020202020202020202020202038323330
02-12-2022 17:38:47.435,779,RECV,7E00198122224D0020202020202020202020202020202020203832342F
02-12-2022 17:38:47.933,780,RECV,7E00198122224D0020202020202020202020202020202020203832352E
02-12-2022 17:38:48.438,781,RECV,7E00198122224D0020202020202020202020202020202020203832362D
02-12-2022 17:38:48.943,782,RECV,7E00198122224D0020202020202020202020202020202020203832372C
02-12-2022 17:38:49.388,783,RECV,7E00198122224D0020202020202020202020202020202020203832382B
02-12-2022 17:38:49.957,784,RECV,7E00198122224D0020202020202020202020202020202020203832392A
02-12-2022 17:38:50.904,785,RECV,7E00198122224D00202020202020202020202020202020202038333131
02-12-2022 17:38:51.401,786,RECV,7E00198122224D00202020202020202020202020202020202038333230
02-12-2022 17:38:51.905,787,RECV,7E00198122224C00202020202020202020202020202020202038333330
02-12-2022 17:38:52.404,788,RECV,7E00198122224D0020202020202020202020202020202020203833342E
02-12-2022 17:38:52.912,789,RECV,7E00198122224D0020202020202020202020202020202020203833352D
02-12-2022 17:38:53.415,790,RECV,7E00198122224D0020202020202020202020202020202020203833362C
02-12-2022 17:38:53.921,791,RECV,7E00198122224D0020202020202020202020202020202020203833372B
02-12-2022 17:38:54.931,792,RECV,7E00198122224D00202020202020202020202020202020202038333929
02-12-2022 17:38:55.435,793,RECV,7E00198122224D00202020202020202020202020202020202038343031
02-12-2022 17:38:55.940,794,RECV,7E00198122224D00202020202020202020202020202020202038343130
02-12-2022 17:38:56.443,795,RECV,7E00198122224D0020202020202020202020202020202020203834322F
02-12-2022 17:38:56.950,796,RECV,7E00198122224D0020202020202020202020202020202020203834332E
02-12-2022 17:38:57.458,797,RECV,7E00198122224D0020202020202020202020202020202020203834342D
02-12-2022 17:38:57.957,798,RECV,7E00198122224D0020202020202020202020202020202020203834352C
02-12-2022 17:38:58.401,799,RECV,7E00198122224D0020202020202020202020202020202020203834362B
02-12-2022 17:38:58.905,800,RECV,7E00198122224D0020202020202020202020202020202020203834372A
02-12-2022 17:38:59.412,801,RECV,7E00198122224D00202020202020202020202020202020202038343829
02-12-2022 17:38:59.913,802,RECV,7E00198122224D00202020202020202020202020202020202038343928
02-12-2022 17:39:00.421,803,RECV,7E00198122224D00202020202020202020202020202020202038353030
02-12-2022 17:39:00.923,804,RECV,7E00198122224D0020202020202020202020202020202020203835312F
02-12-2022 17:39:01.431,805,RECV,7E00198122224C0020202020202020202020202020202020203835322F
02-12-2022 17:39:01.933,806,RECV,7E00198122224D0020202020202020202020202020202020203835332D
02-12-2022 17:39:02.434,807,RECV,7E00198122224D0020202020202020202020202020202020203835342C
02-12-2022 17:39:02.932,808,RECV,7E00198122224D0020202020202020202020202020202020203835352B
02-12-2022 17:39:03.435,809,RECV,7E00198122224D0020202020202020202020202020202020203835362A
02-12-2022 17:39:03.935,810,RECV,7E00198122224D00202020202020202020202020202020202038353729
02-12-2022 17:39:04.441,811,RECV,7E00198122224D00202020202020202020202020202020202038353828
02-12-2022 17:39:04.945,812,RECV,7E00198122224D00202020202020202020202020202020202038353927
02-12-2022 17:39:05.449,813,RECV,7E00198122224D0020202020202020202020202020202020203836302F
02-12-2022 17:39:05.949,814,RECV,7E00198122224D0020202020202020202020202020202020203836312E
02-12-2022 17:39:06.452,815,RECV,7E00198122224D0020202020202020202020202020202020203836322D
02-12-2022 17:39:06.954,816,RECV,7E00198122224D0020202020202020202020202020202020203836332C
02-12-2022 17:39:07.457,817,RECV,7E00198122224C0020202020202020202020202020202020203836342C
02-12-2022 17:39:07.961,818,RECV,7E00198122224D0020202020202020202020202020202020203836352A
02-12-2022 17:39:08.463,819,RECV,7E00198122224C0020202020202020202020202020202020203836362A
02-12-2022 17:39:08.907,820,RECV,7E00198122224D00202020202020202020202020202020202038363728
02-12-2022 17:39:09.404,821,RECV,7E00198122224D00202020202020202020202020202020202038363827
02-12-2022 17:39:09.969,822,RECV,7E00198122224D00202020202020202020202020202020202038363926
02-12-2022 17:39:10.468,823,RECV,7E00198122224D0020202020202020202020202020202020203837302E
02-12-2022 17:39:10.908,824,RECV,7E00198122224D0020202020202020202020202020202020203837312D
02-12-2022 17:39:11.471,825,RECV,7E00198122224D0020202020202020202020202020202020203837322C
02-12-2022 17:39:11.911,826,RECV,7E00198122224D0020202020202020202020202020202020203837332B
02-12-2022 17:39:12.411,827,RECV,7E00198122224D0020202020202020202020202020202020203837342A
02-12-2022 17:39:12.916,828,RECV,7E00198122224C0020202020202020202020202020202020203837352A
02-12-2022 17:39:13.417,829,RECV,7E00198122224D00202020202020202020202020202020202038373628
02-12-2022 17:39:13.913,830,RECV,7E00198122224D00202020202020202020202020202020202038373727
02-12-2022 17:39:14.418,831,RECV,7E00198122224D00202020202020202020202020202020202038373826
02-12-2022 17:39:14.926,832,RECV,7E00198122224D00202020202020202020202020202020202038373925
02-12-2022 17:39:15.431,833,RECV,7E00198122224D0020202020202020202020202020202020203838302D
02-12-2022 17:39:15.935,834,RECV,7E00198122224D0020202020202020202020202020202020203838312C
02-12-2022 17:39:16.945,835,RECV,7E00198122224D0020202020202020202020202020202020203838332A
02-12-2022 17:39:17.450,836,RECV,7E00198122224D00202020202020202020202020202020202038383429
02-12-2022 17:39:17.954,837,RECV,7E00198122224D00202020202020202020202020202020202038383528
02-12-2022 17:39:18.461,838,RECV,7E00198122224C00202020202020202020202020202020202038383628
02-12-2022 17:39:18.964,839,RECV,7E00198122224D00202020202020202020202020202020202038383726
02-12-2022 17:39:19.469,840,RECV,7E00198122224D00202020202020202020202020202020202038383825
02-12-2022 17:39:19.910,841,RECV,7E00198122224D00202020202020202020202020202020202038383924
02-12-2022 17:39:20.478,842,RECV,7E00198122224C0020202020202020202020202020202020203839302D
02-12-2022 17:39:20.918,843,RECV,7E00198122224D0020202020202020202020202020202020203839312B
02-12-2022 17:39:21.421,844,RECV,7E00198122224D0020202020202020202020202020202020203839322A
02-12-2022 17:39:21.940,845,RECV,7E00198122224C0020202020202020202020202020202020203839332A
02-12-2022 17:39:22.426,846,RECV,7E00198122224D00202020202020202020202020202020202038393428
02-12-2022 17:39:22.931,847,RECV,7E00198122224D00202020202020202020202020202020202038393527
02-12-2022 17:39:23.435,848,RECV,7E00198122224C00202020202020202020202020202020202038393627
02-12-2022 17:39:23.941,849,RECV,7E00198122224D00202020202020202020202020202020202038393725
02-12-2022 17:39:24.462,850,RECV,7E00198122224D00202020202020202020202020202020202038393824
02-12-2022 17:39:24.938,851,RECV,7E00198122224D00202020202020202020202020202020202038393923
02-12-2022 17:39:25.440,852,RECV,7E00198122224D00202020202020202020202020202020202039303034
02-12-2022 17:39:25.945,853,RECV,7E00198122224D00202020202020202020202020202020202039303133
02-12-2022 17:39:26.449,854,RECV,7E00198122224C00202020202020202020202020202020202039303233
02-12-2022 17:39:26.950,855,RECV,7E00198122224D00202020202020202020202020202020202039303331
02-12-2022 17:39:27.456,856,RECV,7E00198122224C00202020202020202020202020202020202039303431
02-12-2022 17:39:27.956,857,RECV,7E00198122224C00202020202020202020202020202020202039303530
02-12-2022 17:39:28.454,858,RECV,7E00198122224D0020202020202020202020202020202020203930362E
02-12-2022 17:39:28.955,859,RECV,7E00198122224D0020202020202020202020202020202020203930372D
02-12-2022 17:39:29.461,860,RECV,7E00198122224D0020202020202020202020202020202020203930382C
02-12-2022 17:39:29.960,861,RECV,7E00198122224D0020202020202020202020202020202020203930392B
02-12-2022 17:39:30.466,862,RECV,7E00198122224D00202020202020202020202020202020202039313033
02-12-2022 17:39:30.971,863,RECV,7E00198122224D00202020202020202020202020202020202039313132
02-12-2022 17:39:31.472,864,RECV,7E00198122224D00202020202020202020202020202020202039313231
02-12-2022 17:39:32.478,865,RECV,7E00198122224D0020202020202020202020202020202020203931342F
02-12-2022 17:39:32.982,866,RECV,7E00198122224D0020202020202020202020202020202020203931352E
02-12-2022 17:39:33.489,867,RECV,7E00198122224D0020202020202020202020202020202020203931362D
02-12-2022 17:39:34.431,868,RECV,7E00198122224D0020202020202020202020202020202020203931382B
02-12-2022 17:39:34.933,869,RECV,7E00198122224D0020202020202020202020202020202020203931392A
02-12-2022 17:39:35.435,870,RECV,7E00198122224D00202020202020202020202020202020202039323032
02-12-2022 17:39:35.941,871,RECV,7E00198122224D00202020202020202020202020202020202039323131
02-12-2022 17:39:36.448,872,RECV,7E00198122224D00202020202020202020202020202020202039323230
02-12-2022 17:39:36.949,873,RECV,7E00198122224D0020202020202020202020202020202020203932332F
02-12-2022 17:39:37.452,874,RECV,7E00198122224D0020202020202020202020202020202020203932342E
02-12-2022 17:39:37.957,875,RECV,7E00198122224D0020202020202020202020202020202020203932352D
02-12-2022 17:39:38.965,876,RECV,7E00198122224C0020202020202020202020202020202020203932372C
02-12-2022 17:39:39.466,877,RECV,7E00198122224D0020202020202020202020202020202020203932382A
02-12-2022 17:39:39.969,878,RECV,7E00198122224D00202020202020202020202020202020202039323929
02-12-2022 17:39:40.471,879,RECV,7E00198122224D00202020202020202020202020202020202039333031
02-12-2022 17:39:40.975,880,RECV,7E00198122224D00202020202020202020202020202020202039333130
02-12-2022 17:39:41.479,881,RECV,7E00198122224D0020202020202020202020202020202020203933322F
02-12-2022 17:39:41.979,882,RECV,7E00198122224D0020202020202020202020202020202020203933332E
02-12-2022 17:39:42.483,883,RECV,7E00198122224D0020202020202020202020202020202020203933342D
02-12-2022 17:39:42.987,884,RECV,7E00198122224D0020202020202020202020202020202020203933352C
02-12-2022 17:39:43.491,885,RECV,7E00198122224D0020202020202020202020202020202020203933362B
02-12-2022 17:39:43.993,886,RECV,7E00198122224D0020202020202020202020202020202020203933372A
02-12-2022 17:39:44.436,887,RECV,7E00198122224D00202020202020202020202020202020202039333829
02-12-2022 17:39:44.941,888,RECV,7E00198122224C00202020202020202020202020202020202039333929
02-12-2022 17:39:45.443,889,RECV,7E00198122224D00202020202020202020202020202020202039343030
02-12-2022 17:39:45.950,890,RECV,7E00198122224D0020202020202020202020202020202020203934312F
02-12-2022 17:39:46.457,891,RECV,7E00198122224D0020202020202020202020202020202020203934322E
02-12-2022 17:39:46.958,892,RECV,7E00198122224D0020202020202020202020202020202020203934332D
02-12-2022 17:39:47.463,893,RECV,7E00198122224D0020202020202020202020202020202020203934342C
02-12-2022 17:39:47.967,894,RECV,7E00198122224D0020202020202020202020202020202020203934352B
02-12-2022 17:39:48.470,895,RECV,7E00198122224D0020202020202020202020202020202020203934362A
02-12-2022 17:39:48.975,896,RECV,7E00198122224D00202020202020202020202020202020202039343729
02-12-2022 17:39:49.475,897,RECV,7E00198122224D00202020202020202020202020202020202039343828
02-12-2022 17:39:49.981,898,RECV,7E00198122224C00202020202020202020202020202020202039343928
02-12-2022 17:39:50.484,899,RECV,7E00198122224D0020202020202020202020202020202020203935302F
02-12-2022 17:39:50.989,900,RECV,7E00198122224D0020202020202020202020202020202020203935312E
02-12-2022 17:39:51.494,901,RECV,7E00198122224D0020202020202020202020202020202020203935322D
02-12-2022 17:39:51.997,902,RECV,7E00198122224D0020202020202020202020202020202020203935332C
02-12-2022 17:39:52.500,903,RECV,7E00198122224D0020202020202020202020202020202020203935342B
02-12-2022 17:39:53.006,904,RECV,7E00198122224D0020202020202020202020202020202020203935352A
02-12-2022 17:39:53.447,905,RECV,7E00198122224D00202020202020202020202020202020202039353629
02-12-2022 17:39:54.011,906,RECV,7E00198122224C00202020202020202020202020202020202039353729
02-12-2022 17:39:54.453,907,RECV,7E00198122224D00202020202020202020202020202020202039353827
02-12-2022 17:39:54.958,908,RECV,7E00198122224D00202020202020202020202020202020202039353926
02-12-2022 17:39:55.460,909,RECV,7E00198122224D0020202020202020202020202020202020203936302E
02-12-2022 17:39:55.962,910,RECV,7E00198122224D0020202020202020202020202020202020203936312D
02-12-2022 17:39:56.466,911,RECV,7E00198122224D0020202020202020202020202020202020203936322C
02-12-2022 17:39:56.970,912,RECV,7E00198122224C0020202020202020202020202020202020203936332C
02-12-2022 17:39:57.469,913,RECV,7E00198122224D0020202020202020202020202020202020203936342A
02-12-2022 17:39:57.969,914,RECV,7E00198122224D00202020202020202020202020202020202039363529
02-12-2022 17:39:58.467,915,RECV,7E00198122224D00202020202020202020202020202020202039363628
02-12-2022 17:39:58.970,916,RECV,7E00198122224D00202020202020202020202020202020202039363727
02-12-2022 17:39:59.473,917,RECV,7E00198122224D00202020202020202020202020202020202039363826
02-12-2022 17:39:59.978,918,RECV,7E00198122224D00202020202020202020202020202020202039363925
02-12-2022 17:40:00.478,919,RECV,7E00198122224D0020202020202020202020202020202020203937302D
02-12-2022 17:40:00.978,920,RECV,7E00198122224D0020202020202020202020202020202020203937312C
02-12-2022 17:40:01.481,921,RECV,7E00198122224C0020202020202020202020202020202020203937322C
02-12-2022 17:40:01.983,922,RECV,7E00198122224D0020202020202020202020202020202020203937332A
02-12-2022 17:40:02.489,923,RECV,7E00198122224D00202020202020202020202020202020202039373429
02-12-2022 17:40:02.994,924,RECV,7E00198122224D00202020202020202020202020202020202039373528
02-12-2022 17:40:03.497,925,RECV,7E00198122224D00202020202020202020202020202020202039373627
02-12-2022 17:40:04.002,926,RECV,7E00198122224D00202020202020202020202020202020202039373726
02-12-2022 17:40:04.503,927,RECV,7E00198122224D00202020202020202020202020202020202039373825
02-12-2022 17:40:05.009,928,RECV,7E00198122224D00202020202020202020202020202020202039373924
02-12-2022 17:40:05.516,929,RECV,7E00198122224D0020202020202020202020202020202020203938302C
02-12-2022 17:40:05.955,930,RECV,7E00198122224D0020202020202020202020202020202020203938312B
02-12-2022 17:40:06.520,931,RECV,7E00198122224D0020202020202020202020202020202020203938322A
02-12-2022 17:40:06.958,932,RECV,7E00198122224D00202020202020202020202020202020202039383329
02-12-2022 17:40:07.465,933,RECV,7E00198122224D00202020202020202020202020202020202039383428
02-12-2022 17:40:07.967,934,RECV,7E00198122224D00202020202020202020202020202020202039383527
02-12-2022 17:40:08.977,935,RECV,7E00198122224D00202020202020202020202020202020202039383725
02-12-2022 17:40:09.480,936,RECV,7E00198122224D00202020202020202020202020202020202039383824
02-12-2022 17:40:09.987,937,RECV,7E00198122224D00202020202020202020202020202020202039383923
02-12-2022 17:40:10.488,938,RECV,7E00198122224D0020202020202020202020202020202020203939302B
02-12-2022 17:40:10.995,939,RECV,7E00198122224D0020202020202020202020202020202020203939312A
02-12-2022 17:40:11.499,940,RECV,7E00198122224C0020202020202020202020202020202020203939322A
02-12-2022 17:40:12.002,941,RECV,7E00198122224D00202020202020202020202020202020202039393328
02-12-2022 17:40:12.505,942,RECV,7E00198122224D00202020202020202020202020202020202039393427
02-12-2022 17:40:13.011,943,RECV,7E00198122224D00202020202020202020202020202020202039393526
02-12-2022 17:40:13.513,944,RECV,7E00198122224D00202020202020202020202020202020202039393625
02-12-2022 17:40:14.017,945,RECV,7E00198122224D00202020202020202020202020202020202039393724
02-12-2022 17:40:14.519,946,RECV,7E00198122224D00202020202020202020202020202020202039393823
02-12-2022 17:40:14.960,947,RECV,7E00198122224D00202020202020202020202020202020202039393922
