02-12-2022 17:31:06.116,-,API,"Coordinator_802,0013A20041C5375A,802.15.4 TH,2003,COM7 - 115200/8/N/1/N,1,46"

02-12-2022 17:20:30.199,0,RECV,7E00198122225200202020202020202020202020202020202020203058
02-12-2022 17:20:30.701,1,RECV,7E00198122225D0020202020202020202020202020202020202020314C
02-12-2022 17:20:31.204,2,RECV,7E00198122225800202020202020202020202020202020202020203250
02-12-2022 17:20:31.705,3,RECV,7E00198122225500202020202020202020202020202020202020203352
02-12-2022 17:20:32.208,4,RECV,7E0019812222570020202020202020202020202020202020202020344F
02-12-2022 17:20:33.714,5,RECV,7E00198122225300202020202020202020202020202020202020203750
02-12-2022 17:20:34.716,6,RECV,7E00198122225000202020202020202020202020202020202020203951
02-12-2022 17:20:35.213,7,RECV,7E00198122225000202020202020202020202020202020202020313049
02-12-2022 17:20:35.713,8,RECV,7E00198122224F00202020202020202020202020202020202020313149
02-12-2022 17:20:36.210,9,RECV,7E00198122225000202020202020202020202020202020202020313247
02-12-2022 17:20:36.712,10,RECV,7E00198122224F00202020202020202020202020202020202020313347
02-12-2022 17:20:37.212,11,RECV,7E00198122225000202020202020202020202020202020202020313445
02-12-2022 17:20:37.713,12,RECV,7E00198122225000202020202020202020202020202020202020313544
02-12-2022 17:20:38.712,13,RECV,7E00198122225000202020202020202020202020202020202020313742
02-12-2022 17:20:39.212,14,RECV,7E00198122225000202020202020202020202020202020202020313841
02-12-2022 17:20:39.711,15,RECV,7E0019812222510020202020202020202020202020202020202031393F
02-12-2022 17:20:40.213,16,RECV,7E00198122224E0020202020202020202020202020202020202032304A
02-12-2022 17:20:41.713,17,RECV,7E0019812222570020202020202020202020202020202020202032333E
02-12-2022 17:20:42.217,18,RECV,7E00198122224E00202020202020202020202020202020202020323446
02-12-2022 17:20:42.721,19,RECV,7E00198122225300202020202020202020202020202020202020323540
02-12-2022 17:20:43.224,20,RECV,7E00198122224F00202020202020202020202020202020202020323643
02-12-2022 17:20:43.724,21,RECV,7E00198122224F00202020202020202020202020202020202020323742
02-12-2022 17:20:44.232,22,RECV,7E00198122224F00202020202020202020202020202020202020323841
02-12-2022 17:20:44.689,23,RECV,7E00198122224F00202020202020202020202020202020202020323940
02-12-2022 17:20:45.236,24,RECV,7E00198122224F00202020202020202020202020202020202020333048
02-12-2022 17:20:45.736,25,RECV,7E00198122224F00202020202020202020202020202020202020333147
02-12-2022 17:20:46.178,26,RECV,7E00198122224F00202020202020202020202020202020202020333246
02-12-2022 17:20:46.745,27,RECV,7E00198122224F00202020202020202020202020202020202020333345
02-12-2022 17:20:47.188,28,RECV,7E00198122224F00202020202020202020202020202020202020333444
02-12-2022 17:20:47.689,29,RECV,7E00198122224E00202020202020202020202020202020202020333544
02-12-2022 17:20:48.192,30,RECV,7E00198122224F00202020202020202020202020202020202020333642
02-12-2022 17:20:48.691,31,RECV,7E00198122225000202020202020202020202020202020202020333740
02-12-2022 17:20:49.192,32,RECV,7E00198122224E00202020202020202020202020202020202020333841
02-12-2022 17:20:49.695,33,RECV,7E00198122224F0020202020202020202020202020202020202033393F
02-12-2022 17:20:50.200,34,RECV,7E00198122224F00202020202020202020202020202020202020343047
02-12-2022 17:20:50.700,35,RECV,7E00198122224F00202020202020202020202020202020202020343146
02-12-2022 17:20:51.202,36,RECV,7E00198122225000202020202020202020202020202020202020343244
02-12-2022 17:20:51.703,37,RECV,7E00198122224E00202020202020202020202020202020202020343345
02-12-2022 17:20:52.207,38,RECV,7E00198122224F00202020202020202020202020202020202020343443
02-12-2022 17:20:52.712,39,RECV,7E00198122224F00202020202020202020202020202020202020343542
02-12-2022 17:20:53.218,40,RECV,7E00198122224F00202020202020202020202020202020202020343641
02-12-2022 17:20:53.722,41,RECV,7E00198122224F00202020202020202020202020202020202020343740
02-12-2022 17:20:54.228,42,RECV,7E00198122224F0020202020202020202020202020202020202034383F
02-12-2022 17:20:54.732,43,RECV,7E00198122224F0020202020202020202020202020202020202034393E
02-12-2022 17:20:55.231,44,RECV,7E00198122224F00202020202020202020202020202020202020353046
02-12-2022 17:20:55.733,45,RECV,7E00198122224F00202020202020202020202020202020202020353145
02-12-2022 17:20:56.741,46,RECV,7E00198122224F00202020202020202020202020202020202020353343
02-12-2022 17:20:57.198,47,RECV,7E00198122224F00202020202020202020202020202020202020353442
02-12-2022 17:20:57.746,48,RECV,7E00198122225000202020202020202020202020202020202020353540
02-12-2022 17:20:58.252,49,RECV,7E00198122224F00202020202020202020202020202020202020353640
02-12-2022 17:20:58.759,50,RECV,7E00198122224F0020202020202020202020202020202020202035373F
02-12-2022 17:20:59.259,51,RECV,7E00198122224F0020202020202020202020202020202020202035383E
02-12-2022 17:20:59.698,52,RECV,7E00198122224F0020202020202020202020202020202020202035393D
02-12-2022 17:21:00.267,53,RECV,7E00198122224F00202020202020202020202020202020202020363045
02-12-2022 17:21:00.705,54,RECV,7E00198122224F00202020202020202020202020202020202020363144
02-12-2022 17:21:01.204,55,RECV,7E00198122224F00202020202020202020202020202020202020363243
02-12-2022 17:21:01.709,56,RECV,7E00198122225000202020202020202020202020202020202020363341
02-12-2022 17:21:02.209,57,RECV,7E00198122224F00202020202020202020202020202020202020363441
02-12-2022 17:21:02.710,58,RECV,7E00198122224F00202020202020202020202020202020202020363540
02-12-2022 17:21:03.206,59,RECV,7E0019812222500020202020202020202020202020202020202036363E
02-12-2022 17:21:03.705,60,RECV,7E0019812222500020202020202020202020202020202020202036373D
02-12-2022 17:21:04.210,61,RECV,7E0019812222500020202020202020202020202020202020202036383C
02-12-2022 17:21:04.712,62,RECV,7E0019812222500020202020202020202020202020202020202036393B
02-12-2022 17:21:05.218,63,RECV,7E00198122224F00202020202020202020202020202020202020373044
02-12-2022 17:21:05.724,64,RECV,7E00198122224F00202020202020202020202020202020202020373143
02-12-2022 17:21:06.230,65,RECV,7E00198122224E00202020202020202020202020202020202020373243
02-12-2022 17:21:06.735,66,RECV,7E00198122225000202020202020202020202020202020202020373340
02-12-2022 17:21:07.237,67,RECV,7E0019812222500020202020202020202020202020202020202037343F
02-12-2022 17:21:07.742,68,RECV,7E00198122224F0020202020202020202020202020202020202037353F
02-12-2022 17:21:08.242,69,RECV,7E0019812222500020202020202020202020202020202020202037363D
02-12-2022 17:21:08.746,70,RECV,7E00198122224F0020202020202020202020202020202020202037373D
02-12-2022 17:21:09.252,71,RECV,7E00198122224E0020202020202020202020202020202020202037383D
02-12-2022 17:21:09.753,72,RECV,7E00198122224E0020202020202020202020202020202020202037393C
02-12-2022 17:21:10.257,73,RECV,7E00198122224F00202020202020202020202020202020202020383043
02-12-2022 17:21:10.761,74,RECV,7E00198122224F00202020202020202020202020202020202020383142
02-12-2022 17:21:11.200,75,RECV,7E00198122224F00202020202020202020202020202020202020383241
02-12-2022 17:21:11.765,76,RECV,7E00198122224F00202020202020202020202020202020202020383340
02-12-2022 17:21:12.205,77,RECV,7E0019812222500020202020202020202020202020202020202038343E
02-12-2022 17:21:12.710,78,RECV,7E0019812222500020202020202020202020202020202020202038353D
02-12-2022 17:21:13.210,79,RECV,7E0019812222500020202020202020202020202020202020202038363C
02-12-2022 17:21:14.220,80,RECV,7E00158122224F0020202020202020202020202020202020EB
02-12-2022 17:21:14.311,81,RECV,7E00098122224F00202038383B
02-12-2022 17:21:14.724,82,RECV,7E00198122224F0020202020202020202020202020202020202038393A
02-12-2022 17:21:15.227,83,RECV,7E00198122224E00202020202020202020202020202020202020393043
02-12-2022 17:21:15.733,84,RECV,7E00198122224F00202020202020202020202020202020202020393141
02-12-2022 17:21:16.233,85,RECV,7E00198122224F00202020202020202020202020202020202020393240
02-12-2022 17:21:16.740,86,RECV,7E0019812222500020202020202020202020202020202020202039333E
02-12-2022 17:21:17.745,87,RECV,7E0019812222500020202020202020202020202020202020202039353C
02-12-2022 17:21:18.752,88,RECV,7E00198122224F0020202020202020202020202020202020202039373B
02-12-2022 17:21:19.258,89,RECV,7E00198122224F0020202020202020202020202020202020202039383A
02-12-2022 17:21:19.764,90,RECV,7E00198122224E0020202020202020202020202020202020202039393A
02-12-2022 17:21:20.265,91,RECV,7E00198122224E0020202020202020202020202020202020203130303B
02-12-2022 17:21:20.771,92,RECV,7E00198122224F00202020202020202020202020202020202031303139
02-12-2022 17:21:21.208,93,RECV,7E00198122225000202020202020202020202020202020202031303237
02-12-2022 17:21:21.711,94,RECV,7E00198122224F00202020202020202020202020202020202031303337
02-12-2022 17:21:22.217,95,RECV,7E00198122224F00202020202020202020202020202020202031303436
02-12-2022 17:21:22.719,96,RECV,7E00198122224E00202020202020202020202020202020202031303536
02-12-2022 17:21:23.221,97,RECV,7E00198122225000202020202020202020202020202020202031303633
02-12-2022 17:21:23.722,98,RECV,7E00198122224F00202020202020202020202020202020202031303733
02-12-2022 17:21:24.228,99,RECV,7E00198122224E00202020202020202020202020202020202031303833
02-12-2022 17:21:24.733,100,RECV,7E00198122224F00202020202020202020202020202020202031303931
02-12-2022 17:21:25.236,101,RECV,7E00198122224F00202020202020202020202020202020202031313039
02-12-2022 17:21:25.734,102,RECV,7E00198122224F00202020202020202020202020202020202031313138
02-12-2022 17:21:26.238,103,RECV,7E00198122224E00202020202020202020202020202020202031313238
02-12-2022 17:21:26.741,104,RECV,7E00198122224F00202020202020202020202020202020202031313336
02-12-2022 17:21:27.245,105,RECV,7E00198122224F00202020202020202020202020202020202031313435
02-12-2022 17:21:27.742,106,RECV,7E00198122224F00202020202020202020202020202020202031313534
02-12-2022 17:21:28.246,107,RECV,7E00198122224F00202020202020202020202020202020202031313633
02-12-2022 17:21:28.753,108,RECV,7E00198122224F00202020202020202020202020202020202031313732
02-12-2022 17:21:29.254,109,RECV,7E00198122224F00202020202020202020202020202020202031313831
02-12-2022 17:21:29.752,110,RECV,7E00198122224F00202020202020202020202020202020202031313930
02-12-2022 17:21:30.256,111,RECV,7E00198122224F00202020202020202020202020202020202031323038
02-12-2022 17:21:30.764,112,RECV,7E00198122224F00202020202020202020202020202020202031323137
02-12-2022 17:21:31.266,113,RECV,7E00198122224F00202020202020202020202020202020202031323236
02-12-2022 17:21:31.768,114,RECV,7E00198122224F00202020202020202020202020202020202031323335
02-12-2022 17:21:32.271,115,RECV,7E00198122225000202020202020202020202020202020202031323433
02-12-2022 17:21:32.773,116,RECV,7E00198122224E00202020202020202020202020202020202031323534
02-12-2022 17:21:33.274,117,RECV,7E00198122225000202020202020202020202020202020202031323631
02-12-2022 17:21:33.773,118,RECV,7E00198122224F00202020202020202020202020202020202031323731
02-12-2022 17:21:34.216,119,RECV,7E0019812222500020202020202020202020202020202020203132382F
02-12-2022 17:21:34.788,120,RECV,7E00198122224F0020202020202020202020202020202020203132392F
02-12-2022 17:21:35.227,121,RECV,7E00198122224F00202020202020202020202020202020202031333037
02-12-2022 17:21:35.729,122,RECV,7E00198122224E00202020202020202020202020202020202031333137
02-12-2022 17:21:36.733,123,RECV,7E00198122224F00202020202020202020202020202020202031333334
02-12-2022 17:21:37.235,124,RECV,7E00198122225000202020202020202020202020202020202031333432
02-12-2022 17:21:37.739,125,RECV,7E00198122224F00202020202020202020202020202020202031333532
02-12-2022 17:21:38.244,126,RECV,7E00198122224F00202020202020202020202020202020202031333631
02-12-2022 17:21:39.250,127,RECV,7E0019812222500020202020202020202020202020202020203133382E
02-12-2022 17:21:40.758,128,RECV,7E00198122224F00202020202020202020202020202020202031343135
02-12-2022 17:21:41.259,129,RECV,7E00198122224F00202020202020202020202020202020202031343234
02-12-2022 17:21:41.762,130,RECV,7E00198122224F00202020202020202020202020202020202031343333
02-12-2022 17:21:42.272,131,RECV,7E00198122225000202020202020202020202020202020202031343431
02-12-2022 17:21:42.777,132,RECV,7E00198122225000202020202020202020202020202020202031343530
02-12-2022 17:21:43.282,133,RECV,7E0019812222500020202020202020202020202020202020203134362F
02-12-2022 17:21:43.786,134,RECV,7E00198122224F0020202020202020202020202020202020203134372F
02-12-2022 17:21:44.230,135,RECV,7E00198122224F0020202020202020202020202020202020203134382E
02-12-2022 17:21:44.749,136,RECV,7E00198122224E0020202020202020202020202020202020203134392E
02-12-2022 17:21:45.235,137,RECV,7E00198122225000202020202020202020202020202020202031353034
02-12-2022 17:21:45.737,138,RECV,7E00198122225000202020202020202020202020202020202031353133
02-12-2022 17:21:46.242,139,RECV,7E00198122224E00202020202020202020202020202020202031353234
02-12-2022 17:21:46.744,140,RECV,7E00198122224E00202020202020202020202020202020202031353333
02-12-2022 17:21:47.249,141,RECV,7E00198122225000202020202020202020202020202020202031353430
02-12-2022 17:21:47.753,142,RECV,7E00198122224F00202020202020202020202020202020202031353530
02-12-2022 17:21:48.256,143,RECV,7E00198122224F0020202020202020202020202020202020203135362F
02-12-2022 17:21:48.759,144,RECV,7E0019812222500020202020202020202020202020202020203135372D
02-12-2022 17:21:49.261,145,RECV,7E00198122224D0020202020202020202020202020202020203135382F
02-12-2022 17:21:49.764,146,RECV,7E00198122224F0020202020202020202020202020202020203135392C
02-12-2022 17:21:50.270,147,RECV,7E00198122224E00202020202020202020202020202020202031363035
02-12-2022 17:21:51.281,148,RECV,7E00198122224F00202020202020202020202020202020202031363232
02-12-2022 17:21:51.783,149,RECV,7E00198122224F00202020202020202020202020202020202031363331
02-12-2022 17:21:52.282,150,RECV,7E00198122224F00202020202020202020202020202020202031363430
02-12-2022 17:21:52.787,151,RECV,7E00198122224F0020202020202020202020202020202020203136352F
02-12-2022 17:21:53.290,152,RECV,7E0019812222500020202020202020202020202020202020203136362D
02-12-2022 17:21:53.790,153,RECV,7E00198122224F0020202020202020202020202020202020203136372D
02-12-2022 17:21:54.293,154,RECV,7E00198122224F0020202020202020202020202020202020203136382C
02-12-2022 17:21:54.795,155,RECV,7E0019812222500020202020202020202020202020202020203136392A
02-12-2022 17:21:55.238,156,RECV,7E00198122225000202020202020202020202020202020202031373032
02-12-2022 17:21:55.807,157,RECV,7E00198122224F00202020202020202020202020202020202031373132
02-12-2022 17:21:56.270,158,RECV,7E00198122224F00202020202020202020202020202020202031373231
02-12-2022 17:21:56.767,159,RECV,7E00198122224F00202020202020202020202020202020202031373330
02-12-2022 17:21:57.274,160,RECV,7E00198122224F0020202020202020202020202020202020203137342F
02-12-2022 17:21:57.776,161,RECV,7E0019812222500020202020202020202020202020202020203137352D
02-12-2022 17:21:58.282,162,RECV,7E00198122224F0020202020202020202020202020202020203137362D
02-12-2022 17:21:58.784,163,RECV,7E00198122224F0020202020202020202020202020202020203137372C
02-12-2022 17:21:59.284,164,RECV,7E00198122224F0020202020202020202020202020202020203137382B
02-12-2022 17:21:59.788,165,RECV,7E00198122224F0020202020202020202020202020202020203137392A
02-12-2022 17:22:00.294,166,RECV,7E00198122224F00202020202020202020202020202020202031383032
02-12-2022 17:22:00.797,167,RECV,7E00198122224F00202020202020202020202020202020202031383131
02-12-2022 17:22:01.254,168,RECV,7E0019812222500020202020202020202020202020202020203138322F
02-12-2022 17:22:01.804,169,RECV,7E00198122224F0020202020202020202020202020202020203138332F
02-12-2022 17:22:02.248,170,RECV,7E00198122224E0020202020202020202020202020202020203138342F
02-12-2022 17:22:02.750,171,RECV,7E00198122224E0020202020202020202020202020202020203138352E
02-12-2022 17:22:03.258,172,RECV,7E00198122224F0020202020202020202020202020202020203138362C
02-12-2022 17:22:03.763,173,RECV,7E00198122224E0020202020202020202020202020202020203138372C
02-12-2022 17:22:04.261,174,RECV,7E00198122224F0020202020202020202020202020202020203138382A
02-12-2022 17:22:04.762,175,RECV,7E00198122224F00202020202020202020202020202020202031383929
02-12-2022 17:22:05.267,176,RECV,7E00198122224F00202020202020202020202020202020202031393031
02-12-2022 17:22:05.766,177,RECV,7E00198122224F00202020202020202020202020202020202031393130
02-12-2022 17:22:06.271,178,RECV,7E00198122224F0020202020202020202020202020202020203139322F
02-12-2022 17:22:06.774,179,RECV,7E00198122224E0020202020202020202020202020202020203139332F
02-12-2022 17:22:07.276,180,RECV,7E00198122224F0020202020202020202020202020202020203139342D
02-12-2022 17:22:07.779,181,RECV,7E00198122224F0020202020202020202020202020202020203139352C
02-12-2022 17:22:08.281,182,RECV,7E00198122224E0020202020202020202020202020202020203139362C
02-12-2022 17:22:08.786,183,RECV,7E00198122224F0020202020202020202020202020202020203139372A
02-12-2022 17:22:09.289,184,RECV,7E00198122224F00202020202020202020202020202020202031393829
02-12-2022 17:22:09.792,185,RECV,7E00198122224F00202020202020202020202020202020202031393928
02-12-2022 17:22:10.297,186,RECV,7E00198122224F00202020202020202020202020202020202032303039
02-12-2022 17:22:10.800,187,RECV,7E00198122224F00202020202020202020202020202020202032303138
02-12-2022 17:22:11.804,188,RECV,7E00198122224F00202020202020202020202020202020202032303336
02-12-2022 17:22:12.305,189,RECV,7E00198122224F00202020202020202020202020202020202032303435
02-12-2022 17:22:12.802,190,RECV,7E00198122224F00202020202020202020202020202020202032303534
02-12-2022 17:22:13.303,191,RECV,7E00198122224F00202020202020202020202020202020202032303633
02-12-2022 17:22:14.300,192,RECV,7E00198122224F00202020202020202020202020202020202032303831
02-12-2022 17:22:14.799,193,RECV,7E00198122224F00202020202020202020202020202020202032303930
02-12-2022 17:22:15.304,194,RECV,7E00198122224F00202020202020202020202020202020202032313038
02-12-2022 17:22:15.800,195,RECV,7E00198122224D00202020202020202020202020202020202032313139
02-12-2022 17:22:16.306,196,RECV,7E00198122224F00202020202020202020202020202020202032313236
02-12-2022 17:22:16.810,197,RECV,7E00198122224F00202020202020202020202020202020202032313335
02-12-2022 17:22:17.315,198,RECV,7E00198122224F00202020202020202020202020202020202032313434
02-12-2022 17:22:17.815,199,RECV,7E00198122224F00202020202020202020202020202020202032313533
02-12-2022 17:22:18.317,200,RECV,7E00198122224F00202020202020202020202020202020202032313632
02-12-2022 17:22:18.755,201,RECV,7E00198122224F00202020202020202020202020202020202032313731
02-12-2022 17:22:19.324,202,RECV,7E00198122224E00202020202020202020202020202020202032313831
02-12-2022 17:22:19.763,203,RECV,7E00198122224F0020202020202020202020202020202020203231392F
02-12-2022 17:22:20.261,204,RECV,7E00198122224F00202020202020202020202020202020202032323037
02-12-2022 17:22:20.824,205,RECV,7E00198122224F00202020202020202020202020202020202032323136
02-12-2022 17:22:21.766,206,RECV,7E00198122224F00202020202020202020202020202020202032323334
02-12-2022 17:22:22.274,207,RECV,7E00198122225000202020202020202020202020202020202032323432
02-12-2022 17:22:22.777,208,RECV,7E00198122224F00202020202020202020202020202020202032323532
02-12-2022 17:22:23.283,209,RECV,7E00198122224F00202020202020202020202020202020202032323631
02-12-2022 17:22:23.785,210,RECV,7E00198122224F00202020202020202020202020202020202032323730
02-12-2022 17:22:24.287,211,RECV,7E0019812222500020202020202020202020202020202020203232382E
02-12-2022 17:22:24.788,212,RECV,7E00198122224F0020202020202020202020202020202020203232392E
02-12-2022 17:22:25.287,213,RECV,7E00198122224F00202020202020202020202020202020202032333036
02-12-2022 17:22:25.790,214,RECV,7E00198122224F00202020202020202020202020202020202032333135
02-12-2022 17:22:26.292,215,RECV,7E00198122224F00202020202020202020202020202020202032333234
02-12-2022 17:22:26.800,216,RECV,7E00198122224F00202020202020202020202020202020202032333333
02-12-2022 17:22:27.306,217,RECV,7E00198122225000202020202020202020202020202020202032333431
02-12-2022 17:22:27.809,218,RECV,7E00198122225000202020202020202020202020202020202032333530
02-12-2022 17:22:28.307,219,RECV,7E00198122224F00202020202020202020202020202020202032333630
02-12-2022 17:22:29.317,220,RECV,7E00198122224E0020202020202020202020202020202020203233382F
02-12-2022 17:22:29.772,221,RECV,7E0019812222500020202020202020202020202020202020203233392C
02-12-2022 17:22:30.317,222,RECV,7E00198122224E00202020202020202020202020202020202032343036
02-12-2022 17:22:30.820,223,RECV,7E00198122225000202020202020202020202020202020202032343133
02-12-2022 17:22:31.318,224,RECV,7E00198122224F00202020202020202020202020202020202032343233
02-12-2022 17:22:31.820,225,RECV,7E00198122224F00202020202020202020202020202020202032343332
02-12-2022 17:22:32.324,226,RECV,7E00198122224F00202020202020202020202020202020202032343431
02-12-2022 17:22:32.765,227,RECV,7E00198122224F00202020202020202020202020202020202032343530
02-12-2022 17:22:33.285,228,RECV,7E00198122224E00202020202020202020202020202020202032343630
02-12-2022 17:22:33.773,229,RECV,7E0019812222500020202020202020202020202020202020203234372D
02-12-2022 17:22:34.275,230,RECV,7E00198122224F0020202020202020202020202020202020203234382D
02-12-2022 17:22:34.780,231,RECV,7E00198122224E0020202020202020202020202020202020203234392D
02-12-2022 17:22:35.283,232,RECV,7E00198122224F00202020202020202020202020202020202032353034
02-12-2022 17:22:35.787,233,RECV,7E00198122224F00202020202020202020202020202020202032353133
02-12-2022 17:22:36.286,234,RECV,7E00198122225000202020202020202020202020202020202032353231
02-12-2022 17:22:36.787,235,RECV,7E00198122224F00202020202020202020202020202020202032353331
02-12-2022 17:22:37.295,236,RECV,7E00198122224F00202020202020202020202020202020202032353430
02-12-2022 17:22:37.797,237,RECV,7E00198122224E00202020202020202020202020202020202032353530
02-12-2022 17:22:38.299,238,RECV,7E00198122224F0020202020202020202020202020202020203235362E
02-12-2022 17:22:38.806,239,RECV,7E00198122224F0020202020202020202020202020202020203235372D
02-12-2022 17:22:39.311,240,RECV,7E00198122224E0020202020202020202020202020202020203235382D
02-12-2022 17:22:39.810,241,RECV,7E00198122224F0020202020202020202020202020202020203235392B
02-12-2022 17:22:40.313,242,RECV,7E00198122225000202020202020202020202020202020202032363032
02-12-2022 17:22:40.817,243,RECV,7E00198122224F00202020202020202020202020202020202032363132
02-12-2022 17:22:41.320,244,RECV,7E00198122224F00202020202020202020202020202020202032363231
02-12-2022 17:22:41.822,245,RECV,7E0019812222500020202020202020202020202020202020203236332F
02-12-2022 17:22:42.328,246,RECV,7E00198122224E00202020202020202020202020202020202032363430
02-12-2022 17:22:42.831,247,RECV,7E00198122224F0020202020202020202020202020202020203236352E
02-12-2022 17:22:43.272,248,RECV,7E0019812222500020202020202020202020202020202020203236362C
02-12-2022 17:22:43.839,249,RECV,7E00198122224F0020202020202020202020202020202020203236372C
02-12-2022 17:22:44.340,250,RECV,7E00198122224F0020202020202020202020202020202020203236382B
02-12-2022 17:22:45.284,251,RECV,7E00198122224F00202020202020202020202020202020202032373032
02-12-2022 17:22:45.787,252,RECV,7E00198122224F00202020202020202020202020202020202032373131
02-12-2022 17:22:46.290,253,RECV,7E0019812222500020202020202020202020202020202020203237322F
02-12-2022 17:22:46.795,254,RECV,7E00198122224F0020202020202020202020202020202020203237332F
02-12-2022 17:22:47.303,255,RECV,7E00198122224F0020202020202020202020202020202020203237342E
02-12-2022 17:22:47.803,256,RECV,7E00198122224E0020202020202020202020202020202020203237352E
02-12-2022 17:22:48.307,257,RECV,7E00198122224F0020202020202020202020202020202020203237362C
02-12-2022 17:22:48.804,258,RECV,7E00198122224F0020202020202020202020202020202020203237372B
02-12-2022 17:22:49.305,259,RECV,7E00198122224F0020202020202020202020202020202020203237382A
02-12-2022 17:22:49.806,260,RECV,7E00198122224F00202020202020202020202020202020202032373929
02-12-2022 17:22:50.819,261,RECV,7E00198122224E00202020202020202020202020202020202032383131
02-12-2022 17:22:51.325,262,RECV,7E00198122224F0020202020202020202020202020202020203238322F
02-12-2022 17:22:51.827,263,RECV,7E00198122224F0020202020202020202020202020202020203238332E
02-12-2022 17:22:52.333,264,RECV,7E00198122224E0020202020202020202020202020202020203238342E
02-12-2022 17:22:52.853,265,RECV,7E00198122224F0020202020202020202020202020202020203238352C
02-12-2022 17:22:53.336,266,RECV,7E00198122224F0020202020202020202020202020202020203238362B
02-12-2022 17:22:53.835,267,RECV,7E00198122224F0020202020202020202020202020202020203238372A
02-12-2022 17:22:54.335,268,RECV,7E00198122224F00202020202020202020202020202020202032383829
02-12-2022 17:22:54.837,269,RECV,7E00198122224F00202020202020202020202020202020202032383928
02-12-2022 17:22:55.339,270,RECV,7E00198122224E00202020202020202020202020202020202032393031
02-12-2022 17:22:55.841,271,RECV,7E00198122224F0020202020202020202020202020202020203239312F
02-12-2022 17:22:56.348,272,RECV,7E00198122224F0020202020202020202020202020202020203239322E
02-12-2022 17:22:56.853,273,RECV,7E00198122224F0020202020202020202020202020202020203239332D
02-12-2022 17:22:57.294,274,RECV,7E00198122224F0020202020202020202020202020202020203239342C
02-12-2022 17:22:57.802,275,RECV,7E00198122224F0020202020202020202020202020202020203239352B
02-12-2022 17:22:58.305,276,RECV,7E00198122224F0020202020202020202020202020202020203239362A
02-12-2022 17:22:58.811,277,RECV,7E00198122224F00202020202020202020202020202020202032393729
02-12-2022 17:22:59.318,278,RECV,7E00198122224F00202020202020202020202020202020202032393828
02-12-2022 17:22:59.823,279,RECV,7E00198122224E00202020202020202020202020202020202032393928
02-12-2022 17:23:00.327,280,RECV,7E00198122224F00202020202020202020202020202020202033303038
02-12-2022 17:23:00.835,281,RECV,7E00198122225000202020202020202020202020202020202033303136
02-12-2022 17:23:01.341,282,RECV,7E00198122224F00202020202020202020202020202020202033303236
02-12-2022 17:23:01.800,283,RECV,7E00198122224F00202020202020202020202020202020202033303335
02-12-2022 17:23:02.352,284,RECV,7E00198122224F00202020202020202020202020202020202033303434
02-12-2022 17:23:02.795,285,RECV,7E00198122225000202020202020202020202020202020202033303532
02-12-2022 17:23:03.299,286,RECV,7E00198122224F00202020202020202020202020202020202033303632
02-12-2022 17:23:03.801,287,RECV,7E00198122225000202020202020202020202020202020202033303730
02-12-2022 17:23:04.302,288,RECV,7E00198122224E00202020202020202020202020202020202033303831
02-12-2022 17:23:04.806,289,RECV,7E00198122224F0020202020202020202020202020202020203330392F
02-12-2022 17:23:05.313,290,RECV,7E00198122224F00202020202020202020202020202020202033313037
02-12-2022 17:23:05.817,291,RECV,7E00198122224F00202020202020202020202020202020202033313136
02-12-2022 17:23:06.323,292,RECV,7E00198122224F00202020202020202020202020202020202033313235
02-12-2022 17:23:06.822,293,RECV,7E00198122224F00202020202020202020202020202020202033313334
02-12-2022 17:23:07.326,294,RECV,7E00198122224F00202020202020202020202020202020202033313433
02-12-2022 17:23:07.828,295,RECV,7E00198122224E00202020202020202020202020202020202033313533
02-12-2022 17:23:08.332,296,RECV,7E00198122225000202020202020202020202020202020202033313630
02-12-2022 17:23:08.835,297,RECV,7E00198122224E00202020202020202020202020202020202033313731
02-12-2022 17:23:09.341,298,RECV,7E00198122224F0020202020202020202020202020202020203331382F
02-12-2022 17:23:09.845,299,RECV,7E00198122224E0020202020202020202020202020202020203331392F
02-12-2022 17:23:10.349,300,RECV,7E00198122224F00202020202020202020202020202020202033323036
02-12-2022 17:23:10.850,301,RECV,7E00198122224F00202020202020202020202020202020202033323135
02-12-2022 17:23:11.848,302,RECV,7E00198122225000202020202020202020202020202020202033323332
02-12-2022 17:23:12.354,303,RECV,7E00198122224F00202020202020202020202020202020202033323432
02-12-2022 17:23:12.860,304,RECV,7E00198122225000202020202020202020202020202020202033323530
02-12-2022 17:23:13.298,305,RECV,7E00198122224F00202020202020202020202020202020202033323630
02-12-2022 17:23:13.802,306,RECV,7E00198122224F0020202020202020202020202020202020203332372F
02-12-2022 17:23:14.367,307,RECV,7E00198122224F0020202020202020202020202020202020203332382E
02-12-2022 17:23:14.805,308,RECV,7E0019812222500020202020202020202020202020202020203332392C
02-12-2022 17:23:15.305,309,RECV,7E00198122224F00202020202020202020202020202020202033333035
02-12-2022 17:23:16.315,310,RECV,7E00198122224F00202020202020202020202020202020202033333233
02-12-2022 17:23:16.817,311,RECV,7E00198122224F00202020202020202020202020202020202033333332
02-12-2022 17:23:17.326,312,RECV,7E00198122224E00202020202020202020202020202020202033333432
02-12-2022 17:23:17.831,313,RECV,7E00198122224E00202020202020202020202020202020202033333531
02-12-2022 17:23:18.333,314,RECV,7E0019812222500020202020202020202020202020202020203333362E
02-12-2022 17:23:18.828,315,RECV,7E00198122224F0020202020202020202020202020202020203333372E
02-12-2022 17:23:19.328,316,RECV,7E00198122224F0020202020202020202020202020202020203333382D
02-12-2022 17:23:19.833,317,RECV,7E00198122224F0020202020202020202020202020202020203333392C
02-12-2022 17:23:20.334,318,RECV,7E00198122225000202020202020202020202020202020202033343033
02-12-2022 17:23:20.841,319,RECV,7E00198122224F00202020202020202020202020202020202033343133
02-12-2022 17:23:21.847,320,RECV,7E00198122224F00202020202020202020202020202020202033343331
02-12-2022 17:23:22.346,321,RECV,7E00198122224E00202020202020202020202020202020202033343431
02-12-2022 17:23:22.852,322,RECV,7E00198122224F0020202020202020202020202020202020203334352F
02-12-2022 17:23:23.351,323,RECV,7E00198122224F0020202020202020202020202020202020203334362E
02-12-2022 17:23:23.855,324,RECV,7E00198122224F0020202020202020202020202020202020203334372D
02-12-2022 17:23:24.353,325,RECV,7E00198122224F0020202020202020202020202020202020203334382C
02-12-2022 17:23:24.852,326,RECV,7E00198122224F0020202020202020202020202020202020203334392B
02-12-2022 17:23:25.350,327,RECV,7E00198122224F00202020202020202020202020202020202033353033
02-12-2022 17:23:25.859,328,RECV,7E00198122225000202020202020202020202020202020202033353131
02-12-2022 17:23:26.361,329,RECV,7E00198122224F00202020202020202020202020202020202033353231
02-12-2022 17:23:26.865,330,RECV,7E0019812222500020202020202020202020202020202020203335332F
02-12-2022 17:23:27.373,331,RECV,7E00198122224F0020202020202020202020202020202020203335342F
02-12-2022 17:23:27.815,332,RECV,7E00198122224E0020202020202020202020202020202020203335352F
02-12-2022 17:23:28.319,333,RECV,7E0019812222500020202020202020202020202020202020203335362C
02-12-2022 17:23:28.825,334,RECV,7E0019812222500020202020202020202020202020202020203335372B
02-12-2022 17:23:29.331,335,RECV,7E0019812222500020202020202020202020202020202020203335382A
02-12-2022 17:23:29.835,336,RECV,7E00198122224F0020202020202020202020202020202020203335392A
02-12-2022 17:23:30.335,337,RECV,7E00198122225000202020202020202020202020202020202033363031
02-12-2022 17:23:31.343,338,RECV,7E00198122224F00202020202020202020202020202020202033363230
02-12-2022 17:23:31.849,339,RECV,7E00198122224F0020202020202020202020202020202020203336332F
02-12-2022 17:23:32.350,340,RECV,7E00198122224E0020202020202020202020202020202020203336342F
02-12-2022 17:23:32.858,341,RECV,7E0019812222500020202020202020202020202020202020203336352C
02-12-2022 17:23:33.362,342,RECV,7E00198122224E0020202020202020202020202020202020203336362D
02-12-2022 17:23:34.376,343,RECV,7E00198122225100202020202020202020202020202020202033363828
02-12-2022 17:23:34.818,344,RECV,7E00198122225000202020202020202020202020202020202033363928
02-12-2022 17:23:35.387,345,RECV,7E00198122224E00202020202020202020202020202020202033373032
02-12-2022 17:23:35.835,346,RECV,7E00198122224F00202020202020202020202020202020202033373130
02-12-2022 17:23:36.343,347,RECV,7E00198122224E00202020202020202020202020202020202033373230
02-12-2022 17:23:36.847,348,RECV,7E00198122224E0020202020202020202020202020202020203337332F
02-12-2022 17:23:37.349,349,RECV,7E00198122224E0020202020202020202020202020202020203337342E
02-12-2022 17:23:37.848,350,RECV,7E00198122224F0020202020202020202020202020202020203337352C
02-12-2022 17:23:38.852,351,RECV,7E00198122224F0020202020202020202020202020202020203337372A
02-12-2022 17:23:39.352,352,RECV,7E00198122224F00202020202020202020202020202020202033373829
02-12-2022 17:23:39.854,353,RECV,7E00198122224E00202020202020202020202020202020202033373929
02-12-2022 17:23:40.357,354,RECV,7E00198122224F00202020202020202020202020202020202033383030
02-12-2022 17:23:40.861,355,RECV,7E00198122224E00202020202020202020202020202020202033383130
02-12-2022 17:23:41.367,356,RECV,7E00198122224F0020202020202020202020202020202020203338322E
02-12-2022 17:23:41.869,357,RECV,7E00198122224F0020202020202020202020202020202020203338332D
02-12-2022 17:23:42.373,358,RECV,7E00198122224F0020202020202020202020202020202020203338342C
02-12-2022 17:23:42.876,359,RECV,7E00198122224F0020202020202020202020202020202020203338352B
02-12-2022 17:23:43.381,360,RECV,7E00198122224F0020202020202020202020202020202020203338362A
02-12-2022 17:23:44.382,361,RECV,7E00198122224E00202020202020202020202020202020202033383829
02-12-2022 17:23:44.883,362,RECV,7E00198122224F00202020202020202020202020202020202033383927
02-12-2022 17:23:45.326,363,RECV,7E00198122224E00202020202020202020202020202020202033393030
02-12-2022 17:23:45.826,364,RECV,7E00198122224F0020202020202020202020202020202020203339312E
02-12-2022 17:23:46.334,365,RECV,7E00198122224F0020202020202020202020202020202020203339322D
02-12-2022 17:23:46.836,366,RECV,7E00198122224E0020202020202020202020202020202020203339332D
02-12-2022 17:23:47.340,367,RECV,7E00198122224F0020202020202020202020202020202020203339342B
02-12-2022 17:23:47.844,368,RECV,7E00198122224F0020202020202020202020202020202020203339352A
02-12-2022 17:23:48.347,369,RECV,7E00198122224D0020202020202020202020202020202020203339362B
02-12-2022 17:23:48.852,370,RECV,7E00198122224D0020202020202020202020202020202020203339372A
02-12-2022 17:23:49.350,371,RECV,7E00198122224E00202020202020202020202020202020202033393828
02-12-2022 17:23:49.850,372,RECV,7E00198122224D00202020202020202020202020202020202033393928
02-12-2022 17:23:50.352,373,RECV,7E00198122224E00202020202020202020202020202020202034303038
02-12-2022 17:23:50.852,374,RECV,7E00198122224E00202020202020202020202020202020202034303137
02-12-2022 17:23:51.859,375,RECV,7E00198122224F00202020202020202020202020202020202034303334
02-12-2022 17:23:52.362,376,RECV,7E00198122224F00202020202020202020202020202020202034303433
02-12-2022 17:23:52.867,377,RECV,7E00198122224E00202020202020202020202020202020202034303533
02-12-2022 17:23:53.372,378,RECV,7E00198122224F00202020202020202020202020202020202034303631
02-12-2022 17:23:53.875,379,RECV,7E00198122224E00202020202020202020202020202020202034303731
02-12-2022 17:23:54.382,380,RECV,7E00198122224E00202020202020202020202020202020202034303830
02-12-2022 17:23:54.882,381,RECV,7E00198122224F0020202020202020202020202020202020203430392E
02-12-2022 17:23:55.383,382,RECV,7E00198122224E00202020202020202020202020202020202034313037
02-12-2022 17:23:55.889,383,RECV,7E00198122224F00202020202020202020202020202020202034313135
02-12-2022 17:23:56.343,384,RECV,7E00198122224E00202020202020202020202020202020202034313235
02-12-2022 17:23:56.901,385,RECV,7E00198122224E00202020202020202020202020202020202034313334
02-12-2022 17:23:57.346,386,RECV,7E00198122224F00202020202020202020202020202020202034313432
02-12-2022 17:23:57.846,387,RECV,7E00198122224E00202020202020202020202020202020202034313532
02-12-2022 17:23:58.345,388,RECV,7E00198122224E00202020202020202020202020202020202034313631
02-12-2022 17:23:58.849,389,RECV,7E00198122224E00202020202020202020202020202020202034313730
02-12-2022 17:23:59.354,390,RECV,7E00198122224E0020202020202020202020202020202020203431382F
02-12-2022 17:23:59.857,391,RECV,7E00198122224E0020202020202020202020202020202020203431392E
02-12-2022 17:24:00.364,392,RECV,7E00198122224F00202020202020202020202020202020202034323035
02-12-2022 17:24:00.872,393,RECV,7E00198122224E00202020202020202020202020202020202034323135
02-12-2022 17:24:01.374,394,RECV,7E00198122224E00202020202020202020202020202020202034323234
02-12-2022 17:24:01.880,395,RECV,7E00198122224D00202020202020202020202020202020202034323334
02-12-2022 17:24:02.383,396,RECV,7E00198122224E00202020202020202020202020202020202034323432
02-12-2022 17:24:02.885,397,RECV,7E00198122224D00202020202020202020202020202020202034323532
02-12-2022 17:24:03.387,398,RECV,7E00198122224E00202020202020202020202020202020202034323630
02-12-2022 17:24:03.891,399,RECV,7E00198122224E0020202020202020202020202020202020203432372F
02-12-2022 17:24:04.393,400,RECV,7E00198122224E0020202020202020202020202020202020203432382E
02-12-2022 17:24:04.893,401,RECV,7E00198122224E0020202020202020202020202020202020203432392D
02-12-2022 17:24:05.392,402,RECV,7E00198122224F00202020202020202020202020202020202034333034
02-12-2022 17:24:06.403,403,RECV,7E00198122224E00202020202020202020202020202020202034333233
02-12-2022 17:24:06.845,404,RECV,7E00198122224E00202020202020202020202020202020202034333332
02-12-2022 17:24:07.409,405,RECV,7E00198122224E00202020202020202020202020202020202034333431
02-12-2022 17:24:07.851,406,RECV,7E00198122224E00202020202020202020202020202020202034333530
02-12-2022 17:24:08.354,407,RECV,7E00198122224E0020202020202020202020202020202020203433362F
02-12-2022 17:24:08.859,408,RECV,7E00198122224F0020202020202020202020202020202020203433372D
02-12-2022 17:24:09.361,409,RECV,7E00198122224E0020202020202020202020202020202020203433382D
02-12-2022 17:24:09.865,410,RECV,7E00198122224E0020202020202020202020202020202020203433392C
02-12-2022 17:24:10.368,411,RECV,7E00198122224D00202020202020202020202020202020202034343035
02-12-2022 17:24:10.874,412,RECV,7E00198122224E00202020202020202020202020202020202034343133
02-12-2022 17:24:11.380,413,RECV,7E00198122224E00202020202020202020202020202020202034343232
02-12-2022 17:24:11.883,414,RECV,7E00198122224E00202020202020202020202020202020202034343331
02-12-2022 17:24:12.386,415,RECV,7E00198122224F0020202020202020202020202020202020203434342F
02-12-2022 17:24:12.887,416,RECV,7E00198122224E0020202020202020202020202020202020203434352F
02-12-2022 17:24:13.389,417,RECV,7E00198122224F0020202020202020202020202020202020203434362D
02-12-2022 17:24:13.893,418,RECV,7E00198122224D0020202020202020202020202020202020203434372E
02-12-2022 17:24:14.398,419,RECV,7E00198122224E0020202020202020202020202020202020203434382C
02-12-2022 17:24:14.902,420,RECV,7E00198122224D0020202020202020202020202020202020203434392C
02-12-2022 17:24:15.402,421,RECV,7E00198122224D00202020202020202020202020202020202034353034
02-12-2022 17:24:15.908,422,RECV,7E00198122224E00202020202020202020202020202020202034353132
02-12-2022 17:24:16.415,423,RECV,7E00198122224E00202020202020202020202020202020202034353231
02-12-2022 17:24:16.855,424,RECV,7E00198122224E00202020202020202020202020202020202034353330
02-12-2022 17:24:17.360,425,RECV,7E00198122224E0020202020202020202020202020202020203435342F
02-12-2022 17:24:18.365,426,RECV,7E00198122224E0020202020202020202020202020202020203435362D
02-12-2022 17:24:18.871,427,RECV,7E00198122224E0020202020202020202020202020202020203435372C
02-12-2022 17:24:19.372,428,RECV,7E00198122224F0020202020202020202020202020202020203435382A
02-12-2022 17:24:19.872,429,RECV,7E00198122224F00202020202020202020202020202020202034353929
02-12-2022 17:24:20.371,430,RECV,7E00198122224F00202020202020202020202020202020202034363031
02-12-2022 17:24:20.880,431,RECV,7E00198122224E00202020202020202020202020202020202034363131
02-12-2022 17:24:21.380,432,RECV,7E00198122224F0020202020202020202020202020202020203436322F
02-12-2022 17:24:21.883,433,RECV,7E00198122224F0020202020202020202020202020202020203436332E
02-12-2022 17:24:22.390,434,RECV,7E00198122224F0020202020202020202020202020202020203436342D
02-12-2022 17:24:22.895,435,RECV,7E00198122224F0020202020202020202020202020202020203436352C
02-12-2022 17:24:23.397,436,RECV,7E0019812222500020202020202020202020202020202020203436362A
02-12-2022 17:24:23.901,437,RECV,7E00198122224E0020202020202020202020202020202020203436372B
02-12-2022 17:24:24.404,438,RECV,7E00198122224F00202020202020202020202020202020202034363829
02-12-2022 17:24:24.909,439,RECV,7E00198122224F00202020202020202020202020202020202034363928
02-12-2022 17:24:25.364,440,RECV,7E00198122224F00202020202020202020202020202020202034373030
02-12-2022 17:24:25.919,441,RECV,7E00198122224F0020202020202020202020202020202020203437312F
02-12-2022 17:24:26.358,442,RECV,7E00198122224F0020202020202020202020202020202020203437322E
02-12-2022 17:24:26.859,443,RECV,7E00198122224F0020202020202020202020202020202020203437332D
02-12-2022 17:24:27.427,444,RECV,7E00198122224F0020202020202020202020202020202020203437342C
02-12-2022 17:24:27.866,445,RECV,7E0019812222500020202020202020202020202020202020203437352A
02-12-2022 17:24:28.366,446,RECV,7E00198122224F0020202020202020202020202020202020203437362A
02-12-2022 17:24:28.869,447,RECV,7E00198122225000202020202020202020202020202020202034373728
02-12-2022 17:24:29.372,448,RECV,7E00198122225000202020202020202020202020202020202034373827
02-12-2022 17:24:30.379,449,RECV,7E0019812222500020202020202020202020202020202020203438302E
02-12-2022 17:24:30.880,450,RECV,7E0019812222500020202020202020202020202020202020203438312D
02-12-2022 17:24:31.386,451,RECV,7E0019812222500020202020202020202020202020202020203438322C
02-12-2022 17:24:31.890,452,RECV,7E0019812222500020202020202020202020202020202020203438332B
02-12-2022 17:24:32.394,453,RECV,7E0019812222500020202020202020202020202020202020203438342A
02-12-2022 17:24:32.896,454,RECV,7E00198122225000202020202020202020202020202020202034383529
02-12-2022 17:24:33.400,455,RECV,7E00198122225000202020202020202020202020202020202034383628
02-12-2022 17:24:33.901,456,RECV,7E00198122224E00202020202020202020202020202020202034383729
02-12-2022 17:24:34.409,457,RECV,7E00198122225000202020202020202020202020202020202034383826
02-12-2022 17:24:34.909,458,RECV,7E00198122225000202020202020202020202020202020202034383925
02-12-2022 17:24:35.412,459,RECV,7E0019812222500020202020202020202020202020202020203439302D
02-12-2022 17:24:35.915,460,RECV,7E0019812222500020202020202020202020202020202020203439312C
02-12-2022 17:24:36.412,461,RECV,7E0019812222500020202020202020202020202020202020203439322B
02-12-2022 17:24:36.914,462,RECV,7E00198122224E0020202020202020202020202020202020203439332C
02-12-2022 17:24:37.414,463,RECV,7E00198122224E0020202020202020202020202020202020203439342B
02-12-2022 17:24:37.918,464,RECV,7E00198122225000202020202020202020202020202020202034393528
02-12-2022 17:24:38.422,465,RECV,7E00198122225000202020202020202020202020202020202034393627
02-12-2022 17:24:38.926,466,RECV,7E00198122224E00202020202020202020202020202020202034393728
02-12-2022 17:24:39.428,467,RECV,7E00198122224F00202020202020202020202020202020202034393826
02-12-2022 17:24:39.932,468,RECV,7E00198122224F00202020202020202020202020202020202034393925
02-12-2022 17:24:40.375,469,RECV,7E00198122224F00202020202020202020202020202020202035303036
02-12-2022 17:24:40.878,470,RECV,7E00198122224F00202020202020202020202020202020202035303135
02-12-2022 17:24:41.382,471,RECV,7E00198122224E00202020202020202020202020202020202035303235
02-12-2022 17:24:41.880,472,RECV,7E00198122224E00202020202020202020202020202020202035303334
02-12-2022 17:24:42.381,473,RECV,7E00198122224F00202020202020202020202020202020202035303432
02-12-2022 17:24:42.883,474,RECV,7E00198122224E00202020202020202020202020202020202035303532
02-12-2022 17:24:43.387,475,RECV,7E0019812222500020202020202020202020202020202020203530362F
02-12-2022 17:24:43.889,476,RECV,7E0019812222500020202020202020202020202020202020203530372E
02-12-2022 17:24:44.894,477,RECV,7E0019812222500020202020202020202020202020202020203530392C
02-12-2022 17:24:45.402,478,RECV,7E00198122225000202020202020202020202020202020202035313034
02-12-2022 17:24:45.906,479,RECV,7E00198122224E00202020202020202020202020202020202035313135
02-12-2022 17:24:46.406,480,RECV,7E00198122225000202020202020202020202020202020202035313232
02-12-2022 17:24:46.908,481,RECV,7E00198122225000202020202020202020202020202020202035313331
02-12-2022 17:24:47.412,482,RECV,7E00198122225000202020202020202020202020202020202035313430
02-12-2022 17:24:47.913,483,RECV,7E0019812222500020202020202020202020202020202020203531352F
02-12-2022 17:24:48.416,484,RECV,7E0019812222500020202020202020202020202020202020203531362E
02-12-2022 17:24:48.923,485,RECV,7E00198122224F0020202020202020202020202020202020203531372E
02-12-2022 17:24:49.425,486,RECV,7E00198122224F0020202020202020202020202020202020203531382D
02-12-2022 17:24:49.930,487,RECV,7E0019812222500020202020202020202020202020202020203531392B
02-12-2022 17:24:50.438,488,RECV,7E00198122224E00202020202020202020202020202020202035323035
02-12-2022 17:24:50.938,489,RECV,7E00198122225000202020202020202020202020202020202035323132
02-12-2022 17:24:51.379,490,RECV,7E00198122225000202020202020202020202020202020202035323231
02-12-2022 17:24:51.947,491,RECV,7E00198122224F00202020202020202020202020202020202035323331
02-12-2022 17:24:52.385,492,RECV,7E0019812222500020202020202020202020202020202020203532342F
02-12-2022 17:24:52.890,493,RECV,7E0019812222500020202020202020202020202020202020203532352E
02-12-2022 17:24:53.400,494,RECV,7E0019812222500020202020202020202020202020202020203532362D
02-12-2022 17:24:53.905,495,RECV,7E00198122224E0020202020202020202020202020202020203532372E
02-12-2022 17:24:54.409,496,RECV,7E00198122224F0020202020202020202020202020202020203532382C
02-12-2022 17:24:54.912,497,RECV,7E00198122224F0020202020202020202020202020202020203532392B
02-12-2022 17:24:55.412,498,RECV,7E00198122225000202020202020202020202020202020202035333032
02-12-2022 17:24:55.915,499,RECV,7E00198122224E00202020202020202020202020202020202035333133
02-12-2022 17:24:56.420,500,RECV,7E00198122225000202020202020202020202020202020202035333230
02-12-2022 17:24:56.925,501,RECV,7E0019812222500020202020202020202020202020202020203533332F
02-12-2022 17:24:57.430,502,RECV,7E0019812222500020202020202020202020202020202020203533342E
02-12-2022 17:24:57.933,503,RECV,7E0019812222500020202020202020202020202020202020203533352D
02-12-2022 17:24:58.440,504,RECV,7E0019812222500020202020202020202020202020202020203533362C
02-12-2022 17:24:58.884,505,RECV,7E00198122224E0020202020202020202020202020202020203533372D
02-12-2022 17:24:59.450,506,RECV,7E00198122224F0020202020202020202020202020202020203533382B
02-12-2022 17:24:59.892,507,RECV,7E00198122225000202020202020202020202020202020202035333929
02-12-2022 17:25:00.458,508,RECV,7E00198122224E00202020202020202020202020202020202035343033
02-12-2022 17:25:00.904,509,RECV,7E00198122224F00202020202020202020202020202020202035343131
02-12-2022 17:25:01.405,510,RECV,7E0019812222500020202020202020202020202020202020203534322F
02-12-2022 17:25:01.911,511,RECV,7E0019812222500020202020202020202020202020202020203534332E
02-12-2022 17:25:02.415,512,RECV,7E00198122224F0020202020202020202020202020202020203534342E
02-12-2022 17:25:02.920,513,RECV,7E0019812222500020202020202020202020202020202020203534352C
02-12-2022 17:25:03.424,514,RECV,7E0019812222500020202020202020202020202020202020203534362B
02-12-2022 17:25:03.927,515,RECV,7E00198122224F0020202020202020202020202020202020203534372B
02-12-2022 17:25:04.430,516,RECV,7E00198122224F0020202020202020202020202020202020203534382A
02-12-2022 17:25:04.932,517,RECV,7E00198122224F00202020202020202020202020202020202035343929
02-12-2022 17:25:05.432,518,RECV,7E00198122225000202020202020202020202020202020202035353030
02-12-2022 17:25:05.936,519,RECV,7E0019812222500020202020202020202020202020202020203535312F
02-12-2022 17:25:06.440,520,RECV,7E0019812222500020202020202020202020202020202020203535322E
02-12-2022 17:25:06.942,521,RECV,7E0019812222500020202020202020202020202020202020203535332D
02-12-2022 17:25:07.444,522,RECV,7E0019812222500020202020202020202020202020202020203535342C
02-12-2022 17:25:08.453,523,RECV,7E00198122224E0020202020202020202020202020202020203535362C
02-12-2022 17:25:08.893,524,RECV,7E00198122225000202020202020202020202020202020202035353729
02-12-2022 17:25:09.400,525,RECV,7E00198122224F00202020202020202020202020202020202035353829
02-12-2022 17:25:09.909,526,RECV,7E00198122225000202020202020202020202020202020202035353927
02-12-2022 17:25:10.413,527,RECV,7E0019812222500020202020202020202020202020202020203536302F
02-12-2022 17:25:10.916,528,RECV,7E0019812222500020202020202020202020202020202020203536312E
02-12-2022 17:25:11.419,529,RECV,7E0019812222500020202020202020202020202020202020203536322D
02-12-2022 17:25:11.914,530,RECV,7E0019812222500020202020202020202020202020202020203536332C
02-12-2022 17:25:12.919,531,RECV,7E0019812222500020202020202020202020202020202020203536352A
02-12-2022 17:25:13.423,532,RECV,7E00198122225000202020202020202020202020202020202035363629
02-12-2022 17:25:13.930,533,RECV,7E00198122224F00202020202020202020202020202020202035363729
02-12-2022 17:25:14.433,534,RECV,7E00198122225000202020202020202020202020202020202035363827
02-12-2022 17:25:14.939,535,RECV,7E00198122224E00202020202020202020202020202020202035363928
02-12-2022 17:25:15.443,536,RECV,7E0019812222500020202020202020202020202020202020203537302E
02-12-2022 17:25:15.944,537,RECV,7E00198122224F0020202020202020202020202020202020203537312E
02-12-2022 17:25:16.443,538,RECV,7E0019812222500020202020202020202020202020202020203537322C
02-12-2022 17:25:16.940,539,RECV,7E00198122224F0020202020202020202020202020202020203537332C
02-12-2022 17:25:17.446,540,RECV,7E0019812222500020202020202020202020202020202020203537342A
02-12-2022 17:25:17.945,541,RECV,7E00198122225000202020202020202020202020202020202035373529
02-12-2022 17:25:18.452,542,RECV,7E00198122225000202020202020202020202020202020202035373628
02-12-2022 17:25:18.955,543,RECV,7E00198122225000202020202020202020202020202020202035373727
02-12-2022 17:25:19.462,544,RECV,7E00198122224F00202020202020202020202020202020202035373827
02-12-2022 17:25:19.901,545,RECV,7E00198122224F00202020202020202020202020202020202035373926
02-12-2022 17:25:20.470,546,RECV,7E00198122224F0020202020202020202020202020202020203538302E
02-12-2022 17:25:20.910,547,RECV,7E0019812222500020202020202020202020202020202020203538312C
02-12-2022 17:25:21.479,548,RECV,7E00198122224E0020202020202020202020202020202020203538322D
02-12-2022 17:25:22.429,549,RECV,7E00198122225000202020202020202020202020202020202035383429
02-12-2022 17:25:22.936,550,RECV,7E00198122225000202020202020202020202020202020202035383528
02-12-2022 17:25:23.442,551,RECV,7E00198122225000202020202020202020202020202020202035383627
02-12-2022 17:25:23.944,552,RECV,7E00198122224F00202020202020202020202020202020202035383727
02-12-2022 17:25:24.452,553,RECV,7E00198122225000202020202020202020202020202020202035383825
02-12-2022 17:25:24.958,554,RECV,7E00198122225000202020202020202020202020202020202035383924
02-12-2022 17:25:25.461,555,RECV,7E00198122224F0020202020202020202020202020202020203539302D
02-12-2022 17:25:25.967,556,RECV,7E00198122224E0020202020202020202020202020202020203539312D
02-12-2022 17:25:26.470,557,RECV,7E0019812222500020202020202020202020202020202020203539322A
02-12-2022 17:25:26.966,558,RECV,7E00198122225000202020202020202020202020202020202035393329
02-12-2022 17:25:27.469,559,RECV,7E00198122225000202020202020202020202020202020202035393428
02-12-2022 17:25:27.970,560,RECV,7E00198122225000202020202020202020202020202020202035393527
02-12-2022 17:25:28.469,561,RECV,7E00198122225000202020202020202020202020202020202035393626
02-12-2022 17:25:28.910,562,RECV,7E00198122225000202020202020202020202020202020202035393725
02-12-2022 17:25:29.427,563,RECV,7E00198122225000202020202020202020202020202020202035393824
02-12-2022 17:25:29.972,564,RECV,7E00198122224F00202020202020202020202020202020202035393924
02-12-2022 17:25:30.414,565,RECV,7E00198122224F00202020202020202020202020202020202036303035
02-12-2022 17:25:30.929,566,RECV,7E00198122225000202020202020202020202020202020202036303133
02-12-2022 17:25:31.417,567,RECV,7E00198122224E00202020202020202020202020202020202036303234
02-12-2022 17:25:31.921,568,RECV,7E00198122225000202020202020202020202020202020202036303331
02-12-2022 17:25:32.424,569,RECV,7E00198122225000202020202020202020202020202020202036303430
02-12-2022 17:25:32.927,570,RECV,7E00198122224F00202020202020202020202020202020202036303530
02-12-2022 17:25:33.430,571,RECV,7E0019812222500020202020202020202020202020202020203630362E
02-12-2022 17:25:33.935,572,RECV,7E00198122224F0020202020202020202020202020202020203630372E
02-12-2022 17:25:34.441,573,RECV,7E0019812222500020202020202020202020202020202020203630382C
02-12-2022 17:25:34.947,574,RECV,7E00198122224E0020202020202020202020202020202020203630392D
02-12-2022 17:25:35.449,575,RECV,7E00198122225000202020202020202020202020202020202036313033
02-12-2022 17:25:35.958,576,RECV,7E00198122224F00202020202020202020202020202020202036313133
02-12-2022 17:25:36.463,577,RECV,7E00198122224F00202020202020202020202020202020202036313232
02-12-2022 17:25:36.966,578,RECV,7E00198122225000202020202020202020202020202020202036313330
02-12-2022 17:25:37.467,579,RECV,7E00198122224F00202020202020202020202020202020202036313430
02-12-2022 17:25:37.969,580,RECV,7E0019812222500020202020202020202020202020202020203631352E
02-12-2022 17:25:38.471,581,RECV,7E00198122224F0020202020202020202020202020202020203631362E
02-12-2022 17:25:38.975,582,RECV,7E00198122224F0020202020202020202020202020202020203631372D
02-12-2022 17:25:39.415,583,RECV,7E00198122224F0020202020202020202020202020202020203631382C
02-12-2022 17:25:39.980,584,RECV,7E00198122224F0020202020202020202020202020202020203631392B
02-12-2022 17:25:40.482,585,RECV,7E00198122225000202020202020202020202020202020202036323032
02-12-2022 17:25:40.922,586,RECV,7E00198122225000202020202020202020202020202020202036323131
02-12-2022 17:25:41.430,587,RECV,7E00198122225000202020202020202020202020202020202036323230
02-12-2022 17:25:41.931,588,RECV,7E0019812222500020202020202020202020202020202020203632332F
02-12-2022 17:25:42.434,589,RECV,7E00198122224F0020202020202020202020202020202020203632342F
02-12-2022 17:25:42.934,590,RECV,7E0019812222500020202020202020202020202020202020203632352D
02-12-2022 17:25:43.438,591,RECV,7E0019812222500020202020202020202020202020202020203632362C
02-12-2022 17:25:43.940,592,RECV,7E0019812222500020202020202020202020202020202020203632372B
02-12-2022 17:25:44.435,593,RECV,7E00198122224F0020202020202020202020202020202020203632382B
02-12-2022 17:25:44.938,594,RECV,7E00198122225000202020202020202020202020202020202036323929
02-12-2022 17:25:45.441,595,RECV,7E00198122225000202020202020202020202020202020202036333031
02-12-2022 17:25:45.945,596,RECV,7E00198122225000202020202020202020202020202020202036333130
02-12-2022 17:25:46.955,597,RECV,7E00198122224F0020202020202020202020202020202020203633332F
02-12-2022 17:25:47.459,598,RECV,7E0019812222500020202020202020202020202020202020203633342D
02-12-2022 17:25:47.961,599,RECV,7E0019812222500020202020202020202020202020202020203633352C
02-12-2022 17:25:48.461,600,RECV,7E0019812222500020202020202020202020202020202020203633362B
02-12-2022 17:25:48.962,601,RECV,7E0019812222500020202020202020202020202020202020203633372A
02-12-2022 17:25:49.468,602,RECV,7E00198122224F0020202020202020202020202020202020203633382A
02-12-2022 17:25:49.976,603,RECV,7E00198122225000202020202020202020202020202020202036333928
02-12-2022 17:25:50.480,604,RECV,7E00198122224F00202020202020202020202020202020202036343031
02-12-2022 17:25:50.982,605,RECV,7E00198122224F00202020202020202020202020202020202036343130
02-12-2022 17:25:51.487,606,RECV,7E0019812222500020202020202020202020202020202020203634322E
02-12-2022 17:25:51.987,607,RECV,7E00198122224F0020202020202020202020202020202020203634332E
02-12-2022 17:25:52.493,608,RECV,7E00198122224E0020202020202020202020202020202020203634342E
02-12-2022 17:25:52.936,609,RECV,7E00198122224F0020202020202020202020202020202020203634352C
02-12-2022 17:25:53.441,610,RECV,7E00198122224E0020202020202020202020202020202020203634362C
02-12-2022 17:25:54.451,611,RECV,7E00198122224F00202020202020202020202020202020202036343829
02-12-2022 17:25:54.956,612,RECV,7E00198122224F00202020202020202020202020202020202036343928
02-12-2022 17:25:55.459,613,RECV,7E00198122224F00202020202020202020202020202020202036353030
02-12-2022 17:25:55.958,614,RECV,7E00198122224F0020202020202020202020202020202020203635312F
02-12-2022 17:25:56.464,615,RECV,7E00198122224E0020202020202020202020202020202020203635322F
02-12-2022 17:25:56.961,616,RECV,7E0019812222500020202020202020202020202020202020203635332C
02-12-2022 17:25:57.466,617,RECV,7E0019812222500020202020202020202020202020202020203635342B
02-12-2022 17:25:57.971,618,RECV,7E00198122224F0020202020202020202020202020202020203635352B
02-12-2022 17:25:58.478,619,RECV,7E00198122224F0020202020202020202020202020202020203635362A
02-12-2022 17:25:58.985,620,RECV,7E00198122225000202020202020202020202020202020202036353728
02-12-2022 17:25:59.492,621,RECV,7E00198122225000202020202020202020202020202020202036353827
02-12-2022 17:25:59.996,622,RECV,7E00198122224F00202020202020202020202020202020202036353927
02-12-2022 17:26:00.439,623,RECV,7E0019812222500020202020202020202020202020202020203636302E
02-12-2022 17:26:00.940,624,RECV,7E00198122224F0020202020202020202020202020202020203636312E
02-12-2022 17:26:01.503,625,RECV,7E00198122224E0020202020202020202020202020202020203636322E
02-12-2022 17:26:01.946,626,RECV,7E00198122224F0020202020202020202020202020202020203636332C
02-12-2022 17:26:02.447,627,RECV,7E00198122224F0020202020202020202020202020202020203636342B
02-12-2022 17:26:02.957,628,RECV,7E00198122224E0020202020202020202020202020202020203636352B
02-12-2022 17:26:03.458,629,RECV,7E00198122225000202020202020202020202020202020202036363628
02-12-2022 17:26:04.463,630,RECV,7E00198122225000202020202020202020202020202020202036363826
02-12-2022 17:26:04.968,631,RECV,7E00198122224F00202020202020202020202020202020202036363926
02-12-2022 17:26:05.472,632,RECV,7E00198122224E0020202020202020202020202020202020203637302F
02-12-2022 17:26:05.978,633,RECV,7E00198122224F0020202020202020202020202020202020203637312D
02-12-2022 17:26:06.480,634,RECV,7E0019812222500020202020202020202020202020202020203637322B
02-12-2022 17:26:06.984,635,RECV,7E00198122224F0020202020202020202020202020202020203637332B
02-12-2022 17:26:07.488,636,RECV,7E00198122225000202020202020202020202020202020202036373429
02-12-2022 17:26:07.991,637,RECV,7E00198122224F00202020202020202020202020202020202036373529
02-12-2022 17:26:08.997,638,RECV,7E00198122224F00202020202020202020202020202020202036373727
02-12-2022 17:26:09.441,639,RECV,7E00198122224F00202020202020202020202020202020202036373826
02-12-2022 17:26:10.008,640,RECV,7E00198122224F00202020202020202020202020202020202036373925
02-12-2022 17:26:10.510,641,RECV,7E00198122224F0020202020202020202020202020202020203638302D
02-12-2022 17:26:10.955,642,RECV,7E00198122224F0020202020202020202020202020202020203638312C
02-12-2022 17:26:11.455,643,RECV,7E00198122224F0020202020202020202020202020202020203638322B
02-12-2022 17:26:11.957,644,RECV,7E00198122225000202020202020202020202020202020202036383329
02-12-2022 17:26:12.458,645,RECV,7E00198122224F00202020202020202020202020202020202036383429
02-12-2022 17:26:12.963,646,RECV,7E00198122225000202020202020202020202020202020202036383527
02-12-2022 17:26:13.467,647,RECV,7E00198122224F00202020202020202020202020202020202036383627
02-12-2022 17:26:13.969,648,RECV,7E00198122225000202020202020202020202020202020202036383725
02-12-2022 17:26:14.472,649,RECV,7E00198122224E00202020202020202020202020202020202036383826
02-12-2022 17:26:14.972,650,RECV,7E00198122225000202020202020202020202020202020202036383923
02-12-2022 17:26:15.480,651,RECV,7E00198122224E0020202020202020202020202020202020203639302D
02-12-2022 17:26:15.982,652,RECV,7E0019812222500020202020202020202020202020202020203639312A
02-12-2022 17:26:16.484,653,RECV,7E00198122225000202020202020202020202020202020202036393229
02-12-2022 17:26:16.989,654,RECV,7E00198122225000202020202020202020202020202020202036393328
02-12-2022 17:26:17.497,655,RECV,7E00198122225000202020202020202020202020202020202036393427
02-12-2022 17:26:18.000,656,RECV,7E00198122225000202020202020202020202020202020202036393526
02-12-2022 17:26:18.499,657,RECV,7E00198122224E00202020202020202020202020202020202036393627
02-12-2022 17:26:18.999,658,RECV,7E00198122225000202020202020202020202020202020202036393724
02-12-2022 17:26:19.502,659,RECV,7E00198122225000202020202020202020202020202020202036393823
02-12-2022 17:26:20.005,660,RECV,7E00198122224F00202020202020202020202020202020202036393923
02-12-2022 17:26:20.508,661,RECV,7E00198122224F00202020202020202020202020202020202037303034
02-12-2022 17:26:20.963,662,RECV,7E00198122224F00202020202020202020202020202020202037303133
02-12-2022 17:26:21.513,663,RECV,7E00198122224F00202020202020202020202020202020202037303232
02-12-2022 17:26:21.956,664,RECV,7E00198122225000202020202020202020202020202020202037303330
02-12-2022 17:26:22.522,665,RECV,7E00198122224F00202020202020202020202020202020202037303430
02-12-2022 17:26:22.959,666,RECV,7E00198122224E00202020202020202020202020202020202037303530
02-12-2022 17:26:23.461,667,RECV,7E00198122224E0020202020202020202020202020202020203730362F
02-12-2022 17:26:23.964,668,RECV,7E00198122224F0020202020202020202020202020202020203730372D
02-12-2022 17:26:24.467,669,RECV,7E00198122224E0020202020202020202020202020202020203730382D
02-12-2022 17:26:24.971,670,RECV,7E0019812222500020202020202020202020202020202020203730392A
02-12-2022 17:26:25.471,671,RECV,7E00198122225000202020202020202020202020202020202037313032
02-12-2022 17:26:25.975,672,RECV,7E00198122225000202020202020202020202020202020202037313131
02-12-2022 17:26:26.477,673,RECV,7E00198122225000202020202020202020202020202020202037313230
02-12-2022 17:26:26.982,674,RECV,7E0019812222500020202020202020202020202020202020203731332F
02-12-2022 17:26:27.483,675,RECV,7E0019812222500020202020202020202020202020202020203731342E
02-12-2022 17:26:27.989,676,RECV,7E00198122224F0020202020202020202020202020202020203731352E
02-12-2022 17:26:28.498,677,RECV,7E0019812222500020202020202020202020202020202020203731362C
02-12-2022 17:26:29.001,678,RECV,7E0019812222500020202020202020202020202020202020203731372B
02-12-2022 17:26:29.503,679,RECV,7E00198122224F0020202020202020202020202020202020203731382B
02-12-2022 17:26:30.003,680,RECV,7E00198122225000202020202020202020202020202020202037313929
02-12-2022 17:26:31.014,681,RECV,7E00198122225000202020202020202020202020202020202037323130
02-12-2022 17:26:31.521,682,RECV,7E0019812222500020202020202020202020202020202020203732322F
02-12-2022 17:26:31.965,683,RECV,7E00198122224F0020202020202020202020202020202020203732332F
02-12-2022 17:26:32.465,684,RECV,7E00198122224F0020202020202020202020202020202020203732342E
02-12-2022 17:26:32.967,685,RECV,7E0019812222500020202020202020202020202020202020203732352C
02-12-2022 17:26:33.469,686,RECV,7E0019812222500020202020202020202020202020202020203732362B
02-12-2022 17:26:33.969,687,RECV,7E0019812222500020202020202020202020202020202020203732372A
02-12-2022 17:26:34.468,688,RECV,7E00198122225000202020202020202020202020202020202037323829
02-12-2022 17:26:34.972,689,RECV,7E00198122225000202020202020202020202020202020202037323928
02-12-2022 17:26:35.475,690,RECV,7E00198122225000202020202020202020202020202020202037333030
02-12-2022 17:26:35.973,691,RECV,7E0019812222500020202020202020202020202020202020203733312F
02-12-2022 17:26:36.474,692,RECV,7E0019812222500020202020202020202020202020202020203733322E
02-12-2022 17:26:36.979,693,RECV,7E0019812222500020202020202020202020202020202020203733332D
02-12-2022 17:26:37.488,694,RECV,7E0019812222500020202020202020202020202020202020203733342C
02-12-2022 17:26:37.993,695,RECV,7E0019812222500020202020202020202020202020202020203733352B
02-12-2022 17:26:38.495,696,RECV,7E0019812222500020202020202020202020202020202020203733362A
02-12-2022 17:26:38.998,697,RECV,7E00198122225000202020202020202020202020202020202037333729
02-12-2022 17:26:39.505,698,RECV,7E00198122225000202020202020202020202020202020202037333828
02-12-2022 17:26:40.009,699,RECV,7E00198122224F00202020202020202020202020202020202037333928
02-12-2022 17:26:40.512,700,RECV,7E0019812222500020202020202020202020202020202020203734302F
02-12-2022 17:26:41.016,701,RECV,7E0019812222500020202020202020202020202020202020203734312E
02-12-2022 17:26:41.514,702,RECV,7E0019812222500020202020202020202020202020202020203734322D
02-12-2022 17:26:42.017,703,RECV,7E00198122224E0020202020202020202020202020202020203734332E
02-12-2022 17:26:42.522,704,RECV,7E0019812222500020202020202020202020202020202020203734342B
02-12-2022 17:26:43.021,705,RECV,7E0019812222500020202020202020202020202020202020203734352A
02-12-2022 17:26:43.527,706,RECV,7E00198122225000202020202020202020202020202020202037343629
02-12-2022 17:26:44.031,707,RECV,7E00198122225000202020202020202020202020202020202037343728
02-12-2022 17:26:44.533,708,RECV,7E00198122225000202020202020202020202020202020202037343827
02-12-2022 17:26:44.972,709,RECV,7E00198122224F00202020202020202020202020202020202037343927
02-12-2022 17:26:45.478,710,RECV,7E0019812222500020202020202020202020202020202020203735302E
02-12-2022 17:26:45.979,711,RECV,7E0019812222500020202020202020202020202020202020203735312D
02-12-2022 17:26:46.484,712,RECV,7E0019812222500020202020202020202020202020202020203735322C
02-12-2022 17:26:46.988,713,RECV,7E0019812222500020202020202020202020202020202020203735332B
02-12-2022 17:26:47.490,714,RECV,7E0019812222500020202020202020202020202020202020203735342A
02-12-2022 17:26:47.998,715,RECV,7E00198122225000202020202020202020202020202020202037353529
02-12-2022 17:26:48.499,716,RECV,7E00198122225000202020202020202020202020202020202037353628
02-12-2022 17:26:49.004,717,RECV,7E00198122225000202020202020202020202020202020202037353727
02-12-2022 17:26:49.507,718,RECV,7E00198122224E00202020202020202020202020202020202037353828
02-12-2022 17:26:50.013,719,RECV,7E00198122224F00202020202020202020202020202020202037353926
02-12-2022 17:26:50.518,720,RECV,7E00198122224F0020202020202020202020202020202020203736302E
02-12-2022 17:26:51.023,721,RECV,7E00198122224F0020202020202020202020202020202020203736312D
02-12-2022 17:26:51.527,722,RECV,7E0019812222500020202020202020202020202020202020203736322B
02-12-2022 17:26:52.032,723,RECV,7E0019812222500020202020202020202020202020202020203736332A
02-12-2022 17:26:52.535,724,RECV,7E00198122225000202020202020202020202020202020202037363429
02-12-2022 17:26:53.044,725,RECV,7E00198122225000202020202020202020202020202020202037363528
02-12-2022 17:26:53.488,726,RECV,7E00198122225000202020202020202020202020202020202037363627
02-12-2022 17:26:53.989,727,RECV,7E00198122225000202020202020202020202020202020202037363726
02-12-2022 17:26:54.494,728,RECV,7E00198122224E00202020202020202020202020202020202037363827
02-12-2022 17:26:54.998,729,RECV,7E00198122225000202020202020202020202020202020202037363924
02-12-2022 17:26:55.501,730,RECV,7E0019812222500020202020202020202020202020202020203737302C
02-12-2022 17:26:56.002,731,RECV,7E0019812222500020202020202020202020202020202020203737312B
02-12-2022 17:26:56.507,732,RECV,7E0019812222500020202020202020202020202020202020203737322A
02-12-2022 17:26:57.010,733,RECV,7E00198122225000202020202020202020202020202020202037373329
02-12-2022 17:26:57.513,734,RECV,7E00198122224F00202020202020202020202020202020202037373429
02-12-2022 17:26:58.015,735,RECV,7E00198122225000202020202020202020202020202020202037373527
02-12-2022 17:26:58.519,736,RECV,7E00198122224E00202020202020202020202020202020202037373628
02-12-2022 17:26:59.023,737,RECV,7E00198122225000202020202020202020202020202020202037373725
02-12-2022 17:26:59.527,738,RECV,7E00198122225000202020202020202020202020202020202037373824
02-12-2022 17:27:00.030,739,RECV,7E00198122224F00202020202020202020202020202020202037373924
02-12-2022 17:27:00.528,740,RECV,7E0019812222500020202020202020202020202020202020203738302B
02-12-2022 17:27:01.036,741,RECV,7E00198122224F0020202020202020202020202020202020203738312B
02-12-2022 17:27:01.538,742,RECV,7E00198122225000202020202020202020202020202020202037383229
02-12-2022 17:27:02.041,743,RECV,7E00198122224F00202020202020202020202020202020202037383329
02-12-2022 17:27:02.547,744,RECV,7E00198122224F00202020202020202020202020202020202037383428
02-12-2022 17:27:02.990,745,RECV,7E00198122225000202020202020202020202020202020202037383526
02-12-2022 17:27:03.552,746,RECV,7E00198122225000202020202020202020202020202020202037383625
02-12-2022 17:27:03.993,747,RECV,7E00198122225000202020202020202020202020202020202037383724
02-12-2022 17:27:04.496,748,RECV,7E00198122225000202020202020202020202020202020202037383823
02-12-2022 17:27:04.999,749,RECV,7E00198122225000202020202020202020202020202020202037383922
02-12-2022 17:27:05.508,750,RECV,7E0019812222500020202020202020202020202020202020203739302A
02-12-2022 17:27:06.012,751,RECV,7E00198122225000202020202020202020202020202020202037393129
02-12-2022 17:27:06.518,752,RECV,7E00198122224E0020202020202020202020202020202020203739322A
02-12-2022 17:27:07.020,753,RECV,7E00198122225000202020202020202020202020202020202037393327
02-12-2022 17:27:07.526,754,RECV,7E00198122225000202020202020202020202020202020202037393426
02-12-2022 17:27:08.027,755,RECV,7E00198122225000202020202020202020202020202020202037393525
02-12-2022 17:27:08.527,756,RECV,7E00198122225000202020202020202020202020202020202037393624
02-12-2022 17:27:09.028,757,RECV,7E00198122225000202020202020202020202020202020202037393723
02-12-2022 17:27:09.533,758,RECV,7E00198122225000202020202020202020202020202020202037393822
02-12-2022 17:27:10.035,759,RECV,7E00198122225000202020202020202020202020202020202037393921
02-12-2022 17:27:10.543,760,RECV,7E00198122225000202020202020202020202020202020202038303032
02-12-2022 17:27:11.045,761,RECV,7E00198122225000202020202020202020202020202020202038303131
02-12-2022 17:27:11.550,762,RECV,7E00198122225000202020202020202020202020202020202038303230
02-12-2022 17:27:11.992,763,RECV,7E00198122224F00202020202020202020202020202020202038303330
02-12-2022 17:27:12.509,764,RECV,7E0019812222500020202020202020202020202020202020203830342E
02-12-2022 17:27:13.000,765,RECV,7E00198122224F0020202020202020202020202020202020203830352E
02-12-2022 17:27:13.500,766,RECV,7E0019812222500020202020202020202020202020202020203830362C
02-12-2022 17:27:14.064,767,RECV,7E0019812222500020202020202020202020202020202020203830372B
02-12-2022 17:27:14.508,768,RECV,7E0019812222500020202020202020202020202020202020203830382A
02-12-2022 17:27:15.016,769,RECV,7E00198122225000202020202020202020202020202020202038303929
02-12-2022 17:27:15.521,770,RECV,7E00198122225000202020202020202020202020202020202038313031
02-12-2022 17:27:16.026,771,RECV,7E00198122224E00202020202020202020202020202020202038313132
02-12-2022 17:27:16.529,772,RECV,7E00198122224F00202020202020202020202020202020202038313230
02-12-2022 17:27:17.035,773,RECV,7E00198122224F0020202020202020202020202020202020203831332F
02-12-2022 17:27:18.041,774,RECV,7E0019812222500020202020202020202020202020202020203831352C
02-12-2022 17:27:18.540,775,RECV,7E0019812222500020202020202020202020202020202020203831362B
02-12-2022 17:27:19.041,776,RECV,7E0019812222500020202020202020202020202020202020203831372A
02-12-2022 17:27:19.543,777,RECV,7E00198122225000202020202020202020202020202020202038313829
02-12-2022 17:27:20.049,778,RECV,7E00198122225000202020202020202020202020202020202038313928
02-12-2022 17:27:20.548,779,RECV,7E00198122225000202020202020202020202020202020202038323030
02-12-2022 17:27:21.056,780,RECV,7E00198122224F00202020202020202020202020202020202038323130
02-12-2022 17:27:21.555,781,RECV,7E0019812222500020202020202020202020202020202020203832322E
02-12-2022 17:27:22.060,782,RECV,7E0019812222500020202020202020202020202020202020203832332D
02-12-2022 17:27:22.507,783,RECV,7E0019812222500020202020202020202020202020202020203832342C
02-12-2022 17:27:23.014,784,RECV,7E0019812222500020202020202020202020202020202020203832352B
02-12-2022 17:27:24.017,785,RECV,7E00198122225000202020202020202020202020202020202038323729
02-12-2022 17:27:24.521,786,RECV,7E00198122225000202020202020202020202020202020202038323828
02-12-2022 17:27:25.025,787,RECV,7E00198122225000202020202020202020202020202020202038323927
02-12-2022 17:27:25.528,788,RECV,7E0019812222500020202020202020202020202020202020203833302F
02-12-2022 17:27:26.027,789,RECV,7E0019812222500020202020202020202020202020202020203833312E
02-12-2022 17:27:26.525,790,RECV,7E00198122224F0020202020202020202020202020202020203833322E
02-12-2022 17:27:27.028,791,RECV,7E00198122224E0020202020202020202020202020202020203833332E
02-12-2022 17:27:27.533,792,RECV,7E0019812222500020202020202020202020202020202020203833342B
02-12-2022 17:27:28.035,793,RECV,7E0019812222500020202020202020202020202020202020203833352A
02-12-2022 17:27:28.538,794,RECV,7E00198122225000202020202020202020202020202020202038333629
02-12-2022 17:27:29.043,795,RECV,7E00198122225000202020202020202020202020202020202038333728
02-12-2022 17:27:29.545,796,RECV,7E00198122225000202020202020202020202020202020202038333827
02-12-2022 17:27:30.049,797,RECV,7E00198122225000202020202020202020202020202020202038333926
02-12-2022 17:27:30.550,798,RECV,7E00198122224F0020202020202020202020202020202020203834302F
02-12-2022 17:27:31.057,799,RECV,7E0019812222500020202020202020202020202020202020203834312D
02-12-2022 17:27:31.561,800,RECV,7E0019812222500020202020202020202020202020202020203834322C
02-12-2022 17:27:32.068,801,RECV,7E0019812222500020202020202020202020202020202020203834332B
02-12-2022 17:27:32.569,802,RECV,7E0019812222500020202020202020202020202020202020203834342A
02-12-2022 17:27:33.013,803,RECV,7E00198122225000202020202020202020202020202020202038343529
02-12-2022 17:27:34.017,804,RECV,7E00198122225000202020202020202020202020202020202038343727
02-12-2022 17:27:34.521,805,RECV,7E00198122225000202020202020202020202020202020202038343826
02-12-2022 17:27:35.022,806,RECV,7E00198122224E00202020202020202020202020202020202038343927
02-12-2022 17:27:35.522,807,RECV,7E0019812222500020202020202020202020202020202020203835302D
02-12-2022 17:27:36.028,808,RECV,7E0019812222500020202020202020202020202020202020203835312C
02-12-2022 17:27:36.531,809,RECV,7E00198122224F0020202020202020202020202020202020203835322C
02-12-2022 17:27:37.033,810,RECV,7E0019812222500020202020202020202020202020202020203835332A
02-12-2022 17:27:37.536,811,RECV,7E00198122225000202020202020202020202020202020202038353429
02-12-2022 17:27:38.038,812,RECV,7E00198122224E0020202020202020202020202020202020203835352A
02-12-2022 17:27:38.545,813,RECV,7E00198122224F00202020202020202020202020202020202038353628
02-12-2022 17:27:39.046,814,RECV,7E00198122224F00202020202020202020202020202020202038353727
02-12-2022 17:27:39.554,815,RECV,7E00198122224F00202020202020202020202020202020202038353826
02-12-2022 17:27:40.061,816,RECV,7E00198122224F00202020202020202020202020202020202038353925
02-12-2022 17:27:40.585,817,RECV,7E0019812222500020202020202020202020202020202020203836302C
02-12-2022 17:27:41.062,818,RECV,7E00198122224F0020202020202020202020202020202020203836312C
02-12-2022 17:27:41.566,819,RECV,7E0019812222500020202020202020202020202020202020203836322A
02-12-2022 17:27:42.075,820,RECV,7E00198122225000202020202020202020202020202020202038363329
02-12-2022 17:27:42.517,821,RECV,7E00198122224E0020202020202020202020202020202020203836342A
02-12-2022 17:27:43.078,822,RECV,7E00198122224F00202020202020202020202020202020202038363528
02-12-2022 17:27:43.580,823,RECV,7E00198122224F00202020202020202020202020202020202038363627
02-12-2022 17:27:44.024,824,RECV,7E00198122224E00202020202020202020202020202020202038363727
02-12-2022 17:27:44.528,825,RECV,7E00198122224F00202020202020202020202020202020202038363825
02-12-2022 17:27:45.030,826,RECV,7E00198122224F00202020202020202020202020202020202038363924
02-12-2022 17:27:45.530,827,RECV,7E00198122224F0020202020202020202020202020202020203837302C
02-12-2022 17:27:46.031,828,RECV,7E0019812222500020202020202020202020202020202020203837312A
02-12-2022 17:27:46.536,829,RECV,7E00198122225000202020202020202020202020202020202038373229
02-12-2022 17:27:47.541,830,RECV,7E00198122224F00202020202020202020202020202020202038373428
02-12-2022 17:27:48.046,831,RECV,7E00198122225000202020202020202020202020202020202038373526
02-12-2022 17:27:48.549,832,RECV,7E00198122224F00202020202020202020202020202020202038373626
02-12-2022 17:27:49.053,833,RECV,7E00198122224F00202020202020202020202020202020202038373725
02-12-2022 17:27:49.557,834,RECV,7E00198122224E00202020202020202020202020202020202038373825
02-12-2022 17:27:50.061,835,RECV,7E00198122224F00202020202020202020202020202020202038373923
02-12-2022 17:27:50.563,836,RECV,7E00198122224F0020202020202020202020202020202020203838302B
02-12-2022 17:27:51.065,837,RECV,7E00198122224F0020202020202020202020202020202020203838312A
02-12-2022 17:27:52.078,838,RECV,7E00198122225000202020202020202020202020202020202038383327
02-12-2022 17:27:52.582,839,RECV,7E00198122225000202020202020202020202020202020202038383426
02-12-2022 17:27:53.024,840,RECV,7E00198122224F00202020202020202020202020202020202038383526
02-12-2022 17:27:53.592,841,RECV,7E00198122225000202020202020202020202020202020202038383624
02-12-2022 17:27:54.088,842,RECV,7E00198122224F00202020202020202020202020202020202038383724
02-12-2022 17:27:54.595,843,RECV,7E00198122224F00202020202020202020202020202020202038383823
02-12-2022 17:27:55.093,844,RECV,7E00198122224F00202020202020202020202020202020202038383922
02-12-2022 17:27:55.533,845,RECV,7E00198122225000202020202020202020202020202020202038393029
02-12-2022 17:27:56.039,846,RECV,7E00198122225000202020202020202020202020202020202038393128
02-12-2022 17:27:56.543,847,RECV,7E00198122224F00202020202020202020202020202020202038393228
02-12-2022 17:27:57.045,848,RECV,7E00198122224F00202020202020202020202020202020202038393327
02-12-2022 17:27:57.547,849,RECV,7E00198122225000202020202020202020202020202020202038393425
02-12-2022 17:27:58.057,850,RECV,7E00198122225000202020202020202020202020202020202038393524
02-12-2022 17:27:58.562,851,RECV,7E00198122225000202020202020202020202020202020202038393623
02-12-2022 17:27:59.066,852,RECV,7E00198122225000202020202020202020202020202020202038393722
02-12-2022 17:27:59.566,853,RECV,7E00198122224F00202020202020202020202020202020202038393822
02-12-2022 17:28:00.069,854,RECV,7E00198122224F00202020202020202020202020202020202038393921
02-12-2022 17:28:00.575,855,RECV,7E00198122225000202020202020202020202020202020202039303031
02-12-2022 17:28:01.076,856,RECV,7E00198122225000202020202020202020202020202020202039303130
02-12-2022 17:28:01.583,857,RECV,7E0019812222500020202020202020202020202020202020203930322F
02-12-2022 17:28:02.085,858,RECV,7E0019812222500020202020202020202020202020202020203930332E
02-12-2022 17:28:02.586,859,RECV,7E00198122224F0020202020202020202020202020202020203930342E
02-12-2022 17:28:03.088,860,RECV,7E00198122224F0020202020202020202020202020202020203930352D
02-12-2022 17:28:03.532,861,RECV,7E0019812222500020202020202020202020202020202020203930362B
02-12-2022 17:28:04.098,862,RECV,7E0019812222500020202020202020202020202020202020203930372A
02-12-2022 17:28:04.542,863,RECV,7E00198122224E0020202020202020202020202020202020203930382B
02-12-2022 17:28:05.036,864,RECV,7E00198122224F00202020202020202020202020202020202039303929
02-12-2022 17:28:05.541,865,RECV,7E00198122225000202020202020202020202020202020202039313030
02-12-2022 17:28:06.047,866,RECV,7E00198122224F00202020202020202020202020202020202039313130
02-12-2022 17:28:06.545,867,RECV,7E0019812222500020202020202020202020202020202020203931322E
02-12-2022 17:28:07.050,868,RECV,7E0019812222500020202020202020202020202020202020203931332D
02-12-2022 17:28:07.558,869,RECV,7E0019812222500020202020202020202020202020202020203931342C
02-12-2022 17:28:08.062,870,RECV,7E0019812222500020202020202020202020202020202020203931352B
02-12-2022 17:28:08.564,871,RECV,7E0019812222500020202020202020202020202020202020203931362A
02-12-2022 17:28:09.068,872,RECV,7E00198122225000202020202020202020202020202020202039313729
02-12-2022 17:28:09.574,873,RECV,7E00198122224F00202020202020202020202020202020202039313829
02-12-2022 17:28:10.074,874,RECV,7E00198122224F00202020202020202020202020202020202039313928
02-12-2022 17:28:10.579,875,RECV,7E00198122224E00202020202020202020202020202020202039323031
02-12-2022 17:28:11.086,876,RECV,7E0019812222500020202020202020202020202020202020203932312E
02-12-2022 17:28:11.594,877,RECV,7E0019812222500020202020202020202020202020202020203932322D
02-12-2022 17:28:12.538,878,RECV,7E0019812222500020202020202020202020202020202020203932342B
02-12-2022 17:28:13.105,879,RECV,7E0019812222500020202020202020202020202020202020203932352A
02-12-2022 17:28:13.548,880,RECV,7E00198122225000202020202020202020202020202020202039323629
02-12-2022 17:28:14.056,881,RECV,7E00198122224F00202020202020202020202020202020202039323729
02-12-2022 17:28:14.560,882,RECV,7E00198122224F00202020202020202020202020202020202039323828
02-12-2022 17:28:15.066,883,RECV,7E00198122225000202020202020202020202020202020202039323926
02-12-2022 17:28:15.569,884,RECV,7E0019812222500020202020202020202020202020202020203933302E
02-12-2022 17:28:16.075,885,RECV,7E0019812222500020202020202020202020202020202020203933312D
02-12-2022 17:28:16.579,886,RECV,7E0019812222500020202020202020202020202020202020203933322C
02-12-2022 17:28:17.083,887,RECV,7E0019812222500020202020202020202020202020202020203933332B
02-12-2022 17:28:18.083,888,RECV,7E00198122224F0020202020202020202020202020202020203933352A
02-12-2022 17:28:18.585,889,RECV,7E00198122224F00202020202020202020202020202020202039333629
02-12-2022 17:28:19.086,890,RECV,7E00198122225000202020202020202020202020202020202039333727
02-12-2022 17:28:19.587,891,RECV,7E00198122224F00202020202020202020202020202020202039333827
02-12-2022 17:28:20.592,892,RECV,7E00198122224F0020202020202020202020202020202020203934302E
02-12-2022 17:28:21.090,893,RECV,7E0019812222500020202020202020202020202020202020203934312C
02-12-2022 17:28:21.590,894,RECV,7E0019812222500020202020202020202020202020202020203934322B
02-12-2022 17:28:22.090,895,RECV,7E0019812222500020202020202020202020202020202020203934332A
02-12-2022 17:28:22.592,896,RECV,7E00198122225000202020202020202020202020202020202039343429
02-12-2022 17:28:23.093,897,RECV,7E00198122225000202020202020202020202020202020202039343528
02-12-2022 17:28:23.590,898,RECV,7E00198122225000202020202020202020202020202020202039343627
02-12-2022 17:28:24.094,899,RECV,7E00198122225000202020202020202020202020202020202039343726
02-12-2022 17:28:24.598,900,RECV,7E00198122225000202020202020202020202020202020202039343825
02-12-2022 17:28:25.103,901,RECV,7E00198122225000202020202020202020202020202020202039343924
02-12-2022 17:28:25.560,902,RECV,7E0019812222500020202020202020202020202020202020203935302C
02-12-2022 17:28:26.106,903,RECV,7E00198122224F0020202020202020202020202020202020203935312C
02-12-2022 17:28:26.611,904,RECV,7E0019812222500020202020202020202020202020202020203935322A
02-12-2022 17:28:27.117,905,RECV,7E00198122224F0020202020202020202020202020202020203935332A
02-12-2022 17:28:27.560,906,RECV,7E00198122225000202020202020202020202020202020202039353428
02-12-2022 17:28:28.065,907,RECV,7E00198122224F00202020202020202020202020202020202039353528
02-12-2022 17:28:28.569,908,RECV,7E00198122225000202020202020202020202020202020202039353626
02-12-2022 17:28:29.577,909,RECV,7E00198122225000202020202020202020202020202020202039353824
02-12-2022 17:28:30.077,910,RECV,7E00198122225000202020202020202020202020202020202039353923
02-12-2022 17:28:30.577,911,RECV,7E0019812222500020202020202020202020202020202020203936302B
02-12-2022 17:28:31.083,912,RECV,7E00198122224F0020202020202020202020202020202020203936312B
02-12-2022 17:28:31.591,913,RECV,7E00198122224F0020202020202020202020202020202020203936322A
02-12-2022 17:28:32.095,914,RECV,7E00198122225000202020202020202020202020202020202039363328
02-12-2022 17:28:32.602,915,RECV,7E00198122225000202020202020202020202020202020202039363427
02-12-2022 17:28:33.101,916,RECV,7E00198122225000202020202020202020202020202020202039363526
02-12-2022 17:28:33.604,917,RECV,7E00198122225000202020202020202020202020202020202039363625
02-12-2022 17:28:34.109,918,RECV,7E00198122225000202020202020202020202020202020202039363724
02-12-2022 17:28:34.612,919,RECV,7E00198122225000202020202020202020202020202020202039363823
02-12-2022 17:28:35.112,920,RECV,7E00198122225000202020202020202020202020202020202039363922
02-12-2022 17:28:35.612,921,RECV,7E00198122224F0020202020202020202020202020202020203937302B
02-12-2022 17:28:36.120,922,RECV,7E00198122224F0020202020202020202020202020202020203937312A
02-12-2022 17:28:36.622,923,RECV,7E00198122225000202020202020202020202020202020202039373228
02-12-2022 17:28:37.120,924,RECV,7E00198122225000202020202020202020202020202020202039373327
02-12-2022 17:28:37.577,925,RECV,7E00198122225000202020202020202020202020202020202039373426
02-12-2022 17:28:38.128,926,RECV,7E00198122225000202020202020202020202020202020202039373525
02-12-2022 17:28:38.568,927,RECV,7E00198122225000202020202020202020202020202020202039373624
02-12-2022 17:28:39.075,928,RECV,7E00198122224F00202020202020202020202020202020202039373724
02-12-2022 17:28:39.584,929,RECV,7E00198122225000202020202020202020202020202020202039373822
02-12-2022 17:28:40.085,930,RECV,7E00198122224E00202020202020202020202020202020202039373923
02-12-2022 17:28:40.586,931,RECV,7E00198122224F0020202020202020202020202020202020203938302A
02-12-2022 17:28:41.088,932,RECV,7E00198122225000202020202020202020202020202020202039383128
02-12-2022 17:28:41.594,933,RECV,7E00198122224F00202020202020202020202020202020202039383228
02-12-2022 17:28:42.099,934,RECV,7E00198122225000202020202020202020202020202020202039383326
02-12-2022 17:28:42.598,935,RECV,7E00198122225000202020202020202020202020202020202039383425
02-12-2022 17:28:43.099,936,RECV,7E00198122225000202020202020202020202020202020202039383524
02-12-2022 17:28:43.605,937,RECV,7E00198122225000202020202020202020202020202020202039383623
02-12-2022 17:28:44.112,938,RECV,7E00198122225000202020202020202020202020202020202039383722
02-12-2022 17:28:44.615,939,RECV,7E00198122224F00202020202020202020202020202020202039383822
02-12-2022 17:28:45.116,940,RECV,7E00198122225000202020202020202020202020202020202039383920
02-12-2022 17:28:45.620,941,RECV,7E00198122225000202020202020202020202020202020202039393028
02-12-2022 17:28:46.123,942,RECV,7E00198122224F00202020202020202020202020202020202039393128
02-12-2022 17:28:46.626,943,RECV,7E00198122225000202020202020202020202020202020202039393226
02-12-2022 17:28:47.130,944,RECV,7E00198122225000202020202020202020202020202020202039393325
02-12-2022 17:28:47.569,945,RECV,7E00198122225000202020202020202020202020202020202039393424
02-12-2022 17:28:48.073,946,RECV,7E00198122224F00202020202020202020202020202020202039393524
02-12-2022 17:28:48.579,947,RECV,7E00198122225000202020202020202020202020202020202039393622
02-12-2022 17:28:49.084,948,RECV,7E00198122225000202020202020202020202020202020202039393721
02-12-2022 17:28:49.592,949,RECV,7E00198122225000202020202020202020202020202020202039393820
02-12-2022 17:28:50.098,950,RECV,7E0019812222500020202020202020202020202020202020203939391F
